<?xml version="1.0" encoding="utf-8"?>
<TestRun id="eb5be12d-9fa2-4e66-9ac5-199d743f95fb" name="brian@BRIAN 2026-04-30 12:48:23" runUser="BRIAN\brian" xmlns="http://microsoft.com/schemas/VisualStudio/TeamTest/2010">
  <Times creation="2026-04-30T12:48:23.5052621-04:00" queuing="2026-04-30T12:48:23.5052622-04:00" start="2026-04-30T12:48:23.0462284-04:00" finish="2026-04-30T12:48:23.5929793-04:00" />
  <TestSettings name="default" id="8cfd2af9-40f9-41dc-b180-9f08ec9835a3">
    <Deployment runDeploymentRoot="brian_BRIAN_2026-04-30_12_48_23" />
  </TestSettings>
  <Results>
    <UnitTestResult executionId="6f5b6b9b-c174-47c5-866b-08ad1ab76960" testId="4f15759e-48a7-488b-bd54-9bd99a1ede41" testName="test_tactical_ability_profile_resolves_fixture_loaded_mid_band_values" computerName="BRIAN" duration="00:00:00.0005440" startTime="2026-04-30T12:48:23.5490490-04:00" endTime="2026-04-30T12:48:23.5495926-04:00" testType="13cdc9d9-ddb5-4fa4-a97d-d965ccfc6d4b" outcome="Passed" testListId="8c84fa94-04c1-424b-9868-57a2d4851a1d" relativeResultsDirectory="6f5b6b9b-c174-47c5-866b-08ad1ab76960" />
    <UnitTestResult executionId="cc560450-a3f6-431a-82d5-45929427775e" testId="f370e923-3d1c-0b1f-475c-90253f167f9c" testName="test_combat_fixture_package_resolves_targeting_pull_and_leash_tuning" computerName="BRIAN" duration="00:00:00.0011270" startTime="2026-04-30T12:48:23.5353296-04:00" endTime="2026-04-30T12:48:23.5364568-04:00" testType="13cdc9d9-ddb5-4fa4-a97d-d965ccfc6d4b" outcome="Passed" testListId="8c84fa94-04c1-424b-9868-57a2d4851a1d" relativeResultsDirectory="cc560450-a3f6-431a-82d5-45929427775e" />
    <UnitTestResult executionId="18aa973e-8ac1-49cd-a652-e52b3630a05f" testId="7a68451b-e96f-6a9b-9ff3-fab2daa6a8bb" testName="test_interrupt_formula_matches_combat_core_worked_example" computerName="BRIAN" duration="00:00:00.0000630" startTime="2026-04-30T12:48:23.5310257-04:00" endTime="2026-04-30T12:48:23.5310887-04:00" testType="13cdc9d9-ddb5-4fa4-a97d-d965ccfc6d4b" outcome="Passed" testListId="8c84fa94-04c1-424b-9868-57a2d4851a1d" relativeResultsDirectory="18aa973e-8ac1-49cd-a652-e52b3630a05f" />
    <UnitTestResult executionId="d0af700c-f921-4bc0-be8c-2fb0d350c0df" testId="6b443170-429b-457b-6f92-d34edf1c5007" testName="test_social_assist_joins_eligible_actors_in_deterministic_order_with_default_threat" computerName="BRIAN" duration="00:00:00.0007790" startTime="2026-04-30T12:48:23.5276328-04:00" endTime="2026-04-30T12:48:23.5284114-04:00" testType="13cdc9d9-ddb5-4fa4-a97d-d965ccfc6d4b" outcome="Passed" testListId="8c84fa94-04c1-424b-9868-57a2d4851a1d" relativeResultsDirectory="d0af700c-f921-4bc0-be8c-2fb0d350c0df" />
    <UnitTestResult executionId="c92527b2-8b3c-45a6-89fd-a75d1ff93deb" testId="53728362-84cd-7548-bf24-25b503edc85b" testName="test_combat_actor_state_contains_required_runtime_and_stable_fields" computerName="BRIAN" duration="00:00:00.0003730" startTime="2026-04-30T12:48:23.5297706-04:00" endTime="2026-04-30T12:48:23.5301435-04:00" testType="13cdc9d9-ddb5-4fa4-a97d-d965ccfc6d4b" outcome="Passed" testListId="8c84fa94-04c1-424b-9868-57a2d4851a1d" relativeResultsDirectory="c92527b2-8b3c-45a6-89fd-a75d1ff93deb" />
    <UnitTestResult executionId="ebd66772-bbf9-46bc-a6d6-51cca8c1b1ea" testId="4597b75a-91e0-94d0-a15c-cfd2a6df4f62" testName="test_sitting_in_combat_uses_combat_multiplier_without_med_boost" computerName="BRIAN" duration="00:00:00.0003550" startTime="2026-04-30T12:48:23.5465597-04:00" endTime="2026-04-30T12:48:23.5469144-04:00" testType="13cdc9d9-ddb5-4fa4-a97d-d965ccfc6d4b" outcome="Passed" testListId="8c84fa94-04c1-424b-9868-57a2d4851a1d" relativeResultsDirectory="ebd66772-bbf9-46bc-a6d6-51cca8c1b1ea" />
    <UnitTestResult executionId="03ac1af9-df63-4d84-afa5-d0159e145660" testId="02e56309-b298-a27b-2925-0cd280ef05fe" testName="test_interrupt_formula_rejects_invalid_ratio_bounds" computerName="BRIAN" duration="00:00:00.0001499" startTime="2026-04-30T12:48:23.5311050-04:00" endTime="2026-04-30T12:48:23.5312547-04:00" testType="13cdc9d9-ddb5-4fa4-a97d-d965ccfc6d4b" outcome="Passed" testListId="8c84fa94-04c1-424b-9868-57a2d4851a1d" relativeResultsDirectory="03ac1af9-df63-4d84-afa5-d0159e145660" />
    <UnitTestResult executionId="7e621043-633f-49f1-ac95-3cd7b2bdb1f4" testId="767f2bcf-ee0d-72bf-4c42-cc0585cbb4e4" testName="test_cleric_mid_t1_sitting_out_of_combat_regenerates_eight_mana_from_fixture_tuning" computerName="BRIAN" duration="00:00:00.0006070" startTime="2026-04-30T12:48:23.5456472-04:00" endTime="2026-04-30T12:48:23.5462539-04:00" testType="13cdc9d9-ddb5-4fa4-a97d-d965ccfc6d4b" outcome="Passed" testListId="8c84fa94-04c1-424b-9868-57a2d4851a1d" relativeResultsDirectory="7e621043-633f-49f1-ac95-3cd7b2bdb1f4" />
    <UnitTestResult executionId="d27ee21d-2d97-4f20-9fbe-999230399573" testId="3e3d4afd-172a-7d35-4ed8-600e77be4e5e" testName="test_manual_cancel_emits_event_and_spends_no_mana" computerName="BRIAN" duration="00:00:00.0003800" startTime="2026-04-30T12:48:23.5091875-04:00" endTime="2026-04-30T12:48:23.5095677-04:00" testType="13cdc9d9-ddb5-4fa4-a97d-d965ccfc6d4b" outcome="Passed" testListId="8c84fa94-04c1-424b-9868-57a2d4851a1d" relativeResultsDirectory="d27ee21d-2d97-4f20-9fbe-999230399573" />
    <UnitTestResult executionId="38c0e7b8-5233-464b-adf6-45b77dee8355" testId="90583ee3-46fc-7f9b-dfe6-31a5296a3684" testName="test_combat_clock_rejects_invalid_tick_rate" computerName="BRIAN" duration="00:00:00.0001720" startTime="2026-04-30T12:48:23.5314579-04:00" endTime="2026-04-30T12:48:23.5316293-04:00" testType="13cdc9d9-ddb5-4fa4-a97d-d965ccfc6d4b" outcome="Passed" testListId="8c84fa94-04c1-424b-9868-57a2d4851a1d" relativeResultsDirectory="38c0e7b8-5233-464b-adf6-45b77dee8355" />
    <UnitTestResult executionId="75bde343-4557-459c-82c3-eefaa841b55a" testId="505a48d1-2ea7-aac4-560e-84e937c343d2" testName="test_seeded_fixture_melee_damage_executes_low_and_top_extremes_inside_trash_band" computerName="BRIAN" duration="00:00:00.0013760" startTime="2026-04-30T12:48:23.5441880-04:00" endTime="2026-04-30T12:48:23.5455633-04:00" testType="13cdc9d9-ddb5-4fa4-a97d-d965ccfc6d4b" outcome="Passed" testListId="8c84fa94-04c1-424b-9868-57a2d4851a1d" relativeResultsDirectory="75bde343-4557-459c-82c3-eefaa841b55a" />
    <UnitTestResult executionId="c345f41e-82ee-4a21-ad6c-9350274394a6" testId="5cf7e60a-c291-300d-d517-0c8269bfa7e8" testName="test_combat_fixture_validator_rejects_missing_tactical_instant_ability_profile_fields" computerName="BRIAN" duration="00:00:00.0004310" startTime="2026-04-30T12:48:23.5424723-04:00" endTime="2026-04-30T12:48:23.5429033-04:00" testType="13cdc9d9-ddb5-4fa4-a97d-d965ccfc6d4b" outcome="Passed" testListId="8c84fa94-04c1-424b-9868-57a2d4851a1d" relativeResultsDirectory="c345f41e-82ee-4a21-ad6c-9350274394a6" />
    <UnitTestResult executionId="fbca0c33-a07f-4a3b-a8b3-7e4b6dc61416" testId="06c39495-a345-6c2f-adc5-af2e65ea0594" testName="test_social_assist_pulses_are_bounded_and_join_once_per_pull_episode" computerName="BRIAN" duration="00:00:00.0006020" startTime="2026-04-30T12:48:23.5284247-04:00" endTime="2026-04-30T12:48:23.5290261-04:00" testType="13cdc9d9-ddb5-4fa4-a97d-d965ccfc6d4b" outcome="Passed" testListId="8c84fa94-04c1-424b-9868-57a2d4851a1d" relativeResultsDirectory="fbca0c33-a07f-4a3b-a8b3-7e4b6dc61416" />
    <UnitTestResult executionId="c2ea14ff-d85a-4468-87ec-7a5a09567e3d" testId="08d6ac0c-0b6e-6c33-9973-634514ba5a56" testName="test_valid_six_second_cast_enters_casting_and_reports_progress" computerName="BRIAN" duration="00:00:00.0006240" startTime="2026-04-30T12:48:23.5098395-04:00" endTime="2026-04-30T12:48:23.5104636-04:00" testType="13cdc9d9-ddb5-4fa4-a97d-d965ccfc6d4b" outcome="Passed" testListId="8c84fa94-04c1-424b-9868-57a2d4851a1d" relativeResultsDirectory="c2ea14ff-d85a-4468-87ec-7a5a09567e3d" />
    <UnitTestResult executionId="70e0e829-1ce0-43e9-aef8-415c3730385c" testId="0c860a0f-52ea-c4f2-d829-13733bfc3183" testName="test_zone_transition_clears_transient_combat_state_and_blocks_incoming_zone_results" computerName="BRIAN" duration="00:00:00.0004240" startTime="2026-04-30T12:48:23.5292563-04:00" endTime="2026-04-30T12:48:23.5296802-04:00" testType="13cdc9d9-ddb5-4fa4-a97d-d965ccfc6d4b" outcome="Passed" testListId="8c84fa94-04c1-424b-9868-57a2d4851a1d" relativeResultsDirectory="70e0e829-1ce0-43e9-aef8-415c3730385c" />
    <UnitTestResult executionId="6d9562e7-1ceb-4537-be59-3ff06174ede7" testId="38742b76-5145-41c4-946f-5a2aa209a875" testName="test_combat_fixture_package_validates_required_t1_rows" computerName="BRIAN" duration="00:00:00.0047120" startTime="2026-04-30T12:48:23.5364688-04:00" endTime="2026-04-30T12:48:23.5411809-04:00" testType="13cdc9d9-ddb5-4fa4-a97d-d965ccfc6d4b" outcome="Passed" testListId="8c84fa94-04c1-424b-9868-57a2d4851a1d" relativeResultsDirectory="6d9562e7-1ceb-4537-be59-3ff06174ede7" />
    <UnitTestResult executionId="c9ac89e8-110c-4e08-9a5a-4cabb04b5f3c" testId="45c0ef0e-dd19-4cff-a30b-1dbf3d5a4210" testName="test_combat_exit_returns_true_only_after_fixture_boundary_and_zero_valid_hostiles" computerName="BRIAN" duration="00:00:00.0006440" startTime="2026-04-30T12:48:23.5318220-04:00" endTime="2026-04-30T12:48:23.5324656-04:00" testType="13cdc9d9-ddb5-4fa4-a97d-d965ccfc6d4b" outcome="Passed" testListId="8c84fa94-04c1-424b-9868-57a2d4851a1d" relativeResultsDirectory="c9ac89e8-110c-4e08-9a5a-4cabb04b5f3c" />
    <UnitTestResult executionId="67b19343-c686-4df5-bcd2-1e51d9d1efd0" testId="b64c07bb-9ea0-1dcd-fadf-25c58268b306" testName="test_melee_hit_chance_clamps_and_honors_boundary_inputs(1,60,0,300,0.1d)" computerName="BRIAN" duration="00:00:00.0000820" startTime="2026-04-30T12:48:23.5437645-04:00" endTime="2026-04-30T12:48:23.5438464-04:00" testType="13cdc9d9-ddb5-4fa4-a97d-d965ccfc6d4b" outcome="Passed" testListId="8c84fa94-04c1-424b-9868-57a2d4851a1d" relativeResultsDirectory="67b19343-c686-4df5-bcd2-1e51d9d1efd0" />
    <UnitTestResult executionId="2995ad40-fd0b-4bd7-b95e-05b10ae2b377" testId="43c755cb-28bd-db4d-1012-f36a8b40cc25" testName="test_melee_damage_successful_hit_never_drops_below_minimum_damage" computerName="BRIAN" duration="00:00:00.0000490" startTime="2026-04-30T12:48:23.5437009-04:00" endTime="2026-04-30T12:48:23.5437495-04:00" testType="13cdc9d9-ddb5-4fa4-a97d-d965ccfc6d4b" outcome="Passed" testListId="8c84fa94-04c1-424b-9868-57a2d4851a1d" relativeResultsDirectory="2995ad40-fd0b-4bd7-b95e-05b10ae2b377" />
    <UnitTestResult executionId="62bb6b85-eb1a-4e2a-a573-7fb9d65350a2" testId="100b7ecc-5c46-9f55-8f36-eb2acb078492" testName="test_combat_fixture_package_declares_tactical_instant_ability_profiles" computerName="BRIAN" duration="00:00:00.0008870" startTime="2026-04-30T12:48:23.5339125-04:00" endTime="2026-04-30T12:48:23.5347995-04:00" testType="13cdc9d9-ddb5-4fa4-a97d-d965ccfc6d4b" outcome="Passed" testListId="8c84fa94-04c1-424b-9868-57a2d4851a1d" relativeResultsDirectory="62bb6b85-eb1a-4e2a-a573-7fb9d65350a2" />
    <UnitTestResult executionId="d67b8548-7888-4785-abb4-9fb0d88a4a64" testId="4481cff0-06ae-923c-2804-497c4a1ca7a7" testName="test_melee_hit_chance_equal_level_equal_skills_returns_design_example" computerName="BRIAN" duration="00:00:00.0000710" startTime="2026-04-30T12:48:23.5441121-04:00" endTime="2026-04-30T12:48:23.5441829-04:00" testType="13cdc9d9-ddb5-4fa4-a97d-d965ccfc6d4b" outcome="Passed" testListId="8c84fa94-04c1-424b-9868-57a2d4851a1d" relativeResultsDirectory="d67b8548-7888-4785-abb4-9fb0d88a4a64" />
    <UnitTestResult executionId="6d5d6e56-5e19-4f46-8048-097cd2eb4430" testId="9a93491d-56b0-146c-3bd6-95e62dc7f955" testName="test_same_tick_completion_resolves_before_new_interrupt_check" computerName="BRIAN" duration="00:00:00.0002470" startTime="2026-04-30T12:48:23.5095826-04:00" endTime="2026-04-30T12:48:23.5098292-04:00" testType="13cdc9d9-ddb5-4fa4-a97d-d965ccfc6d4b" outcome="Passed" testListId="8c84fa94-04c1-424b-9868-57a2d4851a1d" relativeResultsDirectory="6d5d6e56-5e19-4f46-8048-097cd2eb4430" />
    <UnitTestResult executionId="d8a35e3e-0bd7-4f09-83fd-bb9bbfaabc2b" testId="4df7140e-b819-df90-eb34-1a7890860ff9" testName="test_regen_tick_interval_uses_fixture_seconds_and_combat_tick_rate" computerName="BRIAN" duration="00:00:00.0002850" startTime="2026-04-30T12:48:23.5462665-04:00" endTime="2026-04-30T12:48:23.5465513-04:00" testType="13cdc9d9-ddb5-4fa4-a97d-d965ccfc6d4b" outcome="Passed" testListId="8c84fa94-04c1-424b-9868-57a2d4851a1d" relativeResultsDirectory="d8a35e3e-0bd7-4f09-83fd-bb9bbfaabc2b" />
    <UnitTestResult executionId="7703f940-620d-425d-a7f7-5f26dadc939c" testId="1a847147-72ac-4337-ad80-b41b0c4cb387" testName="test_tactical_ability_profile_preserves_declared_multi_effect_order" computerName="BRIAN" duration="00:00:00.0014590" startTime="2026-04-30T12:48:23.5469991-04:00" endTime="2026-04-30T12:48:23.5484574-04:00" testType="13cdc9d9-ddb5-4fa4-a97d-d965ccfc6d4b" outcome="Passed" testListId="8c84fa94-04c1-424b-9868-57a2d4851a1d" relativeResultsDirectory="7703f940-620d-425d-a7f7-5f26dadc939c" />
    <UnitTestResult executionId="ff84592b-31dd-45e2-8010-592f7d09098d" testId="242af03b-bf5b-46fc-e914-db294451550d" testName="test_instant_direct_damage_resolves_same_tick_without_cast_bar_and_spends_mana" computerName="BRIAN" duration="00:00:00.0011420" startTime="2026-04-30T12:48:23.5170250-04:00" endTime="2026-04-30T12:48:23.5181664-04:00" testType="13cdc9d9-ddb5-4fa4-a97d-d965ccfc6d4b" outcome="Passed" testListId="8c84fa94-04c1-424b-9868-57a2d4851a1d" relativeResultsDirectory="ff84592b-31dd-45e2-8010-592f7d09098d" />
    <UnitTestResult executionId="6598072a-3a25-4cc3-8972-d623a2486406" testId="200e58b1-bdbe-12db-780e-939900502b83" testName="test_successful_sit_forces_attack_off_before_later_regen_or_threat_updates" computerName="BRIAN" duration="00:00:00.0001210" startTime="2026-04-30T12:48:23.4607810-04:00" endTime="2026-04-30T12:48:23.4609018-04:00" testType="13cdc9d9-ddb5-4fa4-a97d-d965ccfc6d4b" outcome="Passed" testListId="8c84fa94-04c1-424b-9868-57a2d4851a1d" relativeResultsDirectory="6598072a-3a25-4cc3-8972-d623a2486406" />
    <UnitTestResult executionId="4010bf86-e453-4989-bc86-c7f799c08b82" testId="07b3e8a3-fa79-9867-6c2d-09f8c62b4af9" testName="test_path_failure_enters_leashing_after_grace_and_requests_return_to_anchor" computerName="BRIAN" duration="00:00:00.0008140" startTime="2026-04-30T12:48:23.5263631-04:00" endTime="2026-04-30T12:48:23.5271766-04:00" testType="13cdc9d9-ddb5-4fa4-a97d-d965ccfc6d4b" outcome="Passed" testListId="8c84fa94-04c1-424b-9868-57a2d4851a1d" relativeResultsDirectory="4010bf86-e453-4989-bc86-c7f799c08b82" />
    <UnitTestResult executionId="e08ba719-787f-45cf-842b-acec647373a9" testId="36dbb467-76d7-f6f7-e6d2-66366935fd96" testName="test_damage_interrupt_emits_event_and_spends_no_mana" computerName="BRIAN" duration="00:00:00.0014940" startTime="2026-04-30T12:48:23.5062493-04:00" endTime="2026-04-30T12:48:23.5077432-04:00" testType="13cdc9d9-ddb5-4fa4-a97d-d965ccfc6d4b" outcome="Passed" testListId="8c84fa94-04c1-424b-9868-57a2d4851a1d" relativeResultsDirectory="e08ba719-787f-45cf-842b-acec647373a9" />
    <UnitTestResult executionId="699576a0-d4b8-4e3c-ac8e-4ac261909236" testId="fd812598-b183-a49b-9046-c8aa53abc929" testName="test_forced_off_conditions_turn_attack_off_and_emit_hud_safe_signal(TargetDeath)" computerName="BRIAN" duration="00:00:00.0022030" startTime="2026-04-30T12:48:23.4568577-04:00" endTime="2026-04-30T12:48:23.4590597-04:00" testType="13cdc9d9-ddb5-4fa4-a97d-d965ccfc6d4b" outcome="Passed" testListId="8c84fa94-04c1-424b-9868-57a2d4851a1d" relativeResultsDirectory="699576a0-d4b8-4e3c-ac8e-4ac261909236" />
    <UnitTestResult executionId="9500e38e-734b-46c7-8538-445fca85c9f6" testId="bb8dc6f4-1ae0-aced-345b-a1c6887f9fd7" testName="test_combat_actor_hydration_accepts_valid_cleric_mid_baseline" computerName="BRIAN" duration="00:00:00.0473040" startTime="2026-04-30T12:48:23.4059371-04:00" endTime="2026-04-30T12:48:23.4531872-04:00" testType="13cdc9d9-ddb5-4fa4-a97d-d965ccfc6d4b" outcome="Passed" testListId="8c84fa94-04c1-424b-9868-57a2d4851a1d" relativeResultsDirectory="9500e38e-734b-46c7-8538-445fca85c9f6" />
    <UnitTestResult executionId="1bab5f17-1fd0-4a2c-9374-b55fed875d46" testId="1791f5b3-5e24-0819-55f9-1dbf5d2c44b5" testName="test_combat_actor_state_has_no_unity_scene_object_fields" computerName="BRIAN" duration="00:00:00.0003890" startTime="2026-04-30T12:48:23.5301550-04:00" endTime="2026-04-30T12:48:23.5305433-04:00" testType="13cdc9d9-ddb5-4fa4-a97d-d965ccfc6d4b" outcome="Passed" testListId="8c84fa94-04c1-424b-9868-57a2d4851a1d" relativeResultsDirectory="1bab5f17-1fd0-4a2c-9374-b55fed875d46" />
    <UnitTestResult executionId="3febfd79-e1ae-49a3-ac07-62b96eead7f8" testId="e6c9de37-3ddf-c1e1-fc3e-b5528f3990cd" testName="test_sit_command_during_active_cast_is_rejected_by_rule_19_precondition" computerName="BRIAN" duration="00:00:00.0012710" startTime="2026-04-30T12:48:23.4915858-04:00" endTime="2026-04-30T12:48:23.4928563-04:00" testType="13cdc9d9-ddb5-4fa4-a97d-d965ccfc6d4b" outcome="Passed" testListId="8c84fa94-04c1-424b-9868-57a2d4851a1d" relativeResultsDirectory="3febfd79-e1ae-49a3-ac07-62b96eead7f8" />
    <UnitTestResult executionId="6660236f-99ef-4e2b-902c-889a9c0cb34a" testId="68fb80a4-bd55-c59b-295d-180a9a8b3f5e" testName="test_self_buff_duration_comes_from_fixture_profile_data" computerName="BRIAN" duration="00:00:00.0008670" startTime="2026-04-30T12:48:23.5181781-04:00" endTime="2026-04-30T12:48:23.5190448-04:00" testType="13cdc9d9-ddb5-4fa4-a97d-d965ccfc6d4b" outcome="Passed" testListId="8c84fa94-04c1-424b-9868-57a2d4851a1d" relativeResultsDirectory="6660236f-99ef-4e2b-902c-889a9c0cb34a" />
    <UnitTestResult executionId="4179f77a-384d-4131-aa6c-962b3680e09c" testId="0ade053e-d8d5-65c4-7361-eb338196a9dc" testName="test_eligible_weapon_tick_revalidates_range_facing_los_and_alive_state(&quot;out of range&quot;,3.0d,0.0d,False,False,OutOfRange)" computerName="BRIAN" duration="00:00:00.0004090" startTime="2026-04-30T12:48:23.4968195-04:00" endTime="2026-04-30T12:48:23.4972279-04:00" testType="13cdc9d9-ddb5-4fa4-a97d-d965ccfc6d4b" outcome="Passed" testListId="8c84fa94-04c1-424b-9868-57a2d4851a1d" relativeResultsDirectory="4179f77a-384d-4131-aa6c-962b3680e09c" />
    <UnitTestResult executionId="15dbf298-34ad-48d3-acc2-21f0abac5ec0" testId="30528113-4581-3233-1730-257d26eb61e8" testName="test_cast_completion_spends_mana_and_enters_recovery" computerName="BRIAN" duration="00:00:00.0027290" startTime="2026-04-30T12:48:23.5035060-04:00" endTime="2026-04-30T12:48:23.5062348-04:00" testType="13cdc9d9-ddb5-4fa4-a97d-d965ccfc6d4b" outcome="Passed" testListId="8c84fa94-04c1-424b-9868-57a2d4851a1d" relativeResultsDirectory="15dbf298-34ad-48d3-acc2-21f0abac5ec0" />
    <UnitTestResult executionId="c3b521df-7b6a-4fe4-9d06-fa48b45812f8" testId="112ef26b-b581-da16-e2aa-fbf030745102" testName="test_bash_cancels_current_channel_only_through_declared_interrupt_effect" computerName="BRIAN" duration="00:00:00.0053410" startTime="2026-04-30T12:48:23.5107761-04:00" endTime="2026-04-30T12:48:23.5161169-04:00" testType="13cdc9d9-ddb5-4fa4-a97d-d965ccfc6d4b" outcome="Passed" testListId="8c84fa94-04c1-424b-9868-57a2d4851a1d" relativeResultsDirectory="c3b521df-7b6a-4fe4-9d06-fa48b45812f8" />
    <UnitTestResult executionId="90b65292-81c1-4ab6-8323-6dab03b7f791" testId="b41a1ac5-a9b0-0f1c-ceb9-29a7783030c4" testName="test_passive_combat_paths_do_not_enable_attack(SpellCast)" computerName="BRIAN" duration="00:00:00.0000010" startTime="2026-04-30T12:48:23.4600976-04:00" endTime="2026-04-30T12:48:23.4600990-04:00" testType="13cdc9d9-ddb5-4fa4-a97d-d965ccfc6d4b" outcome="Passed" testListId="8c84fa94-04c1-424b-9868-57a2d4851a1d" relativeResultsDirectory="90b65292-81c1-4ab6-8323-6dab03b7f791" />
    <UnitTestResult executionId="c9a097bc-f507-48a4-92fc-b2fb433c5bb9" testId="0ec27a4d-7366-16e3-5f56-78d5b8174932" testName="test_passive_combat_paths_do_not_enable_attack(BodyPull)" computerName="BRIAN" duration="00:00:00.0000040" startTime="2026-04-30T12:48:23.4600793-04:00" endTime="2026-04-30T12:48:23.4600835-04:00" testType="13cdc9d9-ddb5-4fa4-a97d-d965ccfc6d4b" outcome="Passed" testListId="8c84fa94-04c1-424b-9868-57a2d4851a1d" relativeResultsDirectory="c9a097bc-f507-48a4-92fc-b2fb433c5bb9" />
    <UnitTestResult executionId="fb54111d-be64-4c37-904b-9d4553ad6219" testId="2110dbca-f3ef-dc2c-8c82-2d0dd5997da9" testName="test_combat_clock_reset_returns_known_tick" computerName="BRIAN" duration="00:00:00.0001370" startTime="2026-04-30T12:48:23.5316372-04:00" endTime="2026-04-30T12:48:23.5317737-04:00" testType="13cdc9d9-ddb5-4fa4-a97d-d965ccfc6d4b" outcome="Passed" testListId="8c84fa94-04c1-424b-9868-57a2d4851a1d" relativeResultsDirectory="fb54111d-be64-4c37-904b-9d4553ad6219" />
    <UnitTestResult executionId="9b395096-6e34-4403-864c-84909284c59f" testId="154d7153-cb1b-f71d-e606-63633464063a" testName="test_body_pull_initializes_threat_and_pivot_signal_without_warning_affordances" computerName="BRIAN" duration="00:00:00.0041850" startTime="2026-04-30T12:48:23.5191319-04:00" endTime="2026-04-30T12:48:23.5233162-04:00" testType="13cdc9d9-ddb5-4fa4-a97d-d965ccfc6d4b" outcome="Passed" testListId="8c84fa94-04c1-424b-9868-57a2d4851a1d" relativeResultsDirectory="9b395096-6e34-4403-864c-84909284c59f" />
    <UnitTestResult executionId="aa29cfec-1be8-4846-ae2f-0be18d5a5c19" testId="ea5b3a0a-b5a5-7379-64fa-6706fbddd192" testName="test_player_toggle_on_with_valid_hostile_target_turns_attack_on_and_schedules_weapon_tick" computerName="BRIAN" duration="00:00:00.0005260" startTime="2026-04-30T12:48:23.4602487-04:00" endTime="2026-04-30T12:48:23.4607742-04:00" testType="13cdc9d9-ddb5-4fa4-a97d-d965ccfc6d4b" outcome="Passed" testListId="8c84fa94-04c1-424b-9868-57a2d4851a1d" relativeResultsDirectory="aa29cfec-1be8-4846-ae2f-0be18d5a5c19" />
    <UnitTestResult executionId="6d4d4157-d81d-460d-b17b-ac41a82df050" testId="8cb1d39d-b99a-87af-34ee-20bd0cf34e93" testName="test_combat_fixture_loader_keeps_fixture_tuning_values_out_of_production_logic" computerName="BRIAN" duration="00:00:00.0224150" startTime="2026-04-30T12:48:23.4646165-04:00" endTime="2026-04-30T12:48:23.4870306-04:00" testType="13cdc9d9-ddb5-4fa4-a97d-d965ccfc6d4b" outcome="Passed" testListId="8c84fa94-04c1-424b-9868-57a2d4851a1d" relativeResultsDirectory="6d4d4157-d81d-460d-b17b-ac41a82df050" />
    <UnitTestResult executionId="ef1f0ed3-d204-47d2-91a4-0c01285d9a23" testId="2f23a5a2-5506-12da-46f3-d78e76fe496a" testName="test_passive_combat_paths_do_not_enable_attack(SocialAssist)" computerName="BRIAN" duration="00:00:00.0000020" startTime="2026-04-30T12:48:23.4600856-04:00" endTime="2026-04-30T12:48:23.4600875-04:00" testType="13cdc9d9-ddb5-4fa4-a97d-d965ccfc6d4b" outcome="Passed" testListId="8c84fa94-04c1-424b-9868-57a2d4851a1d" relativeResultsDirectory="ef1f0ed3-d204-47d2-91a4-0c01285d9a23" />
    <UnitTestResult executionId="e973f733-a6c1-458a-983c-b699d4366d7a" testId="266bd731-d588-a80c-eacd-29ab739a2cd1" testName="test_combat_fixture_loader_resolves_spells_tactical_instants_and_encounters" computerName="BRIAN" duration="00:00:00.0011600" startTime="2026-04-30T12:48:23.4870556-04:00" endTime="2026-04-30T12:48:23.4882151-04:00" testType="13cdc9d9-ddb5-4fa4-a97d-d965ccfc6d4b" outcome="Passed" testListId="8c84fa94-04c1-424b-9868-57a2d4851a1d" relativeResultsDirectory="e973f733-a6c1-458a-983c-b699d4366d7a" />
    <UnitTestResult executionId="8ca93279-8cc7-44cc-9284-a5ecd648ca93" testId="bd7e0408-3a77-bf6f-de7e-e05f6c4b76a7" testName="test_los_query_contract_blocks_only_t1_occluder_layers_and_reports_buffer_overflow" computerName="BRIAN" duration="00:00:00.0009760" startTime="2026-04-30T12:48:23.5253743-04:00" endTime="2026-04-30T12:48:23.5263503-04:00" testType="13cdc9d9-ddb5-4fa4-a97d-d965ccfc6d4b" outcome="Passed" testListId="8c84fa94-04c1-424b-9868-57a2d4851a1d" relativeResultsDirectory="8ca93279-8cc7-44cc-9284-a5ecd648ca93" />
    <UnitTestResult executionId="1245b3e1-d938-4d1d-af3e-a4626dcda4b1" testId="dbb1fc28-d235-c7de-149d-f3820c8f4616" testName="test_same_tick_death_priority_discards_scheduled_swing_before_random_roll" computerName="BRIAN" duration="00:00:00.0001789" startTime="2026-04-30T12:48:23.5031772-04:00" endTime="2026-04-30T12:48:23.5033557-04:00" testType="13cdc9d9-ddb5-4fa4-a97d-d965ccfc6d4b" outcome="Passed" testListId="8c84fa94-04c1-424b-9868-57a2d4851a1d" relativeResultsDirectory="1245b3e1-d938-4d1d-af3e-a4626dcda4b1" />
    <UnitTestResult executionId="09f12646-81d4-430d-95fe-fadc8416d856" testId="cf622bc6-ba9f-8306-05b4-a05cbcfe5e6f" testName="test_combat_fixture_package_resolves_cleric_mid_t1_design_values" computerName="BRIAN" duration="00:00:00.0005060" startTime="2026-04-30T12:48:23.5348120-04:00" endTime="2026-04-30T12:48:23.5353183-04:00" testType="13cdc9d9-ddb5-4fa4-a97d-d965ccfc6d4b" outcome="Passed" testListId="8c84fa94-04c1-424b-9868-57a2d4851a1d" relativeResultsDirectory="09f12646-81d4-430d-95fe-fadc8416d856" />
    <UnitTestResult executionId="00c075f2-3ebf-4320-8a3d-dc3d23c5e427" testId="654cd8b7-1699-dc3f-0011-40dd09624b1b" testName="test_zero_and_blocked_damage_do_not_roll_interrupt" computerName="BRIAN" duration="00:00:00.0002090" startTime="2026-04-30T12:48:23.5104733-04:00" endTime="2026-04-30T12:48:23.5106823-04:00" testType="13cdc9d9-ddb5-4fa4-a97d-d965ccfc6d4b" outcome="Passed" testListId="8c84fa94-04c1-424b-9868-57a2d4851a1d" relativeResultsDirectory="00c075f2-3ebf-4320-8a3d-dc3d23c5e427" />
    <UnitTestResult executionId="076910bb-8c8a-455e-bda9-9e19d6b4a196" testId="caad7f8e-cd4a-fc04-d248-6b0046b1b5bd" testName="test_tactical_ability_profile_rejects_missing_requested_band" computerName="BRIAN" duration="00:00:00.0005660" startTime="2026-04-30T12:48:23.5484708-04:00" endTime="2026-04-30T12:48:23.5490369-04:00" testType="13cdc9d9-ddb5-4fa4-a97d-d965ccfc6d4b" outcome="Passed" testListId="8c84fa94-04c1-424b-9868-57a2d4851a1d" relativeResultsDirectory="076910bb-8c8a-455e-bda9-9e19d6b4a196" />
    <UnitTestResult executionId="bf72d800-6632-4daf-8df8-b72fed987ac3" testId="a3feacce-9d27-6f92-1f81-e196edaf7e5f" testName="test_combat_clock_advance_ticks_uses_fixed_duration" computerName="BRIAN" duration="00:00:00.0000730" startTime="2026-04-30T12:48:23.5313817-04:00" endTime="2026-04-30T12:48:23.5314551-04:00" testType="13cdc9d9-ddb5-4fa4-a97d-d965ccfc6d4b" outcome="Passed" testListId="8c84fa94-04c1-424b-9868-57a2d4851a1d" relativeResultsDirectory="bf72d800-6632-4daf-8df8-b72fed987ac3" />
    <UnitTestResult executionId="91fd429d-25ff-4fe9-b347-6220bf4f73b1" testId="35d06612-3af7-a0e3-2da0-c97138a9413e" testName="test_out_of_combat_sitting_mana_regen_clamps_to_max_mana" computerName="BRIAN" duration="00:00:00.0014200" startTime="2026-04-30T12:48:23.4901274-04:00" endTime="2026-04-30T12:48:23.4915471-04:00" testType="13cdc9d9-ddb5-4fa4-a97d-d965ccfc6d4b" outcome="Passed" testListId="8c84fa94-04c1-424b-9868-57a2d4851a1d" relativeResultsDirectory="91fd429d-25ff-4fe9-b347-6220bf4f73b1" />
    <UnitTestResult executionId="bd501ab7-52ad-468f-863e-5858a2a1beea" testId="02388d24-0536-8eb9-5e34-f6edfd945556" testName="test_combat_fixture_package_declares_regen_and_combat_exit_tuning" computerName="BRIAN" duration="00:00:00.0004540" startTime="2026-04-30T12:48:23.5334481-04:00" endTime="2026-04-30T12:48:23.5339021-04:00" testType="13cdc9d9-ddb5-4fa4-a97d-d965ccfc6d4b" outcome="Passed" testListId="8c84fa94-04c1-424b-9868-57a2d4851a1d" relativeResultsDirectory="bd501ab7-52ad-468f-863e-5858a2a1beea" />
    <UnitTestResult executionId="076ed6cf-d966-4874-a12b-46ad48b95c12" testId="e1016321-1c99-22e2-cd49-121aeafc90a6" testName="test_player_toggle_off_is_an_approved_command_path_and_emits_hud_safe_off_signal" computerName="BRIAN" duration="00:00:00.0001380" startTime="2026-04-30T12:48:23.4601073-04:00" endTime="2026-04-30T12:48:23.4602451-04:00" testType="13cdc9d9-ddb5-4fa4-a97d-d965ccfc6d4b" outcome="Passed" testListId="8c84fa94-04c1-424b-9868-57a2d4851a1d" relativeResultsDirectory="076ed6cf-d966-4874-a12b-46ad48b95c12" />
    <UnitTestResult executionId="c3cf24f1-b224-4360-8cb6-2f454ab9128c" testId="a4864b1c-7b9b-d74d-db76-5dc6cabb4195" testName="test_toggle_on_with_no_valid_hostile_target_noops_and_leaves_attack_off" computerName="BRIAN" duration="00:00:00.0000970" startTime="2026-04-30T12:48:23.4609051-04:00" endTime="2026-04-30T12:48:23.4610020-04:00" testType="13cdc9d9-ddb5-4fa4-a97d-d965ccfc6d4b" outcome="Passed" testListId="8c84fa94-04c1-424b-9868-57a2d4851a1d" relativeResultsDirectory="c3cf24f1-b224-4360-8cb6-2f454ab9128c" />
    <UnitTestResult executionId="59e1c462-ccb9-40ca-ba3e-b4454baef0f5" testId="e4d26672-bbc8-fbed-42f5-2935da89aaad" testName="test_forced_off_conditions_turn_attack_off_and_emit_hud_safe_signal(CombatExit)" computerName="BRIAN" duration="00:00:00.0000470" startTime="2026-04-30T12:48:23.4592459-04:00" endTime="2026-04-30T12:48:23.4592926-04:00" testType="13cdc9d9-ddb5-4fa4-a97d-d965ccfc6d4b" outcome="Passed" testListId="8c84fa94-04c1-424b-9868-57a2d4851a1d" relativeResultsDirectory="59e1c462-ccb9-40ca-ba3e-b4454baef0f5" />
    <UnitTestResult executionId="8b8a9635-9903-48ff-b4a3-519f1a840786" testId="806434a1-b6bb-8628-2e8e-893c6a0ead81" testName="test_melee_damage_design_example_returns_nine_damage" computerName="BRIAN" duration="00:00:00.0001499" startTime="2026-04-30T12:48:23.5435429-04:00" endTime="2026-04-30T12:48:23.5436929-04:00" testType="13cdc9d9-ddb5-4fa4-a97d-d965ccfc6d4b" outcome="Passed" testListId="8c84fa94-04c1-424b-9868-57a2d4851a1d" relativeResultsDirectory="8b8a9635-9903-48ff-b4a3-519f1a840786" />
    <UnitTestResult executionId="5f8adce2-f261-4e82-b096-64060971f96a" testId="0fd97fbd-f6f7-6b36-7e79-decbebde8209" testName="test_forced_off_conditions_turn_attack_off_and_emit_hud_safe_signal(ZoneTransition)" computerName="BRIAN" duration="00:00:00.0000120" startTime="2026-04-30T12:48:23.4593480-04:00" endTime="2026-04-30T12:48:23.4593603-04:00" testType="13cdc9d9-ddb5-4fa4-a97d-d965ccfc6d4b" outcome="Passed" testListId="8c84fa94-04c1-424b-9868-57a2d4851a1d" relativeResultsDirectory="5f8adce2-f261-4e82-b096-64060971f96a" />
    <UnitTestResult executionId="08c856d0-3ebf-4dbc-97c3-6b0e28c5e0c3" testId="31dd81de-6124-96ae-941c-8106255da461" testName="test_passive_combat_paths_do_not_enable_attack(SpellPull)" computerName="BRIAN" duration="00:00:00.0000070" startTime="2026-04-30T12:48:23.4600891-04:00" endTime="2026-04-30T12:48:23.4600962-04:00" testType="13cdc9d9-ddb5-4fa4-a97d-d965ccfc6d4b" outcome="Passed" testListId="8c84fa94-04c1-424b-9868-57a2d4851a1d" relativeResultsDirectory="08c856d0-3ebf-4dbc-97c3-6b0e28c5e0c3" />
    <UnitTestResult executionId="da1fc129-36a4-42db-8548-50a0f4994672" testId="082fc771-2a89-ef50-1099-951b6be4dfd9" testName="test_pause_does_not_advance_clock_or_wall_clock_catch_up_melee_ticks" computerName="BRIAN" duration="00:00:00.0003830" startTime="2026-04-30T12:48:23.5027816-04:00" endTime="2026-04-30T12:48:23.5031646-04:00" testType="13cdc9d9-ddb5-4fa4-a97d-d965ccfc6d4b" outcome="Passed" testListId="8c84fa94-04c1-424b-9868-57a2d4851a1d" relativeResultsDirectory="da1fc129-36a4-42db-8548-50a0f4994672" />
    <UnitTestResult executionId="9ad82333-c149-4240-8f62-d7308e020939" testId="6b7c1f71-5e0b-e619-c3a2-80a9a674d6f5" testName="test_combat_fixture_package_declares_default_social_assist_profile" computerName="BRIAN" duration="00:00:00.0008920" startTime="2026-04-30T12:48:23.5325433-04:00" endTime="2026-04-30T12:48:23.5334353-04:00" testType="13cdc9d9-ddb5-4fa4-a97d-d965ccfc6d4b" outcome="Passed" testListId="8c84fa94-04c1-424b-9868-57a2d4851a1d" relativeResultsDirectory="9ad82333-c149-4240-8f62-d7308e020939" />
    <UnitTestResult executionId="d64a07f7-22ea-4aee-9d69-b0e28b8e53b8" testId="9be322f5-38a0-317f-7771-9630c616ac33" testName="test_lifecycle_payloads_include_ids_targets_and_combat_ticks" computerName="BRIAN" duration="00:00:00.0014150" startTime="2026-04-30T12:48:23.5077591-04:00" endTime="2026-04-30T12:48:23.5091736-04:00" testType="13cdc9d9-ddb5-4fa4-a97d-d965ccfc6d4b" outcome="Passed" testListId="8c84fa94-04c1-424b-9868-57a2d4851a1d" relativeResultsDirectory="d64a07f7-22ea-4aee-9d69-b0e28b8e53b8" />
    <UnitTestResult executionId="8e32be26-6fcd-4901-8f97-1d9b152bca54" testId="02be22a0-308b-09b3-7484-6037402feef7" testName="test_forced_off_conditions_turn_attack_off_and_emit_hud_safe_signal(SuccessfulSitOrMed)" computerName="BRIAN" duration="00:00:00.0001630" startTime="2026-04-30T12:48:23.4590772-04:00" endTime="2026-04-30T12:48:23.4592406-04:00" testType="13cdc9d9-ddb5-4fa4-a97d-d965ccfc6d4b" outcome="Passed" testListId="8c84fa94-04c1-424b-9868-57a2d4851a1d" relativeResultsDirectory="8e32be26-6fcd-4901-8f97-1d9b152bca54" />
    <UnitTestResult executionId="591de31e-f590-4c6f-a2dd-d354a1ef5732" testId="f49cc549-0bac-129f-417a-aec8c8013619" testName="test_interrupt_formula_clamps_to_injected_bounds(1,1000,0.0d,4.0d,0.05d)" computerName="BRIAN" duration="00:00:00.0002140" startTime="2026-04-30T12:48:23.5307968-04:00" endTime="2026-04-30T12:48:23.5310104-04:00" testType="13cdc9d9-ddb5-4fa4-a97d-d965ccfc6d4b" outcome="Passed" testListId="8c84fa94-04c1-424b-9868-57a2d4851a1d" relativeResultsDirectory="591de31e-f590-4c6f-a2dd-d354a1ef5732" />
    <UnitTestResult executionId="ad17add0-79ac-4510-8d61-9da1007e693b" testId="b08ac564-917e-187f-0662-a76b0931844a" testName="test_seconds_to_ticks_uses_ceiling_against_injected_tick_rate" computerName="BRIAN" duration="00:00:00.0000760" startTime="2026-04-30T12:48:23.5312580-04:00" endTime="2026-04-30T12:48:23.5313343-04:00" testType="13cdc9d9-ddb5-4fa4-a97d-d965ccfc6d4b" outcome="Passed" testListId="8c84fa94-04c1-424b-9868-57a2d4851a1d" relativeResultsDirectory="ad17add0-79ac-4510-8d61-9da1007e693b" />
    <UnitTestResult executionId="455a1cba-8238-4bed-a77e-7485d500c8b6" testId="987ab916-60fd-22f3-5057-0ccd73c9d3b6" testName="test_eligible_weapon_tick_revalidates_range_facing_los_and_alive_state(&quot;same tick death&quot;,1.5d,0.0d,False,True,TargetAlreadyDead)" computerName="BRIAN" duration="00:00:00.0000310" startTime="2026-04-30T12:48:23.4985072-04:00" endTime="2026-04-30T12:48:23.4985381-04:00" testType="13cdc9d9-ddb5-4fa4-a97d-d965ccfc6d4b" outcome="Passed" testListId="8c84fa94-04c1-424b-9868-57a2d4851a1d" relativeResultsDirectory="455a1cba-8238-4bed-a77e-7485d500c8b6" />
    <UnitTestResult executionId="3a154357-6f86-484d-a9d9-0081b1025013" testId="aaa2f95e-c9c2-de15-c24c-cee51fd7d071" testName="test_passive_combat_paths_do_not_enable_attack(TabCycle)" computerName="BRIAN" duration="00:00:00.0001190" startTime="2026-04-30T12:48:23.4599569-04:00" endTime="2026-04-30T12:48:23.4600756-04:00" testType="13cdc9d9-ddb5-4fa4-a97d-d965ccfc6d4b" outcome="Passed" testListId="8c84fa94-04c1-424b-9868-57a2d4851a1d" relativeResultsDirectory="3a154357-6f86-484d-a9d9-0081b1025013" />
    <UnitTestResult executionId="1f5b4bff-b7bd-4564-aeba-2274feb82e26" testId="ab5e6356-27f3-34a9-d4e4-4b49b465f48c" testName="test_instant_cooldown_is_transient_runtime_timer_only" computerName="BRIAN" duration="00:00:00.0008810" startTime="2026-04-30T12:48:23.5161303-04:00" endTime="2026-04-30T12:48:23.5170111-04:00" testType="13cdc9d9-ddb5-4fa4-a97d-d965ccfc6d4b" outcome="Passed" testListId="8c84fa94-04c1-424b-9868-57a2d4851a1d" relativeResultsDirectory="1f5b4bff-b7bd-4564-aeba-2274feb82e26" />
    <UnitTestResult executionId="a6776108-f518-457b-8d5c-ac1b4c1f8997" testId="48510470-e43e-af14-e67a-0936ddabfdcc" testName="test_combat_fixture_validator_rejects_missing_required_rows" computerName="BRIAN" duration="00:00:00.0007060" startTime="2026-04-30T12:48:23.5417543-04:00" endTime="2026-04-30T12:48:23.5424605-04:00" testType="13cdc9d9-ddb5-4fa4-a97d-d965ccfc6d4b" outcome="Passed" testListId="8c84fa94-04c1-424b-9868-57a2d4851a1d" relativeResultsDirectory="a6776108-f518-457b-8d5c-ac1b4c1f8997" />
    <UnitTestResult executionId="3370d5e5-092c-499c-919c-26d4eb18c24c" testId="09b07e53-993b-b255-9c37-85cc605e7693" testName="test_city_zone_gate_blocks_damage_on_each_eligible_tick" computerName="BRIAN" duration="00:00:00.0020150" startTime="2026-04-30T12:48:23.4947565-04:00" endTime="2026-04-30T12:48:23.4967710-04:00" testType="13cdc9d9-ddb5-4fa4-a97d-d965ccfc6d4b" outcome="Passed" testListId="8c84fa94-04c1-424b-9868-57a2d4851a1d" relativeResultsDirectory="3370d5e5-092c-499c-919c-26d4eb18c24c" />
    <UnitTestResult executionId="41210e32-3c99-4a4f-9e82-109102b1a82b" testId="f0d5177a-e97c-d50d-f458-8f7bac4f52bc" testName="test_target_selection_filters_dead_out_of_radius_blocked_los_and_orders_deterministically" computerName="BRIAN" duration="00:00:00.0002080" startTime="2026-04-30T12:48:23.5290379-04:00" endTime="2026-04-30T12:48:23.5292462-04:00" testType="13cdc9d9-ddb5-4fa4-a97d-d965ccfc6d4b" outcome="Passed" testListId="8c84fa94-04c1-424b-9868-57a2d4851a1d" relativeResultsDirectory="41210e32-3c99-4a4f-9e82-109102b1a82b" />
    <UnitTestResult executionId="f1f53186-d258-4f6a-afcc-a43fbfeba2fe" testId="2238a2b9-f43e-5a9e-eaa2-2ae1b817016c" testName="test_melee_hit_chance_clamps_and_honors_boundary_inputs(60,1,300,0,0.92d)" computerName="BRIAN" duration="00:00:00.0002420" startTime="2026-04-30T12:48:23.5438497-04:00" endTime="2026-04-30T12:48:23.5440916-04:00" testType="13cdc9d9-ddb5-4fa4-a97d-d965ccfc6d4b" outcome="Passed" testListId="8c84fa94-04c1-424b-9868-57a2d4851a1d" relativeResultsDirectory="f1f53186-d258-4f6a-afcc-a43fbfeba2fe" />
    <UnitTestResult executionId="0e3eb1cc-14df-433e-acbc-33b0220d4474" testId="0609f7c7-6951-db49-ce69-ea2ba5bad7c0" testName="test_reaggro_requires_active_memory_distance_los_and_expiry_clears_threat" computerName="BRIAN" duration="00:00:00.0004330" startTime="2026-04-30T12:48:23.5271901-04:00" endTime="2026-04-30T12:48:23.5276228-04:00" testType="13cdc9d9-ddb5-4fa4-a97d-d965ccfc6d4b" outcome="Passed" testListId="8c84fa94-04c1-424b-9868-57a2d4851a1d" relativeResultsDirectory="0e3eb1cc-14df-433e-acbc-33b0220d4474" />
    <UnitTestResult executionId="5c910d0c-55d2-4fb0-b028-efe897ac22a3" testId="acdb4327-5add-cc61-caaf-af6538389cc1" testName="test_interrupt_formula_clamps_to_injected_bounds(90,100,4.0d,4.0d,0.85d)" computerName="BRIAN" duration="00:00:00.0000800" startTime="2026-04-30T12:48:23.5307144-04:00" endTime="2026-04-30T12:48:23.5307941-04:00" testType="13cdc9d9-ddb5-4fa4-a97d-d965ccfc6d4b" outcome="Passed" testListId="8c84fa94-04c1-424b-9868-57a2d4851a1d" relativeResultsDirectory="5c910d0c-55d2-4fb0-b028-efe897ac22a3" />
    <UnitTestResult executionId="6e7b9f5f-2dcf-4ce8-a3a1-c45f371093a1" testId="e192364c-7ec3-9812-f1bc-2c7a33a956d6" testName="test_combat_fixture_validator_rejects_missing_tactical_instant_effect_specific_data" computerName="BRIAN" duration="00:00:00.0005220" startTime="2026-04-30T12:48:23.5429138-04:00" endTime="2026-04-30T12:48:23.5434357-04:00" testType="13cdc9d9-ddb5-4fa4-a97d-d965ccfc6d4b" outcome="Passed" testListId="8c84fa94-04c1-424b-9868-57a2d4851a1d" relativeResultsDirectory="6e7b9f5f-2dcf-4ce8-a3a1-c45f371093a1" />
    <UnitTestResult executionId="a7108b7a-faea-44cf-9d32-c5105d5bea6a" testId="20b6918d-1a40-3669-7480-f4692fd34d7a" testName="test_fixed_tick_melee_resolution_at_fifty_hz_is_frame_rate_independent" computerName="BRIAN" duration="00:00:00.0032900" startTime="2026-04-30T12:48:23.4985572-04:00" endTime="2026-04-30T12:48:23.5018472-04:00" testType="13cdc9d9-ddb5-4fa4-a97d-d965ccfc6d4b" outcome="Passed" testListId="8c84fa94-04c1-424b-9868-57a2d4851a1d" relativeResultsDirectory="a7108b7a-faea-44cf-9d32-c5105d5bea6a" />
    <UnitTestResult executionId="1d3aabd8-092c-4c65-9913-6270a8e5a809" testId="7e83c692-4866-4e8e-1f06-6afdc03fe9f9" testName="test_combat_actor_state_rejects_transient_threat_table_negative_values" computerName="BRIAN" duration="00:00:00.0000960" startTime="2026-04-30T12:48:23.5305540-04:00" endTime="2026-04-30T12:48:23.5306502-04:00" testType="13cdc9d9-ddb5-4fa4-a97d-d965ccfc6d4b" outcome="Passed" testListId="8c84fa94-04c1-424b-9868-57a2d4851a1d" relativeResultsDirectory="1d3aabd8-092c-4c65-9913-6270a8e5a809" />
    <UnitTestResult executionId="8ec3d504-7d8d-4aa9-80d2-9e70535b240e" testId="10713985-d7d6-30bf-3ee2-5dfc0ecc66c3" testName="test_combat_actor_hydration_rejects_missing_baseline_snapshot" computerName="BRIAN" duration="00:00:00.0005019" startTime="2026-04-30T12:48:23.4554347-04:00" endTime="2026-04-30T12:48:23.4559365-04:00" testType="13cdc9d9-ddb5-4fa4-a97d-d965ccfc6d4b" outcome="Passed" testListId="8c84fa94-04c1-424b-9868-57a2d4851a1d" relativeResultsDirectory="8ec3d504-7d8d-4aa9-80d2-9e70535b240e" />
    <UnitTestResult executionId="f44ddbd7-0382-4d9a-9039-87c6b491362f" testId="741b39a7-a224-087a-4da7-d30dea041ad0" testName="test_haunt_zone_gate_enables_claim_targeting_and_pull" computerName="BRIAN" duration="00:00:00.0004030" startTime="2026-04-30T12:48:23.5249600-04:00" endTime="2026-04-30T12:48:23.5253628-04:00" testType="13cdc9d9-ddb5-4fa4-a97d-d965ccfc6d4b" outcome="Passed" testListId="8c84fa94-04c1-424b-9868-57a2d4851a1d" relativeResultsDirectory="f44ddbd7-0382-4d9a-9039-87c6b491362f" />
    <UnitTestResult executionId="dd9f94dd-1003-441d-91eb-1763a191e80b" testId="759a9fe2-e8e3-4bdb-5945-9e644c89457a" testName="test_combat_exit_uses_zero_valid_hostile_threat_entries_from_existing_threat_tables" computerName="BRIAN" duration="00:00:00.0017970" startTime="2026-04-30T12:48:23.4883155-04:00" endTime="2026-04-30T12:48:23.4901118-04:00" testType="13cdc9d9-ddb5-4fa4-a97d-d965ccfc6d4b" outcome="Passed" testListId="8c84fa94-04c1-424b-9868-57a2d4851a1d" relativeResultsDirectory="dd9f94dd-1003-441d-91eb-1763a191e80b" />
    <UnitTestResult executionId="bdf54088-bea0-4622-9139-94dbb125db91" testId="8f874cde-082c-7895-5ff6-5c9a8b22eaec" testName="test_combat_actor_hydration_rejects_dead_current_health_without_death_handoff" computerName="BRIAN" duration="00:00:00.0014040" startTime="2026-04-30T12:48:23.4540123-04:00" endTime="2026-04-30T12:48:23.4554165-04:00" testType="13cdc9d9-ddb5-4fa4-a97d-d965ccfc6d4b" outcome="Passed" testListId="8c84fa94-04c1-424b-9868-57a2d4851a1d" relativeResultsDirectory="bdf54088-bea0-4622-9139-94dbb125db91" />
    <UnitTestResult executionId="804a10e5-1621-4cef-9281-44fbd070d2c0" testId="0aaeafb3-de1a-f812-f2ac-45c18e263dad" testName="test_unapproved_transition_path_cannot_change_attack_state" computerName="BRIAN" duration="00:00:00.0022160" startTime="2026-04-30T12:48:23.4610045-04:00" endTime="2026-04-30T12:48:23.4632207-04:00" testType="13cdc9d9-ddb5-4fa4-a97d-d965ccfc6d4b" outcome="Passed" testListId="8c84fa94-04c1-424b-9868-57a2d4851a1d" relativeResultsDirectory="804a10e5-1621-4cef-9281-44fbd070d2c0" />
    <UnitTestResult executionId="fa02efdc-7e9f-4c12-8cc7-ded8655872d5" testId="3db8fcda-c6b4-81b1-6f22-2b5a6cbf12d4" testName="test_passive_combat_paths_do_not_enable_attack(TargetSelection)" computerName="BRIAN" duration="00:00:00.0005530" startTime="2026-04-30T12:48:23.4593959-04:00" endTime="2026-04-30T12:48:23.4599483-04:00" testType="13cdc9d9-ddb5-4fa4-a97d-d965ccfc6d4b" outcome="Passed" testListId="8c84fa94-04c1-424b-9868-57a2d4851a1d" relativeResultsDirectory="fa02efdc-7e9f-4c12-8cc7-ded8655872d5" />
    <UnitTestResult executionId="aaa3c83a-e8da-4845-9850-111c31edea87" testId="2b048ff7-b91b-9cc4-1df8-e1250284fefb" testName="test_out_of_range_swing_skips_damage_and_schedules_only_next_weapon_delay" computerName="BRIAN" duration="00:00:00.0009030" startTime="2026-04-30T12:48:23.5018634-04:00" endTime="2026-04-30T12:48:23.5027662-04:00" testType="13cdc9d9-ddb5-4fa4-a97d-d965ccfc6d4b" outcome="Passed" testListId="8c84fa94-04c1-424b-9868-57a2d4851a1d" relativeResultsDirectory="aaa3c83a-e8da-4845-9850-111c31edea87" />
    <UnitTestResult executionId="730b3180-11f5-4679-a88d-bf7c77a3493c" testId="54d9dade-9b13-711d-a3b3-299698e015fb" testName="test_sitting_in_combat_applies_threat_bonus_and_no_mana_med_boost" computerName="BRIAN" duration="00:00:00.0009680" startTime="2026-04-30T12:48:23.4928694-04:00" endTime="2026-04-30T12:48:23.4938373-04:00" testType="13cdc9d9-ddb5-4fa4-a97d-d965ccfc6d4b" outcome="Passed" testListId="8c84fa94-04c1-424b-9868-57a2d4851a1d" relativeResultsDirectory="730b3180-11f5-4679-a88d-bf7c77a3493c" />
    <UnitTestResult executionId="ddf63be8-77c7-45ba-bb3f-1364e221cd60" testId="3047f30d-2248-6654-3e64-02b635dc3ac6" testName="test_eligible_weapon_tick_revalidates_range_facing_los_and_alive_state(&quot;bad facing&quot;,1.5d,120.0d,False,False,FacingBlocked)" computerName="BRIAN" duration="00:00:00.0002770" startTime="2026-04-30T12:48:23.4972409-04:00" endTime="2026-04-30T12:48:23.4975180-04:00" testType="13cdc9d9-ddb5-4fa4-a97d-d965ccfc6d4b" outcome="Passed" testListId="8c84fa94-04c1-424b-9868-57a2d4851a1d" relativeResultsDirectory="ddf63be8-77c7-45ba-bb3f-1364e221cd60" />
    <UnitTestResult executionId="d07225bf-8d48-4e15-9b1f-9a5b9d032e72" testId="f3cfd34e-353d-9f00-7248-ef29535bab5b" testName="test_combat_fixture_validator_rejects_invalid_regen_and_combat_exit_tuning" computerName="BRIAN" duration="00:00:00.0005480" startTime="2026-04-30T12:48:23.5411949-04:00" endTime="2026-04-30T12:48:23.5417424-04:00" testType="13cdc9d9-ddb5-4fa4-a97d-d965ccfc6d4b" outcome="Passed" testListId="8c84fa94-04c1-424b-9868-57a2d4851a1d" relativeResultsDirectory="d07225bf-8d48-4e15-9b1f-9a5b9d032e72" />
    <UnitTestResult executionId="cb67007d-e3ff-4ada-94ff-66e07406b6d4" testId="2ecd3eba-6723-1021-f114-0e0dd818e4a3" testName="test_eligible_weapon_tick_revalidates_range_facing_los_and_alive_state(&quot;blocked sight&quot;,1.5d,0.0d,True,False,LineOfSightBlocked)" computerName="BRIAN" duration="00:00:00.0009620" startTime="2026-04-30T12:48:23.4975302-04:00" endTime="2026-04-30T12:48:23.4984922-04:00" testType="13cdc9d9-ddb5-4fa4-a97d-d965ccfc6d4b" outcome="Passed" testListId="8c84fa94-04c1-424b-9868-57a2d4851a1d" relativeResultsDirectory="cb67007d-e3ff-4ada-94ff-66e07406b6d4" />
    <UnitTestResult executionId="8456673c-507f-4857-aa46-b061d3555667" testId="459f6dbc-95dc-52e2-690a-c27675c13490" testName="test_successful_sit_forces_attack_off_before_regen_tick_resolves" computerName="BRIAN" duration="00:00:00.0007790" startTime="2026-04-30T12:48:23.4938515-04:00" endTime="2026-04-30T12:48:23.4946303-04:00" testType="13cdc9d9-ddb5-4fa4-a97d-d965ccfc6d4b" outcome="Passed" testListId="8c84fa94-04c1-424b-9868-57a2d4851a1d" relativeResultsDirectory="8456673c-507f-4857-aa46-b061d3555667" />
    <UnitTestResult executionId="39f97846-7564-4710-a6a9-409832edcf6d" testId="ca3de4af-a428-ab10-8245-726ed4f5d8d7" testName="test_forced_off_conditions_turn_attack_off_and_emit_hud_safe_signal(PlayerDeath)" computerName="BRIAN" duration="00:00:00.0000420" startTime="2026-04-30T12:48:23.4593041-04:00" endTime="2026-04-30T12:48:23.4593458-04:00" testType="13cdc9d9-ddb5-4fa4-a97d-d965ccfc6d4b" outcome="Passed" testListId="8c84fa94-04c1-424b-9868-57a2d4851a1d" relativeResultsDirectory="39f97846-7564-4710-a6a9-409832edcf6d" />
    <UnitTestResult executionId="0b665ed7-08b6-47cc-98b5-aca402fe9dd9" testId="de8ee3a3-9174-40d5-2212-68f9a477a22a" testName="test_city_hub_zone_disables_targeting_claim_threat_damage_and_kill_credit" computerName="BRIAN" duration="00:00:00.0016160" startTime="2026-04-30T12:48:23.5233300-04:00" endTime="2026-04-30T12:48:23.5249457-04:00" testType="13cdc9d9-ddb5-4fa4-a97d-d965ccfc6d4b" outcome="Passed" testListId="8c84fa94-04c1-424b-9868-57a2d4851a1d" relativeResultsDirectory="0b665ed7-08b6-47cc-98b5-aca402fe9dd9" />
    <UnitTestResult executionId="02a1ba26-3194-4365-8555-47e90afc980d" testId="a98270b6-3be0-ac77-57fe-95b162720f3c" testName="test_combat_fixture_loader_exposes_source_ref_aliases_for_downstream_validation" computerName="BRIAN" duration="00:00:00.0013250" startTime="2026-04-30T12:48:23.4632833-04:00" endTime="2026-04-30T12:48:23.4646080-04:00" testType="13cdc9d9-ddb5-4fa4-a97d-d965ccfc6d4b" outcome="Passed" testListId="8c84fa94-04c1-424b-9868-57a2d4851a1d" relativeResultsDirectory="02a1ba26-3194-4365-8555-47e90afc980d" />
    <UnitTestResult executionId="ede131b8-2465-417b-a913-86b6ed641ff6" testId="5bd22301-7b0d-ecad-8ea1-05a08f0c361a" testName="test_melee_hit_chance_clamps_and_honors_boundary_inputs(5,5,30,30,0.72d)" computerName="BRIAN" duration="00:00:00.0000080" startTime="2026-04-30T12:48:23.5440965-04:00" endTime="2026-04-30T12:48:23.5441046-04:00" testType="13cdc9d9-ddb5-4fa4-a97d-d965ccfc6d4b" outcome="Passed" testListId="8c84fa94-04c1-424b-9868-57a2d4851a1d" relativeResultsDirectory="ede131b8-2465-417b-a913-86b6ed641ff6" />
  </Results>
  <TestDefinitions>
    <UnitTest name="test_self_buff_duration_comes_from_fixture_profile_data" storage="n:\gravenspire\tests\bin\debug\net8.0\gravenspire.combat.tests.dll" id="68fb80a4-bd55-c59b-295d-180a9a8b3f5e">
      <Execution id="6660236f-99ef-4e2b-902c-889a9c0cb34a" />
      <TestMethod codeBase="N:\GravenSpire\tests\bin\Debug\net8.0\Gravenspire.Combat.Tests.dll" adapterTypeName="executor://nunit3testexecutor/" className="Gravenspire.Tests.Integration.Gameplay.Combat.CombatTacticalClericInstantsTest" name="test_self_buff_duration_comes_from_fixture_profile_data" />
    </UnitTest>
    <UnitTest name="test_interrupt_formula_matches_combat_core_worked_example" storage="n:\gravenspire\tests\bin\debug\net8.0\gravenspire.combat.tests.dll" id="7a68451b-e96f-6a9b-9ff3-fab2daa6a8bb">
      <Execution id="18aa973e-8ac1-49cd-a652-e52b3630a05f" />
      <TestMethod codeBase="N:\GravenSpire\tests\bin\Debug\net8.0\Gravenspire.Combat.Tests.dll" adapterTypeName="executor://nunit3testexecutor/" className="Gravenspire.Tests.Unit.Gameplay.Combat.CombatCastInterruptFormulasTest" name="test_interrupt_formula_matches_combat_core_worked_example" />
    </UnitTest>
    <UnitTest name="test_pause_does_not_advance_clock_or_wall_clock_catch_up_melee_ticks" storage="n:\gravenspire\tests\bin\debug\net8.0\gravenspire.combat.tests.dll" id="082fc771-2a89-ef50-1099-951b6be4dfd9">
      <Execution id="da1fc129-36a4-42db-8548-50a0f4994672" />
      <TestMethod codeBase="N:\GravenSpire\tests\bin\Debug\net8.0\Gravenspire.Combat.Tests.dll" adapterTypeName="executor://nunit3testexecutor/" className="Gravenspire.Tests.Integration.Gameplay.Combat.CombatMeleeTickResolutionTest" name="test_pause_does_not_advance_clock_or_wall_clock_catch_up_melee_ticks" />
    </UnitTest>
    <UnitTest name="test_los_query_contract_blocks_only_t1_occluder_layers_and_reports_buffer_overflow" storage="n:\gravenspire\tests\bin\debug\net8.0\gravenspire.combat.tests.dll" id="bd7e0408-3a77-bf6f-de7e-e05f6c4b76a7">
      <Execution id="8ca93279-8cc7-44cc-9284-a5ecd648ca93" />
      <TestMethod codeBase="N:\GravenSpire\tests\bin\Debug\net8.0\Gravenspire.Combat.Tests.dll" adapterTypeName="executor://nunit3testexecutor/" className="Gravenspire.Tests.Integration.Gameplay.Combat.CombatTargetingPullLeashTest" name="test_los_query_contract_blocks_only_t1_occluder_layers_and_reports_buffer_overflow" />
    </UnitTest>
    <UnitTest name="test_regen_tick_interval_uses_fixture_seconds_and_combat_tick_rate" storage="n:\gravenspire\tests\bin\debug\net8.0\gravenspire.combat.tests.dll" id="4df7140e-b819-df90-eb34-1a7890860ff9">
      <Execution id="d8a35e3e-0bd7-4f09-83fd-bb9bbfaabc2b" />
      <TestMethod codeBase="N:\GravenSpire\tests\bin\Debug\net8.0\Gravenspire.Combat.Tests.dll" adapterTypeName="executor://nunit3testexecutor/" className="Gravenspire.Tests.Unit.Gameplay.Combat.CombatRegenFormulasTest" name="test_regen_tick_interval_uses_fixture_seconds_and_combat_tick_rate" />
    </UnitTest>
    <UnitTest name="test_target_selection_filters_dead_out_of_radius_blocked_los_and_orders_deterministically" storage="n:\gravenspire\tests\bin\debug\net8.0\gravenspire.combat.tests.dll" id="f0d5177a-e97c-d50d-f458-8f7bac4f52bc">
      <Execution id="41210e32-3c99-4a4f-9e82-109102b1a82b" />
      <TestMethod codeBase="N:\GravenSpire\tests\bin\Debug\net8.0\Gravenspire.Combat.Tests.dll" adapterTypeName="executor://nunit3testexecutor/" className="Gravenspire.Tests.Integration.Gameplay.Combat.CombatTargetingPullLeashTest" name="test_target_selection_filters_dead_out_of_radius_blocked_los_and_orders_deterministically" />
    </UnitTest>
    <UnitTest name="test_social_assist_pulses_are_bounded_and_join_once_per_pull_episode" storage="n:\gravenspire\tests\bin\debug\net8.0\gravenspire.combat.tests.dll" id="06c39495-a345-6c2f-adc5-af2e65ea0594">
      <Execution id="fbca0c33-a07f-4a3b-a8b3-7e4b6dc61416" />
      <TestMethod codeBase="N:\GravenSpire\tests\bin\Debug\net8.0\Gravenspire.Combat.Tests.dll" adapterTypeName="executor://nunit3testexecutor/" className="Gravenspire.Tests.Integration.Gameplay.Combat.CombatTargetingPullLeashTest" name="test_social_assist_pulses_are_bounded_and_join_once_per_pull_episode" />
    </UnitTest>
    <UnitTest name="test_combat_fixture_package_resolves_targeting_pull_and_leash_tuning" storage="n:\gravenspire\tests\bin\debug\net8.0\gravenspire.combat.tests.dll" id="f370e923-3d1c-0b1f-475c-90253f167f9c">
      <Execution id="cc560450-a3f6-431a-82d5-45929427775e" />
      <TestMethod codeBase="N:\GravenSpire\tests\bin\Debug\net8.0\Gravenspire.Combat.Tests.dll" adapterTypeName="executor://nunit3testexecutor/" className="Gravenspire.Tests.Unit.Gameplay.Combat.CombatFixtureValidationTest" name="test_combat_fixture_package_resolves_targeting_pull_and_leash_tuning" />
    </UnitTest>
    <UnitTest name="test_social_assist_joins_eligible_actors_in_deterministic_order_with_default_threat" storage="n:\gravenspire\tests\bin\debug\net8.0\gravenspire.combat.tests.dll" id="6b443170-429b-457b-6f92-d34edf1c5007">
      <Execution id="d0af700c-f921-4bc0-be8c-2fb0d350c0df" />
      <TestMethod codeBase="N:\GravenSpire\tests\bin\Debug\net8.0\Gravenspire.Combat.Tests.dll" adapterTypeName="executor://nunit3testexecutor/" className="Gravenspire.Tests.Integration.Gameplay.Combat.CombatTargetingPullLeashTest" name="test_social_assist_joins_eligible_actors_in_deterministic_order_with_default_threat" />
    </UnitTest>
    <UnitTest name="test_melee_hit_chance_clamps_and_honors_boundary_inputs(1,60,0,300,0.1d)" storage="n:\gravenspire\tests\bin\debug\net8.0\gravenspire.combat.tests.dll" id="b64c07bb-9ea0-1dcd-fadf-25c58268b306">
      <Execution id="67b19343-c686-4df5-bcd2-1e51d9d1efd0" />
      <TestMethod codeBase="N:\GravenSpire\tests\bin\Debug\net8.0\Gravenspire.Combat.Tests.dll" adapterTypeName="executor://nunit3testexecutor/" className="Gravenspire.Tests.Unit.Gameplay.Combat.CombatMeleeFormulasTest" name="test_melee_hit_chance_clamps_and_honors_boundary_inputs(1,60,0,300,0.1d)" />
    </UnitTest>
    <UnitTest name="test_eligible_weapon_tick_revalidates_range_facing_los_and_alive_state(&quot;blocked sight&quot;,1.5d,0.0d,True,False,LineOfSightBlocked)" storage="n:\gravenspire\tests\bin\debug\net8.0\gravenspire.combat.tests.dll" id="2ecd3eba-6723-1021-f114-0e0dd818e4a3">
      <Execution id="cb67007d-e3ff-4ada-94ff-66e07406b6d4" />
      <TestMethod codeBase="N:\GravenSpire\tests\bin\Debug\net8.0\Gravenspire.Combat.Tests.dll" adapterTypeName="executor://nunit3testexecutor/" className="Gravenspire.Tests.Integration.Gameplay.Combat.CombatMeleeTickResolutionTest" name="test_eligible_weapon_tick_revalidates_range_facing_los_and_alive_state(&quot;blocked sight&quot;,1.5d,0.0d,True,False,LineOfSightBlocked)" />
    </UnitTest>
    <UnitTest name="test_melee_hit_chance_clamps_and_honors_boundary_inputs(60,1,300,0,0.92d)" storage="n:\gravenspire\tests\bin\debug\net8.0\gravenspire.combat.tests.dll" id="2238a2b9-f43e-5a9e-eaa2-2ae1b817016c">
      <Execution id="f1f53186-d258-4f6a-afcc-a43fbfeba2fe" />
      <TestMethod codeBase="N:\GravenSpire\tests\bin\Debug\net8.0\Gravenspire.Combat.Tests.dll" adapterTypeName="executor://nunit3testexecutor/" className="Gravenspire.Tests.Unit.Gameplay.Combat.CombatMeleeFormulasTest" name="test_melee_hit_chance_clamps_and_honors_boundary_inputs(60,1,300,0,0.92d)" />
    </UnitTest>
    <UnitTest name="test_combat_exit_returns_true_only_after_fixture_boundary_and_zero_valid_hostiles" storage="n:\gravenspire\tests\bin\debug\net8.0\gravenspire.combat.tests.dll" id="45c0ef0e-dd19-4cff-a30b-1dbf3d5a4210">
      <Execution id="c9ac89e8-110c-4e08-9a5a-4cabb04b5f3c" />
      <TestMethod codeBase="N:\GravenSpire\tests\bin\Debug\net8.0\Gravenspire.Combat.Tests.dll" adapterTypeName="executor://nunit3testexecutor/" className="Gravenspire.Tests.Unit.Gameplay.Combat.CombatExitTimerTest" name="test_combat_exit_returns_true_only_after_fixture_boundary_and_zero_valid_hostiles" />
    </UnitTest>
    <UnitTest name="test_melee_damage_successful_hit_never_drops_below_minimum_damage" storage="n:\gravenspire\tests\bin\debug\net8.0\gravenspire.combat.tests.dll" id="43c755cb-28bd-db4d-1012-f36a8b40cc25">
      <Execution id="2995ad40-fd0b-4bd7-b95e-05b10ae2b377" />
      <TestMethod codeBase="N:\GravenSpire\tests\bin\Debug\net8.0\Gravenspire.Combat.Tests.dll" adapterTypeName="executor://nunit3testexecutor/" className="Gravenspire.Tests.Unit.Gameplay.Combat.CombatMeleeFormulasTest" name="test_melee_damage_successful_hit_never_drops_below_minimum_damage" />
    </UnitTest>
    <UnitTest name="test_same_tick_completion_resolves_before_new_interrupt_check" storage="n:\gravenspire\tests\bin\debug\net8.0\gravenspire.combat.tests.dll" id="9a93491d-56b0-146c-3bd6-95e62dc7f955">
      <Execution id="6d5d6e56-5e19-4f46-8048-097cd2eb4430" />
      <TestMethod codeBase="N:\GravenSpire\tests\bin\Debug\net8.0\Gravenspire.Combat.Tests.dll" adapterTypeName="executor://nunit3testexecutor/" className="Gravenspire.Tests.Integration.Gameplay.Combat.CombatSlowCastFrameworkTest" name="test_same_tick_completion_resolves_before_new_interrupt_check" />
    </UnitTest>
    <UnitTest name="test_cleric_mid_t1_sitting_out_of_combat_regenerates_eight_mana_from_fixture_tuning" storage="n:\gravenspire\tests\bin\debug\net8.0\gravenspire.combat.tests.dll" id="767f2bcf-ee0d-72bf-4c42-cc0585cbb4e4">
      <Execution id="7e621043-633f-49f1-ac95-3cd7b2bdb1f4" />
      <TestMethod codeBase="N:\GravenSpire\tests\bin\Debug\net8.0\Gravenspire.Combat.Tests.dll" adapterTypeName="executor://nunit3testexecutor/" className="Gravenspire.Tests.Unit.Gameplay.Combat.CombatRegenFormulasTest" name="test_cleric_mid_t1_sitting_out_of_combat_regenerates_eight_mana_from_fixture_tuning" />
    </UnitTest>
    <UnitTest name="test_interrupt_formula_rejects_invalid_ratio_bounds" storage="n:\gravenspire\tests\bin\debug\net8.0\gravenspire.combat.tests.dll" id="02e56309-b298-a27b-2925-0cd280ef05fe">
      <Execution id="03ac1af9-df63-4d84-afa5-d0159e145660" />
      <TestMethod codeBase="N:\GravenSpire\tests\bin\Debug\net8.0\Gravenspire.Combat.Tests.dll" adapterTypeName="executor://nunit3testexecutor/" className="Gravenspire.Tests.Unit.Gameplay.Combat.CombatCastInterruptFormulasTest" name="test_interrupt_formula_rejects_invalid_ratio_bounds" />
    </UnitTest>
    <UnitTest name="test_out_of_combat_sitting_mana_regen_clamps_to_max_mana" storage="n:\gravenspire\tests\bin\debug\net8.0\gravenspire.combat.tests.dll" id="35d06612-3af7-a0e3-2da0-c97138a9413e">
      <Execution id="91fd429d-25ff-4fe9-b347-6220bf4f73b1" />
      <TestMethod codeBase="N:\GravenSpire\tests\bin\Debug\net8.0\Gravenspire.Combat.Tests.dll" adapterTypeName="executor://nunit3testexecutor/" className="Gravenspire.Tests.Integration.Gameplay.Combat.CombatMedSitRegenCombatExitTest" name="test_out_of_combat_sitting_mana_regen_clamps_to_max_mana" />
    </UnitTest>
    <UnitTest name="test_passive_combat_paths_do_not_enable_attack(TabCycle)" storage="n:\gravenspire\tests\bin\debug\net8.0\gravenspire.combat.tests.dll" id="aaa2f95e-c9c2-de15-c24c-cee51fd7d071">
      <Execution id="3a154357-6f86-484d-a9d9-0081b1025013" />
      <TestMethod codeBase="N:\GravenSpire\tests\bin\Debug\net8.0\Gravenspire.Combat.Tests.dll" adapterTypeName="executor://nunit3testexecutor/" className="Gravenspire.Tests.Integration.Gameplay.Combat.CombatAttackToggleStateMachineTest" name="test_passive_combat_paths_do_not_enable_attack(TabCycle)" />
    </UnitTest>
    <UnitTest name="test_damage_interrupt_emits_event_and_spends_no_mana" storage="n:\gravenspire\tests\bin\debug\net8.0\gravenspire.combat.tests.dll" id="36dbb467-76d7-f6f7-e6d2-66366935fd96">
      <Execution id="e08ba719-787f-45cf-842b-acec647373a9" />
      <TestMethod codeBase="N:\GravenSpire\tests\bin\Debug\net8.0\Gravenspire.Combat.Tests.dll" adapterTypeName="executor://nunit3testexecutor/" className="Gravenspire.Tests.Integration.Gameplay.Combat.CombatSlowCastFrameworkTest" name="test_damage_interrupt_emits_event_and_spends_no_mana" />
    </UnitTest>
    <UnitTest name="test_sitting_in_combat_applies_threat_bonus_and_no_mana_med_boost" storage="n:\gravenspire\tests\bin\debug\net8.0\gravenspire.combat.tests.dll" id="54d9dade-9b13-711d-a3b3-299698e015fb">
      <Execution id="730b3180-11f5-4679-a88d-bf7c77a3493c" />
      <TestMethod codeBase="N:\GravenSpire\tests\bin\Debug\net8.0\Gravenspire.Combat.Tests.dll" adapterTypeName="executor://nunit3testexecutor/" className="Gravenspire.Tests.Integration.Gameplay.Combat.CombatMedSitRegenCombatExitTest" name="test_sitting_in_combat_applies_threat_bonus_and_no_mana_med_boost" />
    </UnitTest>
    <UnitTest name="test_passive_combat_paths_do_not_enable_attack(SocialAssist)" storage="n:\gravenspire\tests\bin\debug\net8.0\gravenspire.combat.tests.dll" id="2f23a5a2-5506-12da-46f3-d78e76fe496a">
      <Execution id="ef1f0ed3-d204-47d2-91a4-0c01285d9a23" />
      <TestMethod codeBase="N:\GravenSpire\tests\bin\Debug\net8.0\Gravenspire.Combat.Tests.dll" adapterTypeName="executor://nunit3testexecutor/" className="Gravenspire.Tests.Integration.Gameplay.Combat.CombatAttackToggleStateMachineTest" name="test_passive_combat_paths_do_not_enable_attack(SocialAssist)" />
    </UnitTest>
    <UnitTest name="test_instant_cooldown_is_transient_runtime_timer_only" storage="n:\gravenspire\tests\bin\debug\net8.0\gravenspire.combat.tests.dll" id="ab5e6356-27f3-34a9-d4e4-4b49b465f48c">
      <Execution id="1f5b4bff-b7bd-4564-aeba-2274feb82e26" />
      <TestMethod codeBase="N:\GravenSpire\tests\bin\Debug\net8.0\Gravenspire.Combat.Tests.dll" adapterTypeName="executor://nunit3testexecutor/" className="Gravenspire.Tests.Integration.Gameplay.Combat.CombatTacticalClericInstantsTest" name="test_instant_cooldown_is_transient_runtime_timer_only" />
    </UnitTest>
    <UnitTest name="test_passive_combat_paths_do_not_enable_attack(BodyPull)" storage="n:\gravenspire\tests\bin\debug\net8.0\gravenspire.combat.tests.dll" id="0ec27a4d-7366-16e3-5f56-78d5b8174932">
      <Execution id="c9a097bc-f507-48a4-92fc-b2fb433c5bb9" />
      <TestMethod codeBase="N:\GravenSpire\tests\bin\Debug\net8.0\Gravenspire.Combat.Tests.dll" adapterTypeName="executor://nunit3testexecutor/" className="Gravenspire.Tests.Integration.Gameplay.Combat.CombatAttackToggleStateMachineTest" name="test_passive_combat_paths_do_not_enable_attack(BodyPull)" />
    </UnitTest>
    <UnitTest name="test_passive_combat_paths_do_not_enable_attack(SpellCast)" storage="n:\gravenspire\tests\bin\debug\net8.0\gravenspire.combat.tests.dll" id="b41a1ac5-a9b0-0f1c-ceb9-29a7783030c4">
      <Execution id="90b65292-81c1-4ab6-8323-6dab03b7f791" />
      <TestMethod codeBase="N:\GravenSpire\tests\bin\Debug\net8.0\Gravenspire.Combat.Tests.dll" adapterTypeName="executor://nunit3testexecutor/" className="Gravenspire.Tests.Integration.Gameplay.Combat.CombatAttackToggleStateMachineTest" name="test_passive_combat_paths_do_not_enable_attack(SpellCast)" />
    </UnitTest>
    <UnitTest name="test_tactical_ability_profile_resolves_fixture_loaded_mid_band_values" storage="n:\gravenspire\tests\bin\debug\net8.0\gravenspire.combat.tests.dll" id="4f15759e-48a7-488b-bd54-9bd99a1ede41">
      <Execution id="6f5b6b9b-c174-47c5-866b-08ad1ab76960" />
      <TestMethod codeBase="N:\GravenSpire\tests\bin\Debug\net8.0\Gravenspire.Combat.Tests.dll" adapterTypeName="executor://nunit3testexecutor/" className="Gravenspire.Tests.Unit.Gameplay.Combat.CombatTacticalAbilityProfileTest" name="test_tactical_ability_profile_resolves_fixture_loaded_mid_band_values" />
    </UnitTest>
    <UnitTest name="test_combat_fixture_validator_rejects_missing_tactical_instant_effect_specific_data" storage="n:\gravenspire\tests\bin\debug\net8.0\gravenspire.combat.tests.dll" id="e192364c-7ec3-9812-f1bc-2c7a33a956d6">
      <Execution id="6e7b9f5f-2dcf-4ce8-a3a1-c45f371093a1" />
      <TestMethod codeBase="N:\GravenSpire\tests\bin\Debug\net8.0\Gravenspire.Combat.Tests.dll" adapterTypeName="executor://nunit3testexecutor/" className="Gravenspire.Tests.Unit.Gameplay.Combat.CombatFixtureValidationTest" name="test_combat_fixture_validator_rejects_missing_tactical_instant_effect_specific_data" />
    </UnitTest>
    <UnitTest name="test_melee_hit_chance_clamps_and_honors_boundary_inputs(5,5,30,30,0.72d)" storage="n:\gravenspire\tests\bin\debug\net8.0\gravenspire.combat.tests.dll" id="5bd22301-7b0d-ecad-8ea1-05a08f0c361a">
      <Execution id="ede131b8-2465-417b-a913-86b6ed641ff6" />
      <TestMethod codeBase="N:\GravenSpire\tests\bin\Debug\net8.0\Gravenspire.Combat.Tests.dll" adapterTypeName="executor://nunit3testexecutor/" className="Gravenspire.Tests.Unit.Gameplay.Combat.CombatMeleeFormulasTest" name="test_melee_hit_chance_clamps_and_honors_boundary_inputs(5,5,30,30,0.72d)" />
    </UnitTest>
    <UnitTest name="test_instant_direct_damage_resolves_same_tick_without_cast_bar_and_spends_mana" storage="n:\gravenspire\tests\bin\debug\net8.0\gravenspire.combat.tests.dll" id="242af03b-bf5b-46fc-e914-db294451550d">
      <Execution id="ff84592b-31dd-45e2-8010-592f7d09098d" />
      <TestMethod codeBase="N:\GravenSpire\tests\bin\Debug\net8.0\Gravenspire.Combat.Tests.dll" adapterTypeName="executor://nunit3testexecutor/" className="Gravenspire.Tests.Integration.Gameplay.Combat.CombatTacticalClericInstantsTest" name="test_instant_direct_damage_resolves_same_tick_without_cast_bar_and_spends_mana" />
    </UnitTest>
    <UnitTest name="test_combat_actor_hydration_accepts_valid_cleric_mid_baseline" storage="n:\gravenspire\tests\bin\debug\net8.0\gravenspire.combat.tests.dll" id="bb8dc6f4-1ae0-aced-345b-a1c6887f9fd7">
      <Execution id="9500e38e-734b-46c7-8538-445fca85c9f6" />
      <TestMethod codeBase="N:\GravenSpire\tests\bin\Debug\net8.0\Gravenspire.Combat.Tests.dll" adapterTypeName="executor://nunit3testexecutor/" className="Gravenspire.Tests.Integration.Gameplay.Combat.CombatActorHydrationTest" name="test_combat_actor_hydration_accepts_valid_cleric_mid_baseline" />
    </UnitTest>
    <UnitTest name="test_bash_cancels_current_channel_only_through_declared_interrupt_effect" storage="n:\gravenspire\tests\bin\debug\net8.0\gravenspire.combat.tests.dll" id="112ef26b-b581-da16-e2aa-fbf030745102">
      <Execution id="c3b521df-7b6a-4fe4-9d06-fa48b45812f8" />
      <TestMethod codeBase="N:\GravenSpire\tests\bin\Debug\net8.0\Gravenspire.Combat.Tests.dll" adapterTypeName="executor://nunit3testexecutor/" className="Gravenspire.Tests.Integration.Gameplay.Combat.CombatTacticalClericInstantsTest" name="test_bash_cancels_current_channel_only_through_declared_interrupt_effect" />
    </UnitTest>
    <UnitTest name="test_forced_off_conditions_turn_attack_off_and_emit_hud_safe_signal(CombatExit)" storage="n:\gravenspire\tests\bin\debug\net8.0\gravenspire.combat.tests.dll" id="e4d26672-bbc8-fbed-42f5-2935da89aaad">
      <Execution id="59e1c462-ccb9-40ca-ba3e-b4454baef0f5" />
      <TestMethod codeBase="N:\GravenSpire\tests\bin\Debug\net8.0\Gravenspire.Combat.Tests.dll" adapterTypeName="executor://nunit3testexecutor/" className="Gravenspire.Tests.Integration.Gameplay.Combat.CombatAttackToggleStateMachineTest" name="test_forced_off_conditions_turn_attack_off_and_emit_hud_safe_signal(CombatExit)" />
    </UnitTest>
    <UnitTest name="test_combat_fixture_validator_rejects_missing_required_rows" storage="n:\gravenspire\tests\bin\debug\net8.0\gravenspire.combat.tests.dll" id="48510470-e43e-af14-e67a-0936ddabfdcc">
      <Execution id="a6776108-f518-457b-8d5c-ac1b4c1f8997" />
      <TestMethod codeBase="N:\GravenSpire\tests\bin\Debug\net8.0\Gravenspire.Combat.Tests.dll" adapterTypeName="executor://nunit3testexecutor/" className="Gravenspire.Tests.Unit.Gameplay.Combat.CombatFixtureValidationTest" name="test_combat_fixture_validator_rejects_missing_required_rows" />
    </UnitTest>
    <UnitTest name="test_forced_off_conditions_turn_attack_off_and_emit_hud_safe_signal(ZoneTransition)" storage="n:\gravenspire\tests\bin\debug\net8.0\gravenspire.combat.tests.dll" id="0fd97fbd-f6f7-6b36-7e79-decbebde8209">
      <Execution id="5f8adce2-f261-4e82-b096-64060971f96a" />
      <TestMethod codeBase="N:\GravenSpire\tests\bin\Debug\net8.0\Gravenspire.Combat.Tests.dll" adapterTypeName="executor://nunit3testexecutor/" className="Gravenspire.Tests.Integration.Gameplay.Combat.CombatAttackToggleStateMachineTest" name="test_forced_off_conditions_turn_attack_off_and_emit_hud_safe_signal(ZoneTransition)" />
    </UnitTest>
    <UnitTest name="test_haunt_zone_gate_enables_claim_targeting_and_pull" storage="n:\gravenspire\tests\bin\debug\net8.0\gravenspire.combat.tests.dll" id="741b39a7-a224-087a-4da7-d30dea041ad0">
      <Execution id="f44ddbd7-0382-4d9a-9039-87c6b491362f" />
      <TestMethod codeBase="N:\GravenSpire\tests\bin\Debug\net8.0\Gravenspire.Combat.Tests.dll" adapterTypeName="executor://nunit3testexecutor/" className="Gravenspire.Tests.Integration.Gameplay.Combat.CombatTargetingPullLeashTest" name="test_haunt_zone_gate_enables_claim_targeting_and_pull" />
    </UnitTest>
    <UnitTest name="test_combat_fixture_loader_resolves_spells_tactical_instants_and_encounters" storage="n:\gravenspire\tests\bin\debug\net8.0\gravenspire.combat.tests.dll" id="266bd731-d588-a80c-eacd-29ab739a2cd1">
      <Execution id="e973f733-a6c1-458a-983c-b699d4366d7a" />
      <TestMethod codeBase="N:\GravenSpire\tests\bin\Debug\net8.0\Gravenspire.Combat.Tests.dll" adapterTypeName="executor://nunit3testexecutor/" className="Gravenspire.Tests.Integration.Gameplay.Combat.CombatFixtureLoadingTest" name="test_combat_fixture_loader_resolves_spells_tactical_instants_and_encounters" />
    </UnitTest>
    <UnitTest name="test_combat_exit_uses_zero_valid_hostile_threat_entries_from_existing_threat_tables" storage="n:\gravenspire\tests\bin\debug\net8.0\gravenspire.combat.tests.dll" id="759a9fe2-e8e3-4bdb-5945-9e644c89457a">
      <Execution id="dd9f94dd-1003-441d-91eb-1763a191e80b" />
      <TestMethod codeBase="N:\GravenSpire\tests\bin\Debug\net8.0\Gravenspire.Combat.Tests.dll" adapterTypeName="executor://nunit3testexecutor/" className="Gravenspire.Tests.Integration.Gameplay.Combat.CombatMedSitRegenCombatExitTest" name="test_combat_exit_uses_zero_valid_hostile_threat_entries_from_existing_threat_tables" />
    </UnitTest>
    <UnitTest name="test_passive_combat_paths_do_not_enable_attack(TargetSelection)" storage="n:\gravenspire\tests\bin\debug\net8.0\gravenspire.combat.tests.dll" id="3db8fcda-c6b4-81b1-6f22-2b5a6cbf12d4">
      <Execution id="fa02efdc-7e9f-4c12-8cc7-ded8655872d5" />
      <TestMethod codeBase="N:\GravenSpire\tests\bin\Debug\net8.0\Gravenspire.Combat.Tests.dll" adapterTypeName="executor://nunit3testexecutor/" className="Gravenspire.Tests.Integration.Gameplay.Combat.CombatAttackToggleStateMachineTest" name="test_passive_combat_paths_do_not_enable_attack(TargetSelection)" />
    </UnitTest>
    <UnitTest name="test_combat_clock_rejects_invalid_tick_rate" storage="n:\gravenspire\tests\bin\debug\net8.0\gravenspire.combat.tests.dll" id="90583ee3-46fc-7f9b-dfe6-31a5296a3684">
      <Execution id="38c0e7b8-5233-464b-adf6-45b77dee8355" />
      <TestMethod codeBase="N:\GravenSpire\tests\bin\Debug\net8.0\Gravenspire.Combat.Tests.dll" adapterTypeName="executor://nunit3testexecutor/" className="Gravenspire.Tests.Unit.Gameplay.Combat.CombatClockTest" name="test_combat_clock_rejects_invalid_tick_rate" />
    </UnitTest>
    <UnitTest name="test_cast_completion_spends_mana_and_enters_recovery" storage="n:\gravenspire\tests\bin\debug\net8.0\gravenspire.combat.tests.dll" id="30528113-4581-3233-1730-257d26eb61e8">
      <Execution id="15dbf298-34ad-48d3-acc2-21f0abac5ec0" />
      <TestMethod codeBase="N:\GravenSpire\tests\bin\Debug\net8.0\Gravenspire.Combat.Tests.dll" adapterTypeName="executor://nunit3testexecutor/" className="Gravenspire.Tests.Integration.Gameplay.Combat.CombatSlowCastFrameworkTest" name="test_cast_completion_spends_mana_and_enters_recovery" />
    </UnitTest>
    <UnitTest name="test_sitting_in_combat_uses_combat_multiplier_without_med_boost" storage="n:\gravenspire\tests\bin\debug\net8.0\gravenspire.combat.tests.dll" id="4597b75a-91e0-94d0-a15c-cfd2a6df4f62">
      <Execution id="ebd66772-bbf9-46bc-a6d6-51cca8c1b1ea" />
      <TestMethod codeBase="N:\GravenSpire\tests\bin\Debug\net8.0\Gravenspire.Combat.Tests.dll" adapterTypeName="executor://nunit3testexecutor/" className="Gravenspire.Tests.Unit.Gameplay.Combat.CombatRegenFormulasTest" name="test_sitting_in_combat_uses_combat_multiplier_without_med_boost" />
    </UnitTest>
    <UnitTest name="test_melee_damage_design_example_returns_nine_damage" storage="n:\gravenspire\tests\bin\debug\net8.0\gravenspire.combat.tests.dll" id="806434a1-b6bb-8628-2e8e-893c6a0ead81">
      <Execution id="8b8a9635-9903-48ff-b4a3-519f1a840786" />
      <TestMethod codeBase="N:\GravenSpire\tests\bin\Debug\net8.0\Gravenspire.Combat.Tests.dll" adapterTypeName="executor://nunit3testexecutor/" className="Gravenspire.Tests.Unit.Gameplay.Combat.CombatMeleeFormulasTest" name="test_melee_damage_design_example_returns_nine_damage" />
    </UnitTest>
    <UnitTest name="test_melee_hit_chance_equal_level_equal_skills_returns_design_example" storage="n:\gravenspire\tests\bin\debug\net8.0\gravenspire.combat.tests.dll" id="4481cff0-06ae-923c-2804-497c4a1ca7a7">
      <Execution id="d67b8548-7888-4785-abb4-9fb0d88a4a64" />
      <TestMethod codeBase="N:\GravenSpire\tests\bin\Debug\net8.0\Gravenspire.Combat.Tests.dll" adapterTypeName="executor://nunit3testexecutor/" className="Gravenspire.Tests.Unit.Gameplay.Combat.CombatMeleeFormulasTest" name="test_melee_hit_chance_equal_level_equal_skills_returns_design_example" />
    </UnitTest>
    <UnitTest name="test_combat_actor_state_contains_required_runtime_and_stable_fields" storage="n:\gravenspire\tests\bin\debug\net8.0\gravenspire.combat.tests.dll" id="53728362-84cd-7548-bf24-25b503edc85b">
      <Execution id="c92527b2-8b3c-45a6-89fd-a75d1ff93deb" />
      <TestMethod codeBase="N:\GravenSpire\tests\bin\Debug\net8.0\Gravenspire.Combat.Tests.dll" adapterTypeName="executor://nunit3testexecutor/" className="Gravenspire.Tests.Unit.Gameplay.Combat.CombatActorStateTest" name="test_combat_actor_state_contains_required_runtime_and_stable_fields" />
    </UnitTest>
    <UnitTest name="test_fixed_tick_melee_resolution_at_fifty_hz_is_frame_rate_independent" storage="n:\gravenspire\tests\bin\debug\net8.0\gravenspire.combat.tests.dll" id="20b6918d-1a40-3669-7480-f4692fd34d7a">
      <Execution id="a7108b7a-faea-44cf-9d32-c5105d5bea6a" />
      <TestMethod codeBase="N:\GravenSpire\tests\bin\Debug\net8.0\Gravenspire.Combat.Tests.dll" adapterTypeName="executor://nunit3testexecutor/" className="Gravenspire.Tests.Integration.Gameplay.Combat.CombatMeleeTickResolutionTest" name="test_fixed_tick_melee_resolution_at_fifty_hz_is_frame_rate_independent" />
    </UnitTest>
    <UnitTest name="test_manual_cancel_emits_event_and_spends_no_mana" storage="n:\gravenspire\tests\bin\debug\net8.0\gravenspire.combat.tests.dll" id="3e3d4afd-172a-7d35-4ed8-600e77be4e5e">
      <Execution id="d27ee21d-2d97-4f20-9fbe-999230399573" />
      <TestMethod codeBase="N:\GravenSpire\tests\bin\Debug\net8.0\Gravenspire.Combat.Tests.dll" adapterTypeName="executor://nunit3testexecutor/" className="Gravenspire.Tests.Integration.Gameplay.Combat.CombatSlowCastFrameworkTest" name="test_manual_cancel_emits_event_and_spends_no_mana" />
    </UnitTest>
    <UnitTest name="test_successful_sit_forces_attack_off_before_regen_tick_resolves" storage="n:\gravenspire\tests\bin\debug\net8.0\gravenspire.combat.tests.dll" id="459f6dbc-95dc-52e2-690a-c27675c13490">
      <Execution id="8456673c-507f-4857-aa46-b061d3555667" />
      <TestMethod codeBase="N:\GravenSpire\tests\bin\Debug\net8.0\Gravenspire.Combat.Tests.dll" adapterTypeName="executor://nunit3testexecutor/" className="Gravenspire.Tests.Integration.Gameplay.Combat.CombatMedSitRegenCombatExitTest" name="test_successful_sit_forces_attack_off_before_regen_tick_resolves" />
    </UnitTest>
    <UnitTest name="test_city_hub_zone_disables_targeting_claim_threat_damage_and_kill_credit" storage="n:\gravenspire\tests\bin\debug\net8.0\gravenspire.combat.tests.dll" id="de8ee3a3-9174-40d5-2212-68f9a477a22a">
      <Execution id="0b665ed7-08b6-47cc-98b5-aca402fe9dd9" />
      <TestMethod codeBase="N:\GravenSpire\tests\bin\Debug\net8.0\Gravenspire.Combat.Tests.dll" adapterTypeName="executor://nunit3testexecutor/" className="Gravenspire.Tests.Integration.Gameplay.Combat.CombatTargetingPullLeashTest" name="test_city_hub_zone_disables_targeting_claim_threat_damage_and_kill_credit" />
    </UnitTest>
    <UnitTest name="test_forced_off_conditions_turn_attack_off_and_emit_hud_safe_signal(PlayerDeath)" storage="n:\gravenspire\tests\bin\debug\net8.0\gravenspire.combat.tests.dll" id="ca3de4af-a428-ab10-8245-726ed4f5d8d7">
      <Execution id="39f97846-7564-4710-a6a9-409832edcf6d" />
      <TestMethod codeBase="N:\GravenSpire\tests\bin\Debug\net8.0\Gravenspire.Combat.Tests.dll" adapterTypeName="executor://nunit3testexecutor/" className="Gravenspire.Tests.Integration.Gameplay.Combat.CombatAttackToggleStateMachineTest" name="test_forced_off_conditions_turn_attack_off_and_emit_hud_safe_signal(PlayerDeath)" />
    </UnitTest>
    <UnitTest name="test_forced_off_conditions_turn_attack_off_and_emit_hud_safe_signal(SuccessfulSitOrMed)" storage="n:\gravenspire\tests\bin\debug\net8.0\gravenspire.combat.tests.dll" id="02be22a0-308b-09b3-7484-6037402feef7">
      <Execution id="8e32be26-6fcd-4901-8f97-1d9b152bca54" />
      <TestMethod codeBase="N:\GravenSpire\tests\bin\Debug\net8.0\Gravenspire.Combat.Tests.dll" adapterTypeName="executor://nunit3testexecutor/" className="Gravenspire.Tests.Integration.Gameplay.Combat.CombatAttackToggleStateMachineTest" name="test_forced_off_conditions_turn_attack_off_and_emit_hud_safe_signal(SuccessfulSitOrMed)" />
    </UnitTest>
    <UnitTest name="test_city_zone_gate_blocks_damage_on_each_eligible_tick" storage="n:\gravenspire\tests\bin\debug\net8.0\gravenspire.combat.tests.dll" id="09b07e53-993b-b255-9c37-85cc605e7693">
      <Execution id="3370d5e5-092c-499c-919c-26d4eb18c24c" />
      <TestMethod codeBase="N:\GravenSpire\tests\bin\Debug\net8.0\Gravenspire.Combat.Tests.dll" adapterTypeName="executor://nunit3testexecutor/" className="Gravenspire.Tests.Integration.Gameplay.Combat.CombatMeleeTickResolutionTest" name="test_city_zone_gate_blocks_damage_on_each_eligible_tick" />
    </UnitTest>
    <UnitTest name="test_same_tick_death_priority_discards_scheduled_swing_before_random_roll" storage="n:\gravenspire\tests\bin\debug\net8.0\gravenspire.combat.tests.dll" id="dbb1fc28-d235-c7de-149d-f3820c8f4616">
      <Execution id="1245b3e1-d938-4d1d-af3e-a4626dcda4b1" />
      <TestMethod codeBase="N:\GravenSpire\tests\bin\Debug\net8.0\Gravenspire.Combat.Tests.dll" adapterTypeName="executor://nunit3testexecutor/" className="Gravenspire.Tests.Integration.Gameplay.Combat.CombatMeleeTickResolutionTest" name="test_same_tick_death_priority_discards_scheduled_swing_before_random_roll" />
    </UnitTest>
    <UnitTest name="test_passive_combat_paths_do_not_enable_attack(SpellPull)" storage="n:\gravenspire\tests\bin\debug\net8.0\gravenspire.combat.tests.dll" id="31dd81de-6124-96ae-941c-8106255da461">
      <Execution id="08c856d0-3ebf-4dbc-97c3-6b0e28c5e0c3" />
[...]
    </UnitTest>
    <UnitTest name="test_combat_actor_hydration_rejects_dead_current_health_without_death_handoff" storage="n:\gravenspire\tests\bin\debug\net8.0\gravenspire.combat.tests.dll" id="8f874cde-082c-7895-5ff6-5c9a8b22eaec">
      <Execution id="bdf54088-bea0-4622-9139-94dbb125db91" />
      <TestMethod codeBase="N:\GravenSpire\tests\bin\Debug\net8.0\Gravenspire.Combat.Tests.dll" adapterTypeName="executor://nunit3testexecutor/" className="Gravenspire.Tests.Integration.Gameplay.Combat.CombatActorHydrationTest" name="test_combat_actor_hydration_rejects_dead_current_health_without_death_handoff" />
    </UnitTest>
    <UnitTest name="test_successful_sit_forces_attack_off_before_later_regen_or_threat_updates" storage="n:\gravenspire\tests\bin\debug\net8.0\gravenspire.combat.tests.dll" id="200e58b1-bdbe-12db-780e-939900502b83">
      <Execution id="6598072a-3a25-4cc3-8972-d623a2486406" />
      <TestMethod codeBase="N:\GravenSpire\tests\bin\Debug\net8.0\Gravenspire.Combat.Tests.dll" adapterTypeName="executor://nunit3testexecutor/" className="Gravenspire.Tests.Integration.Gameplay.Combat.CombatAttackToggleStateMachineTest" name="test_successful_sit_forces_attack_off_before_later_regen_or_threat_updates" />
    </UnitTest>
    <UnitTest name="test_combat_fixture_package_declares_regen_and_combat_exit_tuning" storage="n:\gravenspire\tests\bin\debug\net8.0\gravenspire.combat.tests.dll" id="02388d24-0536-8eb9-5e34-f6edfd945556">
      <Execution id="bd501ab7-52ad-468f-863e-5858a2a1beea" />
      <TestMethod codeBase="N:\GravenSpire\tests\bin\Debug\net8.0\Gravenspire.Combat.Tests.dll" adapterTypeName="executor://nunit3testexecutor/" className="Gravenspire.Tests.Unit.Gameplay.Combat.CombatFixtureValidationTest" name="test_combat_fixture_package_declares_regen_and_combat_exit_tuning" />
    </UnitTest>
    <UnitTest name="test_tactical_ability_profile_preserves_declared_multi_effect_order" storage="n:\gravenspire\tests\bin\debug\net8.0\gravenspire.combat.tests.dll" id="1a847147-72ac-4337-ad80-b41b0c4cb387">
      <Execution id="7703f940-620d-425d-a7f7-5f26dadc939c" />
      <TestMethod codeBase="N:\GravenSpire\tests\bin\Debug\net8.0\Gravenspire.Combat.Tests.dll" adapterTypeName="executor://nunit3testexecutor/" className="Gravenspire.Tests.Unit.Gameplay.Combat.CombatTacticalAbilityProfileTest" name="test_tactical_ability_profile_preserves_declared_multi_effect_order" />
    </UnitTest>
    <UnitTest name="test_player_toggle_off_is_an_approved_command_path_and_emits_hud_safe_off_signal" storage="n:\gravenspire\tests\bin\debug\net8.0\gravenspire.combat.tests.dll" id="e1016321-1c99-22e2-cd49-121aeafc90a6">
      <Execution id="076ed6cf-d966-4874-a12b-46ad48b95c12" />
      <TestMethod codeBase="N:\GravenSpire\tests\bin\Debug\net8.0\Gravenspire.Combat.Tests.dll" adapterTypeName="executor://nunit3testexecutor/" className="Gravenspire.Tests.Integration.Gameplay.Combat.CombatAttackToggleStateMachineTest" name="test_player_toggle_off_is_an_approved_command_path_and_emits_hud_safe_off_signal" />
    </UnitTest>
    <UnitTest name="test_valid_six_second_cast_enters_casting_and_reports_progress" storage="n:\gravenspire\tests\bin\debug\net8.0\gravenspire.combat.tests.dll" id="08d6ac0c-0b6e-6c33-9973-634514ba5a56">
      <Execution id="c2ea14ff-d85a-4468-87ec-7a5a09567e3d" />
      <TestMethod codeBase="N:\GravenSpire\tests\bin\Debug\net8.0\Gravenspire.Combat.Tests.dll" adapterTypeName="executor://nunit3testexecutor/" className="Gravenspire.Tests.Integration.Gameplay.Combat.CombatSlowCastFrameworkTest" name="test_valid_six_second_cast_enters_casting_and_reports_progress" />
    </UnitTest>
  </TestDefinitions>
  <TestEntries>
    <TestEntry testId="4f15759e-48a7-488b-bd54-9bd99a1ede41" executionId="6f5b6b9b-c174-47c5-866b-08ad1ab76960" testListId="8c84fa94-04c1-424b-9868-57a2d4851a1d" />
    <TestEntry testId="f370e923-3d1c-0b1f-475c-90253f167f9c" executionId="cc560450-a3f6-431a-82d5-45929427775e" testListId="8c84fa94-04c1-424b-9868-57a2d4851a1d" />
    <TestEntry testId="7a68451b-e96f-6a9b-9ff3-fab2daa6a8bb" executionId="18aa973e-8ac1-49cd-a652-e52b3630a05f" testListId="8c84fa94-04c1-424b-9868-57a2d4851a1d" />
    <TestEntry testId="6b443170-429b-457b-6f92-d34edf1c5007" executionId="d0af700c-f921-4bc0-be8c-2fb0d350c0df" testListId="8c84fa94-04c1-424b-9868-57a2d4851a1d" />
    <TestEntry testId="53728362-84cd-7548-bf24-25b503edc85b" executionId="c92527b2-8b3c-45a6-89fd-a75d1ff93deb" testListId="8c84fa94-04c1-424b-9868-57a2d4851a1d" />
    <TestEntry testId="4597b75a-91e0-94d0-a15c-cfd2a6df4f62" executionId="ebd66772-bbf9-46bc-a6d6-51cca8c1b1ea" testListId="8c84fa94-04c1-424b-9868-57a2d4851a1d" />
    <TestEntry testId="02e56309-b298-a27b-2925-0cd280ef05fe" executionId="03ac1af9-df63-4d84-afa5-d0159e145660" testListId="8c84fa94-04c1-424b-9868-57a2d4851a1d" />
    <TestEntry testId="767f2bcf-ee0d-72bf-4c42-cc0585cbb4e4" executionId="7e621043-633f-49f1-ac95-3cd7b2bdb1f4" testListId="8c84fa94-04c1-424b-9868-57a2d4851a1d" />
    <TestEntry testId="3e3d4afd-172a-7d35-4ed8-600e77be4e5e" executionId="d27ee21d-2d97-4f20-9fbe-999230399573" testListId="8c84fa94-04c1-424b-9868-57a2d4851a1d" />
    <TestEntry testId="90583ee3-46fc-7f9b-dfe6-31a5296a3684" executionId="38c0e7b8-5233-464b-adf6-45b77dee8355" testListId="8c84fa94-04c1-424b-9868-57a2d4851a1d" />
    <TestEntry testId="505a48d1-2ea7-aac4-560e-84e937c343d2" executionId="75bde343-4557-459c-82c3-eefaa841b55a" testListId="8c84fa94-04c1-424b-9868-57a2d4851a1d" />
    <TestEntry testId="5cf7e60a-c291-300d-d517-0c8269bfa7e8" executionId="c345f41e-82ee-4a21-ad6c-9350274394a6" testListId="8c84fa94-04c1-424b-9868-57a2d4851a1d" />
    <TestEntry testId="06c39495-a345-6c2f-adc5-af2e65ea0594" executionId="fbca0c33-a07f-4a3b-a8b3-7e4b6dc61416" testListId="8c84fa94-04c1-424b-9868-57a2d4851a1d" />
    <TestEntry testId="08d6ac0c-0b6e-6c33-9973-634514ba5a56" executionId="c2ea14ff-d85a-4468-87ec-7a5a09567e3d" testListId="8c84fa94-04c1-424b-9868-57a2d4851a1d" />
    <TestEntry testId="0c860a0f-52ea-c4f2-d829-13733bfc3183" executionId="70e0e829-1ce0-43e9-aef8-415c3730385c" testListId="8c84fa94-04c1-424b-9868-57a2d4851a1d" />
    <TestEntry testId="38742b76-5145-41c4-946f-5a2aa209a875" executionId="6d9562e7-1ceb-4537-be59-3ff06174ede7" testListId="8c84fa94-04c1-424b-9868-57a2d4851a1d" />
    <TestEntry testId="45c0ef0e-dd19-4cff-a30b-1dbf3d5a4210" executionId="c9ac89e8-110c-4e08-9a5a-4cabb04b5f3c" testListId="8c84fa94-04c1-424b-9868-57a2d4851a1d" />
    <TestEntry testId="b64c07bb-9ea0-1dcd-fadf-25c58268b306" executionId="67b19343-c686-4df5-bcd2-1e51d9d1efd0" testListId="8c84fa94-04c1-424b-9868-57a2d4851a1d" />
    <TestEntry testId="43c755cb-28bd-db4d-1012-f36a8b40cc25" executionId="2995ad40-fd0b-4bd7-b95e-05b10ae2b377" testListId="8c84fa94-04c1-424b-9868-57a2d4851a1d" />
    <TestEntry testId="100b7ecc-5c46-9f55-8f36-eb2acb078492" executionId="62bb6b85-eb1a-4e2a-a573-7fb9d65350a2" testListId="8c84fa94-04c1-424b-9868-57a2d4851a1d" />
    <TestEntry testId="4481cff0-06ae-923c-2804-497c4a1ca7a7" executionId="d67b8548-7888-4785-abb4-9fb0d88a4a64" testListId="8c84fa94-04c1-424b-9868-57a2d4851a1d" />
    <TestEntry testId="9a93491d-56b0-146c-3bd6-95e62dc7f955" executionId="6d5d6e56-5e19-4f46-8048-097cd2eb4430" testListId="8c84fa94-04c1-424b-9868-57a2d4851a1d" />
    <TestEntry testId="4df7140e-b819-df90-eb34-1a7890860ff9" executionId="d8a35e3e-0bd7-4f09-83fd-bb9bbfaabc2b" testListId="8c84fa94-04c1-424b-9868-57a2d4851a1d" />
    <TestEntry testId="1a847147-72ac-4337-ad80-b41b0c4cb387" executionId="7703f940-620d-425d-a7f7-5f26dadc939c" testListId="8c84fa94-04c1-424b-9868-57a2d4851a1d" />
    <TestEntry testId="242af03b-bf5b-46fc-e914-db294451550d" executionId="ff84592b-31dd-45e2-8010-592f7d09098d" testListId="8c84fa94-04c1-424b-9868-57a2d4851a1d" />
    <TestEntry testId="200e58b1-bdbe-12db-780e-939900502b83" executionId="6598072a-3a25-4cc3-8972-d623a2486406" testListId="8c84fa94-04c1-424b-9868-57a2d4851a1d" />
    <TestEntry testId="07b3e8a3-fa79-9867-6c2d-09f8c62b4af9" executionId="4010bf86-e453-4989-bc86-c7f799c08b82" testListId="8c84fa94-04c1-424b-9868-57a2d4851a1d" />
    <TestEntry testId="36dbb467-76d7-f6f7-e6d2-66366935fd96" executionId="e08ba719-787f-45cf-842b-acec647373a9" testListId="8c84fa94-04c1-424b-9868-57a2d4851a1d" />
    <TestEntry testId="fd812598-b183-a49b-9046-c8aa53abc929" executionId="699576a0-d4b8-4e3c-ac8e-4ac261909236" testListId="8c84fa94-04c1-424b-9868-57a2d4851a1d" />
    <TestEntry testId="bb8dc6f4-1ae0-aced-345b-a1c6887f9fd7" executionId="9500e38e-734b-46c7-8538-445fca85c9f6" testListId="8c84fa94-04c1-424b-9868-57a2d4851a1d" />
    <TestEntry testId="1791f5b3-5e24-0819-55f9-1dbf5d2c44b5" executionId="1bab5f17-1fd0-4a2c-9374-b55fed875d46" testListId="8c84fa94-04c1-424b-9868-57a2d4851a1d" />
    <TestEntry testId="e6c9de37-3ddf-c1e1-fc3e-b5528f3990cd" executionId="3febfd79-e1ae-49a3-ac07-62b96eead7f8" testListId="8c84fa94-04c1-424b-9868-57a2d4851a1d" />
    <TestEntry testId="68fb80a4-bd55-c59b-295d-180a9a8b3f5e" executionId="6660236f-99ef-4e2b-902c-889a9c0cb34a" testListId="8c84fa94-04c1-424b-9868-57a2d4851a1d" />
    <TestEntry testId="0ade053e-d8d5-65c4-7361-eb338196a9dc" executionId="4179f77a-384d-4131-aa6c-962b3680e09c" testListId="8c84fa94-04c1-424b-9868-57a2d4851a1d" />
    <TestEntry testId="30528113-4581-3233-1730-257d26eb61e8" executionId="15dbf298-34ad-48d3-acc2-21f0abac5ec0" testListId="8c84fa94-04c1-424b-9868-57a2d4851a1d" />
    <TestEntry testId="112ef26b-b581-da16-e2aa-fbf030745102" executionId="c3b521df-7b6a-4fe4-9d06-fa48b45812f8" testListId="8c84fa94-04c1-424b-9868-57a2d4851a1d" />
    <TestEntry testId="b41a1ac5-a9b0-0f1c-ceb9-29a7783030c4" executionId="90b65292-81c1-4ab6-8323-6dab03b7f791" testListId="8c84fa94-04c1-424b-9868-57a2d4851a1d" />
    <TestEntry testId="0ec27a4d-7366-16e3-5f56-78d5b8174932" executionId="c9a097bc-f507-48a4-92fc-b2fb433c5bb9" testListId="8c84fa94-04c1-424b-9868-57a2d4851a1d" />
    <TestEntry testId="2110dbca-f3ef-dc2c-8c82-2d0dd5997da9" executionId="fb54111d-be64-4c37-904b-9d4553ad6219" testListId="8c84fa94-04c1-424b-9868-57a2d4851a1d" />
    <TestEntry testId="154d7153-cb1b-f71d-e606-63633464063a" executionId="9b395096-6e34-4403-864c-84909284c59f" testListId="8c84fa94-04c1-424b-9868-57a2d4851a1d" />
    <TestEntry testId="ea5b3a0a-b5a5-7379-64fa-6706fbddd192" executionId="aa29cfec-1be8-4846-ae2f-0be18d5a5c19" testListId="8c84fa94-04c1-424b-9868-57a2d4851a1d" />
    <TestEntry testId="8cb1d39d-b99a-87af-34ee-20bd0cf34e93" executionId="6d4d4157-d81d-460d-b17b-ac41a82df050" testListId="8c84fa94-04c1-424b-9868-57a2d4851a1d" />
    <TestEntry testId="2f23a5a2-5506-12da-46f3-d78e76fe496a" executionId="ef1f0ed3-d204-47d2-91a4-0c01285d9a23" testListId="8c84fa94-04c1-424b-9868-57a2d4851a1d" />
    <TestEntry testId="266bd731-d588-a80c-eacd-29ab739a2cd1" executionId="e973f733-a6c1-458a-983c-b699d4366d7a" testListId="8c84fa94-04c1-424b-9868-57a2d4851a1d" />
    <TestEntry testId="bd7e0408-3a77-bf6f-de7e-e05f6c4b76a7" executionId="8ca93279-8cc7-44cc-9284-a5ecd648ca93" testListId="8c84fa94-04c1-424b-9868-57a2d4851a1d" />
    <TestEntry testId="dbb1fc28-d235-c7de-149d-f3820c8f4616" executionId="1245b3e1-d938-4d1d-af3e-a4626dcda4b1" testListId="8c84fa94-04c1-424b-9868-57a2d4851a1d" />
    <TestEntry testId="cf622bc6-ba9f-8306-05b4-a05cbcfe5e6f" executionId="09f12646-81d4-430d-95fe-fadc8416d856" testListId="8c84fa94-04c1-424b-9868-57a2d4851a1d" />
    <TestEntry testId="654cd8b7-1699-dc3f-0011-40dd09624b1b" executionId="00c075f2-3ebf-4320-8a3d-dc3d23c5e427" testListId="8c84fa94-04c1-424b-9868-57a2d4851a1d" />
    <TestEntry testId="caad7f8e-cd4a-fc04-d248-6b0046b1b5bd" executionId="076910bb-8c8a-455e-bda9-9e19d6b4a196" testListId="8c84fa94-04c1-424b-9868-57a2d4851a1d" />
    <TestEntry testId="a3feacce-9d27-6f92-1f81-e196edaf7e5f" executionId="bf72d800-6632-4daf-8df8-b72fed987ac3" testListId="8c84fa94-04c1-424b-9868-57a2d4851a1d" />
    <TestEntry testId="35d06612-3af7-a0e3-2da0-c97138a9413e" executionId="91fd429d-25ff-4fe9-b347-6220bf4f73b1" testListId="8c84fa94-04c1-424b-9868-57a2d4851a1d" />
    <TestEntry testId="02388d24-0536-8eb9-5e34-f6edfd945556" executionId="bd501ab7-52ad-468f-863e-5858a2a1beea" testListId="8c84fa94-04c1-424b-9868-57a2d4851a1d" />
    <TestEntry testId="e1016321-1c99-22e2-cd49-121aeafc90a6" executionId="076ed6cf-d966-4874-a12b-46ad48b95c12" testListId="8c84fa94-04c1-424b-9868-57a2d4851a1d" />
    <TestEntry testId="a4864b1c-7b9b-d74d-db76-5dc6cabb4195" executionId="c3cf24f1-b224-4360-8cb6-2f454ab9128c" testListId="8c84fa94-04c1-424b-9868-57a2d4851a1d" />
    <TestEntry testId="e4d26672-bbc8-fbed-42f5-2935da89aaad" executionId="59e1c462-ccb9-40ca-ba3e-b4454baef0f5" testListId="8c84fa94-04c1-424b-9868-57a2d4851a1d" />
    <TestEntry testId="806434a1-b6bb-8628-2e8e-893c6a0ead81" executionId="8b8a9635-9903-48ff-b4a3-519f1a840786" testListId="8c84fa94-04c1-424b-9868-57a2d4851a1d" />
    <TestEntry testId="0fd97fbd-f6f7-6b36-7e79-decbebde8209" executionId="5f8adce2-f261-4e82-b096-64060971f96a" testListId="8c84fa94-04c1-424b-9868-57a2d4851a1d" />
    <TestEntry testId="31dd81de-6124-96ae-941c-8106255da461" executionId="08c856d0-3ebf-4dbc-97c3-6b0e28c5e0c3" testListId="8c84fa94-04c1-424b-9868-57a2d4851a1d" />
    <TestEntry testId="082fc771-2a89-ef50-1099-951b6be4dfd9" executionId="da1fc129-36a4-42db-8548-50a0f4994672" testListId="8c84fa94-04c1-424b-9868-57a2d4851a1d" />
    <TestEntry testId="6b7c1f71-5e0b-e619-c3a2-80a9a674d6f5" executionId="9ad82333-c149-4240-8f62-d7308e020939" testListId="8c84fa94-04c1-424b-9868-57a2d4851a1d" />
    <TestEntry testId="9be322f5-38a0-317f-7771-9630c616ac33" executionId="d64a07f7-22ea-4aee-9d69-b0e28b8e53b8" testListId="8c84fa94-04c1-424b-9868-57a2d4851a1d" />
    <TestEntry testId="02be22a0-308b-09b3-7484-6037402feef7" executionId="8e32be26-6fcd-4901-8f97-1d9b152bca54" testListId="8c84fa94-04c1-424b-9868-57a2d4851a1d" />
    <TestEntry testId="f49cc549-0bac-129f-417a-aec8c8013619" executionId="591de31e-f590-4c6f-a2dd-d354a1ef5732" testListId="8c84fa94-04c1-424b-9868-57a2d4851a1d" />
    <TestEntry testId="b08ac564-917e-187f-0662-a76b0931844a" executionId="ad17add0-79ac-4510-8d61-9da1007e693b" testListId="8c84fa94-04c1-424b-9868-57a2d4851a1d" />
    <TestEntry testId="987ab916-60fd-22f3-5057-0ccd73c9d3b6" executionId="455a1cba-8238-4bed-a77e-7485d500c8b6" testListId="8c84fa94-04c1-424b-9868-57a2d4851a1d" />
    <TestEntry testId="aaa2f95e-c9c2-de15-c24c-cee51fd7d071" executionId="3a154357-6f86-484d-a9d9-0081b1025013" testListId="8c84fa94-04c1-424b-9868-57a2d4851a1d" />
    <TestEntry testId="ab5e6356-27f3-34a9-d4e4-4b49b465f48c" executionId="1f5b4bff-b7bd-4564-aeba-2274feb82e26" testListId="8c84fa94-04c1-424b-9868-57a2d4851a1d" />
    <TestEntry testId="48510470-e43e-af14-e67a-0936ddabfdcc" executionId="a6776108-f518-457b-8d5c-ac1b4c1f8997" testListId="8c84fa94-04c1-424b-9868-57a2d4851a1d" />
    <TestEntry testId="09b07e53-993b-b255-9c37-85cc605e7693" executionId="3370d5e5-092c-499c-919c-26d4eb18c24c" testListId="8c84fa94-04c1-424b-9868-57a2d4851a1d" />
    <TestEntry testId="f0d5177a-e97c-d50d-f458-8f7bac4f52bc" executionId="41210e32-3c99-4a4f-9e82-109102b1a82b" testListId="8c84fa94-04c1-424b-9868-57a2d4851a1d" />
    <TestEntry testId="2238a2b9-f43e-5a9e-eaa2-2ae1b817016c" executionId="f1f53186-d258-4f6a-afcc-a43fbfeba2fe" testListId="8c84fa94-04c1-424b-9868-57a2d4851a1d" />
    <TestEntry testId="0609f7c7-6951-db49-ce69-ea2ba5bad7c0" executionId="0e3eb1cc-14df-433e-acbc-33b0220d4474" testListId="8c84fa94-04c1-424b-9868-57a2d4851a1d" />
    <TestEntry testId="acdb4327-5add-cc61-caaf-af6538389cc1" executionId="5c910d0c-55d2-4fb0-b028-efe897ac22a3" testListId="8c84fa94-04c1-424b-9868-57a2d4851a1d" />
    <TestEntry testId="e192364c-7ec3-9812-f1bc-2c7a33a956d6" executionId="6e7b9f5f-2dcf-4ce8-a3a1-c45f371093a1" testListId="8c84fa94-04c1-424b-9868-57a2d4851a1d" />
    <TestEntry testId="20b6918d-1a40-3669-7480-f4692fd34d7a" executionId="a7108b7a-faea-44cf-9d32-c5105d5bea6a" testListId="8c84fa94-04c1-424b-9868-57a2d4851a1d" />
    <TestEntry testId="7e83c692-4866-4e8e-1f06-6afdc03fe9f9" executionId="1d3aabd8-092c-4c65-9913-6270a8e5a809" testListId="8c84fa94-04c1-424b-9868-57a2d4851a1d" />
    <TestEntry testId="10713985-d7d6-30bf-3ee2-5dfc0ecc66c3" executionId="8ec3d504-7d8d-4aa9-80d2-9e70535b240e" testListId="8c84fa94-04c1-424b-9868-57a2d4851a1d" />
    <TestEntry testId="741b39a7-a224-087a-4da7-d30dea041ad0" executionId="f44ddbd7-0382-4d9a-9039-87c6b491362f" testListId="8c84fa94-04c1-424b-9868-57a2d4851a1d" />
    <TestEntry testId="759a9fe2-e8e3-4bdb-5945-9e644c89457a" executionId="dd9f94dd-1003-441d-91eb-1763a191e80b" testListId="8c84fa94-04c1-424b-9868-57a2d4851a1d" />
    <TestEntry testId="8f874cde-082c-7895-5ff6-5c9a8b22eaec" executionId="bdf54088-bea0-4622-9139-94dbb125db91" testListId="8c84fa94-04c1-424b-9868-57a2d4851a1d" />
    <TestEntry testId="0aaeafb3-de1a-f812-f2ac-45c18e263dad" executionId="804a10e5-1621-4cef-9281-44fbd070d2c0" testListId="8c84fa94-04c1-424b-9868-57a2d4851a1d" />
    <TestEntry testId="3db8fcda-c6b4-81b1-6f22-2b5a6cbf12d4" executionId="fa02efdc-7e9f-4c12-8cc7-ded8655872d5" testListId="8c84fa94-04c1-424b-9868-57a2d4851a1d" />
    <TestEntry testId="2b048ff7-b91b-9cc4-1df8-e1250284fefb" executionId="aaa3c83a-e8da-4845-9850-111c31edea87" testListId="8c84fa94-04c1-424b-9868-57a2d4851a1d" />
    <TestEntry testId="54d9dade-9b13-711d-a3b3-299698e015fb" executionId="730b3180-11f5-4679-a88d-bf7c77a3493c" testListId="8c84fa94-04c1-424b-9868-57a2d4851a1d" />
    <TestEntry testId="3047f30d-2248-6654-3e64-02b635dc3ac6" executionId="ddf63be8-77c7-45ba-bb3f-1364e221cd60" testListId="8c84fa94-04c1-424b-9868-57a2d4851a1d" />
    <TestEntry testId="f3cfd34e-353d-9f00-7248-ef29535bab5b" executionId="d07225bf-8d48-4e15-9b1f-9a5b9d032e72" testListId="8c84fa94-04c1-424b-9868-57a2d4851a1d" />
    <TestEntry testId="2ecd3eba-6723-1021-f114-0e0dd818e4a3" executionId="cb67007d-e3ff-4ada-94ff-66e07406b6d4" testListId="8c84fa94-04c1-424b-9868-57a2d4851a1d" />
    <TestEntry testId="459f6dbc-95dc-52e2-690a-c27675c13490" executionId="8456673c-507f-4857-aa46-b061d3555667" testListId="8c84fa94-04c1-424b-9868-57a2d4851a1d" />
    <TestEntry testId="ca3de4af-a428-ab10-8245-726ed4f5d8d7" executionId="39f97846-7564-4710-a6a9-409832edcf6d" testListId="8c84fa94-04c1-424b-9868-57a2d4851a1d" />
    <TestEntry testId="de8ee3a3-9174-40d5-2212-68f9a477a22a" executionId="0b665ed7-08b6-47cc-98b5-aca402fe9dd9" testListId="8c84fa94-04c1-424b-9868-57a2d4851a1d" />
    <TestEntry testId="a98270b6-3be0-ac77-57fe-95b162720f3c" executionId="02a1ba26-3194-4365-8555-47e90afc980d" testListId="8c84fa94-04c1-424b-9868-57a2d4851a1d" />
    <TestEntry testId="5bd22301-7b0d-ecad-8ea1-05a08f0c361a" executionId="ede131b8-2465-417b-a913-86b6ed641ff6" testListId="8c84fa94-04c1-424b-9868-57a2d4851a1d" />
  </TestEntries>
  <TestLists>
    <TestList name="Results Not in a List" id="8c84fa94-04c1-424b-9868-57a2d4851a1d" />
    <TestList name="All Loaded Results" id="19431567-8539-422a-85d7-44ee4e166bda" />
  </TestLists>
  <ResultSummary outcome="Completed">
    <Counters total="92" executed="92" passed="92" failed="0" error="0" timeout="0" aborted="0" inconclusive="0" passedButRunAborted="0" notRunnable="0" notExecuted="0" disconnected="0" warning="0" completed="0" inProgress="0" pending="0" />
    <Output>
      <StdOut>NUnit Adapter 4.6.0.0: Test execution started&#xD;
Running all tests in N:\GravenSpire\tests\bin\Debug\net8.0\Gravenspire.Combat.Tests.dll&#xD;
   NUnit3TestExecutor discovered 92 of 92 NUnit test cases using Current Discovery mode, Non-Explicit run&#xD;
NUnit Adapter 4.6.0.0: Test execution complete&#xD;
</StdOut>
    </Output>
  </ResultSummary>
</TestRun>