<?xml version="1.0" encoding="utf-8"?>
<TestRun id="82ac634c-b52f-469e-a491-c1d8fccd5077" name="brian@BRIAN 2026-05-05 14:56:42" runUser="BRIAN\brian" xmlns="http://microsoft.com/schemas/VisualStudio/TeamTest/2010">
  <Times creation="2026-05-05T14:56:42.7906234-04:00" queuing="2026-05-05T14:56:42.7906235-04:00" start="2026-05-05T14:56:42.1769067-04:00" finish="2026-05-05T14:56:42.9446116-04:00" />
  <TestSettings name="default" id="0a1eef7f-eff7-4792-8c2a-0c83fa22bdc9">
    <Deployment runDeploymentRoot="brian_BRIAN_2026-05-05_14_56_42" />
  </TestSettings>
  <Results>
    <UnitTestResult executionId="d674f053-6b93-400b-9be9-2ddd65718328" testId="54d9dade-9b13-711d-a3b3-299698e015fb" testName="test_sitting_in_combat_applies_threat_bonus_and_no_mana_med_boost" computerName="BRIAN" duration="00:00:00.0011140" startTime="2026-05-05T14:56:42.7818878-04:00" endTime="2026-05-05T14:56:42.7830016-04:00" testType="13cdc9d9-ddb5-4fa4-a97d-d965ccfc6d4b" outcome="Passed" testListId="8c84fa94-04c1-424b-9868-57a2d4851a1d" relativeResultsDirectory="d674f053-6b93-400b-9be9-2ddd65718328" />
    <UnitTestResult executionId="9eb3bf0b-7204-495f-be63-111a038cf8c9" testId="3fa061e2-0fec-0178-8e22-c22b4af65205" testName="test_duplicate_kill_credit_dedupes_by_stable_source_lifecycle_key" computerName="BRIAN" duration="00:00:00.0009110" startTime="2026-05-05T14:56:42.8666635-04:00" endTime="2026-05-05T14:56:42.8675746-04:00" testType="13cdc9d9-ddb5-4fa4-a97d-d965ccfc6d4b" outcome="Passed" testListId="8c84fa94-04c1-424b-9868-57a2d4851a1d" relativeResultsDirectory="9eb3bf0b-7204-495f-be63-111a038cf8c9" />
    <UnitTestResult executionId="6646b625-9a32-4909-952b-78f90715ccdc" testId="3e3d4afd-172a-7d35-4ed8-600e77be4e5e" testName="test_manual_cancel_emits_event_and_spends_no_mana" computerName="BRIAN" duration="00:00:00.0003540" startTime="2026-05-05T14:56:42.8099309-04:00" endTime="2026-05-05T14:56:42.8102848-04:00" testType="13cdc9d9-ddb5-4fa4-a97d-d965ccfc6d4b" outcome="Passed" testListId="8c84fa94-04c1-424b-9868-57a2d4851a1d" relativeResultsDirectory="6646b625-9a32-4909-952b-78f90715ccdc" />
    <UnitTestResult executionId="71011828-8538-4969-8bc3-12079d4f49cd" testId="09b07e53-993b-b255-9c37-85cc605e7693" testName="test_city_zone_gate_blocks_damage_on_each_eligible_tick" computerName="BRIAN" duration="00:00:00.0020520" startTime="2026-05-05T14:56:42.7839349-04:00" endTime="2026-05-05T14:56:42.7859862-04:00" testType="13cdc9d9-ddb5-4fa4-a97d-d965ccfc6d4b" outcome="Passed" testListId="8c84fa94-04c1-424b-9868-57a2d4851a1d" relativeResultsDirectory="71011828-8538-4969-8bc3-12079d4f49cd" />
    <UnitTestResult executionId="de8a273f-8b3f-4204-baa8-313af14e9890" testId="90583ee3-46fc-7f9b-dfe6-31a5296a3684" testName="test_combat_clock_rejects_invalid_tick_rate" computerName="BRIAN" duration="00:00:00.0001430" startTime="2026-05-05T14:56:42.8405896-04:00" endTime="2026-05-05T14:56:42.8407329-04:00" testType="13cdc9d9-ddb5-4fa4-a97d-d965ccfc6d4b" outcome="Passed" testListId="8c84fa94-04c1-424b-9868-57a2d4851a1d" relativeResultsDirectory="de8a273f-8b3f-4204-baa8-313af14e9890" />
    <UnitTestResult executionId="9ee56442-fdb7-4bb5-9fb0-fdc47862c306" testId="5cf7e60a-c291-300d-d517-0c8269bfa7e8" testName="test_combat_fixture_validator_rejects_missing_tactical_instant_ability_profile_fields" computerName="BRIAN" duration="00:00:00.0004610" startTime="2026-05-05T14:56:42.8538785-04:00" endTime="2026-05-05T14:56:42.8543388-04:00" testType="13cdc9d9-ddb5-4fa4-a97d-d965ccfc6d4b" outcome="Passed" testListId="8c84fa94-04c1-424b-9868-57a2d4851a1d" relativeResultsDirectory="9ee56442-fdb7-4bb5-9fb0-fdc47862c306" />
    <UnitTestResult executionId="2538d7c5-485e-4206-83b8-7de383529dc9" testId="80771cd0-3aa2-5453-b7c4-e87a9f433763" testName="test_lethal_player_damage_clamps_health_to_zero_and_emits_one_death_event" computerName="BRIAN" duration="00:00:00.0023500" startTime="2026-05-05T14:56:42.8026377-04:00" endTime="2026-05-05T14:56:42.8049873-04:00" testType="13cdc9d9-ddb5-4fa4-a97d-d965ccfc6d4b" outcome="Passed" testListId="8c84fa94-04c1-424b-9868-57a2d4851a1d" relativeResultsDirectory="2538d7c5-485e-4206-83b8-7de383529dc9" />
    <UnitTestResult executionId="75a6249b-853c-4205-8b60-6746eae3f726" testId="38722f72-c5ef-0d51-ea1b-2511a47f2106" testName="test_combat_persistence_projection_exposes_exactly_whitelisted_four_properties" computerName="BRIAN" duration="00:00:00.0010880" startTime="2026-05-05T14:56:42.8590383-04:00" endTime="2026-05-05T14:56:42.8601257-04:00" testType="13cdc9d9-ddb5-4fa4-a97d-d965ccfc6d4b" outcome="Passed" testListId="8c84fa94-04c1-424b-9868-57a2d4851a1d" relativeResultsDirectory="75a6249b-853c-4205-8b60-6746eae3f726" />
    <UnitTestResult executionId="736ad3c4-2bce-444c-bff3-5ec5e277f718" testId="7e83c692-4866-4e8e-1f06-6afdc03fe9f9" testName="test_combat_actor_state_rejects_transient_threat_table_negative_values" computerName="BRIAN" duration="00:00:00.0001370" startTime="2026-05-05T14:56:42.8392496-04:00" endTime="2026-05-05T14:56:42.8393868-04:00" testType="13cdc9d9-ddb5-4fa4-a97d-d965ccfc6d4b" outcome="Passed" testListId="8c84fa94-04c1-424b-9868-57a2d4851a1d" relativeResultsDirectory="736ad3c4-2bce-444c-bff3-5ec5e277f718" />
    <UnitTestResult executionId="c2be9d85-eb0c-469d-b056-8314f5e906a9" testId="29684851-0307-e9bd-5359-2261a228bf93" testName="test_processor_reads_only_approved_player_kill_credit_fields" computerName="BRIAN" duration="00:00:00.0052990" startTime="2026-05-05T14:56:42.8678766-04:00" endTime="2026-05-05T14:56:42.8731744-04:00" testType="13cdc9d9-ddb5-4fa4-a97d-d965ccfc6d4b" outcome="Passed" testListId="8c84fa94-04c1-424b-9868-57a2d4851a1d" relativeResultsDirectory="c2be9d85-eb0c-469d-b056-8314f5e906a9" />
    <UnitTestResult executionId="9561652e-f118-4dd8-8026-c5341acdd6e7" testId="0c860a0f-52ea-c4f2-d829-13733bfc3183" testName="test_zone_transition_clears_transient_combat_state_and_blocks_incoming_zone_results" computerName="BRIAN" duration="00:00:00.0005330" startTime="2026-05-05T14:56:42.8333781-04:00" endTime="2026-05-05T14:56:42.8339107-04:00" testType="13cdc9d9-ddb5-4fa4-a97d-d965ccfc6d4b" outcome="Passed" testListId="8c84fa94-04c1-424b-9868-57a2d4851a1d" relativeResultsDirectory="9561652e-f118-4dd8-8026-c5341acdd6e7" />
    <UnitTestResult executionId="85e8c37b-1dfe-467c-a8ed-340b2cb7dbdd" testId="bf5cc10a-aaf4-a71a-2ba9-0ac75221c06e" testName="test_unresolved_progression_barrier_rejects_same_frame_save_without_bytes" computerName="BRIAN" duration="00:00:00.0003300" startTime="2026-05-05T14:56:42.8378616-04:00" endTime="2026-05-05T14:56:42.8381909-04:00" testType="13cdc9d9-ddb5-4fa4-a97d-d965ccfc6d4b" outcome="Passed" testListId="8c84fa94-04c1-424b-9868-57a2d4851a1d" relativeResultsDirectory="85e8c37b-1dfe-467c-a8ed-340b2cb7dbdd" />
    <UnitTestResult executionId="3e3d6cae-fdc6-47ea-b62f-a123a2b430da" testId="806434a1-b6bb-8628-2e8e-893c6a0ead81" testName="test_melee_damage_design_example_returns_nine_damage" computerName="BRIAN" duration="00:00:00.0001290" startTime="2026-05-05T14:56:42.8565202-04:00" endTime="2026-05-05T14:56:42.8566490-04:00" testType="13cdc9d9-ddb5-4fa4-a97d-d965ccfc6d4b" outcome="Passed" testListId="8c84fa94-04c1-424b-9868-57a2d4851a1d" relativeResultsDirectory="3e3d6cae-fdc6-47ea-b62f-a123a2b430da" />
    <UnitTestResult executionId="ac8248eb-a268-4541-a112-27140b0cfc5c" testId="02e56309-b298-a27b-2925-0cd280ef05fe" testName="test_interrupt_formula_rejects_invalid_ratio_bounds" computerName="BRIAN" duration="00:00:00.0002870" startTime="2026-05-05T14:56:42.8400690-04:00" endTime="2026-05-05T14:56:42.8403555-04:00" testType="13cdc9d9-ddb5-4fa4-a97d-d965ccfc6d4b" outcome="Passed" testListId="8c84fa94-04c1-424b-9868-57a2d4851a1d" relativeResultsDirectory="ac8248eb-a268-4541-a112-27140b0cfc5c" />
    <UnitTestResult executionId="0da1eafa-7c8a-4b9b-a10b-09e25710dfe9" testId="9be322f5-38a0-317f-7771-9630c616ac33" testName="test_lifecycle_payloads_include_ids_targets_and_combat_ticks" computerName="BRIAN" duration="00:00:00.0015460" startTime="2026-05-05T14:56:42.8083696-04:00" endTime="2026-05-05T14:56:42.8099153-04:00" testType="13cdc9d9-ddb5-4fa4-a97d-d965ccfc6d4b" outcome="Passed" testListId="8c84fa94-04c1-424b-9868-57a2d4851a1d" relativeResultsDirectory="0da1eafa-7c8a-4b9b-a10b-09e25710dfe9" />
    <UnitTestResult executionId="e156405e-441d-4bd6-80eb-7b8922752d7e" testId="b64c07bb-9ea0-1dcd-fadf-25c58268b306" testName="test_melee_hit_chance_clamps_and_honors_boundary_inputs(1,60,0,300,0.1d)" computerName="BRIAN" duration="00:00:00.0000920" startTime="2026-05-05T14:56:42.8567202-04:00" endTime="2026-05-05T14:56:42.8568118-04:00" testType="13cdc9d9-ddb5-4fa4-a97d-d965ccfc6d4b" outcome="Passed" testListId="8c84fa94-04c1-424b-9868-57a2d4851a1d" relativeResultsDirectory="e156405e-441d-4bd6-80eb-7b8922752d7e" />
    <UnitTestResult executionId="5748ab14-15e5-4866-af0b-2d4c0b05e6f0" testId="9a93491d-56b0-146c-3bd6-95e62dc7f955" testName="test_same_tick_completion_resolves_before_new_interrupt_check" computerName="BRIAN" duration="00:00:00.0002450" startTime="2026-05-05T14:56:42.8102908-04:00" endTime="2026-05-05T14:56:42.8105353-04:00" testType="13cdc9d9-ddb5-4fa4-a97d-d965ccfc6d4b" outcome="Passed" testListId="8c84fa94-04c1-424b-9868-57a2d4851a1d" relativeResultsDirectory="5748ab14-15e5-4866-af0b-2d4c0b05e6f0" />
    <UnitTestResult executionId="80a906fb-30b8-4c20-bd23-23e881cd7492" testId="2110dbca-f3ef-dc2c-8c82-2d0dd5997da9" testName="test_combat_clock_reset_returns_known_tick" computerName="BRIAN" duration="00:00:00.0001180" startTime="2026-05-05T14:56:42.8407373-04:00" endTime="2026-05-05T14:56:42.8408548-04:00" testType="13cdc9d9-ddb5-4fa4-a97d-d965ccfc6d4b" outcome="Passed" testListId="8c84fa94-04c1-424b-9868-57a2d4851a1d" relativeResultsDirectory="80a906fb-30b8-4c20-bd23-23e881cd7492" />
    <UnitTestResult executionId="64582524-a996-46ba-a249-266a6bb75665" testId="dbb1fc28-d235-c7de-149d-f3820c8f4616" testName="test_same_tick_death_priority_discards_scheduled_swing_before_random_roll" computerName="BRIAN" duration="00:00:00.0001960" startTime="2026-05-05T14:56:42.7926478-04:00" endTime="2026-05-05T14:56:42.7928438-04:00" testType="13cdc9d9-ddb5-4fa4-a97d-d965ccfc6d4b" outcome="Passed" testListId="8c84fa94-04c1-424b-9868-57a2d4851a1d" relativeResultsDirectory="64582524-a996-46ba-a249-266a6bb75665" />
    <UnitTestResult executionId="2cd1085d-f32f-4016-9ee6-2823cfde18ef" testId="7a68451b-e96f-6a9b-9ff3-fab2daa6a8bb" testName="test_interrupt_formula_matches_combat_core_worked_example" computerName="BRIAN" duration="00:00:00.0000810" startTime="2026-05-05T14:56:42.8399852-04:00" endTime="2026-05-05T14:56:42.8400656-04:00" testType="13cdc9d9-ddb5-4fa4-a97d-d965ccfc6d4b" outcome="Passed" testListId="8c84fa94-04c1-424b-9868-57a2d4851a1d" relativeResultsDirectory="2cd1085d-f32f-4016-9ee6-2823cfde18ef" />
    <UnitTestResult executionId="f2a6aaa8-b93e-4c9c-a97f-e47dd7ba8501" testId="4481cff0-06ae-923c-2804-497c4a1ca7a7" testName="test_melee_hit_chance_equal_level_equal_skills_returns_design_example" computerName="BRIAN" duration="00:00:00.0000749" startTime="2026-05-05T14:56:42.8572111-04:00" endTime="2026-05-05T14:56:42.8572852-04:00" testType="13cdc9d9-ddb5-4fa4-a97d-d965ccfc6d4b" outcome="Passed" testListId="8c84fa94-04c1-424b-9868-57a2d4851a1d" relativeResultsDirectory="f2a6aaa8-b93e-4c9c-a97f-e47dd7ba8501" />
    <UnitTestResult executionId="31f7d4b1-f3c4-469e-84c3-ebc252e15627" testId="30528113-4581-3233-1730-257d26eb61e8" testName="test_cast_completion_spends_mana_and_enters_recovery" computerName="BRIAN" duration="00:00:00.0015940" startTime="2026-05-05T14:56:42.8053015-04:00" endTime="2026-05-05T14:56:42.8068953-04:00" testType="13cdc9d9-ddb5-4fa4-a97d-d965ccfc6d4b" outcome="Passed" testListId="8c84fa94-04c1-424b-9868-57a2d4851a1d" relativeResultsDirectory="31f7d4b1-f3c4-469e-84c3-ebc252e15627" />
    <UnitTestResult executionId="0d5d9a01-372d-496f-9185-a19f22ccea24" testId="e0d639e2-97af-1693-3e98-90f39d98954a" testName="test_current_state_accessor_matches_latest_projected_attack_event" computerName="BRIAN" duration="00:00:00.0004830" startTime="2026-05-05T14:56:42.7662686-04:00" endTime="2026-05-05T14:56:42.7667516-04:00" testType="13cdc9d9-ddb5-4fa4-a97d-d965ccfc6d4b" outcome="Passed" testListId="8c84fa94-04c1-424b-9868-57a2d4851a1d" relativeResultsDirectory="0d5d9a01-372d-496f-9185-a19f22ccea24" />
    <UnitTestResult executionId="20e36720-7cd0-4e4a-be6b-d663f3968b74" testId="31dd81de-6124-96ae-941c-8106255da461" testName="test_passive_combat_paths_do_not_enable_attack(SpellPull)" computerName="BRIAN" duration="00:00:00.0000020" startTime="2026-05-05T14:56:42.7285136-04:00" endTime="2026-05-05T14:56:42.7285154-04:00" testType="13cdc9d9-ddb5-4fa4-a97d-d965ccfc6d4b" outcome="Passed" testListId="8c84fa94-04c1-424b-9868-57a2d4851a1d" relativeResultsDirectory="20e36720-7cd0-4e4a-be6b-d663f3968b74" />
    <UnitTestResult executionId="72d656ec-32fd-4333-8ad4-62d454bf632d" testId="f22fd075-6b8b-34a6-b628-dcb8104915f7" testName="test_absent_and_zero_threat_project_to_no_threat" computerName="BRIAN" duration="00:00:00.0004800" startTime="2026-05-05T14:56:42.8550657-04:00" endTime="2026-05-05T14:56:42.8555451-04:00" testType="13cdc9d9-ddb5-4fa4-a97d-d965ccfc6d4b" outcome="Passed" testListId="8c84fa94-04c1-424b-9868-57a2d4851a1d" relativeResultsDirectory="72d656ec-32fd-4333-8ad4-62d454bf632d" />
    <UnitTestResult executionId="4dfc0245-ba91-4364-abc0-6e2b15dd55ea" testId="bb6fbc0f-e24a-731a-0083-6399a23ca81a" testName="test_player_death_event_payload_schema_contains_exactly_approved_six_fields" computerName="BRIAN" duration="00:00:00.0004180" startTime="2026-05-05T14:56:42.8609639-04:00" endTime="2026-05-05T14:56:42.8613813-04:00" testType="13cdc9d9-ddb5-4fa4-a97d-d965ccfc6d4b" outcome="Passed" testListId="8c84fa94-04c1-424b-9868-57a2d4851a1d" relativeResultsDirectory="4dfc0245-ba91-4364-abc0-6e2b15dd55ea" />
    <UnitTestResult executionId="1dc72fe7-6a48-4fa3-8e0a-2edb737e0b59" testId="0fe49ec9-49f8-0b1a-77b5-3a813109060e" testName="test_attack_on_and_off_signals_project_to_hud_event_stream" computerName="BRIAN" duration="00:00:00.0013610" startTime="2026-05-05T14:56:42.7648780-04:00" endTime="2026-05-05T14:56:42.7662386-04:00" testType="13cdc9d9-ddb5-4fa4-a97d-d965ccfc6d4b" outcome="Passed" testListId="8c84fa94-04c1-424b-9868-57a2d4851a1d" relativeResultsDirectory="1dc72fe7-6a48-4fa3-8e0a-2edb737e0b59" />
    <UnitTestResult executionId="9c789104-cefe-4d43-a7fe-321101de1c9d" testId="f3ec78a0-acc5-947d-89fa-4651496700f2" testName="test_player_kill_credit_event_payload_schema_contains_exactly_approved_four_fields" computerName="BRIAN" duration="00:00:00.0009200" startTime="2026-05-05T14:56:42.7977647-04:00" endTime="2026-05-05T14:56:42.7986841-04:00" testType="13cdc9d9-ddb5-4fa4-a97d-d965ccfc6d4b" outcome="Passed" testListId="8c84fa94-04c1-424b-9868-57a2d4851a1d" relativeResultsDirectory="9c789104-cefe-4d43-a7fe-321101de1c9d" />
    <UnitTestResult executionId="f9e376bc-8293-4c20-ac57-d895bd9c5d1f" testId="8b2fadda-8019-9961-3c11-fc5efc417d3f" testName="test_valid_kill_credit_snapshot_awards_xp_once_from_registry_snapshot" computerName="BRIAN" duration="00:00:00.0006170" startTime="2026-05-05T14:56:42.8738433-04:00" endTime="2026-05-05T14:56:42.8744602-04:00" testType="13cdc9d9-ddb5-4fa4-a97d-d965ccfc6d4b" outcome="Passed" testListId="8c84fa94-04c1-424b-9868-57a2d4851a1d" relativeResultsDirectory="f9e376bc-8293-4c20-ac57-d895bd9c5d1f" />
    <UnitTestResult executionId="fd1a248a-834c-4649-adbc-86ab762be0de" testId="c068649e-1692-a800-84f2-683df2fdf80c" testName="test_missing_snapshot_rejects_xp_without_combat_fallback" computerName="BRIAN" duration="00:00:00.0002670" startTime="2026-05-05T14:56:42.8675934-04:00" endTime="2026-05-05T14:56:42.8678606-04:00" testType="13cdc9d9-ddb5-4fa4-a97d-d965ccfc6d4b" outcome="Passed" testListId="8c84fa94-04c1-424b-9868-57a2d4851a1d" relativeResultsDirectory="fd1a248a-834c-4649-adbc-86ab762be0de" />
    <UnitTestResult executionId="85447e14-5df0-4664-8d5e-04107e653d2c" testId="573343ed-5716-a4f7-ddf0-c3e2bed8a810" testName="test_qualifying_player_threat_emits_one_player_kill_credit_event_with_stable_payload" computerName="BRIAN" duration="00:00:00.0005470" startTime="2026-05-05T14:56:42.7992447-04:00" endTime="2026-05-05T14:56:42.7997912-04:00" testType="13cdc9d9-ddb5-4fa4-a97d-d965ccfc6d4b" outcome="Passed" testListId="8c84fa94-04c1-424b-9868-57a2d4851a1d" relativeResultsDirectory="85447e14-5df0-4664-8d5e-04107e653d2c" />
    <UnitTestResult executionId="e5ab2b03-0345-4344-84fd-0c885c16b34b" testId="654cd8b7-1699-dc3f-0011-40dd09624b1b" testName="test_zero_and_blocked_damage_do_not_roll_interrupt" computerName="BRIAN" duration="00:00:00.0002330" startTime="2026-05-05T14:56:42.8111065-04:00" endTime="2026-05-05T14:56:42.8113390-04:00" testType="13cdc9d9-ddb5-4fa4-a97d-d965ccfc6d4b" outcome="Passed" testListId="8c84fa94-04c1-424b-9868-57a2d4851a1d" relativeResultsDirectory="e5ab2b03-0345-4344-84fd-0c885c16b34b" />
    <UnitTestResult executionId="8dd55b19-7892-4734-a324-0e37d1b3c70e" testId="09d15be2-402f-d562-3d50-976ce0334628" testName="test_same_frame_manual_save_invokes_progression_and_npc_barriers_after_kill_credit_acknowledgement" computerName="BRIAN" duration="00:00:00.0037440" startTime="2026-05-05T14:56:42.8340956-04:00" endTime="2026-05-05T14:56:42.8378383-04:00" testType="13cdc9d9-ddb5-4fa4-a97d-d965ccfc6d4b" outcome="Passed" testListId="8c84fa94-04c1-424b-9868-57a2d4851a1d" relativeResultsDirectory="8dd55b19-7892-4734-a324-0e37d1b3c70e" />
    <UnitTestResult executionId="8a87192b-ff13-4fde-9757-ff25fffac045" testId="8f874cde-082c-7895-5ff6-5c9a8b22eaec" testName="test_combat_actor_hydration_rejects_dead_current_health_without_death_handoff" computerName="BRIAN" duration="00:00:00.0016130" startTime="2026-05-05T14:56:42.7225635-04:00" endTime="2026-05-05T14:56:42.7241765-04:00" testType="13cdc9d9-ddb5-4fa4-a97d-d965ccfc6d4b" outcome="Passed" testListId="8c84fa94-04c1-424b-9868-57a2d4851a1d" relativeResultsDirectory="8a87192b-ff13-4fde-9757-ff25fffac045" />
    <UnitTestResult executionId="c1c66dc6-7260-428c-ad08-e36c52eba0fe" testId="0fd97fbd-f6f7-6b36-7e79-decbebde8209" testName="test_forced_off_conditions_turn_attack_off_and_emit_hud_safe_signal(ZoneTransition)" computerName="BRIAN" duration="00:00:00.0000060" startTime="2026-05-05T14:56:42.7276739-04:00" endTime="2026-05-05T14:56:42.7276795-04:00" testType="13cdc9d9-ddb5-4fa4-a97d-d965ccfc6d4b" outcome="Passed" testListId="8c84fa94-04c1-424b-9868-57a2d4851a1d" relativeResultsDirectory="c1c66dc6-7260-428c-ad08-e36c52eba0fe" />
    <UnitTestResult executionId="15ffc650-0f22-43ef-a06e-e12c5d785e89" testId="242af03b-bf5b-46fc-e914-db294451550d" testName="test_instant_direct_damage_resolves_same_tick_without_cast_bar_and_spends_mana" computerName="BRIAN" duration="00:00:00.0013000" startTime="2026-05-05T14:56:42.8182167-04:00" endTime="2026-05-05T14:56:42.8195163-04:00" testType="13cdc9d9-ddb5-4fa4-a97d-d965ccfc6d4b" outcome="Passed" testListId="8c84fa94-04c1-424b-9868-57a2d4851a1d" relativeResultsDirectory="15ffc650-0f22-43ef-a06e-e12c5d785e89" />
    <UnitTestResult executionId="38f02831-a5d9-4c75-9a89-73065e4ae069" testId="f0d5177a-e97c-d50d-f458-8f7bac4f52bc" testName="test_target_selection_filters_dead_out_of_radius_blocked_los_and_orders_deterministically" computerName="BRIAN" duration="00:00:00.0003270" startTime="2026-05-05T14:56:42.8330382-04:00" endTime="2026-05-05T14:56:42.8333649-04:00" testType="13cdc9d9-ddb5-4fa4-a97d-d965ccfc6d4b" outcome="Passed" testListId="8c84fa94-04c1-424b-9868-57a2d4851a1d" relativeResultsDirectory="38f02831-a5d9-4c75-9a89-73065e4ae069" />
    <UnitTestResult executionId="2ee12861-3bfa-4b20-ab00-a241ec18d3e4" testId="2238a2b9-f43e-5a9e-eaa2-2ae1b817016c" testName="test_melee_hit_chance_clamps_and_honors_boundary_inputs(60,1,300,0,0.92d)" computerName="BRIAN" duration="00:00:00.0003340" startTime="2026-05-05T14:56:42.8568205-04:00" endTime="2026-05-05T14:56:42.8571544-04:00" testType="13cdc9d9-ddb5-4fa4-a97d-d965ccfc6d4b" outcome="Passed" testListId="8c84fa94-04c1-424b-9868-57a2d4851a1d" relativeResultsDirectory="2ee12861-3bfa-4b20-ab00-a241ec18d3e4" />
    <UnitTestResult executionId="e9d313fe-9344-45a0-a72f-3c4eba729fb7" testId="0aaeafb3-de1a-f812-f2ac-45c18e263dad" testName="test_unapproved_transition_path_cannot_change_attack_state" computerName="BRIAN" duration="00:00:00.0024680" startTime="2026-05-05T14:56:42.7296818-04:00" endTime="2026-05-05T14:56:42.7321488-04:00" testType="13cdc9d9-ddb5-4fa4-a97d-d965ccfc6d4b" outcome="Passed" testListId="8c84fa94-04c1-424b-9868-57a2d4851a1d" relativeResultsDirectory="e9d313fe-9344-45a0-a72f-3c4eba729fb7" />
    <UnitTestResult executionId="e80c7751-63ae-4442-b188-6225cb2fd3f3" testId="408b7774-f36d-d066-17bd-14f13df3b6a8" testName="test_player_death_payload_uses_stable_local_identity_and_not_runtime_identity" computerName="BRIAN" duration="00:00:00.0000840" startTime="2026-05-05T14:56:42.8050935-04:00" endTime="2026-05-05T14:56:42.8051774-04:00" testType="13cdc9d9-ddb5-4fa4-a97d-d965ccfc6d4b" outcome="Passed" testListId="8c84fa94-04c1-424b-9868-57a2d4851a1d" relativeResultsDirectory="e80c7751-63ae-4442-b188-6225cb2fd3f3" />
    <UnitTestResult executionId="1f2dfe6e-ef22-43c7-bc37-18b103849140" testId="200e58b1-bdbe-12db-780e-939900502b83" testName="test_successful_sit_forces_attack_off_before_later_regen_or_threat_updates" computerName="BRIAN" duration="00:00:00.0001499" startTime="2026-05-05T14:56:42.7294062-04:00" endTime="2026-05-05T14:56:42.7295560-04:00" testType="13cdc9d9-ddb5-4fa4-a97d-d965ccfc6d4b" outcome="Passed" testListId="8c84fa94-04c1-424b-9868-57a2d4851a1d" relativeResultsDirectory="1f2dfe6e-ef22-43c7-bc37-18b103849140" />
    <UnitTestResult executionId="b23b9ac8-9a40-41f9-9a86-149e8bb57da4" testId="820b0372-5f0a-be87-6ab2-5990039a84cb" testName="test_player_kill_credit_payload_uses_persistent_npc_source_ref_when_available" computerName="BRIAN" duration="00:00:00.0005330" startTime="2026-05-05T14:56:42.7986998-04:00" endTime="2026-05-05T14:56:42.7992331-04:00" testType="13cdc9d9-ddb5-4fa4-a97d-d965ccfc6d4b" outcome="Passed" testListId="8c84fa94-04c1-424b-9868-57a2d4851a1d" relativeResultsDirectory="b23b9ac8-9a40-41f9-9a86-149e8bb57da4" />
    <UnitTestResult executionId="d7138d7c-6eaa-4880-8614-1fe6c236032b" testId="5516a88b-f484-6862-71e6-71cf353421b4" testName="test_nonlethal_player_damage_does_not_emit_death_event" computerName="BRIAN" duration="00:00:00.0000860" startTime="2026-05-05T14:56:42.8050047-04:00" endTime="2026-05-05T14:56:42.8050901-04:00" testType="13cdc9d9-ddb5-4fa4-a97d-d965ccfc6d4b" outcome="Passed" testListId="8c84fa94-04c1-424b-9868-57a2d4851a1d" relativeResultsDirectory="d7138d7c-6eaa-4880-8614-1fe6c236032b" />
    <UnitTestResult executionId="b39806f8-b3e7-463a-b493-ca0e5d0cf421" testId="505a48d1-2ea7-aac4-560e-84e937c343d2" testName="test_seeded_fixture_melee_damage_executes_low_and_top_extremes_inside_trash_band" computerName="BRIAN" duration="00:00:00.0016430" startTime="2026-05-05T14:56:42.8572884-04:00" endTime="2026-05-05T14:56:42.8589311-04:00" testType="13cdc9d9-ddb5-4fa4-a97d-d965ccfc6d4b" outcome="Passed" testListId="8c84fa94-04c1-424b-9868-57a2d4851a1d" relativeResultsDirectory="b39806f8-b3e7-463a-b493-ca0e5d0cf421" />
    <UnitTestResult executionId="5f147caf-e9c2-4018-8787-cb7772d51b91" testId="0ade053e-d8d5-65c4-7361-eb338196a9dc" testName="test_eligible_weapon_tick_revalidates_range_facing_los_and_alive_state(&quot;out of range&quot;,3.0d,0.0d,False,False,OutOfRange)" computerName="BRIAN" duration="00:00:00.0004500" startTime="2026-05-05T14:56:42.7860312-04:00" endTime="2026-05-05T14:56:42.7864811-04:00" testType="13cdc9d9-ddb5-4fa4-a97d-d965ccfc6d4b" outcome="Passed" testListId="8c84fa94-04c1-424b-9868-57a2d4851a1d" relativeResultsDirectory="5f147caf-e9c2-4018-8787-cb7772d51b91" />
    <UnitTestResult executionId="66576274-29d2-4e49-8f29-743fd97b1c35" testId="4597b75a-91e0-94d0-a15c-cfd2a6df4f62" testName="test_sitting_in_combat_uses_combat_multiplier_without_med_boost" computerName="BRIAN" duration="00:00:00.0004460" startTime="2026-05-05T14:56:42.8627776-04:00" endTime="2026-05-05T14:56:42.8632234-04:00" testType="13cdc9d9-ddb5-4fa4-a97d-d965ccfc6d4b" outcome="Passed" testListId="8c84fa94-04c1-424b-9868-57a2d4851a1d" relativeResultsDirectory="66576274-29d2-4e49-8f29-743fd97b1c35" />
    <UnitTestResult executionId="f45c30b8-754e-46f3-9e33-67d9add210ec" testId="aaa2f95e-c9c2-de15-c24c-cee51fd7d071" testName="test_passive_combat_paths_do_not_enable_attack(TabCycle)" computerName="BRIAN" duration="00:00:00.0001590" startTime="2026-05-05T14:56:42.7283251-04:00" endTime="2026-05-05T14:56:42.7284835-04:00" testType="13cdc9d9-ddb5-4fa4-a97d-d965ccfc6d4b" outcome="Passed" testListId="8c84fa94-04c1-424b-9868-57a2d4851a1d" relativeResultsDirectory="f45c30b8-754e-46f3-9e33-67d9add210ec" />
    <UnitTestResult executionId="da877d9f-9436-4c3f-9fb3-95c5bf321aff" testId="759a9fe2-e8e3-4bdb-5945-9e644c89457a" testName="test_combat_exit_uses_zero_valid_hostile_threat_entries_from_existing_threat_tables" computerName="BRIAN" duration="00:00:00.0019770" startTime="2026-05-05T14:56:42.7771895-04:00" endTime="2026-05-05T14:56:42.7791662-04:00" testType="13cdc9d9-ddb5-4fa4-a97d-d965ccfc6d4b" outcome="Passed" testListId="8c84fa94-04c1-424b-9868-57a2d4851a1d" relativeResultsDirectory="da877d9f-9436-4c3f-9fb3-95c5bf321aff" />
    <UnitTestResult executionId="be6099ea-0b92-4807-af60-729d94250986" testId="f3cfd34e-353d-9f00-7248-ef29535bab5b" testName="test_combat_fixture_validator_rejects_invalid_regen_and_combat_exit_tuning" computerName="BRIAN" duration="00:00:00.0007800" startTime="2026-05-05T14:56:42.8521914-04:00" endTime="2026-05-05T14:56:42.8529713-04:00" testType="13cdc9d9-ddb5-4fa4-a97d-d965ccfc6d4b" outcome="Passed" testListId="8c84fa94-04c1-424b-9868-57a2d4851a1d" relativeResultsDirectory="be6099ea-0b92-4807-af60-729d94250986" />
    <UnitTestResult executionId="5094620e-ecfb-450d-93fb-6952a3289d64" testId="38742b76-5145-41c4-946f-5a2aa209a875" testName="test_combat_fixture_package_validates_required_t1_rows" computerName="BRIAN" duration="00:00:00.0053370" startTime="2026-05-05T14:56:42.8468171-04:00" endTime="2026-05-05T14:56:42.8521529-04:00" testType="13cdc9d9-ddb5-4fa4-a97d-d965ccfc6d4b" outcome="Passed" testListId="8c84fa94-04c1-424b-9868-57a2d4851a1d" relativeResultsDirectory="5094620e-ecfb-450d-93fb-6952a3289d64" />
    <UnitTestResult executionId="509c8b32-8d75-4737-a888-bfee618f4a22" testId="154d7153-cb1b-f71d-e606-63633464063a" testName="test_body_pull_initializes_threat_and_pivot_signal_without_warning_affordances" computerName="BRIAN" duration="00:00:00.0047790" startTime="2026-05-05T14:56:42.8206045-04:00" endTime="2026-05-05T14:56:42.8253828-04:00" testType="13cdc9d9-ddb5-4fa4-a97d-d965ccfc6d4b" outcome="Passed" testListId="8c84fa94-04c1-424b-9868-57a2d4851a1d" relativeResultsDirectory="509c8b32-8d75-4737-a888-bfee618f4a22" />
    <UnitTestResult executionId="568eb876-ef0d-40b4-aaae-9dd7c7520e8f" testId="35d06612-3af7-a0e3-2da0-c97138a9413e" testName="test_out_of_combat_sitting_mana_regen_clamps_to_max_mana" computerName="BRIAN" duration="00:00:00.0014460" startTime="2026-05-05T14:56:42.7792015-04:00" endTime="2026-05-05T14:56:42.7806473-04:00" testType="13cdc9d9-ddb5-4fa4-a97d-d965ccfc6d4b" outcome="Passed" testListId="8c84fa94-04c1-424b-9868-57a2d4851a1d" relativeResultsDirectory="568eb876-ef0d-40b4-aaae-9dd7c7520e8f" />
    <UnitTestResult executionId="331d5582-d4d4-4419-998e-6edc21918312" testId="bb8dc6f4-1ae0-aced-345b-a1c6887f9fd7" testName="test_combat_actor_hydration_accepts_valid_cleric_mid_baseline" computerName="BRIAN" duration="00:00:00.0435250" startTime="2026-05-05T14:56:42.6789646-04:00" endTime="2026-05-05T14:56:42.7224867-04:00" testType="13cdc9d9-ddb5-4fa4-a97d-d965ccfc6d4b" outcome="Passed" testListId="8c84fa94-04c1-424b-9868-57a2d4851a1d" relativeResultsDirectory="331d5582-d4d4-4419-998e-6edc21918312" />
    <UnitTestResult executionId="018f2ce0-1521-4d3c-a57f-f9c10d2be5d6" testId="bd7e0408-3a77-bf6f-de7e-e05f6c4b76a7" testName="test_los_query_contract_blocks_only_t1_occluder_layers_and_reports_buffer_overflow" computerName="BRIAN" duration="00:00:00.0015820" startTime="2026-05-05T14:56:42.8276633-04:00" endTime="2026-05-05T14:56:42.8292445-04:00" testType="13cdc9d9-ddb5-4fa4-a97d-d965ccfc6d4b" outcome="Passed" testListId="8c84fa94-04c1-424b-9868-57a2d4851a1d" relativeResultsDirectory="018f2ce0-1521-4d3c-a57f-f9c10d2be5d6" />
    <UnitTestResult executionId="226c1f71-c3b7-4a10-80e7-76d9effbb414" testId="b29710fb-d754-ad14-bcfb-bc7d34b02b03" testName="test_snapshot_exposes_hud_safe_combat_state_without_presentation_ownership" computerName="BRIAN" duration="00:00:00.0096080" startTime="2026-05-05T14:56:42.7673751-04:00" endTime="2026-05-05T14:56:42.7769820-04:00" testType="13cdc9d9-ddb5-4fa4-a97d-d965ccfc6d4b" outcome="Passed" testListId="8c84fa94-04c1-424b-9868-57a2d4851a1d" relativeResultsDirectory="226c1f71-c3b7-4a10-80e7-76d9effbb414" />
    <UnitTestResult executionId="00c57f1c-ed56-42ad-b6ec-c60e9100b816" testId="2f23a5a2-5506-12da-46f3-d78e76fe496a" testName="test_passive_combat_paths_do_not_enable_attack(SocialAssist)" computerName="BRIAN" duration="00:00:00.0000020" startTime="2026-05-05T14:56:42.7285098-04:00" endTime="2026-05-05T14:56:42.7285116-04:00" testType="13cdc9d9-ddb5-4fa4-a97d-d965ccfc6d4b" outcome="Passed" testListId="8c84fa94-04c1-424b-9868-57a2d4851a1d" relativeResultsDirectory="00c57f1c-ed56-42ad-b6ec-c60e9100b816" />
    <UnitTestResult executionId="06b2f450-a8bc-4268-b1dd-4eb6c08e0387" testId="45c0ef0e-dd19-4cff-a30b-1dbf3d5a4210" testName="test_combat_exit_returns_true_only_after_fixture_boundary_and_zero_valid_hostiles" computerName="BRIAN" duration="00:00:00.0011240" startTime="2026-05-05T14:56:42.8409192-04:00" endTime="2026-05-05T14:56:42.8420427-04:00" testType="13cdc9d9-ddb5-4fa4-a97d-d965ccfc6d4b" outcome="Passed" testListId="8c84fa94-04c1-424b-9868-57a2d4851a1d" relativeResultsDirectory="06b2f450-a8bc-4268-b1dd-4eb6c08e0387" />
    <UnitTestResult executionId="e100814a-326e-475e-a955-dccef1822a4f" testId="9edaa9d2-cfa7-71f1-0494-76116c7878c0" testName="test_npc_death_emits_combat_actor_death_event_once" computerName="BRIAN" duration="00:00:00.0009490" startTime="2026-05-05T14:56:42.7962973-04:00" endTime="2026-05-05T14:56:42.7972461-04:00" testType="13cdc9d9-ddb5-4fa4-a97d-d965ccfc6d4b" outcome="Passed" testListId="8c84fa94-04c1-424b-9868-57a2d4851a1d" relativeResultsDirectory="e100814a-326e-475e-a955-dccef1822a4f" />
    <UnitTestResult executionId="c18dabf4-312d-4ad1-bda3-13c28eb418c2" testId="ab5e6356-27f3-34a9-d4e4-4b49b465f48c" testName="test_instant_cooldown_is_transient_runtime_timer_only" computerName="BRIAN" duration="00:00:00.0009550" startTime="2026-05-05T14:56:42.8172410-04:00" endTime="2026-05-05T14:56:42.8181960-04:00" testType="13cdc9d9-ddb5-4fa4-a97d-d965ccfc6d4b" outcome="Passed" testListId="8c84fa94-04c1-424b-9868-57a2d4851a1d" relativeResultsDirectory="c18dabf4-312d-4ad1-bda3-13c28eb418c2" />
    <UnitTestResult executionId="023ae42c-4059-4b0d-9389-d2afa524f219" testId="1791f5b3-5e24-0819-55f9-1dbf5d2c44b5" testName="test_combat_actor_state_has_no_unity_scene_object_fields" computerName="BRIAN" duration="00:00:00.0004680" startTime="2026-05-05T14:56:42.8387670-04:00" endTime="2026-05-05T14:56:42.8392344-04:00" testType="13cdc9d9-ddb5-4fa4-a97d-d965ccfc6d4b" outcome="Passed" testListId="8c84fa94-04c1-424b-9868-57a2d4851a1d" relativeResultsDirectory="023ae42c-4059-4b0d-9389-d2afa524f219" />
    <UnitTestResult executionId="4f3ae21a-7880-4096-bf88-d74b024e1bd9" testId="20b6918d-1a40-3669-7480-f4692fd34d7a" testName="test_fixed_tick_melee_resolution_at_fifty_hz_is_frame_rate_independent" computerName="BRIAN" duration="00:00:00.0035090" startTime="2026-05-05T14:56:42.7875700-04:00" endTime="2026-05-05T14:56:42.7910786-04:00" testType="13cdc9d9-ddb5-4fa4-a97d-d965ccfc6d4b" outcome="Passed" testListId="8c84fa94-04c1-424b-9868-57a2d4851a1d" relativeResultsDirectory="4f3ae21a-7880-4096-bf88-d74b024e1bd9" />
    <UnitTestResult executionId="d5467005-d32b-4d6b-94b0-c9fab9fa61fb" testId="ea5b3a0a-b5a5-7379-64fa-6706fbddd192" testName="test_player_toggle_on_with_valid_hostile_target_turns_attack_on_and_schedules_weapon_tick" computerName="BRIAN" duration="00:00:00.0007069" startTime="2026-05-05T14:56:42.7286909-04:00" endTime="2026-05-05T14:56:42.7293977-04:00" testType="13cdc9d9-ddb5-4fa4-a97d-d965ccfc6d4b" outcome="Passed" testListId="8c84fa94-04c1-424b-9868-57a2d4851a1d" relativeResultsDirectory="d5467005-d32b-4d6b-94b0-c9fab9fa61fb" />
    <UnitTestResult executionId="d5ce92ec-54e6-4e39-b656-c7c4bf3407fe" testId="a98270b6-3be0-ac77-57fe-95b162720f3c" testName="test_combat_fixture_loader_exposes_source_ref_aliases_for_downstream_validation" computerName="BRIAN" duration="00:00:00.0018740" startTime="2026-05-05T14:56:42.7324037-04:00" endTime="2026-05-05T14:56:42.7342777-04:00" testType="13cdc9d9-ddb5-4fa4-a97d-d965ccfc6d4b" outcome="Passed" testListId="8c84fa94-04c1-424b-9868-57a2d4851a1d" relativeResultsDirectory="d5ce92ec-54e6-4e39-b656-c7c4bf3407fe" />
    <UnitTestResult executionId="495b05c8-4f87-4ece-9a1b-984f8d728627" testId="6b7c1f71-5e0b-e619-c3a2-80a9a674d6f5" testName="test_combat_fixture_package_declares_default_social_assist_profile" computerName="BRIAN" duration="00:00:00.0010560" startTime="2026-05-05T14:56:42.8421516-04:00" endTime="2026-05-05T14:56:42.8432073-04:00" testType="13cdc9d9-ddb5-4fa4-a97d-d965ccfc6d4b" outcome="Passed" testListId="8c84fa94-04c1-424b-9868-57a2d4851a1d" relativeResultsDirectory="495b05c8-4f87-4ece-9a1b-984f8d728627" />
    <UnitTestResult executionId="3307e066-53f4-4923-b05b-df566289089a" testId="a1f34926-b941-2921-98b2-860661573728" testName="test_no_target_toggle_noop_emits_no_misleading_attack_on_pulse" computerName="BRIAN" duration="00:00:00.0001789" startTime="2026-05-05T14:56:42.7671909-04:00" endTime="2026-05-05T14:56:42.7673697-04:00" testType="13cdc9d9-ddb5-4fa4-a97d-d965ccfc6d4b" outcome="Passed" testListId="8c84fa94-04c1-424b-9868-57a2d4851a1d" relativeResultsDirectory="3307e066-53f4-4923-b05b-df566289089a" />
    <UnitTestResult executionId="5aae1387-3242-46b1-a3c3-66eff523dbd4" testId="8b021fd3-e23c-f5e8-2bc0-654ea1a07406" testName="test_projection_reads_player_resources_life_state_and_optional_death_handoff" computerName="BRIAN" duration="00:00:00.0003620" startTime="2026-05-05T14:56:42.8605145-04:00" endTime="2026-05-05T14:56:42.8608757-04:00" testType="13cdc9d9-ddb5-4fa4-a97d-d965ccfc6d4b" outcome="Passed" testListId="8c84fa94-04c1-424b-9868-57a2d4851a1d" relativeResultsDirectory="5aae1387-3242-46b1-a3c3-66eff523dbd4" />
    <UnitTestResult executionId="10d7c54e-63eb-49a9-a6c2-e0c3177095f0" testId="45c0a967-f0a1-2f64-5b53-5e8b2877566a" testName="test_death_context_id_is_deterministic_from_stable_death_inputs" computerName="BRIAN" duration="00:00:00.0011190" startTime="2026-05-05T14:56:42.8015019-04:00" endTime="2026-05-05T14:56:42.8026204-04:00" testType="13cdc9d9-ddb5-4fa4-a97d-d965ccfc6d4b" outcome="Passed" testListId="8c84fa94-04c1-424b-9868-57a2d4851a1d" relativeResultsDirectory="10d7c54e-63eb-49a9-a6c2-e0c3177095f0" />
    <UnitTestResult executionId="f5c7f91d-c527-4dc7-b9f3-47bae9583d0d" testId="53728362-84cd-7548-bf24-25b503edc85b" testName="test_combat_actor_state_contains_required_runtime_and_stable_fields" computerName="BRIAN" duration="00:00:00.0003920" startTime="2026-05-05T14:56:42.8383589-04:00" endTime="2026-05-05T14:56:42.8387506-04:00" testType="13cdc9d9-ddb5-4fa4-a97d-d965ccfc6d4b" outcome="Passed" testListId="8c84fa94-04c1-424b-9868-57a2d4851a1d" relativeResultsDirectory="f5c7f91d-c527-4dc7-b9f3-47bae9583d0d" />
    <UnitTestResult executionId="0cbf38ca-1e2f-49d6-b94a-052099ad79a5" testId="a4fc5ce7-98ce-3584-841e-20ba0d2ce715" testName="test_projection_has_no_public_constructor_or_restore_method" computerName="BRIAN" duration="00:00:00.0003610" startTime="2026-05-05T14:56:42.8601433-04:00" endTime="2026-05-05T14:56:42.8605040-04:00" testType="13cdc9d9-ddb5-4fa4-a97d-d965ccfc6d4b" outcome="Passed" testListId="8c84fa94-04c1-424b-9868-57a2d4851a1d" relativeResultsDirectory="0cbf38ca-1e2f-49d6-b94a-052099ad79a5" />
    <UnitTestResult executionId="58850553-7652-4d73-97cf-e3dcd211599f" testId="acdb4327-5add-cc61-caaf-af6538389cc1" testName="test_interrupt_formula_clamps_to_injected_bounds(90,100,4.0d,4.0d,0.85d)" computerName="BRIAN" duration="00:00:00.0000989" startTime="2026-05-05T14:56:42.8394894-04:00" endTime="2026-05-05T14:56:42.8395883-04:00" testType="13cdc9d9-ddb5-4fa4-a97d-d965ccfc6d4b" outcome="Passed" testListId="8c84fa94-04c1-424b-9868-57a2d4851a1d" relativeResultsDirectory="58850553-7652-4d73-97cf-e3dcd211599f" />
    <UnitTestResult executionId="983211c4-d75f-4358-a7f9-9e427cbb08a3" testId="e192364c-7ec3-9812-f1bc-2c7a33a956d6" testName="test_combat_fixture_validator_rejects_missing_tactical_instant_effect_specific_data" computerName="BRIAN" duration="00:00:00.0005440" startTime="2026-05-05T14:56:42.8543538-04:00" endTime="2026-05-05T14:56:42.8548979-04:00" testType="13cdc9d9-ddb5-4fa4-a97d-d965ccfc6d4b" outcome="Passed" testListId="8c84fa94-04c1-424b-9868-57a2d4851a1d" relativeResultsDirectory="983211c4-d75f-4358-a7f9-9e427cbb08a3" />
    <UnitTestResult executionId="8f030d09-d0a1-4fdb-8f38-99e0b3407c99" testId="e4d26672-bbc8-fbed-42f5-2935da89aaad" testName="test_forced_off_conditions_turn_attack_off_and_emit_hud_safe_signal(CombatExit)" computerName="BRIAN" duration="00:00:00.0000220" startTime="2026-05-05T14:56:42.7276329-04:00" endTime="2026-05-05T14:56:42.7276544-04:00" testType="13cdc9d9-ddb5-4fa4-a97d-d965ccfc6d4b" outcome="Passed" testListId="8c84fa94-04c1-424b-9868-57a2d4851a1d" relativeResultsDirectory="8f030d09-d0a1-4fdb-8f38-99e0b3407c99" />
    <UnitTestResult executionId="4d5f3fc6-19f2-40b9-84e2-91f569404f47" testId="ca3de4af-a428-ab10-8245-726ed4f5d8d7" testName="test_forced_off_conditions_turn_attack_off_and_emit_hud_safe_signal(PlayerDeath)" computerName="BRIAN" duration="00:00:00.0000090" startTime="2026-05-05T14:56:42.7276568-04:00" endTime="2026-05-05T14:56:42.7276662-04:00" testType="13cdc9d9-ddb5-4fa4-a97d-d965ccfc6d4b" outcome="Passed" testListId="8c84fa94-04c1-424b-9868-57a2d4851a1d" relativeResultsDirectory="4d5f3fc6-19f2-40b9-84e2-91f569404f47" />
    <UnitTestResult executionId="5ab34154-56f8-4cd8-9042-c9d152525862" testId="02be22a0-308b-09b3-7484-6037402feef7" testName="test_forced_off_conditions_turn_attack_off_and_emit_hud_safe_signal(SuccessfulSitOrMed)" computerName="BRIAN" duration="00:00:00.0002709" startTime="2026-05-05T14:56:42.7273450-04:00" endTime="2026-05-05T14:56:42.7276157-04:00" testType="13cdc9d9-ddb5-4fa4-a97d-d965ccfc6d4b" outcome="Passed" testListId="8c84fa94-04c1-424b-9868-57a2d4851a1d" relativeResultsDirectory="5ab34154-56f8-4cd8-9042-c9d152525862" />
    <UnitTestResult executionId="60ed0361-5091-4595-9478-8feb3418686f" testId="5bd22301-7b0d-ecad-8ea1-05a08f0c361a" testName="test_melee_hit_chance_clamps_and_honors_boundary_inputs(5,5,30,30,0.72d)" computerName="BRIAN" duration="00:00:00.0000400" startTime="2026-05-05T14:56:42.8571601-04:00" endTime="2026-05-05T14:56:42.8571998-04:00" testType="13cdc9d9-ddb5-4fa4-a97d-d965ccfc6d4b" outcome="Passed" testListId="8c84fa94-04c1-424b-9868-57a2d4851a1d" relativeResultsDirectory="60ed0361-5091-4595-9478-8feb3418686f" />
    <UnitTestResult executionId="a5e8e387-bf90-4a65-bb10-7084888a0319" testId="fd812598-b183-a49b-9046-c8aa53abc929" testName="test_forced_off_conditions_turn_attack_off_and_emit_hud_safe_signal(TargetDeath)" computerName="BRIAN" duration="00:00:00.0022570" startTime="2026-05-05T14:56:42.7250620-04:00" endTime="2026-05-05T14:56:42.7273188-04:00" testType="13cdc9d9-ddb5-4fa4-a97d-d965ccfc6d4b" outcome="Passed" testListId="8c84fa94-04c1-424b-9868-57a2d4851a1d" relativeResultsDirectory="a5e8e387-bf90-4a65-bb10-7084888a0319" />
    <UnitTestResult executionId="087c307a-119a-4297-9b61-c56b23a37aa7" testId="48510470-e43e-af14-e67a-0936ddabfdcc" testName="test_combat_fixture_validator_rejects_missing_required_rows" computerName="BRIAN" duration="00:00:00.0008750" startTime="2026-05-05T14:56:42.8529884-04:00" endTime="2026-05-05T14:56:42.8538634-04:00" testType="13cdc9d9-ddb5-4fa4-a97d-d965ccfc6d4b" outcome="Passed" testListId="8c84fa94-04c1-424b-9868-57a2d4851a1d" relativeResultsDirectory="087c307a-119a-4297-9b61-c56b23a37aa7" />
    <UnitTestResult executionId="528fcb1d-5481-43cc-88e7-997b39b418fd" testId="3047f30d-2248-6654-3e64-02b635dc3ac6" testName="test_eligible_weapon_tick_revalidates_range_facing_los_and_alive_state(&quot;bad facing&quot;,1.5d,120.0d,False,False,FacingBlocked)" computerName="BRIAN" duration="00:00:00.0003660" startTime="2026-05-05T14:56:42.7864963-04:00" endTime="2026-05-05T14:56:42.7868617-04:00" testType="13cdc9d9-ddb5-4fa4-a97d-d965ccfc6d4b" outcome="Passed" testListId="8c84fa94-04c1-424b-9868-57a2d4851a1d" relativeResultsDirectory="528fcb1d-5481-43cc-88e7-997b39b418fd" />
    <UnitTestResult executionId="74daf132-fb07-4743-80f1-9d2cb2ea60d8" testId="43c755cb-28bd-db4d-1012-f36a8b40cc25" testName="test_melee_damage_successful_hit_never_drops_below_minimum_damage" computerName="BRIAN" duration="00:00:00.0000480" startTime="2026-05-05T14:56:42.8566533-04:00" endTime="2026-05-05T14:56:42.8567009-04:00" testType="13cdc9d9-ddb5-4fa4-a97d-d965ccfc6d4b" outcome="Passed" testListId="8c84fa94-04c1-424b-9868-57a2d4851a1d" relativeResultsDirectory="74daf132-fb07-4743-80f1-9d2cb2ea60d8" />
    <UnitTestResult executionId="7028e91b-e4e2-4425-9cff-89609e736749" testId="8cb1d39d-b99a-87af-34ee-20bd0cf34e93" testName="test_combat_fixture_loader_keeps_fixture_tuning_values_out_of_production_logic" computerName="BRIAN" duration="00:00:00.0288010" startTime="2026-05-05T14:56:42.7342910-04:00" endTime="2026-05-05T14:56:42.7630901-04:00" testType="13cdc9d9-ddb5-4fa4-a97d-d965ccfc6d4b" outcome="Passed" testListId="8c84fa94-04c1-424b-9868-57a2d4851a1d" relativeResultsDirectory="7028e91b-e4e2-4425-9cff-89609e736749" />
    <UnitTestResult executionId="380631a3-5bf7-4896-acec-769f83b167f9" testId="100b7ecc-5c46-9f55-8f36-eb2acb078492" testName="test_combat_fixture_package_declares_tactical_instant_ability_profiles" computerName="BRIAN" duration="00:00:00.0010370" startTime="2026-05-05T14:56:42.8438062-04:00" endTime="2026-05-05T14:56:42.8448433-04:00" testType="13cdc9d9-ddb5-4fa4-a97d-d965ccfc6d4b" outcome="Passed" testListId="8c84fa94-04c1-424b-9868-57a2d4851a1d" relativeResultsDirectory="380631a3-5bf7-4896-acec-769f83b167f9" />
    <UnitTestResult executionId="49a164d6-df30-46bf-a6b3-9fcda01f6b17" testId="723f54e9-b904-6418-d194-b41b28b492f9" testName="test_forced_off_transitions_project_hud_attack_off_signal(ZoneTransition)" computerName="BRIAN" duration="00:00:00.0000040" startTime="2026-05-05T14:56:42.7671645-04:00" endTime="2026-05-05T14:56:42.7671681-04:00" testType="13cdc9d9-ddb5-4fa4-a97d-d965ccfc6d4b" outcome="Passed" testListId="8c84fa94-04c1-424b-9868-57a2d4851a1d" relativeResultsDirectory="49a164d6-df30-46bf-a6b3-9fcda01f6b17" />
    <UnitTestResult executionId="d0c130a2-cc8d-4a82-9a43-dc40822011e1" testId="6bcb926a-a00b-9bdb-28e5-644514d6190c" testName="test_non_top_threat_projects_listed_or_close_without_raw_numeric_output" computerName="BRIAN" duration="00:00:00.0001160" startTime="2026-05-05T14:56:42.8563239-04:00" endTime="2026-05-05T14:56:42.8564401-04:00" testType="13cdc9d9-ddb5-4fa4-a97d-d965ccfc6d4b" outcome="Passed" testListId="8c84fa94-04c1-424b-9868-57a2d4851a1d" relativeResultsDirectory="d0c130a2-cc8d-4a82-9a43-dc40822011e1" />
    <UnitTestResult executionId="72dd5a94-eb0d-4e83-ad1a-49a51350feec" testId="b41a1ac5-a9b0-0f1c-ceb9-29a7783030c4" testName="test_passive_combat_paths_do_not_enable_attack(SpellCast)" computerName="BRIAN" duration="00:00:00.0000020" startTime="2026-05-05T14:56:42.7285171-04:00" endTime="2026-05-05T14:56:42.7285193-04:00" testType="13cdc9d9-ddb5-4fa4-a97d-d965ccfc6d4b" outcome="Passed" testListId="8c84fa94-04c1-424b-9868-57a2d4851a1d" relativeResultsDirectory="72dd5a94-eb0d-4e83-ad1a-49a51350feec" />
    <UnitTestResult executionId="83b1ef75-fe2c-414e-b7f7-8fa7d7524c9a" testId="1c4d64ff-f44f-7231-4cf9-d400b86d9e15" testName="test_dead_or_out_of_zone_threat_entries_are_ignored" computerName="BRIAN" duration="00:00:00.0001220" startTime="2026-05-05T14:56:42.8559127-04:00" endTime="2026-05-05T14:56:42.8560346-04:00" testType="13cdc9d9-ddb5-4fa4-a97d-d965ccfc6d4b" outcome="Passed" testListId="8c84fa94-04c1-424b-9868-57a2d4851a1d" relativeResultsDirectory="83b1ef75-fe2c-414e-b7f7-8fa7d7524c9a" />
    <UnitTestResult executionId="b7d849db-a27c-4e9f-94c7-a1c7032d4e5d" testId="08d6ac0c-0b6e-6c33-9973-634514ba5a56" testName="test_valid_six_second_cast_enters_casting_and_reports_progress" computerName="BRIAN" duration="00:00:00.0005599" startTime="2026-05-05T14:56:42.8105400-04:00" endTime="2026-05-05T14:56:42.8111003-04:00" testType="13cdc9d9-ddb5-4fa4-a97d-d965ccfc6d4b" outcome="Passed" testListId="8c84fa94-04c1-424b-9868-57a2d4851a1d" relativeResultsDirectory="b7d849db-a27c-4e9f-94c7-a1c7032d4e5d" />
    <UnitTestResult executionId="421f9d15-10d1-406d-8308-5b5f9141a499" testId="86637e3c-4861-bcac-ad84-39cecef23e79" testName="test_no_qualifying_player_contribution_emits_death_event_but_no_kill_credit_event" computerName="BRIAN" duration="00:00:00.0006330" startTime="2026-05-05T14:56:42.7956509-04:00" endTime="2026-05-05T14:56:42.7962834-04:00" testType="13cdc9d9-ddb5-4fa4-a97d-d965ccfc6d4b" outcome="Passed" testListId="8c84fa94-04c1-424b-9868-57a2d4851a1d" relativeResultsDirectory="421f9d15-10d1-406d-8308-5b5f9141a499" />
    <UnitTestResult executionId="80142d2f-5b5a-48cb-b4dc-41a5ac0133f1" testId="987ab916-60fd-22f3-5057-0ccd73c9d3b6" testName="test_eligible_weapon_tick_revalidates_range_facing_los_and_alive_state(&quot;same tick death&quot;,1.5d,0.0d,False,True,TargetAlreadyDead)" computerName="BRIAN" duration="00:00:00.0000260" startTime="2026-05-05T14:56:42.7875190-04:00" endTime="2026-05-05T14:56:42.7875444-04:00" testType="13cdc9d9-ddb5-4fa4-a97d-d965ccfc6d4b" outcome="Passed" testListId="8c84fa94-04c1-424b-9868-57a2d4851a1d" relativeResultsDirectory="80142d2f-5b5a-48cb-b4dc-41a5ac0133f1" />
    <UnitTestResult executionId="35f4c9fe-d26b-44a2-8953-afb633f260b4" testId="a4864b1c-7b9b-d74d-db76-5dc6cabb4195" testName="test_toggle_on_with_no_valid_hostile_target_noops_and_leaves_attack_off" computerName="BRIAN" duration="00:00:00.0001180" startTime="2026-05-05T14:56:42.7295606-04:00" endTime="2026-05-05T14:56:42.7296781-04:00" testType="13cdc9d9-ddb5-4fa4-a97d-d965ccfc6d4b" outcome="Passed" testListId="8c84fa94-04c1-424b-9868-57a2d4851a1d" relativeResultsDirectory="35f4c9fe-d26b-44a2-8953-afb633f260b4" />
    <UnitTestResult executionId="dca50b50-551f-4773-9ba1-d9b73b5f4314" testId="36dbb467-76d7-f6f7-e6d2-66366935fd96" testName="test_damage_interrupt_emits_event_and_spends_no_mana" computerName="BRIAN" duration="00:00:00.0014450" startTime="2026-05-05T14:56:42.8069101-04:00" endTime="2026-05-05T14:56:42.8083549-04:00" testType="13cdc9d9-ddb5-4fa4-a97d-d965ccfc6d4b" outcome="Passed" testListId="8c84fa94-04c1-424b-9868-57a2d4851a1d" relativeResultsDirectory="dca50b50-551f-4773-9ba1-d9b73b5f4314" />
    <UnitTestResult executionId="6eac0de8-938a-4e59-b562-37b138aa3133" testId="112ef26b-b581-da16-e2aa-fbf030745102" testName="test_bash_cancels_current_channel_only_through_declared_interrupt_effect" computerName="BRIAN" duration="00:00:00.0056800" startTime="2026-05-05T14:56:42.8115334-04:00" endTime="2026-05-05T14:56:42.8172129-04:00" testType="13cdc9d9-ddb5-4fa4-a97d-d965ccfc6d4b" outcome="Passed" testListId="8c84fa94-04c1-424b-9868-57a2d4851a1d" relativeResultsDirectory="6eac0de8-938a-4e59-b562-37b138aa3133" />
    <UnitTestResult executionId="221140c5-3d8c-46b8-8321-19b73a07e66f" testId="07b3e8a3-fa79-9867-6c2d-09f8c62b4af9" testName="test_path_failure_enters_leashing_after_grace_and_requests_return_to_anchor" computerName="BRIAN" duration="00:00:00.0010680" startTime="2026-05-05T14:56:42.8292785-04:00" endTime="2026-05-05T14:56:42.8303464-04:00" testType="13cdc9d9-ddb5-4fa4-a97d-d965ccfc6d4b" outcome="Passed" testListId="8c84fa94-04c1-424b-9868-57a2d4851a1d" relativeResultsDirectory="221140c5-3d8c-46b8-8321-19b73a07e66f" />
    <UnitTestResult executionId="320c7920-db0c-46ee-8b8e-6b32f2ab028e" testId="26eee1f6-f642-2dd7-fd79-270496001180" testName="test_forced_off_transitions_project_hud_attack_off_signal(TargetDeath)" computerName="BRIAN" duration="00:00:00.0001660" startTime="2026-05-05T14:56:42.7668050-04:00" endTime="2026-05-05T14:56:42.7669710-04:00" testType="13cdc9d9-ddb5-4fa4-a97d-d965ccfc6d4b" outcome="Passed" testListId="8c84fa94-04c1-424b-9868-57a2d4851a1d" relativeResultsDirectory="320c7920-db0c-46ee-8b8e-6b32f2ab028e" />
    <UnitTestResult executionId="2f053313-152c-42a8-ba26-3dbedf33c9bb" testId="de8ee3a3-9174-40d5-2212-68f9a477a22a" testName="test_city_hub_zone_disables_targeting_claim_threat_damage_and_kill_credit" computerName="BRIAN" duration="00:00:00.0017510" startTime="2026-05-05T14:56:42.8254053-04:00" endTime="2026-05-05T14:56:42.8271557-04:00" testType="13cdc9d9-ddb5-4fa4-a97d-d965ccfc6d4b" outcome="Passed" testListId="8c84fa94-04c1-424b-9868-57a2d4851a1d" relativeResultsDirectory="2f053313-152c-42a8-ba26-3dbedf33c9bb" />
    <UnitTestResult executionId="af138c13-1ec9-4555-9f0f-36d9c471e735" testId="3db8fcda-c6b4-81b1-6f22-2b5a6cbf12d4" testName="test_passive_combat_paths_do_not_enable_attack(TargetSelection)" computerName="BRIAN" duration="00:00:00.0005880" startTime="2026-05-05T14:56:42.7277205-04:00" endTime="2026-05-05T14:56:42.7283082-04:00" testType="13cdc9d9-ddb5-4fa4-a97d-d965ccfc6d4b" outcome="Passed" testListId="8c84fa94-04c1-424b-9868-57a2d4851a1d" relativeResultsDirectory="af138c13-1ec9-4555-9f0f-36d9c471e735" />
    <UnitTestResult executionId="a62ce6fb-4be4-4e42-a817-96f5f83c7c43" testId="6b443170-429b-457b-6f92-d34edf1c5007" testName="test_social_assist_joins_eligible_actors_in_deterministic_order_with_default_threat" computerName="BRIAN" duration="00:00:00.0011760" startTime="2026-05-05T14:56:42.8309546-04:00" endTime="2026-05-05T14:56:42.8321303-04:00" testType="13cdc9d9-ddb5-4fa4-a97d-d965ccfc6d4b" outcome="Passed" testListId="8c84fa94-04c1-424b-9868-57a2d4851a1d" relativeResultsDirectory="a62ce6fb-4be4-4e42-a817-96f5f83c7c43" />
    <UnitTestResult executionId="134f6d49-d424-47f5-b0fe-3f9293391160" testId="459f6dbc-95dc-52e2-690a-c27675c13490" testName="test_successful_sit_forces_attack_off_before_regen_tick_resolves" computerName="BRIAN" duration="00:00:00.0007600" startTime="2026-05-05T14:56:42.7830242-04:00" endTime="2026-05-05T14:56:42.7837845-04:00" testType="13cdc9d9-ddb5-4fa4-a97d-d965ccfc6d4b" outcome="Passed" testListId="8c84fa94-04c1-424b-9868-57a2d4851a1d" relativeResultsDirectory="134f6d49-d424-47f5-b0fe-3f9293391160" />
    <UnitTestResult executionId="0d11f763-c441-4358-93a1-6f1b92cedc46" testId="186ef45f-fe9a-de89-6b4e-e8a95bd1ddfd" testName="test_player_damage_contribution_can_qualify_without_parallel_persistent_state" computerName="BRIAN" duration="00:00:00.0004950" startTime="2026-05-05T14:56:42.7972584-04:00" endTime="2026-05-05T14:56:42.7977537-04:00" testType="13cdc9d9-ddb5-4fa4-a97d-d965ccfc6d4b" outcome="Passed" testListId="8c84fa94-04c1-424b-9868-57a2d4851a1d" relativeResultsDirectory="0d11f763-c441-4358-93a1-6f1b92cedc46" />
    <UnitTestResult executionId="81d44d2e-3ed7-4feb-91f1-23ef67258097" testId="2ecd3eba-6723-1021-f114-0e0dd818e4a3" testName="test_eligible_weapon_tick_revalidates_range_facing_los_and_alive_state(&quot;blocked sight&quot;,1.5d,0.0d,True,False,LineOfSightBlocked)" computerName="BRIAN" duration="00:00:00.0006310" startTime="2026-05-05T14:56:42.7868750-04:00" endTime="2026-05-05T14:56:42.7875058-04:00" testType="13cdc9d9-ddb5-4fa4-a97d-d965ccfc6d4b" outcome="Passed" testListId="8c84fa94-04c1-424b-9868-57a2d4851a1d" relativeResultsDirectory="81d44d2e-3ed7-4feb-91f1-23ef67258097" />
    <UnitTestResult executionId="1da33f96-9002-4b00-aacb-3a295fea2f11" testId="f370e923-3d1c-0b1f-475c-90253f167f9c" testName="test_combat_fixture_package_resolves_targeting_pull_and_leash_tuning" computerName="BRIAN" duration="00:00:00.0013150" startTime="2026-05-05T14:56:42.8454815-04:00" endTime="2026-05-05T14:56:42.8467965-04:00" testType="13cdc9d9-ddb5-4fa4-a97d-d965ccfc6d4b" outcome="Passed" testListId="8c84fa94-04c1-424b-9868-57a2d4851a1d" relativeResultsDirectory="1da33f96-9002-4b00-aacb-3a295fea2f11" />
    <UnitTestResult executionId="2b9d1404-78d2-421d-b6ee-245f174f3d2e" testId="104f57e9-a7b2-4a23-cd2d-d6c90110337c" testName="test_forced_off_transitions_project_hud_attack_off_signal(PlayerDeath)" computerName="BRIAN" duration="00:00:00.0000140" startTime="2026-05-05T14:56:42.7671486-04:00" endTime="2026-05-05T14:56:42.7671628-04:00" testType="13cdc9d9-ddb5-4fa4-a97d-d965ccfc6d4b" outcome="Passed" testListId="8c84fa94-04c1-424b-9868-57a2d4851a1d" relativeResultsDirectory="2b9d1404-78d2-421d-b6ee-245f174f3d2e" />
    <UnitTestResult executionId="57bee7f6-f88b-4e26-b24a-303293613275" testId="456d77e5-1244-8cd0-4039-ec70d0c94a50" testName="test_grouped_barrier_writer_is_not_called_when_any_member_is_unresolved" computerName="BRIAN" duration="00:00:00.0092730" startTime="2026-05-05T14:56:42.6674263-04:00" endTime="2026-05-05T14:56:42.6766665-04:00" testType="13cdc9d9-ddb5-4fa4-a97d-d965ccfc6d4b" outcome="Passed" testListId="8c84fa94-04c1-424b-9868-57a2d4851a1d" relativeResultsDirectory="57bee7f6-f88b-4e26-b24a-303293613275" />
    <UnitTestResult executionId="148fd6f1-1f7f-4d56-ae41-58943641cbe0" testId="9175f792-dd8a-ee44-ac29-029d5d918fb1" testName="test_player_kill_credit_event_contract_remains_approved_four_fields" computerName="BRIAN" duration="00:00:00.0001050" startTime="2026-05-05T14:56:42.8614007-04:00" endTime="2026-05-05T14:56:42.8615056-04:00" testType="13cdc9d9-ddb5-4fa4-a97d-d965ccfc6d4b" outcome="Passed" testListId="8c84fa94-04c1-424b-9868-57a2d4851a1d" relativeResultsDirectory="148fd6f1-1f7f-4d56-ae41-58943641cbe0" />
    <UnitTestResult executionId="5030ce7d-394b-49e3-8b0f-5f105dd3a059" testId="68fb80a4-bd55-c59b-295d-180a9a8b3f5e" testName="test_self_buff_duration_comes_from_fixture_profile_data" computerName="BRIAN" duration="00:00:00.0009290" startTime="2026-05-05T14:56:42.8195324-04:00" endTime="2026-05-05T14:56:42.8204612-04:00" testType="13cdc9d9-ddb5-4fa4-a97d-d965ccfc6d4b" outcome="Passed" testListId="8c84fa94-04c1-424b-9868-57a2d4851a1d" relativeResultsDirectory="5030ce7d-394b-49e3-8b0f-5f105dd3a059" />
    <UnitTestResult executionId="6a89642a-3f5f-470d-96c8-b58f06fe5ef4" testId="082fc771-2a89-ef50-1099-951b6be4dfd9" testName="test_pause_does_not_advance_clock_or_wall_clock_catch_up_melee_ticks" computerName="BRIAN" duration="00:00:00.0004500" startTime="2026-05-05T14:56:42.7921844-04:00" endTime="2026-05-05T14:56:42.7926343-04:00" testType="13cdc9d9-ddb5-4fa4-a97d-d965ccfc6d4b" outcome="Passed" testListId="8c84fa94-04c1-424b-9868-57a2d4851a1d" relativeResultsDirectory="6a89642a-3f5f-470d-96c8-b58f06fe5ef4" />
    <UnitTestResult executionId="29eb8aa5-0793-4f68-96db-1a874dbb95b0" testId="4f15759e-48a7-488b-bd54-9bd99a1ede41" testName="test_tactical_ability_profile_resolves_fixture_loaded_mid_band_values" computerName="BRIAN" duration="00:00:00.0006160" startTime="2026-05-05T14:56:42.8659505-04:00" endTime="2026-05-05T14:56:42.8665667-04:00" testType="13cdc9d9-ddb5-4fa4-a97d-d965ccfc6d4b" outcome="Passed" testListId="8c84fa94-04c1-424b-9868-57a2d4851a1d" relativeResultsDirectory="29eb8aa5-0793-4f68-96db-1a874dbb95b0" />
    <UnitTestResult executionId="a3dc77ca-37ed-4af7-8e85-d95395d67ccb" testId="2b048ff7-b91b-9cc4-1df8-e1250284fefb" testName="test_out_of_range_swing_skips_damage_and_schedules_only_next_weapon_delay" computerName="BRIAN" duration="00:00:00.0010750" startTime="2026-05-05T14:56:42.7910959-04:00" endTime="2026-05-05T14:56:42.7921711-04:00" testType="13cdc9d9-ddb5-4fa4-a97d-d965ccfc6d4b" outcome="Passed" testListId="8c84fa94-04c1-424b-9868-57a2d4851a1d" relativeResultsDirectory="a3dc77ca-37ed-4af7-8e85-d95395d67ccb" />
    <UnitTestResult executionId="2fbbcd71-5ce3-4997-b0a9-cbd6abc49779" testId="10713985-d7d6-30bf-3ee2-5dfc0ecc66c3" testName="test_combat_actor_hydration_rejects_missing_baseline_snapshot" computerName="BRIAN" duration="00:00:00.0006210" startTime="2026-05-05T14:56:42.7242190-04:00" endTime="2026-05-05T14:56:42.7248398-04:00" testType="13cdc9d9-ddb5-4fa4-a97d-d965ccfc6d4b" outcome="Passed" testListId="8c84fa94-04c1-424b-9868-57a2d4851a1d" relativeResultsDirectory="2fbbcd71-5ce3-4997-b0a9-cbd6abc49779" />
    <UnitTestResult executionId="501c31a8-2624-4c4f-822d-bc4dd2391343" testId="767f2bcf-ee0d-72bf-4c42-cc0585cbb4e4" testName="test_cleric_mid_t1_sitting_out_of_combat_regenerates_eight_mana_from_fixture_tuning" computerName="BRIAN" duration="00:00:00.0007720" startTime="2026-05-05T14:56:42.8615809-04:00" endTime="2026-05-05T14:56:42.8623529-04:00" testType="13cdc9d9-ddb5-4fa4-a97d-d965ccfc6d4b" outcome="Passed" testListId="8c84fa94-04c1-424b-9868-57a2d4851a1d" relativeResultsDirectory="501c31a8-2624-4c4f-822d-bc4dd2391343" />
    <UnitTestResult executionId="5ef98072-683e-4b42-b826-9072e391b013" testId="06c39495-a345-6c2f-adc5-af2e65ea0594" testName="test_social_assist_pulses_are_bounded_and_join_once_per_pull_episode" computerName="BRIAN" duration="00:00:00.0008730" startTime="2026-05-05T14:56:42.8321475-04:00" endTime="2026-05-05T14:56:42.8330205-04:00" testType="13cdc9d9-ddb5-4fa4-a97d-d965ccfc6d4b" outcome="Passed" testListId="8c84fa94-04c1-424b-9868-57a2d4851a1d" relativeResultsDirectory="5ef98072-683e-4b42-b826-9072e391b013" />
    <UnitTestResult executionId="17e98620-3835-42e5-a008-b5488b96885f" testId="caad7f8e-cd4a-fc04-d248-6b0046b1b5bd" testName="test_tactical_ability_profile_rejects_missing_requested_band" computerName="BRIAN" duration="00:00:00.0007020" startTime="2026-05-05T14:56:42.8652342-04:00" endTime="2026-05-05T14:56:42.8659357-04:00" testType="13cdc9d9-ddb5-4fa4-a97d-d965ccfc6d4b" outcome="Passed" testListId="8c84fa94-04c1-424b-9868-57a2d4851a1d" relativeResultsDirectory="17e98620-3835-42e5-a008-b5488b96885f" />
    <UnitTestResult executionId="ed9c9cb0-2609-41c0-804e-899d04ea31b3" testId="02388d24-0536-8eb9-5e34-f6edfd945556" testName="test_combat_fixture_package_declares_regen_and_combat_exit_tuning" computerName="BRIAN" duration="00:00:00.0005720" startTime="2026-05-05T14:56:42.8432218-04:00" endTime="2026-05-05T14:56:42.8437939-04:00" testType="13cdc9d9-ddb5-4fa4-a97d-d965ccfc6d4b" outcome="Passed" testListId="8c84fa94-04c1-424b-9868-57a2d4851a1d" relativeResultsDirectory="ed9c9cb0-2609-41c0-804e-899d04ea31b3" />
    <UnitTestResult executionId="529e6d6c-a252-4a10-9e7a-da1b9634fc1c" testId="b0a4f7a1-5d9e-e431-dcaf-942bd9f633dc" testName="test_negative_threat_entry_fails_loudly_before_category_projection" computerName="BRIAN" duration="00:00:00.0002810" startTime="2026-05-05T14:56:42.8560383-04:00" endTime="2026-05-05T14:56:42.8563195-04:00" testType="13cdc9d9-ddb5-4fa4-a97d-d965ccfc6d4b" outcome="Passed" testListId="8c84fa94-04c1-424b-9868-57a2d4851a1d" relativeResultsDirectory="529e6d6c-a252-4a10-9e7a-da1b9634fc1c" />
    <UnitTestResult executionId="c7947f71-ba8c-4ebb-9488-5bd0c6119dd8" testId="1a847147-72ac-4337-ad80-b41b0c4cb387" testName="test_tactical_ability_profile_preserves_declared_multi_effect_order" computerName="BRIAN" duration="00:00:00.0018940" startTime="2026-05-05T14:56:42.8633250-04:00" endTime="2026-05-05T14:56:42.8652187-04:00" testType="13cdc9d9-ddb5-4fa4-a97d-d965ccfc6d4b" outcome="Passed" testListId="8c84fa94-04c1-424b-9868-57a2d4851a1d" relativeResultsDirectory="c7947f71-ba8c-4ebb-9488-5bd0c6119dd8" />
    <UnitTestResult executionId="f4bc6a57-eeed-4bdd-a3c5-e0f9ef56a170" testId="4df7140e-b819-df90-eb34-1a7890860ff9" testName="test_regen_tick_interval_uses_fixture_seconds_and_combat_tick_rate" computerName="BRIAN" duration="00:00:00.0003970" startTime="2026-05-05T14:56:42.8623681-04:00" endTime="2026-05-05T14:56:42.8627651-04:00" testType="13cdc9d9-ddb5-4fa4-a97d-d965ccfc6d4b" outcome="Passed" testListId="8c84fa94-04c1-424b-9868-57a2d4851a1d" relativeResultsDirectory="f4bc6a57-eeed-4bdd-a3c5-e0f9ef56a170" />
    <UnitTestResult executionId="8726437f-5a70-49d1-a8c8-312daa360478" testId="b08ac564-917e-187f-0662-a76b0931844a" testName="test_seconds_to_ticks_uses_ceiling_against_injected_tick_rate" computerName="BRIAN" duration="00:00:00.0000670" startTime="2026-05-05T14:56:42.8403607-04:00" endTime="2026-05-05T14:56:42.8404281-04:00" testType="13cdc9d9-ddb5-4fa4-a97d-d965ccfc6d4b" outcome="Passed" testListId="8c84fa94-04c1-424b-9868-57a2d4851a1d" relativeResultsDirectory="8726437f-5a70-49d1-a8c8-312daa360478" />
    <UnitTestResult executionId="6641cae3-f61d-45fd-847e-3db2b260ed26" testId="82473b70-9445-e51c-e4bd-c575927dc56c" testName="test_forced_off_transitions_project_hud_attack_off_signal(SuccessfulSitOrMed)" computerName="BRIAN" duration="00:00:00.0001499" startTime="2026-05-05T14:56:42.7669798-04:00" endTime="2026-05-05T14:56:42.7671294-04:00" testType="13cdc9d9-ddb5-4fa4-a97d-d965ccfc6d4b" outcome="Passed" testListId="8c84fa94-04c1-424b-9868-57a2d4851a1d" relativeResultsDirectory="6641cae3-f61d-45fd-847e-3db2b260ed26" />
    <UnitTestResult executionId="eec606c5-f66b-48cb-b3a2-ab6c2c169816" testId="53fe0698-9053-9721-c059-d4aa4b2685c9" testName="test_current_target_threat_projects_stable_or_contested_without_raw_numeric_output" computerName="BRIAN" duration="00:00:00.0003390" startTime="2026-05-05T14:56:42.8555596-04:00" endTime="2026-05-05T14:56:42.8558986-04:00" testType="13cdc9d9-ddb5-4fa4-a97d-d965ccfc6d4b" outcome="Passed" testListId="8c84fa94-04c1-424b-9868-57a2d4851a1d" relativeResultsDirectory="eec606c5-f66b-48cb-b3a2-ab6c2c169816" />
    <UnitTestResult executionId="0edb838c-5ffa-496e-96a4-e5b045a859f6" testId="a3feacce-9d27-6f92-1f81-e196edaf7e5f" testName="test_combat_clock_advance_ticks_uses_fixed_duration" computerName="BRIAN" duration="00:00:00.0000940" startTime="2026-05-05T14:56:42.8404914-04:00" endTime="2026-05-05T14:56:42.8405853-04:00" testType="13cdc9d9-ddb5-4fa4-a97d-d965ccfc6d4b" outcome="Passed" testListId="8c84fa94-04c1-424b-9868-57a2d4851a1d" relativeResultsDirectory="0edb838c-5ffa-496e-96a4-e5b045a859f6" />
    <UnitTestResult executionId="f3c13b6e-0133-4ba0-9134-fd3d3127b908" testId="78b53350-8773-ef9c-a24d-75b4b869f4af" testName="test_repeat_kill_resolution_does_not_reemit_held_kill_credit" computerName="BRIAN" duration="00:00:00.0008910" startTime="2026-05-05T14:56:42.7998043-04:00" endTime="2026-05-05T14:56:42.8006955-04:00" testType="13cdc9d9-ddb5-4fa4-a97d-d965ccfc6d4b" outcome="Passed" testListId="8c84fa94-04c1-424b-9868-57a2d4851a1d" relativeResultsDirectory="f3c13b6e-0133-4ba0-9134-fd3d3127b908" />
    <UnitTestResult executionId="dc6c3f5b-cafe-4df7-a03f-1ad251c88565" testId="c0959d5a-8b71-f12e-2d5d-d5212d5bb659" testName="test_repeat_processing_same_defeated_runtime_actor_does_not_double_emit" computerName="BRIAN" duration="00:00:00.0006269" startTime="2026-05-05T14:56:42.8007092-04:00" endTime="2026-05-05T14:56:42.8013365-04:00" testType="13cdc9d9-ddb5-4fa4-a97d-d965ccfc6d4b" outcome="Passed" testListId="8c84fa94-04c1-424b-9868-57a2d4851a1d" relativeResultsDirectory="dc6c3f5b-cafe-4df7-a03f-1ad251c88565" />
    <UnitTestResult executionId="024eb70b-b96e-459b-9057-6b0570acab65" testId="46c92f82-73f7-71a4-3d6c-5444c98b6a9d" testName="test_kill_resolution_holds_kill_credit_until_progression_acknowledges" computerName="BRIAN" duration="00:00:00.0026679" startTime="2026-05-05T14:56:42.7929645-04:00" endTime="2026-05-05T14:56:42.7956320-04:00" testType="13cdc9d9-ddb5-4fa4-a97d-d965ccfc6d4b" outcome="Passed" testListId="8c84fa94-04c1-424b-9868-57a2d4851a1d" relativeResultsDirectory="024eb70b-b96e-459b-9057-6b0570acab65" />
    <UnitTestResult executionId="cc71ad74-bce9-483d-9ff7-05eba9150208" testId="e6c9de37-3ddf-c1e1-fc3e-b5528f3990cd" testName="test_sit_command_during_active_cast_is_rejected_by_rule_19_precondition" computerName="BRIAN" duration="00:00:00.0011890" startTime="2026-05-05T14:56:42.7806688-04:00" endTime="2026-05-05T14:56:42.7818576-04:00" testType="13cdc9d9-ddb5-4fa4-a97d-d965ccfc6d4b" outcome="Passed" testListId="8c84fa94-04c1-424b-9868-57a2d4851a1d" relativeResultsDirectory="cc71ad74-bce9-483d-9ff7-05eba9150208" />
    <UnitTestResult executionId="e32dc925-8f4e-463a-9a61-bc80ee353ddd" testId="ad078a8f-1446-4ace-e23d-b68cd9c1ac35" testName="test_progression_save_barrier_drains_pending_kill_credit_before_stable_read_view" computerName="BRIAN" duration="00:00:00.0006320" startTime="2026-05-05T14:56:42.8731960-04:00" endTime="2026-05-05T14:56:42.8738278-04:00" testType="13cdc9d9-ddb5-4fa4-a97d-d965ccfc6d4b" outcome="Passed" testListId="8c84fa94-04c1-424b-9868-57a2d4851a1d" relativeResultsDirectory="e32dc925-8f4e-463a-9a61-bc80ee353ddd" />
    <UnitTestResult executionId="6586de5f-8bcb-4164-a64f-d5f55fabfde0" testId="e1016321-1c99-22e2-cd49-121aeafc90a6" testName="test_player_toggle_off_is_an_approved_command_path_and_emits_hud_safe_off_signal" computerName="BRIAN" duration="00:00:00.0001460" startTime="2026-05-05T14:56:42.7285364-04:00" endTime="2026-05-05T14:56:42.7286826-04:00" testType="13cdc9d9-ddb5-4fa4-a97d-d965ccfc6d4b" outcome="Passed" testListId="8c84fa94-04c1-424b-9868-57a2d4851a1d" relativeResultsDirectory="6586de5f-8bcb-4164-a64f-d5f55fabfde0" />
    <UnitTestResult executionId="54c79c55-3e93-4ee4-90b3-5940d8d3abf9" testId="bb8d1b3d-f643-3656-552e-cd57e8abd89f" testName="test_forced_off_transitions_project_hud_attack_off_signal(CombatExit)" computerName="BRIAN" duration="00:00:00.0000100" startTime="2026-05-05T14:56:42.7671364-04:00" endTime="2026-05-05T14:56:42.7671461-04:00" testType="13cdc9d9-ddb5-4fa4-a97d-d965ccfc6d4b" outcome="Passed" testListId="8c84fa94-04c1-424b-9868-57a2d4851a1d" relativeResultsDirectory="54c79c55-3e93-4ee4-90b3-5940d8d3abf9" />
    <UnitTestResult executionId="3114162f-6ed2-451f-9ca2-675ecefe7f9a" testId="0ec27a4d-7366-16e3-5f56-78d5b8174932" testName="test_passive_combat_paths_do_not_enable_attack(BodyPull)" computerName="BRIAN" duration="00:00:00.0000080" startTime="2026-05-05T14:56:42.7284917-04:00" endTime="2026-05-05T14:56:42.7284998-04:00" testType="13cdc9d9-ddb5-4fa4-a97d-d965ccfc6d4b" outcome="Passed" testListId="8c84fa94-04c1-424b-9868-57a2d4851a1d" relativeResultsDirectory="3114162f-6ed2-451f-9ca2-675ecefe7f9a" />
    <UnitTestResult executionId="a8c61105-10a0-44e0-ad99-393a3974e804" testId="cf622bc6-ba9f-8306-05b4-a05cbcfe5e6f" testName="test_combat_fixture_package_resolves_cleric_mid_t1_design_values" computerName="BRIAN" duration="00:00:00.0006040" startTime="2026-05-05T14:56:42.8448640-04:00" endTime="2026-05-05T14:56:42.8454673-04:00" testType="13cdc9d9-ddb5-4fa4-a97d-d965ccfc6d4b" outcome="Passed" testListId="8c84fa94-04c1-424b-9868-57a2d4851a1d" relativeResultsDirectory="a8c61105-10a0-44e0-ad99-393a3974e804" />
    <UnitTestResult executionId="591c590c-003d-44d2-9e88-5996af482d7f" testId="266bd731-d588-a80c-eacd-29ab739a2cd1" testName="test_combat_fixture_loader_resolves_spells_tactical_instants_and_encounters" computerName="BRIAN" duration="00:00:00.0015610" startTime="2026-05-05T14:56:42.7631385-04:00" endTime="2026-05-05T14:56:42.7646985-04:00" testType="13cdc9d9-ddb5-4fa4-a97d-d965ccfc6d4b" outcome="Passed" testListId="8c84fa94-04c1-424b-9868-57a2d4851a1d" relativeResultsDirectory="591c590c-003d-44d2-9e88-5996af482d7f" />
    <UnitTestResult executionId="087dff74-72db-457c-ad0f-2646485b8d4d" testId="200632ff-3387-a9b0-fcd7-b5be641f4ea4" testName="test_one_stable_and_one_unresolved_group_member_fails_whole_save_attempt" computerName="BRIAN" duration="00:00:00.0005390" startTime="2026-05-05T14:56:42.6773490-04:00" endTime="2026-05-05T14:56:42.6778881-04:00" testType="13cdc9d9-ddb5-4fa4-a97d-d965ccfc6d4b" outcome="Passed" testListId="8c84fa94-04c1-424b-9868-57a2d4851a1d" relativeResultsDirectory="087dff74-72db-457c-ad0f-2646485b8d4d" />
    <UnitTestResult executionId="b23cb411-1e09-4314-b9c7-0c65d1bd234c" testId="f49cc549-0bac-129f-417a-aec8c8013619" testName="test_interrupt_formula_clamps_to_injected_bounds(1,1000,0.0d,4.0d,0.05d)" computerName="BRIAN" duration="00:00:00.0003600" startTime="2026-05-05T14:56:42.8396059-04:00" endTime="2026-05-05T14:56:42.8399659-04:00" testType="13cdc9d9-ddb5-4fa4-a97d-d965ccfc6d4b" outcome="Passed" testListId="8c84fa94-04c1-424b-9868-57a2d4851a1d" relativeResultsDirectory="b23cb411-1e09-4314-b9c7-0c65d1bd234c" />
    <UnitTestResult executionId="20a917e2-e179-411f-a87d-c2ce1cd1288b" testId="0609f7c7-6951-db49-ce69-ea2ba5bad7c0" testName="test_reaggro_requires_active_memory_distance_los_and_expiry_clears_threat" computerName="BRIAN" duration="00:00:00.0005689" startTime="2026-05-05T14:56:42.8303711-04:00" endTime="2026-05-05T14:56:42.8309397-04:00" testType="13cdc9d9-ddb5-4fa4-a97d-d965ccfc6d4b" outcome="Passed" testListId="8c84fa94-04c1-424b-9868-57a2d4851a1d" relativeResultsDirectory="20a917e2-e179-411f-a87d-c2ce1cd1288b" />
    <UnitTestResult executionId="0c1ad4a3-c4ef-4d7c-8ecc-a8ee0cb9df09" testId="741b39a7-a224-087a-4da7-d30dea041ad0" testName="test_haunt_zone_gate_enables_claim_targeting_and_pull" computerName="BRIAN" duration="00:00:00.0004770" startTime="2026-05-05T14:56:42.8271737-04:00" endTime="2026-05-05T14:56:42.8276504-04:00" testType="13cdc9d9-ddb5-4fa4-a97d-d965ccfc6d4b" outcome="Passed" testListId="8c84fa94-04c1-424b-9868-57a2d4851a1d" relativeResultsDirectory="0c1ad4a3-c4ef-4d7c-8ecc-a8ee0cb9df09" />
  </Results>
  <TestDefinitions>
    <UnitTest name="test_interrupt_formula_clamps_to_injected_bounds(90,100,4.0d,4.0d,0.85d)" storage="n:\gravenspire\tests\bin\debug\net8.0\gravenspire.combat.tests.dll" id="acdb4327-5add-cc61-caaf-af6538389cc1">
      <Execution id="58850553-7652-4d73-97cf-e3dcd211599f" />
      <TestMethod codeBase="N:\GravenSpire\tests\bin\Debug\net8.0\Gravenspire.Combat.Tests.dll" adapterTypeName="executor://nunit3testexecutor/" className="Gravenspire.Tests.Unit.Gameplay.Combat.CombatCastInterruptFormulasTest" name="test_interrupt_formula_clamps_to_injected_bounds(90,100,4.0d,4.0d,0.85d)" />
    </UnitTest>
    <UnitTest name="test_combat_fixture_package_validates_required_t1_rows" storage="n:\gravenspire\tests\bin\debug\net8.0\gravenspire.combat.tests.dll" id="38742b76-5145-41c4-946f-5a2aa209a875">
      <Execution id="5094620e-ecfb-450d-93fb-6952a3289d64" />
      <TestMethod codeBase="N:\GravenSpire\tests\bin\Debug\net8.0\Gravenspire.Combat.Tests.dll" adapterTypeName="executor://nunit3testexecutor/" className="Gravenspire.Tests.Unit.Gameplay.Combat.CombatFixtureValidationTest" name="test_combat_fixture_package_validates_required_t1_rows" />
    </UnitTest>
    <UnitTest name="test_player_damage_contribution_can_qualify_without_parallel_persistent_state" storage="n:\gravenspire\tests\bin\debug\net8.0\gravenspire.combat.tests.dll" id="186ef45f-fe9a-de89-6b4e-e8a95bd1ddfd">
      <Execution id="0d11f763-c441-4358-93a1-6f1b92cedc46" />
      <TestMethod codeBase="N:\GravenSpire\tests\bin\Debug\net8.0\Gravenspire.Combat.Tests.dll" adapterTypeName="executor://nunit3testexecutor/" className="Gravenspire.Tests.Integration.Gameplay.Combat.CombatNpcDeathKillCreditTest" name="test_player_damage_contribution_can_qualify_without_parallel_persistent_state" />
    </UnitTest>
    <UnitTest name="test_duplicate_kill_credit_dedupes_by_stable_source_lifecycle_key" storage="n:\gravenspire\tests\bin\debug\net8.0\gravenspire.combat.tests.dll" id="3fa061e2-0fec-0178-8e22-c22b4af65205">
      <Execution id="9eb3bf0b-7204-495f-be63-111a038cf8c9" />
      <TestMethod codeBase="N:\GravenSpire\tests\bin\Debug\net8.0\Gravenspire.Combat.Tests.dll" adapterTypeName="executor://nunit3testexecutor/" className="Gravenspire.Tests.Unit.Gameplay.Progression.CharacterProgressionKillCreditProcessorTest" name="test_duplicate_kill_credit_dedupes_by_stable_source_lifecycle_key" />
    </UnitTest>
    <UnitTest name="test_missing_snapshot_rejects_xp_without_combat_fallback" storage="n:\gravenspire\tests\bin\debug\net8.0\gravenspire.combat.tests.dll" id="c068649e-1692-a800-84f2-683df2fdf80c">
      <Execution id="fd1a248a-834c-4649-adbc-86ab762be0de" />
      <TestMethod codeBase="N:\GravenSpire\tests\bin\Debug\net8.0\Gravenspire.Combat.Tests.dll" adapterTypeName="executor://nunit3testexecutor/" className="Gravenspire.Tests.Unit.Gameplay.Progression.CharacterProgressionKillCreditProcessorTest" name="test_missing_snapshot_rejects_xp_without_combat_fallback" />
    </UnitTest>
    <UnitTest name="test_forced_off_conditions_turn_attack_off_and_emit_hud_safe_signal(SuccessfulSitOrMed)" storage="n:\gravenspire\tests\bin\debug\net8.0\gravenspire.combat.tests.dll" id="02be22a0-308b-09b3-7484-6037402feef7">
      <Execution id="5ab34154-56f8-4cd8-9042-c9d152525862" />
      <TestMethod codeBase="N:\GravenSpire\tests\bin\Debug\net8.0\Gravenspire.Combat.Tests.dll" adapterTypeName="executor://nunit3testexecutor/" className="Gravenspire.Tests.Integration.Gameplay.Combat.CombatAttackToggleStateMachineTest" name="test_forced_off_conditions_turn_attack_off_and_emit_hud_safe_signal(SuccessfulSitOrMed)" />
    </UnitTest>
    <UnitTest name="test_reaggro_requires_active_memory_distance_los_and_expiry_clears_threat" storage="n:\gravenspire\tests\bin\debug\net8.0\gravenspire.combat.tests.dll" id="0609f7c7-6951-db49-ce69-ea2ba5bad7c0">
      <Execution id="20a917e2-e179-411f-a87d-c2ce1cd1288b" />
      <TestMethod codeBase="N:\GravenSpire\tests\bin\Debug\net8.0\Gravenspire.Combat.Tests.dll" adapterTypeName="executor://nunit3testexecutor/" className="Gravenspire.Tests.Integration.Gameplay.Combat.CombatTargetingPullLeashTest" name="test_reaggro_requires_active_memory_distance_los_and_expiry_clears_threat" />
    </UnitTest>
    <UnitTest name="test_current_target_threat_projects_stable_or_contested_without_raw_numeric_output" storage="n:\gravenspire\tests\bin\debug\net8.0\gravenspire.combat.tests.dll" id="53fe0698-9053-9721-c059-d4aa4b2685c9">
      <Execution id="eec606c5-f66b-48cb-b3a2-ab6c2c169816" />
      <TestMethod codeBase="N:\GravenSpire\tests\bin\Debug\net8.0\Gravenspire.Combat.Tests.dll" adapterTypeName="executor://nunit3testexecutor/" className="Gravenspire.Tests.Unit.Gameplay.Combat.CombatHudThreatCategoryTest" name="test_current_target_threat_projects_stable_or_contested_without_raw_numeric_output" />
    </UnitTest>
    <UnitTest name="test_seconds_to_ticks_uses_ceiling_against_injected_tick_rate" storage="n:\gravenspire\tests\bin\debug\net8.0\gravenspire.combat.tests.dll" id="b08ac564-917e-187f-0662-a76b0931844a">
      <Execution id="8726437f-5a70-49d1-a8c8-312daa360478" />
      <TestMethod codeBase="N:\GravenSpire\tests\bin\Debug\net8.0\Gravenspire.Combat.Tests.dll" adapterTypeName="executor://nunit3testexecutor/" className="Gravenspire.Tests.Unit.Gameplay.Combat.CombatCastInterruptFormulasTest" name="test_seconds_to_ticks_uses_ceiling_against_injected_tick_rate" />
    </UnitTest>
    <UnitTest name="test_non_top_threat_projects_listed_or_close_without_raw_numeric_output" storage="n:\gravenspire\tests\bin\debug\net8.0\gravenspire.combat.tests.dll" id="6bcb926a-a00b-9bdb-28e5-644514d6190c">
      <Execution id="d0c130a2-cc8d-4a82-9a43-dc40822011e1" />
      <TestMethod codeBase="N:\GravenSpire\tests\bin\Debug\net8.0\Gravenspire.Combat.Tests.dll" adapterTypeName="executor://nunit3testexecutor/" className="Gravenspire.Tests.Unit.Gameplay.Combat.CombatHudThreatCategoryTest" name="test_non_top_threat_projects_listed_or_close_without_raw_numeric_output" />
    </UnitTest>
    <UnitTest name="test_out_of_combat_sitting_mana_regen_clamps_to_max_mana" storage="n:\gravenspire\tests\bin\debug\net8.0\gravenspire.combat.tests.dll" id="35d06612-3af7-a0e3-2da0-c97138a9413e">
      <Execution id="568eb876-ef0d-40b4-aaae-9dd7c7520e8f" />
      <TestMethod codeBase="N:\GravenSpire\tests\bin\Debug\net8.0\Gravenspire.Combat.Tests.dll" adapterTypeName="executor://nunit3testexecutor/" className="Gravenspire.Tests.Integration.Gameplay.Combat.CombatMedSitRegenCombatExitTest" name="test_out_of_combat_sitting_mana_regen_clamps_to_max_mana" />
    </UnitTest>
    <UnitTest name="test_combat_fixture_package_declares_regen_and_combat_exit_tuning" storage="n:\gravenspire\tests\bin\debug\net8.0\gravenspire.combat.tests.dll" id="02388d24-0536-8eb9-5e34-f6edfd945556">
      <Execution id="ed9c9cb0-2609-41c0-804e-899d04ea31b3" />
      <TestMethod codeBase="N:\GravenSpire\tests\bin\Debug\net8.0\Gravenspire.Combat.Tests.dll" adapterTypeName="executor://nunit3testexecutor/" className="Gravenspire.Tests.Unit.Gameplay.Combat.CombatFixtureValidationTest" name="test_combat_fixture_package_declares_regen_and_combat_exit_tuning" />
    </UnitTest>
    <UnitTest name="test_melee_hit_chance_clamps_and_honors_boundary_inputs(5,5,30,30,0.72d)" storage="n:\gravenspire\tests\bin\debug\net8.0\gravenspire.combat.tests.dll" id="5bd22301-7b0d-ecad-8ea1-05a08f0c361a">
      <Execution id="60ed0361-5091-4595-9478-8feb3418686f" />
      <TestMethod codeBase="N:\GravenSpire\tests\bin\Debug\net8.0\Gravenspire.Combat.Tests.dll" adapterTypeName="executor://nunit3testexecutor/" className="Gravenspire.Tests.Unit.Gameplay.Combat.CombatMeleeFormulasTest" name="test_melee_hit_chance_clamps_and_honors_boundary_inputs(5,5,30,30,0.72d)" />
    </UnitTest>
    <UnitTest name="test_city_zone_gate_blocks_damage_on_each_eligible_tick" storage="n:\gravenspire\tests\bin\debug\net8.0\gravenspire.combat.tests.dll" id="09b07e53-993b-b255-9c37-85cc605e7693">
      <Execution id="71011828-8538-4969-8bc3-12079d4f49cd" />
      <TestMethod codeBase="N:\GravenSpire\tests\bin\Debug\net8.0\Gravenspire.Combat.Tests.dll" adapterTypeName="executor://nunit3testexecutor/" className="Gravenspire.Tests.Integration.Gameplay.Combat.CombatMeleeTickResolutionTest" name="test_city_zone_gate_blocks_damage_on_each_eligible_tick" />
    </UnitTest>
    <UnitTest name="test_combat_fixture_validator_rejects_invalid_regen_and_combat_exit_tuning" storage="n:\gravenspire\tests\bin\debug\net8.0\gravenspire.combat.tests.dll" id="f3cfd34e-353d-9f00-7248-ef29535bab5b">
      <Execution id="be6099ea-0b92-4807-af60-729d94250986" />
      <TestMethod codeBase="N:\GravenSpire\tests\bin\Debug\net8.0\Gravenspire.Combat.Tests.dll" adapterTypeName="executor://nunit3testexecutor/" className="Gravenspire.Tests.Unit.Gameplay.Combat.CombatFixtureValidationTest" name="test_combat_fixture_validator_rejects_invalid_regen_and_combat_exit_tuning" />
    </UnitTest>
    <UnitTest name="test_attack_on_and_off_signals_project_to_hud_event_stream" storage="n:\gravenspire\tests\bin\debug\net8.0\gravenspire.combat.tests.dll" id="0fe49ec9-49f8-0b1a-77b5-3a813109060e">
      <Execution id="1dc72fe7-6a48-4fa3-8e0a-2edb737e0b59" />
      <TestMethod codeBase="N:\GravenSpire\tests\bin\Debug\net8.0\Gravenspire.Combat.Tests.dll" adapterTypeName="executor://nunit3testexecutor/" className="Gravenspire.Tests.Integration.Gameplay.Combat.CombatHudStateSignalTest" name="test_attack_on_and_off_signals_project_to_hud_event_stream" />
    </UnitTest>
    <UnitTest name="test_unresolved_progression_barrier_rejects_same_frame_save_without_bytes" storage="n:\gravenspire\tests\bin\debug\net8.0\gravenspire.combat.tests.dll" id="bf5cc10a-aaf4-a71a-2ba9-0ac75221c06e">
      <Execution id="85e8c37b-1dfe-467c-a8ed-340b2cb7dbdd" />
      <TestMethod codeBase="N:\GravenSpire\tests\bin\Debug\net8.0\Gravenspire.Combat.Tests.dll" adapterTypeName="executor://nunit3testexecutor/" className="Gravenspire.Tests.Integration.Gameplay.Progression.ProgressionSaveBarrierKillCreditConsistencyTest" name="test_unresolved_progression_barrier_rejects_same_frame_save_without_bytes" />
    </UnitTest>
[...]
    <TestEntry testId="dbb1fc28-d235-c7de-149d-f3820c8f4616" executionId="64582524-a996-46ba-a249-266a6bb75665" testListId="8c84fa94-04c1-424b-9868-57a2d4851a1d" />
    <TestEntry testId="7a68451b-e96f-6a9b-9ff3-fab2daa6a8bb" executionId="2cd1085d-f32f-4016-9ee6-2823cfde18ef" testListId="8c84fa94-04c1-424b-9868-57a2d4851a1d" />
    <TestEntry testId="4481cff0-06ae-923c-2804-497c4a1ca7a7" executionId="f2a6aaa8-b93e-4c9c-a97f-e47dd7ba8501" testListId="8c84fa94-04c1-424b-9868-57a2d4851a1d" />
    <TestEntry testId="30528113-4581-3233-1730-257d26eb61e8" executionId="31f7d4b1-f3c4-469e-84c3-ebc252e15627" testListId="8c84fa94-04c1-424b-9868-57a2d4851a1d" />
    <TestEntry testId="e0d639e2-97af-1693-3e98-90f39d98954a" executionId="0d5d9a01-372d-496f-9185-a19f22ccea24" testListId="8c84fa94-04c1-424b-9868-57a2d4851a1d" />
    <TestEntry testId="31dd81de-6124-96ae-941c-8106255da461" executionId="20e36720-7cd0-4e4a-be6b-d663f3968b74" testListId="8c84fa94-04c1-424b-9868-57a2d4851a1d" />
    <TestEntry testId="f22fd075-6b8b-34a6-b628-dcb8104915f7" executionId="72d656ec-32fd-4333-8ad4-62d454bf632d" testListId="8c84fa94-04c1-424b-9868-57a2d4851a1d" />
    <TestEntry testId="bb6fbc0f-e24a-731a-0083-6399a23ca81a" executionId="4dfc0245-ba91-4364-abc0-6e2b15dd55ea" testListId="8c84fa94-04c1-424b-9868-57a2d4851a1d" />
    <TestEntry testId="0fe49ec9-49f8-0b1a-77b5-3a813109060e" executionId="1dc72fe7-6a48-4fa3-8e0a-2edb737e0b59" testListId="8c84fa94-04c1-424b-9868-57a2d4851a1d" />
    <TestEntry testId="f3ec78a0-acc5-947d-89fa-4651496700f2" executionId="9c789104-cefe-4d43-a7fe-321101de1c9d" testListId="8c84fa94-04c1-424b-9868-57a2d4851a1d" />
    <TestEntry testId="8b2fadda-8019-9961-3c11-fc5efc417d3f" executionId="f9e376bc-8293-4c20-ac57-d895bd9c5d1f" testListId="8c84fa94-04c1-424b-9868-57a2d4851a1d" />
    <TestEntry testId="c068649e-1692-a800-84f2-683df2fdf80c" executionId="fd1a248a-834c-4649-adbc-86ab762be0de" testListId="8c84fa94-04c1-424b-9868-57a2d4851a1d" />
    <TestEntry testId="573343ed-5716-a4f7-ddf0-c3e2bed8a810" executionId="85447e14-5df0-4664-8d5e-04107e653d2c" testListId="8c84fa94-04c1-424b-9868-57a2d4851a1d" />
    <TestEntry testId="654cd8b7-1699-dc3f-0011-40dd09624b1b" executionId="e5ab2b03-0345-4344-84fd-0c885c16b34b" testListId="8c84fa94-04c1-424b-9868-57a2d4851a1d" />
    <TestEntry testId="09d15be2-402f-d562-3d50-976ce0334628" executionId="8dd55b19-7892-4734-a324-0e37d1b3c70e" testListId="8c84fa94-04c1-424b-9868-57a2d4851a1d" />
    <TestEntry testId="8f874cde-082c-7895-5ff6-5c9a8b22eaec" executionId="8a87192b-ff13-4fde-9757-ff25fffac045" testListId="8c84fa94-04c1-424b-9868-57a2d4851a1d" />
    <TestEntry testId="0fd97fbd-f6f7-6b36-7e79-decbebde8209" executionId="c1c66dc6-7260-428c-ad08-e36c52eba0fe" testListId="8c84fa94-04c1-424b-9868-57a2d4851a1d" />
    <TestEntry testId="242af03b-bf5b-46fc-e914-db294451550d" executionId="15ffc650-0f22-43ef-a06e-e12c5d785e89" testListId="8c84fa94-04c1-424b-9868-57a2d4851a1d" />
    <TestEntry testId="f0d5177a-e97c-d50d-f458-8f7bac4f52bc" executionId="38f02831-a5d9-4c75-9a89-73065e4ae069" testListId="8c84fa94-04c1-424b-9868-57a2d4851a1d" />
    <TestEntry testId="2238a2b9-f43e-5a9e-eaa2-2ae1b817016c" executionId="2ee12861-3bfa-4b20-ab00-a241ec18d3e4" testListId="8c84fa94-04c1-424b-9868-57a2d4851a1d" />
    <TestEntry testId="0aaeafb3-de1a-f812-f2ac-45c18e263dad" executionId="e9d313fe-9344-45a0-a72f-3c4eba729fb7" testListId="8c84fa94-04c1-424b-9868-57a2d4851a1d" />
    <TestEntry testId="408b7774-f36d-d066-17bd-14f13df3b6a8" executionId="e80c7751-63ae-4442-b188-6225cb2fd3f3" testListId="8c84fa94-04c1-424b-9868-57a2d4851a1d" />
    <TestEntry testId="200e58b1-bdbe-12db-780e-939900502b83" executionId="1f2dfe6e-ef22-43c7-bc37-18b103849140" testListId="8c84fa94-04c1-424b-9868-57a2d4851a1d" />
    <TestEntry testId="820b0372-5f0a-be87-6ab2-5990039a84cb" executionId="b23b9ac8-9a40-41f9-9a86-149e8bb57da4" testListId="8c84fa94-04c1-424b-9868-57a2d4851a1d" />
    <TestEntry testId="5516a88b-f484-6862-71e6-71cf353421b4" executionId="d7138d7c-6eaa-4880-8614-1fe6c236032b" testListId="8c84fa94-04c1-424b-9868-57a2d4851a1d" />
    <TestEntry testId="505a48d1-2ea7-aac4-560e-84e937c343d2" executionId="b39806f8-b3e7-463a-b493-ca0e5d0cf421" testListId="8c84fa94-04c1-424b-9868-57a2d4851a1d" />
    <TestEntry testId="0ade053e-d8d5-65c4-7361-eb338196a9dc" executionId="5f147caf-e9c2-4018-8787-cb7772d51b91" testListId="8c84fa94-04c1-424b-9868-57a2d4851a1d" />
    <TestEntry testId="4597b75a-91e0-94d0-a15c-cfd2a6df4f62" executionId="66576274-29d2-4e49-8f29-743fd97b1c35" testListId="8c84fa94-04c1-424b-9868-57a2d4851a1d" />
    <TestEntry testId="aaa2f95e-c9c2-de15-c24c-cee51fd7d071" executionId="f45c30b8-754e-46f3-9e33-67d9add210ec" testListId="8c84fa94-04c1-424b-9868-57a2d4851a1d" />
    <TestEntry testId="759a9fe2-e8e3-4bdb-5945-9e644c89457a" executionId="da877d9f-9436-4c3f-9fb3-95c5bf321aff" testListId="8c84fa94-04c1-424b-9868-57a2d4851a1d" />
    <TestEntry testId="f3cfd34e-353d-9f00-7248-ef29535bab5b" executionId="be6099ea-0b92-4807-af60-729d94250986" testListId="8c84fa94-04c1-424b-9868-57a2d4851a1d" />
    <TestEntry testId="38742b76-5145-41c4-946f-5a2aa209a875" executionId="5094620e-ecfb-450d-93fb-6952a3289d64" testListId="8c84fa94-04c1-424b-9868-57a2d4851a1d" />
    <TestEntry testId="154d7153-cb1b-f71d-e606-63633464063a" executionId="509c8b32-8d75-4737-a888-bfee618f4a22" testListId="8c84fa94-04c1-424b-9868-57a2d4851a1d" />
    <TestEntry testId="35d06612-3af7-a0e3-2da0-c97138a9413e" executionId="568eb876-ef0d-40b4-aaae-9dd7c7520e8f" testListId="8c84fa94-04c1-424b-9868-57a2d4851a1d" />
    <TestEntry testId="bb8dc6f4-1ae0-aced-345b-a1c6887f9fd7" executionId="331d5582-d4d4-4419-998e-6edc21918312" testListId="8c84fa94-04c1-424b-9868-57a2d4851a1d" />
    <TestEntry testId="bd7e0408-3a77-bf6f-de7e-e05f6c4b76a7" executionId="018f2ce0-1521-4d3c-a57f-f9c10d2be5d6" testListId="8c84fa94-04c1-424b-9868-57a2d4851a1d" />
    <TestEntry testId="b29710fb-d754-ad14-bcfb-bc7d34b02b03" executionId="226c1f71-c3b7-4a10-80e7-76d9effbb414" testListId="8c84fa94-04c1-424b-9868-57a2d4851a1d" />
    <TestEntry testId="2f23a5a2-5506-12da-46f3-d78e76fe496a" executionId="00c57f1c-ed56-42ad-b6ec-c60e9100b816" testListId="8c84fa94-04c1-424b-9868-57a2d4851a1d" />
    <TestEntry testId="45c0ef0e-dd19-4cff-a30b-1dbf3d5a4210" executionId="06b2f450-a8bc-4268-b1dd-4eb6c08e0387" testListId="8c84fa94-04c1-424b-9868-57a2d4851a1d" />
    <TestEntry testId="9edaa9d2-cfa7-71f1-0494-76116c7878c0" executionId="e100814a-326e-475e-a955-dccef1822a4f" testListId="8c84fa94-04c1-424b-9868-57a2d4851a1d" />
    <TestEntry testId="ab5e6356-27f3-34a9-d4e4-4b49b465f48c" executionId="c18dabf4-312d-4ad1-bda3-13c28eb418c2" testListId="8c84fa94-04c1-424b-9868-57a2d4851a1d" />
    <TestEntry testId="1791f5b3-5e24-0819-55f9-1dbf5d2c44b5" executionId="023ae42c-4059-4b0d-9389-d2afa524f219" testListId="8c84fa94-04c1-424b-9868-57a2d4851a1d" />
    <TestEntry testId="20b6918d-1a40-3669-7480-f4692fd34d7a" executionId="4f3ae21a-7880-4096-bf88-d74b024e1bd9" testListId="8c84fa94-04c1-424b-9868-57a2d4851a1d" />
    <TestEntry testId="ea5b3a0a-b5a5-7379-64fa-6706fbddd192" executionId="d5467005-d32b-4d6b-94b0-c9fab9fa61fb" testListId="8c84fa94-04c1-424b-9868-57a2d4851a1d" />
    <TestEntry testId="a98270b6-3be0-ac77-57fe-95b162720f3c" executionId="d5ce92ec-54e6-4e39-b656-c7c4bf3407fe" testListId="8c84fa94-04c1-424b-9868-57a2d4851a1d" />
    <TestEntry testId="6b7c1f71-5e0b-e619-c3a2-80a9a674d6f5" executionId="495b05c8-4f87-4ece-9a1b-984f8d728627" testListId="8c84fa94-04c1-424b-9868-57a2d4851a1d" />
    <TestEntry testId="a1f34926-b941-2921-98b2-860661573728" executionId="3307e066-53f4-4923-b05b-df566289089a" testListId="8c84fa94-04c1-424b-9868-57a2d4851a1d" />
    <TestEntry testId="8b021fd3-e23c-f5e8-2bc0-654ea1a07406" executionId="5aae1387-3242-46b1-a3c3-66eff523dbd4" testListId="8c84fa94-04c1-424b-9868-57a2d4851a1d" />
    <TestEntry testId="45c0a967-f0a1-2f64-5b53-5e8b2877566a" executionId="10d7c54e-63eb-49a9-a6c2-e0c3177095f0" testListId="8c84fa94-04c1-424b-9868-57a2d4851a1d" />
    <TestEntry testId="53728362-84cd-7548-bf24-25b503edc85b" executionId="f5c7f91d-c527-4dc7-b9f3-47bae9583d0d" testListId="8c84fa94-04c1-424b-9868-57a2d4851a1d" />
    <TestEntry testId="a4fc5ce7-98ce-3584-841e-20ba0d2ce715" executionId="0cbf38ca-1e2f-49d6-b94a-052099ad79a5" testListId="8c84fa94-04c1-424b-9868-57a2d4851a1d" />
    <TestEntry testId="acdb4327-5add-cc61-caaf-af6538389cc1" executionId="58850553-7652-4d73-97cf-e3dcd211599f" testListId="8c84fa94-04c1-424b-9868-57a2d4851a1d" />
    <TestEntry testId="e192364c-7ec3-9812-f1bc-2c7a33a956d6" executionId="983211c4-d75f-4358-a7f9-9e427cbb08a3" testListId="8c84fa94-04c1-424b-9868-57a2d4851a1d" />
    <TestEntry testId="e4d26672-bbc8-fbed-42f5-2935da89aaad" executionId="8f030d09-d0a1-4fdb-8f38-99e0b3407c99" testListId="8c84fa94-04c1-424b-9868-57a2d4851a1d" />
    <TestEntry testId="ca3de4af-a428-ab10-8245-726ed4f5d8d7" executionId="4d5f3fc6-19f2-40b9-84e2-91f569404f47" testListId="8c84fa94-04c1-424b-9868-57a2d4851a1d" />
    <TestEntry testId="02be22a0-308b-09b3-7484-6037402feef7" executionId="5ab34154-56f8-4cd8-9042-c9d152525862" testListId="8c84fa94-04c1-424b-9868-57a2d4851a1d" />
    <TestEntry testId="5bd22301-7b0d-ecad-8ea1-05a08f0c361a" executionId="60ed0361-5091-4595-9478-8feb3418686f" testListId="8c84fa94-04c1-424b-9868-57a2d4851a1d" />
    <TestEntry testId="fd812598-b183-a49b-9046-c8aa53abc929" executionId="a5e8e387-bf90-4a65-bb10-7084888a0319" testListId="8c84fa94-04c1-424b-9868-57a2d4851a1d" />
    <TestEntry testId="48510470-e43e-af14-e67a-0936ddabfdcc" executionId="087c307a-119a-4297-9b61-c56b23a37aa7" testListId="8c84fa94-04c1-424b-9868-57a2d4851a1d" />
    <TestEntry testId="3047f30d-2248-6654-3e64-02b635dc3ac6" executionId="528fcb1d-5481-43cc-88e7-997b39b418fd" testListId="8c84fa94-04c1-424b-9868-57a2d4851a1d" />
    <TestEntry testId="43c755cb-28bd-db4d-1012-f36a8b40cc25" executionId="74daf132-fb07-4743-80f1-9d2cb2ea60d8" testListId="8c84fa94-04c1-424b-9868-57a2d4851a1d" />
    <TestEntry testId="8cb1d39d-b99a-87af-34ee-20bd0cf34e93" executionId="7028e91b-e4e2-4425-9cff-89609e736749" testListId="8c84fa94-04c1-424b-9868-57a2d4851a1d" />
    <TestEntry testId="100b7ecc-5c46-9f55-8f36-eb2acb078492" executionId="380631a3-5bf7-4896-acec-769f83b167f9" testListId="8c84fa94-04c1-424b-9868-57a2d4851a1d" />
    <TestEntry testId="723f54e9-b904-6418-d194-b41b28b492f9" executionId="49a164d6-df30-46bf-a6b3-9fcda01f6b17" testListId="8c84fa94-04c1-424b-9868-57a2d4851a1d" />
    <TestEntry testId="6bcb926a-a00b-9bdb-28e5-644514d6190c" executionId="d0c130a2-cc8d-4a82-9a43-dc40822011e1" testListId="8c84fa94-04c1-424b-9868-57a2d4851a1d" />
    <TestEntry testId="b41a1ac5-a9b0-0f1c-ceb9-29a7783030c4" executionId="72dd5a94-eb0d-4e83-ad1a-49a51350feec" testListId="8c84fa94-04c1-424b-9868-57a2d4851a1d" />
    <TestEntry testId="1c4d64ff-f44f-7231-4cf9-d400b86d9e15" executionId="83b1ef75-fe2c-414e-b7f7-8fa7d7524c9a" testListId="8c84fa94-04c1-424b-9868-57a2d4851a1d" />
    <TestEntry testId="08d6ac0c-0b6e-6c33-9973-634514ba5a56" executionId="b7d849db-a27c-4e9f-94c7-a1c7032d4e5d" testListId="8c84fa94-04c1-424b-9868-57a2d4851a1d" />
    <TestEntry testId="86637e3c-4861-bcac-ad84-39cecef23e79" executionId="421f9d15-10d1-406d-8308-5b5f9141a499" testListId="8c84fa94-04c1-424b-9868-57a2d4851a1d" />
    <TestEntry testId="987ab916-60fd-22f3-5057-0ccd73c9d3b6" executionId="80142d2f-5b5a-48cb-b4dc-41a5ac0133f1" testListId="8c84fa94-04c1-424b-9868-57a2d4851a1d" />
    <TestEntry testId="a4864b1c-7b9b-d74d-db76-5dc6cabb4195" executionId="35f4c9fe-d26b-44a2-8953-afb633f260b4" testListId="8c84fa94-04c1-424b-9868-57a2d4851a1d" />
    <TestEntry testId="36dbb467-76d7-f6f7-e6d2-66366935fd96" executionId="dca50b50-551f-4773-9ba1-d9b73b5f4314" testListId="8c84fa94-04c1-424b-9868-57a2d4851a1d" />
    <TestEntry testId="112ef26b-b581-da16-e2aa-fbf030745102" executionId="6eac0de8-938a-4e59-b562-37b138aa3133" testListId="8c84fa94-04c1-424b-9868-57a2d4851a1d" />
    <TestEntry testId="07b3e8a3-fa79-9867-6c2d-09f8c62b4af9" executionId="221140c5-3d8c-46b8-8321-19b73a07e66f" testListId="8c84fa94-04c1-424b-9868-57a2d4851a1d" />
    <TestEntry testId="26eee1f6-f642-2dd7-fd79-270496001180" executionId="320c7920-db0c-46ee-8b8e-6b32f2ab028e" testListId="8c84fa94-04c1-424b-9868-57a2d4851a1d" />
    <TestEntry testId="de8ee3a3-9174-40d5-2212-68f9a477a22a" executionId="2f053313-152c-42a8-ba26-3dbedf33c9bb" testListId="8c84fa94-04c1-424b-9868-57a2d4851a1d" />
    <TestEntry testId="3db8fcda-c6b4-81b1-6f22-2b5a6cbf12d4" executionId="af138c13-1ec9-4555-9f0f-36d9c471e735" testListId="8c84fa94-04c1-424b-9868-57a2d4851a1d" />
    <TestEntry testId="6b443170-429b-457b-6f92-d34edf1c5007" executionId="a62ce6fb-4be4-4e42-a817-96f5f83c7c43" testListId="8c84fa94-04c1-424b-9868-57a2d4851a1d" />
    <TestEntry testId="459f6dbc-95dc-52e2-690a-c27675c13490" executionId="134f6d49-d424-47f5-b0fe-3f9293391160" testListId="8c84fa94-04c1-424b-9868-57a2d4851a1d" />
    <TestEntry testId="186ef45f-fe9a-de89-6b4e-e8a95bd1ddfd" executionId="0d11f763-c441-4358-93a1-6f1b92cedc46" testListId="8c84fa94-04c1-424b-9868-57a2d4851a1d" />
    <TestEntry testId="2ecd3eba-6723-1021-f114-0e0dd818e4a3" executionId="81d44d2e-3ed7-4feb-91f1-23ef67258097" testListId="8c84fa94-04c1-424b-9868-57a2d4851a1d" />
    <TestEntry testId="f370e923-3d1c-0b1f-475c-90253f167f9c" executionId="1da33f96-9002-4b00-aacb-3a295fea2f11" testListId="8c84fa94-04c1-424b-9868-57a2d4851a1d" />
    <TestEntry testId="104f57e9-a7b2-4a23-cd2d-d6c90110337c" executionId="2b9d1404-78d2-421d-b6ee-245f174f3d2e" testListId="8c84fa94-04c1-424b-9868-57a2d4851a1d" />
    <TestEntry testId="456d77e5-1244-8cd0-4039-ec70d0c94a50" executionId="57bee7f6-f88b-4e26-b24a-303293613275" testListId="8c84fa94-04c1-424b-9868-57a2d4851a1d" />
    <TestEntry testId="9175f792-dd8a-ee44-ac29-029d5d918fb1" executionId="148fd6f1-1f7f-4d56-ae41-58943641cbe0" testListId="8c84fa94-04c1-424b-9868-57a2d4851a1d" />
    <TestEntry testId="68fb80a4-bd55-c59b-295d-180a9a8b3f5e" executionId="5030ce7d-394b-49e3-8b0f-5f105dd3a059" testListId="8c84fa94-04c1-424b-9868-57a2d4851a1d" />
    <TestEntry testId="082fc771-2a89-ef50-1099-951b6be4dfd9" executionId="6a89642a-3f5f-470d-96c8-b58f06fe5ef4" testListId="8c84fa94-04c1-424b-9868-57a2d4851a1d" />
    <TestEntry testId="4f15759e-48a7-488b-bd54-9bd99a1ede41" executionId="29eb8aa5-0793-4f68-96db-1a874dbb95b0" testListId="8c84fa94-04c1-424b-9868-57a2d4851a1d" />
    <TestEntry testId="2b048ff7-b91b-9cc4-1df8-e1250284fefb" executionId="a3dc77ca-37ed-4af7-8e85-d95395d67ccb" testListId="8c84fa94-04c1-424b-9868-57a2d4851a1d" />
    <TestEntry testId="10713985-d7d6-30bf-3ee2-5dfc0ecc66c3" executionId="2fbbcd71-5ce3-4997-b0a9-cbd6abc49779" testListId="8c84fa94-04c1-424b-9868-57a2d4851a1d" />
    <TestEntry testId="767f2bcf-ee0d-72bf-4c42-cc0585cbb4e4" executionId="501c31a8-2624-4c4f-822d-bc4dd2391343" testListId="8c84fa94-04c1-424b-9868-57a2d4851a1d" />
    <TestEntry testId="06c39495-a345-6c2f-adc5-af2e65ea0594" executionId="5ef98072-683e-4b42-b826-9072e391b013" testListId="8c84fa94-04c1-424b-9868-57a2d4851a1d" />
    <TestEntry testId="caad7f8e-cd4a-fc04-d248-6b0046b1b5bd" executionId="17e98620-3835-42e5-a008-b5488b96885f" testListId="8c84fa94-04c1-424b-9868-57a2d4851a1d" />
    <TestEntry testId="02388d24-0536-8eb9-5e34-f6edfd945556" executionId="ed9c9cb0-2609-41c0-804e-899d04ea31b3" testListId="8c84fa94-04c1-424b-9868-57a2d4851a1d" />
    <TestEntry testId="b0a4f7a1-5d9e-e431-dcaf-942bd9f633dc" executionId="529e6d6c-a252-4a10-9e7a-da1b9634fc1c" testListId="8c84fa94-04c1-424b-9868-57a2d4851a1d" />
    <TestEntry testId="1a847147-72ac-4337-ad80-b41b0c4cb387" executionId="c7947f71-ba8c-4ebb-9488-5bd0c6119dd8" testListId="8c84fa94-04c1-424b-9868-57a2d4851a1d" />
    <TestEntry testId="4df7140e-b819-df90-eb34-1a7890860ff9" executionId="f4bc6a57-eeed-4bdd-a3c5-e0f9ef56a170" testListId="8c84fa94-04c1-424b-9868-57a2d4851a1d" />
    <TestEntry testId="b08ac564-917e-187f-0662-a76b0931844a" executionId="8726437f-5a70-49d1-a8c8-312daa360478" testListId="8c84fa94-04c1-424b-9868-57a2d4851a1d" />
    <TestEntry testId="82473b70-9445-e51c-e4bd-c575927dc56c" executionId="6641cae3-f61d-45fd-847e-3db2b260ed26" testListId="8c84fa94-04c1-424b-9868-57a2d4851a1d" />
    <TestEntry testId="53fe0698-9053-9721-c059-d4aa4b2685c9" executionId="eec606c5-f66b-48cb-b3a2-ab6c2c169816" testListId="8c84fa94-04c1-424b-9868-57a2d4851a1d" />
    <TestEntry testId="a3feacce-9d27-6f92-1f81-e196edaf7e5f" executionId="0edb838c-5ffa-496e-96a4-e5b045a859f6" testListId="8c84fa94-04c1-424b-9868-57a2d4851a1d" />
    <TestEntry testId="78b53350-8773-ef9c-a24d-75b4b869f4af" executionId="f3c13b6e-0133-4ba0-9134-fd3d3127b908" testListId="8c84fa94-04c1-424b-9868-57a2d4851a1d" />
    <TestEntry testId="c0959d5a-8b71-f12e-2d5d-d5212d5bb659" executionId="dc6c3f5b-cafe-4df7-a03f-1ad251c88565" testListId="8c84fa94-04c1-424b-9868-57a2d4851a1d" />
    <TestEntry testId="46c92f82-73f7-71a4-3d6c-5444c98b6a9d" executionId="024eb70b-b96e-459b-9057-6b0570acab65" testListId="8c84fa94-04c1-424b-9868-57a2d4851a1d" />
    <TestEntry testId="e6c9de37-3ddf-c1e1-fc3e-b5528f3990cd" executionId="cc71ad74-bce9-483d-9ff7-05eba9150208" testListId="8c84fa94-04c1-424b-9868-57a2d4851a1d" />
    <TestEntry testId="ad078a8f-1446-4ace-e23d-b68cd9c1ac35" executionId="e32dc925-8f4e-463a-9a61-bc80ee353ddd" testListId="8c84fa94-04c1-424b-9868-57a2d4851a1d" />
    <TestEntry testId="e1016321-1c99-22e2-cd49-121aeafc90a6" executionId="6586de5f-8bcb-4164-a64f-d5f55fabfde0" testListId="8c84fa94-04c1-424b-9868-57a2d4851a1d" />
    <TestEntry testId="bb8d1b3d-f643-3656-552e-cd57e8abd89f" executionId="54c79c55-3e93-4ee4-90b3-5940d8d3abf9" testListId="8c84fa94-04c1-424b-9868-57a2d4851a1d" />
    <TestEntry testId="0ec27a4d-7366-16e3-5f56-78d5b8174932" executionId="3114162f-6ed2-451f-9ca2-675ecefe7f9a" testListId="8c84fa94-04c1-424b-9868-57a2d4851a1d" />
    <TestEntry testId="cf622bc6-ba9f-8306-05b4-a05cbcfe5e6f" executionId="a8c61105-10a0-44e0-ad99-393a3974e804" testListId="8c84fa94-04c1-424b-9868-57a2d4851a1d" />
    <TestEntry testId="266bd731-d588-a80c-eacd-29ab739a2cd1" executionId="591c590c-003d-44d2-9e88-5996af482d7f" testListId="8c84fa94-04c1-424b-9868-57a2d4851a1d" />
    <TestEntry testId="200632ff-3387-a9b0-fcd7-b5be641f4ea4" executionId="087dff74-72db-457c-ad0f-2646485b8d4d" testListId="8c84fa94-04c1-424b-9868-57a2d4851a1d" />
    <TestEntry testId="f49cc549-0bac-129f-417a-aec8c8013619" executionId="b23cb411-1e09-4314-b9c7-0c65d1bd234c" testListId="8c84fa94-04c1-424b-9868-57a2d4851a1d" />
    <TestEntry testId="0609f7c7-6951-db49-ce69-ea2ba5bad7c0" executionId="20a917e2-e179-411f-a87d-c2ce1cd1288b" testListId="8c84fa94-04c1-424b-9868-57a2d4851a1d" />
    <TestEntry testId="741b39a7-a224-087a-4da7-d30dea041ad0" executionId="0c1ad4a3-c4ef-4d7c-8ecc-a8ee0cb9df09" testListId="8c84fa94-04c1-424b-9868-57a2d4851a1d" />
  </TestEntries>
  <TestLists>
    <TestList name="Results Not in a List" id="8c84fa94-04c1-424b-9868-57a2d4851a1d" />
    <TestList name="All Loaded Results" id="19431567-8539-422a-85d7-44ee4e166bda" />
  </TestLists>
  <ResultSummary outcome="Completed">
    <Counters total="133" executed="133" passed="133" failed="0" error="0" timeout="0" aborted="0" inconclusive="0" passedButRunAborted="0" notRunnable="0" notExecuted="0" disconnected="0" warning="0" completed="0" inProgress="0" pending="0" />
    <Output>
      <StdOut>NUnit Adapter 4.6.0.0: Test execution started&#xD;
Running all tests in N:\GravenSpire\tests\bin\Debug\net8.0\Gravenspire.Combat.Tests.dll&#xD;
   NUnit3TestExecutor discovered 133 of 133 NUnit test cases using Current Discovery mode, Non-Explicit run&#xD;
NUnit Adapter 4.6.0.0: Test execution complete&#xD;
</StdOut>
    </Output>
  </ResultSummary>
</TestRun>