<?xml version="1.0" encoding="utf-8"?>
<TestRun id="784dc6ab-64e5-4120-9465-eb97a5fcb346" name="brian@BRIAN 2026-04-30 13:31:26" runUser="BRIAN\brian" xmlns="http://microsoft.com/schemas/VisualStudio/TeamTest/2010">
  <Times creation="2026-04-30T13:31:26.8362701-04:00" queuing="2026-04-30T13:31:26.8362702-04:00" start="2026-04-30T13:31:26.4319560-04:00" finish="2026-04-30T13:31:26.9220631-04:00" />
  <TestSettings name="default" id="035d07eb-21f9-4824-9b7e-5088ca7109aa">
    <Deployment runDeploymentRoot="brian_BRIAN_2026-04-30_13_31_26" />
  </TestSettings>
  <Results>
    <UnitTestResult executionId="4894d285-7828-4f93-a7eb-f67f7e058fe6" testId="723f54e9-b904-6418-d194-b41b28b492f9" testName="test_forced_off_transitions_project_hud_attack_off_signal(ZoneTransition)" computerName="BRIAN" duration="00:00:00.0000030" startTime="2026-04-30T13:31:26.8234700-04:00" endTime="2026-04-30T13:31:26.8234734-04:00" testType="13cdc9d9-ddb5-4fa4-a97d-d965ccfc6d4b" outcome="Passed" testListId="8c84fa94-04c1-424b-9868-57a2d4851a1d" relativeResultsDirectory="4894d285-7828-4f93-a7eb-f67f7e058fe6" />
    <UnitTestResult executionId="cd9f0aa3-a317-4974-97e8-70a1d45b6aba" testId="07b3e8a3-fa79-9867-6c2d-09f8c62b4af9" testName="test_path_failure_enters_leashing_after_grace_and_requests_return_to_anchor" computerName="BRIAN" duration="00:00:00.0007350" startTime="2026-04-30T13:31:26.8607363-04:00" endTime="2026-04-30T13:31:26.8614717-04:00" testType="13cdc9d9-ddb5-4fa4-a97d-d965ccfc6d4b" outcome="Passed" testListId="8c84fa94-04c1-424b-9868-57a2d4851a1d" relativeResultsDirectory="cd9f0aa3-a317-4974-97e8-70a1d45b6aba" />
    <UnitTestResult executionId="90556d6e-363f-4d73-ab8b-990e36debe51" testId="266bd731-d588-a80c-eacd-29ab739a2cd1" testName="test_combat_fixture_loader_resolves_spells_tactical_instants_and_encounters" computerName="BRIAN" duration="00:00:00.0009030" startTime="2026-04-30T13:31:26.8209835-04:00" endTime="2026-04-30T13:31:26.8218859-04:00" testType="13cdc9d9-ddb5-4fa4-a97d-d965ccfc6d4b" outcome="Passed" testListId="8c84fa94-04c1-424b-9868-57a2d4851a1d" relativeResultsDirectory="90556d6e-363f-4d73-ab8b-990e36debe51" />
    <UnitTestResult executionId="4ee118e8-ce5a-4422-9cf7-7b0845157b35" testId="459f6dbc-95dc-52e2-690a-c27675c13490" testName="test_successful_sit_forces_attack_off_before_regen_tick_resolves" computerName="BRIAN" duration="00:00:00.0005720" startTime="2026-04-30T13:31:26.8352117-04:00" endTime="2026-04-30T13:31:26.8357831-04:00" testType="13cdc9d9-ddb5-4fa4-a97d-d965ccfc6d4b" outcome="Passed" testListId="8c84fa94-04c1-424b-9868-57a2d4851a1d" relativeResultsDirectory="4ee118e8-ce5a-4422-9cf7-7b0845157b35" />
    <UnitTestResult executionId="26b8729c-af8c-4255-b9e1-3ebf9dc77757" testId="b0a4f7a1-5d9e-e431-dcaf-942bd9f633dc" testName="test_negative_threat_entry_fails_loudly_before_category_projection" computerName="BRIAN" duration="00:00:00.0001480" startTime="2026-04-30T13:31:26.8767009-04:00" endTime="2026-04-30T13:31:26.8768488-04:00" testType="13cdc9d9-ddb5-4fa4-a97d-d965ccfc6d4b" outcome="Passed" testListId="8c84fa94-04c1-424b-9868-57a2d4851a1d" relativeResultsDirectory="26b8729c-af8c-4255-b9e1-3ebf9dc77757" />
    <UnitTestResult executionId="78634c14-8ff9-42cd-ae33-4ef4b33fb8ec" testId="654cd8b7-1699-dc3f-0011-40dd09624b1b" testName="test_zero_and_blocked_damage_do_not_roll_interrupt" computerName="BRIAN" duration="00:00:00.0001740" startTime="2026-04-30T13:31:26.8475941-04:00" endTime="2026-04-30T13:31:26.8477679-04:00" testType="13cdc9d9-ddb5-4fa4-a97d-d965ccfc6d4b" outcome="Passed" testListId="8c84fa94-04c1-424b-9868-57a2d4851a1d" relativeResultsDirectory="78634c14-8ff9-42cd-ae33-4ef4b33fb8ec" />
    <UnitTestResult executionId="de0c97a8-ef03-407f-8a9d-eb1203313dde" testId="6bcb926a-a00b-9bdb-28e5-644514d6190c" testName="test_non_top_threat_projects_listed_or_close_without_raw_numeric_output" computerName="BRIAN" duration="00:00:00.0000950" startTime="2026-04-30T13:31:26.8768525-04:00" endTime="2026-04-30T13:31:26.8769475-04:00" testType="13cdc9d9-ddb5-4fa4-a97d-d965ccfc6d4b" outcome="Passed" testListId="8c84fa94-04c1-424b-9868-57a2d4851a1d" relativeResultsDirectory="de0c97a8-ef03-407f-8a9d-eb1203313dde" />
    <UnitTestResult executionId="16e78377-ccf1-44b7-a2fb-931e6559d75c" testId="0fd97fbd-f6f7-6b36-7e79-decbebde8209" testName="test_forced_off_conditions_turn_attack_off_and_emit_hud_safe_signal(ZoneTransition)" computerName="BRIAN" duration="00:00:00.0000080" startTime="2026-04-30T13:31:26.7957423-04:00" endTime="2026-04-30T13:31:26.7957504-04:00" testType="13cdc9d9-ddb5-4fa4-a97d-d965ccfc6d4b" outcome="Passed" testListId="8c84fa94-04c1-424b-9868-57a2d4851a1d" relativeResultsDirectory="16e78377-ccf1-44b7-a2fb-931e6559d75c" />
    <UnitTestResult executionId="9ea5193b-c7e5-4501-b53a-9de90003830e" testId="4df7140e-b819-df90-eb34-1a7890860ff9" testName="test_regen_tick_interval_uses_fixture_seconds_and_combat_tick_rate" computerName="BRIAN" duration="00:00:00.0002670" startTime="2026-04-30T13:31:26.8793779-04:00" endTime="2026-04-30T13:31:26.8796450-04:00" testType="13cdc9d9-ddb5-4fa4-a97d-d965ccfc6d4b" outcome="Passed" testListId="8c84fa94-04c1-424b-9868-57a2d4851a1d" relativeResultsDirectory="9ea5193b-c7e5-4501-b53a-9de90003830e" />
    <UnitTestResult executionId="21777707-e446-4137-a19c-fe00e68ceb5d" testId="0ec27a4d-7366-16e3-5f56-78d5b8174932" testName="test_passive_combat_paths_do_not_enable_attack(BodyPull)" computerName="BRIAN" duration="00:00:00.0000030" startTime="2026-04-30T13:31:26.7963606-04:00" endTime="2026-04-30T13:31:26.7963637-04:00" testType="13cdc9d9-ddb5-4fa4-a97d-d965ccfc6d4b" outcome="Passed" testListId="8c84fa94-04c1-424b-9868-57a2d4851a1d" relativeResultsDirectory="21777707-e446-4137-a19c-fe00e68ceb5d" />
    <UnitTestResult executionId="0452ac19-a44c-4dbf-b820-299c9ccdac2e" testId="b08ac564-917e-187f-0662-a76b0931844a" testName="test_seconds_to_ticks_uses_ceiling_against_injected_tick_rate" computerName="BRIAN" duration="00:00:00.0000490" startTime="2026-04-30T13:31:26.8653373-04:00" endTime="2026-04-30T13:31:26.8653862-04:00" testType="13cdc9d9-ddb5-4fa4-a97d-d965ccfc6d4b" outcome="Passed" testListId="8c84fa94-04c1-424b-9868-57a2d4851a1d" relativeResultsDirectory="0452ac19-a44c-4dbf-b820-299c9ccdac2e" />
    <UnitTestResult executionId="5894a2d2-64d8-4e82-8595-389193f9adbd" testId="f3cfd34e-353d-9f00-7248-ef29535bab5b" testName="test_combat_fixture_validator_rejects_invalid_regen_and_combat_exit_tuning" computerName="BRIAN" duration="00:00:00.0005280" startTime="2026-04-30T13:31:26.8738990-04:00" endTime="2026-04-30T13:31:26.8744268-04:00" testType="13cdc9d9-ddb5-4fa4-a97d-d965ccfc6d4b" outcome="Passed" testListId="8c84fa94-04c1-424b-9868-57a2d4851a1d" relativeResultsDirectory="5894a2d2-64d8-4e82-8595-389193f9adbd" />
    <UnitTestResult executionId="b774e75c-d102-4eaa-9972-ec3dd4985337" testId="bd7e0408-3a77-bf6f-de7e-e05f6c4b76a7" testName="test_los_query_contract_blocks_only_t1_occluder_layers_and_reports_buffer_overflow" computerName="BRIAN" duration="00:00:00.0009060" startTime="2026-04-30T13:31:26.8598180-04:00" endTime="2026-04-30T13:31:26.8607235-04:00" testType="13cdc9d9-ddb5-4fa4-a97d-d965ccfc6d4b" outcome="Passed" testListId="8c84fa94-04c1-424b-9868-57a2d4851a1d" relativeResultsDirectory="b774e75c-d102-4eaa-9972-ec3dd4985337" />
    <UnitTestResult executionId="0c5ac1d3-5b26-4bf7-9a2a-2b36020a57b2" testId="b29710fb-d754-ad14-bcfb-bc7d34b02b03" testName="test_snapshot_exposes_hud_safe_combat_state_without_presentation_ownership" computerName="BRIAN" duration="00:00:00.0073610" startTime="2026-04-30T13:31:26.8236248-04:00" endTime="2026-04-30T13:31:26.8309856-04:00" testType="13cdc9d9-ddb5-4fa4-a97d-d965ccfc6d4b" outcome="Passed" testListId="8c84fa94-04c1-424b-9868-57a2d4851a1d" relativeResultsDirectory="0c5ac1d3-5b26-4bf7-9a2a-2b36020a57b2" />
    <UnitTestResult executionId="ad919ccc-7268-476d-bfba-11d9e3de7f89" testId="104f57e9-a7b2-4a23-cd2d-d6c90110337c" testName="test_forced_off_transitions_project_hud_attack_off_signal(PlayerDeath)" computerName="BRIAN" duration="00:00:00.0000030" startTime="2026-04-30T13:31:26.8234654-04:00" endTime="2026-04-30T13:31:26.8234686-04:00" testType="13cdc9d9-ddb5-4fa4-a97d-d965ccfc6d4b" outcome="Passed" testListId="8c84fa94-04c1-424b-9868-57a2d4851a1d" relativeResultsDirectory="ad919ccc-7268-476d-bfba-11d9e3de7f89" />
    <UnitTestResult executionId="6c1d2cb4-a442-461b-a207-5b3bb81475dc" testId="bb8d1b3d-f643-3656-552e-cd57e8abd89f" testName="test_forced_off_transitions_project_hud_attack_off_signal(CombatExit)" computerName="BRIAN" duration="00:00:00.0000100" startTime="2026-04-30T13:31:26.8234539-04:00" endTime="2026-04-30T13:31:26.8234638-04:00" testType="13cdc9d9-ddb5-4fa4-a97d-d965ccfc6d4b" outcome="Passed" testListId="8c84fa94-04c1-424b-9868-57a2d4851a1d" relativeResultsDirectory="6c1d2cb4-a442-461b-a207-5b3bb81475dc" />
    <UnitTestResult executionId="cada9d9f-781a-4d9e-96da-8c37dd39da68" testId="a4864b1c-7b9b-d74d-db76-5dc6cabb4195" testName="test_toggle_on_with_no_valid_hostile_target_noops_and_leaves_attack_off" computerName="BRIAN" duration="00:00:00.0000890" startTime="2026-04-30T13:31:26.7971144-04:00" endTime="2026-04-30T13:31:26.7972035-04:00" testType="13cdc9d9-ddb5-4fa4-a97d-d965ccfc6d4b" outcome="Passed" testListId="8c84fa94-04c1-424b-9868-57a2d4851a1d" relativeResultsDirectory="cada9d9f-781a-4d9e-96da-8c37dd39da68" />
    <UnitTestResult executionId="0eaf7c5e-783a-4440-a2a4-44d3d33d8102" testId="1791f5b3-5e24-0819-55f9-1dbf5d2c44b5" testName="test_combat_actor_state_has_no_unity_scene_object_fields" computerName="BRIAN" duration="00:00:00.0003289" startTime="2026-04-30T13:31:26.8643159-04:00" endTime="2026-04-30T13:31:26.8646452-04:00" testType="13cdc9d9-ddb5-4fa4-a97d-d965ccfc6d4b" outcome="Passed" testListId="8c84fa94-04c1-424b-9868-57a2d4851a1d" relativeResultsDirectory="0eaf7c5e-783a-4440-a2a4-44d3d33d8102" />
    <UnitTestResult executionId="60e61ab1-d5e6-4df5-9ed1-b02a9988a0c4" testId="a3feacce-9d27-6f92-1f81-e196edaf7e5f" testName="test_combat_clock_advance_ticks_uses_fixed_duration" computerName="BRIAN" duration="00:00:00.0000720" startTime="2026-04-30T13:31:26.8654264-04:00" endTime="2026-04-30T13:31:26.8654984-04:00" testType="13cdc9d9-ddb5-4fa4-a97d-d965ccfc6d4b" outcome="Passed" testListId="8c84fa94-04c1-424b-9868-57a2d4851a1d" relativeResultsDirectory="60e61ab1-d5e6-4df5-9ed1-b02a9988a0c4" />
    <UnitTestResult executionId="b7856a83-d726-4e65-a80e-ca51fe81c656" testId="505a48d1-2ea7-aac4-560e-84e937c343d2" testName="test_seeded_fixture_melee_damage_executes_low_and_top_extremes_inside_trash_band" computerName="BRIAN" duration="00:00:00.0012420" startTime="2026-04-30T13:31:26.8775137-04:00" endTime="2026-04-30T13:31:26.8787557-04:00" testType="13cdc9d9-ddb5-4fa4-a97d-d965ccfc6d4b" outcome="Passed" testListId="8c84fa94-04c1-424b-9868-57a2d4851a1d" relativeResultsDirectory="b7856a83-d726-4e65-a80e-ca51fe81c656" />
    <UnitTestResult executionId="a50c5b1e-ca41-43fc-baf0-085f6212c7ad" testId="741b39a7-a224-087a-4da7-d30dea041ad0" testName="test_haunt_zone_gate_enables_claim_targeting_and_pull" computerName="BRIAN" duration="00:00:00.0003470" startTime="2026-04-30T13:31:26.8594583-04:00" endTime="2026-04-30T13:31:26.8598048-04:00" testType="13cdc9d9-ddb5-4fa4-a97d-d965ccfc6d4b" outcome="Passed" testListId="8c84fa94-04c1-424b-9868-57a2d4851a1d" relativeResultsDirectory="a50c5b1e-ca41-43fc-baf0-085f6212c7ad" />
    <UnitTestResult executionId="ec387dbe-36db-49fd-8fef-fab3a8a54997" testId="e4d26672-bbc8-fbed-42f5-2935da89aaad" testName="test_forced_off_conditions_turn_attack_off_and_emit_hud_safe_signal(CombatExit)" computerName="BRIAN" duration="00:00:00.0000090" startTime="2026-04-30T13:31:26.7957229-04:00" endTime="2026-04-30T13:31:26.7957319-04:00" testType="13cdc9d9-ddb5-4fa4-a97d-d965ccfc6d4b" outcome="Passed" testListId="8c84fa94-04c1-424b-9868-57a2d4851a1d" relativeResultsDirectory="ec387dbe-36db-49fd-8fef-fab3a8a54997" />
    <UnitTestResult executionId="b91b7fca-a2de-4d30-8258-bf69813f7c05" testId="6b7c1f71-5e0b-e619-c3a2-80a9a674d6f5" testName="test_combat_fixture_package_declares_default_social_assist_profile" computerName="BRIAN" duration="00:00:00.0007170" startTime="2026-04-30T13:31:26.8664174-04:00" endTime="2026-04-30T13:31:26.8671344-04:00" testType="13cdc9d9-ddb5-4fa4-a97d-d965ccfc6d4b" outcome="Passed" testListId="8c84fa94-04c1-424b-9868-57a2d4851a1d" relativeResultsDirectory="b91b7fca-a2de-4d30-8258-bf69813f7c05" />
    <UnitTestResult executionId="eafc726e-3be4-463e-bea2-d80e2fc8e823" testId="5bd22301-7b0d-ecad-8ea1-05a08f0c361a" testName="test_melee_hit_chance_clamps_and_honors_boundary_inputs(5,5,30,30,0.72d)" computerName="BRIAN" duration="00:00:00.0000110" startTime="2026-04-30T13:31:26.8774269-04:00" endTime="2026-04-30T13:31:26.8774377-04:00" testType="13cdc9d9-ddb5-4fa4-a97d-d965ccfc6d4b" outcome="Passed" testListId="8c84fa94-04c1-424b-9868-57a2d4851a1d" relativeResultsDirectory="eafc726e-3be4-463e-bea2-d80e2fc8e823" />
    <UnitTestResult executionId="ed0cf97f-d908-4d2d-9411-95b355737a33" testId="2110dbca-f3ef-dc2c-8c82-2d0dd5997da9" testName="test_combat_clock_reset_returns_known_tick" computerName="BRIAN" duration="00:00:00.0001210" startTime="2026-04-30T13:31:26.8656043-04:00" endTime="2026-04-30T13:31:26.8657250-04:00" testType="13cdc9d9-ddb5-4fa4-a97d-d965ccfc6d4b" outcome="Passed" testListId="8c84fa94-04c1-424b-9868-57a2d4851a1d" relativeResultsDirectory="ed0cf97f-d908-4d2d-9411-95b355737a33" />
    <UnitTestResult executionId="c5c22526-6e3e-449f-8152-630ed503c50f" testId="b64c07bb-9ea0-1dcd-fadf-25c58268b306" testName="test_melee_hit_chance_clamps_and_honors_boundary_inputs(1,60,0,300,0.1d)" computerName="BRIAN" duration="00:00:00.0000660" startTime="2026-04-30T13:31:26.8771654-04:00" endTime="2026-04-30T13:31:26.8772317-04:00" testType="13cdc9d9-ddb5-4fa4-a97d-d965ccfc6d4b" outcome="Passed" testListId="8c84fa94-04c1-424b-9868-57a2d4851a1d" relativeResultsDirectory="c5c22526-6e3e-449f-8152-630ed503c50f" />
    <UnitTestResult executionId="1791c5eb-c309-4666-a1ad-bdaf5ecb53c0" testId="2b048ff7-b91b-9cc4-1df8-e1250284fefb" testName="test_out_of_range_swing_skips_damage_and_schedules_only_next_weapon_delay" computerName="BRIAN" duration="00:00:00.0007080" startTime="2026-04-30T13:31:26.8414332-04:00" endTime="2026-04-30T13:31:26.8421412-04:00" testType="13cdc9d9-ddb5-4fa4-a97d-d965ccfc6d4b" outcome="Passed" testListId="8c84fa94-04c1-424b-9868-57a2d4851a1d" relativeResultsDirectory="1791c5eb-c309-4666-a1ad-bdaf5ecb53c0" />
    <UnitTestResult executionId="01ed8c05-0a29-40ff-bfde-852bd9084bcc" testId="f370e923-3d1c-0b1f-475c-90253f167f9c" testName="test_combat_fixture_package_resolves_targeting_pull_and_leash_tuning" computerName="BRIAN" duration="00:00:00.0009590" startTime="2026-04-30T13:31:26.8687666-04:00" endTime="2026-04-30T13:31:26.8697255-04:00" testType="13cdc9d9-ddb5-4fa4-a97d-d965ccfc6d4b" outcome="Passed" testListId="8c84fa94-04c1-424b-9868-57a2d4851a1d" relativeResultsDirectory="01ed8c05-0a29-40ff-bfde-852bd9084bcc" />
    <UnitTestResult executionId="0d8f2b4d-942d-4910-a598-174157c0da83" testId="68fb80a4-bd55-c59b-295d-180a9a8b3f5e" testName="test_self_buff_duration_comes_from_fixture_profile_data" computerName="BRIAN" duration="00:00:00.0007390" startTime="2026-04-30T13:31:26.8536840-04:00" endTime="2026-04-30T13:31:26.8544231-04:00" testType="13cdc9d9-ddb5-4fa4-a97d-d965ccfc6d4b" outcome="Passed" testListId="8c84fa94-04c1-424b-9868-57a2d4851a1d" relativeResultsDirectory="0d8f2b4d-942d-4910-a598-174157c0da83" />
    <UnitTestResult executionId="49902081-b182-4b6e-9ad0-50632fc13c00" testId="20b6918d-1a40-3669-7480-f4692fd34d7a" testName="test_fixed_tick_melee_resolution_at_fifty_hz_is_frame_rate_independent" computerName="BRIAN" duration="00:00:00.0027630" startTime="2026-04-30T13:31:26.8386573-04:00" endTime="2026-04-30T13:31:26.8414204-04:00" testType="13cdc9d9-ddb5-4fa4-a97d-d965ccfc6d4b" outcome="Passed" testListId="8c84fa94-04c1-424b-9868-57a2d4851a1d" relativeResultsDirectory="49902081-b182-4b6e-9ad0-50632fc13c00" />
    <UnitTestResult executionId="ebe6595e-be62-429e-9acc-dbf9f57dcfcd" testId="2f23a5a2-5506-12da-46f3-d78e76fe496a" testName="test_passive_combat_paths_do_not_enable_attack(SocialAssist)" computerName="BRIAN" duration="00:00:00.0000020" startTime="2026-04-30T13:31:26.7963652-04:00" endTime="2026-04-30T13:31:26.7963668-04:00" testType="13cdc9d9-ddb5-4fa4-a97d-d965ccfc6d4b" outcome="Passed" testListId="8c84fa94-04c1-424b-9868-57a2d4851a1d" relativeResultsDirectory="ebe6595e-be62-429e-9acc-dbf9f57dcfcd" />
    <UnitTestResult executionId="4e6d403e-17f0-4fe8-8afe-bc81af1332ae" testId="26eee1f6-f642-2dd7-fd79-270496001180" testName="test_forced_off_transitions_project_hud_attack_off_signal(TargetDeath)" computerName="BRIAN" duration="00:00:00.0001230" startTime="2026-04-30T13:31:26.8232391-04:00" endTime="2026-04-30T13:31:26.8233620-04:00" testType="13cdc9d9-ddb5-4fa4-a97d-d965ccfc6d4b" outcome="Passed" testListId="8c84fa94-04c1-424b-9868-57a2d4851a1d" relativeResultsDirectory="4e6d403e-17f0-4fe8-8afe-bc81af1332ae" />
    <UnitTestResult executionId="7d3d2ca5-5ce9-4de0-b627-4a36574ed9f0" testId="f49cc549-0bac-129f-417a-aec8c8013619" testName="test_interrupt_formula_clamps_to_injected_bounds(1,1000,0.0d,4.0d,0.05d)" computerName="BRIAN" duration="00:00:00.0002050" startTime="2026-04-30T13:31:26.8648787-04:00" endTime="2026-04-30T13:31:26.8650833-04:00" testType="13cdc9d9-ddb5-4fa4-a97d-d965ccfc6d4b" outcome="Passed" testListId="8c84fa94-04c1-424b-9868-57a2d4851a1d" relativeResultsDirectory="7d3d2ca5-5ce9-4de0-b627-4a36574ed9f0" />
    <UnitTestResult executionId="9e389d98-ecb4-40d2-99fb-9a2c80cc62d0" testId="0fe49ec9-49f8-0b1a-77b5-3a813109060e" testName="test_attack_on_and_off_signals_project_to_hud_event_stream" computerName="BRIAN" duration="00:00:00.0009320" startTime="2026-04-30T13:31:26.8219603-04:00" endTime="2026-04-30T13:31:26.8228918-04:00" testType="13cdc9d9-ddb5-4fa4-a97d-d965ccfc6d4b" outcome="Passed" testListId="8c84fa94-04c1-424b-9868-57a2d4851a1d" relativeResultsDirectory="9e389d98-ecb4-40d2-99fb-9a2c80cc62d0" />
    <UnitTestResult executionId="f5e9b161-0635-42f9-b2ae-ac67aab33743" testId="82473b70-9445-e51c-e4bd-c575927dc56c" testName="test_forced_off_transitions_project_hud_attack_off_signal(SuccessfulSitOrMed)" computerName="BRIAN" duration="00:00:00.0000800" startTime="2026-04-30T13:31:26.8233660-04:00" endTime="2026-04-30T13:31:26.8234457-04:00" testType="13cdc9d9-ddb5-4fa4-a97d-d965ccfc6d4b" outcome="Passed" testListId="8c84fa94-04c1-424b-9868-57a2d4851a1d" relativeResultsDirectory="f5e9b161-0635-42f9-b2ae-ac67aab33743" />
    <UnitTestResult executionId="73e32a1e-a024-4e3d-8977-9f8b3f4bef7f" testId="acdb4327-5add-cc61-caaf-af6538389cc1" testName="test_interrupt_formula_clamps_to_injected_bounds(90,100,4.0d,4.0d,0.85d)" computerName="BRIAN" duration="00:00:00.0000770" startTime="2026-04-30T13:31:26.8647984-04:00" endTime="2026-04-30T13:31:26.8648753-04:00" testType="13cdc9d9-ddb5-4fa4-a97d-d965ccfc6d4b" outcome="Passed" testListId="8c84fa94-04c1-424b-9868-57a2d4851a1d" relativeResultsDirectory="73e32a1e-a024-4e3d-8977-9f8b3f4bef7f" />
    <UnitTestResult executionId="a402be9b-babf-40a9-af4a-a380f1088273" testId="0c860a0f-52ea-c4f2-d829-13733bfc3183" testName="test_zone_transition_clears_transient_combat_state_and_blocks_incoming_zone_results" computerName="BRIAN" duration="00:00:00.0004020" startTime="2026-04-30T13:31:26.8634815-04:00" endTime="2026-04-30T13:31:26.8638835-04:00" testType="13cdc9d9-ddb5-4fa4-a97d-d965ccfc6d4b" outcome="Passed" testListId="8c84fa94-04c1-424b-9868-57a2d4851a1d" relativeResultsDirectory="a402be9b-babf-40a9-af4a-a380f1088273" />
    <UnitTestResult executionId="5e5047b5-2893-4ff7-82b4-2aebd6f43dae" testId="1c4d64ff-f44f-7231-4cf9-d400b86d9e15" testName="test_dead_or_out_of_zone_threat_entries_are_ignored" computerName="BRIAN" duration="00:00:00.0000780" startTime="2026-04-30T13:31:26.8766200-04:00" endTime="2026-04-30T13:31:26.8766984-04:00" testType="13cdc9d9-ddb5-4fa4-a97d-d965ccfc6d4b" outcome="Passed" testListId="8c84fa94-04c1-424b-9868-57a2d4851a1d" relativeResultsDirectory="5e5047b5-2893-4ff7-82b4-2aebd6f43dae" />
    <UnitTestResult executionId="a3812567-1abf-4b5d-9fa3-9b98e1cbe8d7" testId="fd812598-b183-a49b-9046-c8aa53abc929" testName="test_forced_off_conditions_turn_attack_off_and_emit_hud_safe_signal(TargetDeath)" computerName="BRIAN" duration="00:00:00.0018030" startTime="2026-04-30T13:31:26.7937756-04:00" endTime="2026-04-30T13:31:26.7955781-04:00" testType="13cdc9d9-ddb5-4fa4-a97d-d965ccfc6d4b" outcome="Passed" testListId="8c84fa94-04c1-424b-9868-57a2d4851a1d" relativeResultsDirectory="a3812567-1abf-4b5d-9fa3-9b98e1cbe8d7" />
    <UnitTestResult executionId="b8ed731c-fc2b-4bb2-8186-b3a45b6e6da2" testId="767f2bcf-ee0d-72bf-4c42-cc0585cbb4e4" testName="test_cleric_mid_t1_sitting_out_of_combat_regenerates_eight_mana_from_fixture_tuning" computerName="BRIAN" duration="00:00:00.0005470" startTime="2026-04-30T13:31:26.8788187-04:00" endTime="2026-04-30T13:31:26.8793658-04:00" testType="13cdc9d9-ddb5-4fa4-a97d-d965ccfc6d4b" outcome="Passed" testListId="8c84fa94-04c1-424b-9868-57a2d4851a1d" relativeResultsDirectory="b8ed731c-fc2b-4bb2-8186-b3a45b6e6da2" />
    <UnitTestResult executionId="a8292f5b-b079-4d61-ac27-aba4354b4458" testId="0609f7c7-6951-db49-ce69-ea2ba5bad7c0" testName="test_reaggro_requires_active_memory_distance_los_and_expiry_clears_threat" computerName="BRIAN" duration="00:00:00.0004150" startTime="2026-04-30T13:31:26.8614824-04:00" endTime="2026-04-30T13:31:26.8618977-04:00" testType="13cdc9d9-ddb5-4fa4-a97d-d965ccfc6d4b" outcome="Passed" testListId="8c84fa94-04c1-424b-9868-57a2d4851a1d" relativeResultsDirectory="a8292f5b-b079-4d61-ac27-aba4354b4458" />
    <UnitTestResult executionId="1d1004b6-e1a2-4366-8c8f-2e28cd70b8d4" testId="ab5e6356-27f3-34a9-d4e4-4b49b465f48c" testName="test_instant_cooldown_is_transient_runtime_timer_only" computerName="BRIAN" duration="00:00:00.0006800" startTime="2026-04-30T13:31:26.8520046-04:00" endTime="2026-04-30T13:31:26.8526848-04:00" testType="13cdc9d9-ddb5-4fa4-a97d-d965ccfc6d4b" outcome="Passed" testListId="8c84fa94-04c1-424b-9868-57a2d4851a1d" relativeResultsDirectory="1d1004b6-e1a2-4366-8c8f-2e28cd70b8d4" />
    <UnitTestResult executionId="07687701-d34e-40ec-8656-2ef8c0ae5e57" testId="bb8dc6f4-1ae0-aced-345b-a1c6887f9fd7" testName="test_combat_actor_hydration_accepts_valid_cleric_mid_baseline" computerName="BRIAN" duration="00:00:00.0387690" startTime="2026-04-30T13:31:26.7519257-04:00" endTime="2026-04-30T13:31:26.7906681-04:00" testType="13cdc9d9-ddb5-4fa4-a97d-d965ccfc6d4b" outcome="Passed" testListId="8c84fa94-04c1-424b-9868-57a2d4851a1d" relativeResultsDirectory="07687701-d34e-40ec-8656-2ef8c0ae5e57" />
    <UnitTestResult executionId="a1eb700a-e011-4060-95ad-5d1264378c18" testId="53fe0698-9053-9721-c059-d4aa4b2685c9" testName="test_current_target_threat_projects_stable_or_contested_without_raw_numeric_output" computerName="BRIAN" duration="00:00:00.0002350" startTime="2026-04-30T13:31:26.8763734-04:00" endTime="2026-04-30T13:31:26.8766082-04:00" testType="13cdc9d9-ddb5-4fa4-a97d-d965ccfc6d4b" outcome="Passed" testListId="8c84fa94-04c1-424b-9868-57a2d4851a1d" relativeResultsDirectory="a1eb700a-e011-4060-95ad-5d1264378c18" />
    <UnitTestResult executionId="5745e34f-ea5f-42ec-aa03-579af3ebd57b" testId="31dd81de-6124-96ae-941c-8106255da461" testName="test_passive_combat_paths_do_not_enable_attack(SpellPull)" computerName="BRIAN" duration="00:00:00.0000010" startTime="2026-04-30T13:31:26.7963682-04:00" endTime="2026-04-30T13:31:26.7963696-04:00" testType="13cdc9d9-ddb5-4fa4-a97d-d965ccfc6d4b" outcome="Passed" testListId="8c84fa94-04c1-424b-9868-57a2d4851a1d" relativeResultsDirectory="5745e34f-ea5f-42ec-aa03-579af3ebd57b" />
    <UnitTestResult executionId="e74fedd4-fb50-4cd8-869c-96cf643f3383" testId="759a9fe2-e8e3-4bdb-5945-9e644c89457a" testName="test_combat_exit_uses_zero_valid_hostile_threat_entries_from_existing_threat_tables" computerName="BRIAN" duration="00:00:00.0013209" startTime="2026-04-30T13:31:26.8310524-04:00" endTime="2026-04-30T13:31:26.8323732-04:00" testType="13cdc9d9-ddb5-4fa4-a97d-d965ccfc6d4b" outcome="Passed" testListId="8c84fa94-04c1-424b-9868-57a2d4851a1d" relativeResultsDirectory="e74fedd4-fb50-4cd8-869c-96cf643f3383" />
    <UnitTestResult executionId="a074aa1a-7127-4ba8-af62-e87e42b5f9bc" testId="3e3d4afd-172a-7d35-4ed8-600e77be4e5e" testName="test_manual_cancel_emits_event_and_spends_no_mana" computerName="BRIAN" duration="00:00:00.0002620" startTime="2026-04-30T13:31:26.8466634-04:00" endTime="2026-04-30T13:31:26.8469250-04:00" testType="13cdc9d9-ddb5-4fa4-a97d-d965ccfc6d4b" outcome="Passed" testListId="8c84fa94-04c1-424b-9868-57a2d4851a1d" relativeResultsDirectory="a074aa1a-7127-4ba8-af62-e87e42b5f9bc" />
    <UnitTestResult executionId="cdacaffc-b4cc-4f33-b814-1766a4d18491" testId="ea5b3a0a-b5a5-7379-64fa-6706fbddd192" testName="test_player_toggle_on_with_valid_hostile_target_turns_attack_on_and_schedules_weapon_tick" computerName="BRIAN" duration="00:00:00.0004850" startTime="2026-04-30T13:31:26.7965109-04:00" endTime="2026-04-30T13:31:26.7969961-04:00" testType="13cdc9d9-ddb5-4fa4-a97d-d965ccfc6d4b" outcome="Passed" testListId="8c84fa94-04c1-424b-9868-57a2d4851a1d" relativeResultsDirectory="cdacaffc-b4cc-4f33-b814-1766a4d18491" />
    <UnitTestResult executionId="5951abd9-0d86-4a7f-beca-f04f12bff1b3" testId="f22fd075-6b8b-34a6-b628-dcb8104915f7" testName="test_absent_and_zero_threat_project_to_no_threat" computerName="BRIAN" duration="00:00:00.0003430" startTime="2026-04-30T13:31:26.8760203-04:00" endTime="2026-04-30T13:31:26.8763632-04:00" testType="13cdc9d9-ddb5-4fa4-a97d-d965ccfc6d4b" outcome="Passed" testListId="8c84fa94-04c1-424b-9868-57a2d4851a1d" relativeResultsDirectory="5951abd9-0d86-4a7f-beca-f04f12bff1b3" />
    <UnitTestResult executionId="ffff9db9-755d-4c16-9277-b82b38d3ccb1" testId="112ef26b-b581-da16-e2aa-fbf030745102" testName="test_bash_cancels_current_channel_only_through_declared_interrupt_effect" computerName="BRIAN" duration="00:00:00.0041630" startTime="2026-04-30T13:31:26.8478292-04:00" endTime="2026-04-30T13:31:26.8519924-04:00" testType="13cdc9d9-ddb5-4fa4-a97d-d965ccfc6d4b" outcome="Passed" testListId="8c84fa94-04c1-424b-9868-57a2d4851a1d" relativeResultsDirectory="ffff9db9-755d-4c16-9277-b82b38d3ccb1" />
    <UnitTestResult executionId="e0a50dc3-c716-4d1e-9e68-e90d2d6fce73" testId="987ab916-60fd-22f3-5057-0ccd73c9d3b6" testName="test_eligible_weapon_tick_revalidates_range_facing_los_and_alive_state(&quot;same tick death&quot;,1.5d,0.0d,False,True,TargetAlreadyDead)" computerName="BRIAN" duration="00:00:00.0000170" startTime="2026-04-30T13:31:26.8386316-04:00" endTime="2026-04-30T13:31:26.8386483-04:00" testType="13cdc9d9-ddb5-4fa4-a97d-d965ccfc6d4b" outcome="Passed" testListId="8c84fa94-04c1-424b-9868-57a2d4851a1d" relativeResultsDirectory="e0a50dc3-c716-4d1e-9e68-e90d2d6fce73" />
    <UnitTestResult executionId="f5b6aa58-1d93-40d9-b2a3-bbc94ab1525b" testId="35d06612-3af7-a0e3-2da0-c97138a9413e" testName="test_out_of_combat_sitting_mana_regen_clamps_to_max_mana" computerName="BRIAN" duration="00:00:00.0010720" startTime="2026-04-30T13:31:26.8323891-04:00" endTime="2026-04-30T13:31:26.8334613-04:00" testType="13cdc9d9-ddb5-4fa4-a97d-d965ccfc6d4b" outcome="Passed" testListId="8c84fa94-04c1-424b-9868-57a2d4851a1d" relativeResultsDirectory="f5b6aa58-1d93-40d9-b2a3-bbc94ab1525b" />
    <UnitTestResult executionId="81cd3df4-496e-4e0c-a83d-f1faef9edcdd" testId="1a847147-72ac-4337-ad80-b41b0c4cb387" testName="test_tactical_ability_profile_preserves_declared_multi_effect_order" computerName="BRIAN" duration="00:00:00.0013870" startTime="2026-04-30T13:31:26.8800097-04:00" endTime="2026-04-30T13:31:26.8813968-04:00" testType="13cdc9d9-ddb5-4fa4-a97d-d965ccfc6d4b" outcome="Passed" testListId="8c84fa94-04c1-424b-9868-57a2d4851a1d" relativeResultsDirectory="81cd3df4-496e-4e0c-a83d-f1faef9edcdd" />
    <UnitTestResult executionId="10184208-55c9-40e9-925b-176d9928eaca" testId="10713985-d7d6-30bf-3ee2-5dfc0ecc66c3" testName="test_combat_actor_hydration_rejects_missing_baseline_snapshot" computerName="BRIAN" duration="00:00:00.0004490" startTime="2026-04-30T13:31:26.7924726-04:00" endTime="2026-04-30T13:31:26.7929218-04:00" testType="13cdc9d9-ddb5-4fa4-a97d-d965ccfc6d4b" outcome="Passed" testListId="8c84fa94-04c1-424b-9868-57a2d4851a1d" relativeResultsDirectory="10184208-55c9-40e9-925b-176d9928eaca" />
    <UnitTestResult executionId="2930ed87-16b4-43c8-b8c5-2c92a7d78de0" testId="dbb1fc28-d235-c7de-149d-f3820c8f4616" testName="test_same_tick_death_priority_discards_scheduled_swing_before_random_roll" computerName="BRIAN" duration="00:00:00.0001620" startTime="2026-04-30T13:31:26.8425385-04:00" endTime="2026-04-30T13:31:26.8427007-04:00" testType="13cdc9d9-ddb5-4fa4-a97d-d965ccfc6d4b" outcome="Passed" testListId="8c84fa94-04c1-424b-9868-57a2d4851a1d" relativeResultsDirectory="2930ed87-16b4-43c8-b8c5-2c92a7d78de0" />
    <UnitTestResult executionId="5cc1a22b-3dbf-4491-a5fb-a7dfe2367e35" testId="54d9dade-9b13-711d-a3b3-299698e015fb" testName="test_sitting_in_combat_applies_threat_bonus_and_no_mana_med_boost" computerName="BRIAN" duration="00:00:00.0008260" startTime="2026-04-30T13:31:26.8343732-04:00" endTime="2026-04-30T13:31:26.8351990-04:00" testType="13cdc9d9-ddb5-4fa4-a97d-d965ccfc6d4b" outcome="Passed" testListId="8c84fa94-04c1-424b-9868-57a2d4851a1d" relativeResultsDirectory="5cc1a22b-3dbf-4491-a5fb-a7dfe2367e35" />
    <UnitTestResult executionId="7b028af7-8c06-4a82-ae0c-cf380ae45933" testId="ca3de4af-a428-ab10-8245-726ed4f5d8d7" testName="test_forced_off_conditions_turn_attack_off_and_emit_hud_safe_signal(PlayerDeath)" computerName="BRIAN" duration="00:00:00.0000070" startTime="2026-04-30T13:31:26.7957336-04:00" endTime="2026-04-30T13:31:26.7957406-04:00" testType="13cdc9d9-ddb5-4fa4-a97d-d965ccfc6d4b" outcome="Passed" testListId="8c84fa94-04c1-424b-9868-57a2d4851a1d" relativeResultsDirectory="7b028af7-8c06-4a82-ae0c-cf380ae45933" />
    <UnitTestResult executionId="5bc6e281-7bfb-415b-a506-25dd65589dd8" testId="e192364c-7ec3-9812-f1bc-2c7a33a956d6" testName="test_combat_fixture_validator_rejects_missing_tactical_instant_effect_specific_data" computerName="BRIAN" duration="00:00:00.0004350" startTime="2026-04-30T13:31:26.8755055-04:00" endTime="2026-04-30T13:31:26.8759404-04:00" testType="13cdc9d9-ddb5-4fa4-a97d-d965ccfc6d4b" outcome="Passed" testListId="8c84fa94-04c1-424b-9868-57a2d4851a1d" relativeResultsDirectory="5bc6e281-7bfb-415b-a506-25dd65589dd8" />
    <UnitTestResult executionId="b86372bf-7e86-43ae-af88-8253d614dad0" testId="3db8fcda-c6b4-81b1-6f22-2b5a6cbf12d4" testName="test_passive_combat_paths_do_not_enable_attack(TargetSelection)" computerName="BRIAN" duration="00:00:00.0004890" startTime="2026-04-30T13:31:26.7957745-04:00" endTime="2026-04-30T13:31:26.7962638-04:00" testType="13cdc9d9-ddb5-4fa4-a97d-d965ccfc6d4b" outcome="Passed" testListId="8c84fa94-04c1-424b-9868-57a2d4851a1d" relativeResultsDirectory="b86372bf-7e86-43ae-af88-8253d614dad0" />
    <UnitTestResult executionId="3f7e2086-86e4-4b47-bfb5-1fbeedb5dce1" testId="b41a1ac5-a9b0-0f1c-ceb9-29a7783030c4" testName="test_passive_combat_paths_do_not_enable_attack(SpellCast)" computerName="BRIAN" duration="00:00:00.0000020" startTime="2026-04-30T13:31:26.7963730-04:00" endTime="2026-04-30T13:31:26.7963746-04:00" testType="13cdc9d9-ddb5-4fa4-a97d-d965ccfc6d4b" outcome="Passed" testListId="8c84fa94-04c1-424b-9868-57a2d4851a1d" relativeResultsDirectory="3f7e2086-86e4-4b47-bfb5-1fbeedb5dce1" />
    <UnitTestResult executionId="12353d34-c082-4c49-b8e6-4c739c3d9423" testId="30528113-4581-3233-1730-257d26eb61e8" testName="test_cast_completion_spends_mana_and_enters_recovery" computerName="BRIAN" duration="00:00:00.0014310" startTime="2026-04-30T13:31:26.8427711-04:00" endTime="2026-04-30T13:31:26.8442015-04:00" testType="13cdc9d9-ddb5-4fa4-a97d-d965ccfc6d4b" outcome="Passed" testListId="8c84fa94-04c1-424b-9868-57a2d4851a1d" relativeResultsDirectory="12353d34-c082-4c49-b8e6-4c739c3d9423" />
    <UnitTestResult executionId="2f04fc87-1d93-4de3-8eb3-537dd731cd62" testId="02388d24-0536-8eb9-5e34-f6edfd945556" testName="test_combat_fixture_package_declares_regen_and_combat_exit_tuning" computerName="BRIAN" duration="00:00:00.0003869" startTime="2026-04-30T13:31:26.8671452-04:00" endTime="2026-04-30T13:31:26.8675315-04:00" testType="13cdc9d9-ddb5-4fa4-a97d-d965ccfc6d4b" outcome="Passed" testListId="8c84fa94-04c1-424b-9868-57a2d4851a1d" relativeResultsDirectory="2f04fc87-1d93-4de3-8eb3-537dd731cd62" />
    <UnitTestResult executionId="7f2c32f8-9d4a-45b7-a170-77bdee5ece72" testId="154d7153-cb1b-f71d-e606-63633464063a" testName="test_body_pull_initializes_threat_and_pivot_signal_without_warning_affordances" computerName="BRIAN" duration="00:00:00.0035540" startTime="2026-04-30T13:31:26.8544878-04:00" endTime="2026-04-30T13:31:26.8580413-04:00" testType="13cdc9d9-ddb5-4fa4-a97d-d965ccfc6d4b" outcome="Passed" testListId="8c84fa94-04c1-424b-9868-57a2d4851a1d" relativeResultsDirectory="7f2c32f8-9d4a-45b7-a170-77bdee5ece72" />
    <UnitTestResult executionId="df413a9d-4943-45f3-8df7-ff587dc09fe7" testId="3047f30d-2248-6654-3e64-02b635dc3ac6" testName="test_eligible_weapon_tick_revalidates_range_facing_los_and_alive_state(&quot;bad facing&quot;,1.5d,120.0d,False,False,FacingBlocked)" computerName="BRIAN" duration="00:00:00.0002350" startTime="2026-04-30T13:31:26.8379332-04:00" endTime="2026-04-30T13:31:26.8381680-04:00" testType="13cdc9d9-ddb5-4fa4-a97d-d965ccfc6d4b" outcome="Passed" testListId="8c84fa94-04c1-424b-9868-57a2d4851a1d" relativeResultsDirectory="df413a9d-4943-45f3-8df7-ff587dc09fe7" />
    <UnitTestResult executionId="7aa5a92d-82fb-47ed-9444-a6b8faee2ad4" testId="100b7ecc-5c46-9f55-8f36-eb2acb078492" testName="test_combat_fixture_package_declares_tactical_instant_ability_profiles" computerName="BRIAN" duration="00:00:00.0007550" startTime="2026-04-30T13:31:26.8675423-04:00" endTime="2026-04-30T13:31:26.8682969-04:00" testType="13cdc9d9-ddb5-4fa4-a97d-d965ccfc6d4b" outcome="Passed" testListId="8c84fa94-04c1-424b-9868-57a2d4851a1d" relativeResultsDirectory="7aa5a92d-82fb-47ed-9444-a6b8faee2ad4" />
    <UnitTestResult executionId="dabf92a2-1acf-4001-ad81-d358054d0028" testId="aaa2f95e-c9c2-de15-c24c-cee51fd7d071" testName="test_passive_combat_paths_do_not_enable_attack(TabCycle)" computerName="BRIAN" duration="00:00:00.0000870" startTime="2026-04-30T13:31:26.7962708-04:00" endTime="2026-04-30T13:31:26.7963573-04:00" testType="13cdc9d9-ddb5-4fa4-a97d-d965ccfc6d4b" outcome="Passed" testListId="8c84fa94-04c1-424b-9868-57a2d4851a1d" relativeResultsDirectory="dabf92a2-1acf-4001-ad81-d358054d0028" />
    <UnitTestResult executionId="cc5b2235-68d6-449d-b399-9035c699ddc9" testId="43c755cb-28bd-db4d-1012-f36a8b40cc25" testName="test_melee_damage_successful_hit_never_drops_below_minimum_damage" computerName="BRIAN" duration="00:00:00.0000430" startTime="2026-04-30T13:31:26.8771141-04:00" endTime="2026-04-30T13:31:26.8771569-04:00" testType="13cdc9d9-ddb5-4fa4-a97d-d965ccfc6d4b" outcome="Passed" testListId="8c84fa94-04c1-424b-9868-57a2d4851a1d" relativeResultsDirectory="cc5b2235-68d6-449d-b399-9035c699ddc9" />
    <UnitTestResult executionId="4e47c6ec-4c08-48b0-b43a-c1ff44d3985c" testId="8cb1d39d-b99a-87af-34ee-20bd0cf34e93" testName="test_combat_fixture_loader_keeps_fixture_tuning_values_out_of_production_logic" computerName="BRIAN" duration="00:00:00.0206639" startTime="2026-04-30T13:31:26.8003019-04:00" endTime="2026-04-30T13:31:26.8209650-04:00" testType="13cdc9d9-ddb5-4fa4-a97d-d965ccfc6d4b" outcome="Passed" testListId="8c84fa94-04c1-424b-9868-57a2d4851a1d" relativeResultsDirectory="4e47c6ec-4c08-48b0-b43a-c1ff44d3985c" />
    <UnitTestResult executionId="9a8ad7a7-22cf-4a27-8035-bfb6317ce450" testId="4481cff0-06ae-923c-2804-497c4a1ca7a7" testName="test_melee_hit_chance_equal_level_equal_skills_returns_design_example" computerName="BRIAN" duration="00:00:00.0000660" startTime="2026-04-30T13:31:26.8774451-04:00" endTime="2026-04-30T13:31:26.8775113-04:00" testType="13cdc9d9-ddb5-4fa4-a97d-d965ccfc6d4b" outcome="Passed" testListId="8c84fa94-04c1-424b-9868-57a2d4851a1d" relativeResultsDirectory="9a8ad7a7-22cf-4a27-8035-bfb6317ce450" />
    <UnitTestResult executionId="51aeace6-2208-4606-b112-6aeff45d1292" testId="38742b76-5145-41c4-946f-5a2aa209a875" testName="test_combat_fixture_package_validates_required_t1_rows" computerName="BRIAN" duration="00:00:00.0041470" startTime="2026-04-30T13:31:26.8697388-04:00" endTime="2026-04-30T13:31:26.8738853-04:00" testType="13cdc9d9-ddb5-4fa4-a97d-d965ccfc6d4b" outcome="Passed" testListId="8c84fa94-04c1-424b-9868-57a2d4851a1d" relativeResultsDirectory="51aeace6-2208-4606-b112-6aeff45d1292" />
    <UnitTestResult executionId="b7817d2d-9b84-4460-ae34-6ca2a269ce7c" testId="0ade053e-d8d5-65c4-7361-eb338196a9dc" testName="test_eligible_weapon_tick_revalidates_range_facing_los_and_alive_state(&quot;out of range&quot;,3.0d,0.0d,False,False,OutOfRange)" computerName="BRIAN" duration="00:00:00.0003370" startTime="2026-04-30T13:31:26.8375862-04:00" endTime="2026-04-30T13:31:26.8379232-04:00" testType="13cdc9d9-ddb5-4fa4-a97d-d965ccfc6d4b" outcome="Passed" testListId="8c84fa94-04c1-424b-9868-57a2d4851a1d" relativeResultsDirectory="b7817d2d-9b84-4460-ae34-6ca2a269ce7c" />
    <UnitTestResult executionId="af817580-141b-4961-8d11-6e7f8aee4940" testId="8f874cde-082c-7895-5ff6-5c9a8b22eaec" testName="test_combat_actor_hydration_rejects_dead_current_health_without_death_handoff" computerName="BRIAN" duration="00:00:00.0011980" startTime="2026-04-30T13:31:26.7912619-04:00" endTime="2026-04-30T13:31:26.7924596-04:00" testType="13cdc9d9-ddb5-4fa4-a97d-d965ccfc6d4b" outcome="Passed" testListId="8c84fa94-04c1-424b-9868-57a2d4851a1d" relativeResultsDirectory="af817580-141b-4961-8d11-6e7f8aee4940" />
    <UnitTestResult executionId="93265336-db4d-48da-88c5-1492e90edd34" testId="45c0ef0e-dd19-4cff-a30b-1dbf3d5a4210" testName="test_combat_exit_returns_true_only_after_fixture_boundary_and_zero_valid_hostiles" computerName="BRIAN" duration="00:00:00.0005810" startTime="2026-04-30T13:31:26.8657626-04:00" endTime="2026-04-30T13:31:26.8663439-04:00" testType="13cdc9d9-ddb5-4fa4-a97d-d965ccfc6d4b" outcome="Passed" testListId="8c84fa94-04c1-424b-9868-57a2d4851a1d" relativeResultsDirectory="93265336-db4d-48da-88c5-1492e90edd34" />
    <UnitTestResult executionId="93c6e19a-629b-452d-aaad-8d053308e2f6" testId="02be22a0-308b-09b3-7484-6037402feef7" testName="test_forced_off_conditions_turn_attack_off_and_emit_hud_safe_signal(SuccessfulSitOrMed)" computerName="BRIAN" duration="00:00:00.0001330" startTime="2026-04-30T13:31:26.7955858-04:00" endTime="2026-04-30T13:31:26.7957182-04:00" testType="13cdc9d9-ddb5-4fa4-a97d-d965ccfc6d4b" outcome="Passed" testListId="8c84fa94-04c1-424b-9868-57a2d4851a1d" relativeResultsDirectory="93c6e19a-629b-452d-aaad-8d053308e2f6" />
    <UnitTestResult executionId="f457380e-c7d0-42d0-93b9-f338b7689cf3" testId="de8ee3a3-9174-40d5-2212-68f9a477a22a" testName="test_city_hub_zone_disables_targeting_claim_threat_damage_and_kill_credit" computerName="BRIAN" duration="00:00:00.0013880" startTime="2026-04-30T13:31:26.8580570-04:00" endTime="2026-04-30T13:31:26.8594447-04:00" testType="13cdc9d9-ddb5-4fa4-a97d-d965ccfc6d4b" outcome="Passed" testListId="8c84fa94-04c1-424b-9868-57a2d4851a1d" relativeResultsDirectory="f457380e-c7d0-42d0-93b9-f338b7689cf3" />
    <UnitTestResult executionId="eb9b2138-2b2b-4d57-8385-ddc1985ecc62" testId="08d6ac0c-0b6e-6c33-9973-634514ba5a56" testName="test_valid_six_second_cast_enters_casting_and_reports_progress" computerName="BRIAN" duration="00:00:00.0004380" startTime="2026-04-30T13:31:26.8471459-04:00" endTime="2026-04-30T13:31:26.8475833-04:00" testType="13cdc9d9-ddb5-4fa4-a97d-d965ccfc6d4b" outcome="Passed" testListId="8c84fa94-04c1-424b-9868-57a2d4851a1d" relativeResultsDirectory="eb9b2138-2b2b-4d57-8385-ddc1985ecc62" />
    <UnitTestResult executionId="2cc1e546-45b9-4159-bcdd-e17c1c35d10c" testId="7a68451b-e96f-6a9b-9ff3-fab2daa6a8bb" testName="test_interrupt_formula_matches_combat_core_worked_example" computerName="BRIAN" duration="00:00:00.0000740" startTime="2026-04-30T13:31:26.8650992-04:00" endTime="2026-04-30T13:31:26.8651728-04:00" testType="13cdc9d9-ddb5-4fa4-a97d-d965ccfc6d4b" outcome="Passed" testListId="8c84fa94-04c1-424b-9868-57a2d4851a1d" relativeResultsDirectory="2cc1e546-45b9-4159-bcdd-e17c1c35d10c" />
    <UnitTestResult executionId="c6ccc09c-a8b2-43cc-92f4-fe591335e183" testId="a98270b6-3be0-ac77-57fe-95b162720f3c" testName="test_combat_fixture_loader_exposes_source_ref_aliases_for_downstream_validation" computerName="BRIAN" duration="00:00:00.0011440" startTime="2026-04-30T13:31:26.7991500-04:00" endTime="2026-04-30T13:31:26.8002935-04:00" testType="13cdc9d9-ddb5-4fa4-a97d-d965ccfc6d4b" outcome="Passed" testListId="8c84fa94-04c1-424b-9868-57a2d4851a1d" relativeResultsDirectory="c6ccc09c-a8b2-43cc-92f4-fe591335e183" />
    <UnitTestResult executionId="8a552335-e5c7-4734-9eae-dca533df3908" testId="9a93491d-56b0-146c-3bd6-95e62dc7f955" testName="test_same_tick_completion_resolves_before_new_interrupt_check" computerName="BRIAN" duration="00:00:00.0002060" startTime="2026-04-30T13:31:26.8469350-04:00" endTime="2026-04-30T13:31:26.8471413-04:00" testType="13cdc9d9-ddb5-4fa4-a97d-d965ccfc6d4b" outcome="Passed" testListId="8c84fa94-04c1-424b-9868-57a2d4851a1d" relativeResultsDirectory="8a552335-e5c7-4734-9eae-dca533df3908" />
    <UnitTestResult executionId="9c1f78a8-e60b-4283-bf6d-3775164ce66f" testId="200e58b1-bdbe-12db-780e-939900502b83" testName="test_successful_sit_forces_attack_off_before_later_regen_or_threat_updates" computerName="BRIAN" duration="00:00:00.0001090" startTime="2026-04-30T13:31:26.7970025-04:00" endTime="2026-04-30T13:31:26.7971109-04:00" testType="13cdc9d9-ddb5-4fa4-a97d-d965ccfc6d4b" outcome="Passed" testListId="8c84fa94-04c1-424b-9868-57a2d4851a1d" relativeResultsDirectory="9c1f78a8-e60b-4283-bf6d-3775164ce66f" />
    <UnitTestResult executionId="57fa54ca-abb0-4f41-b545-1452a3758330" testId="7e83c692-4866-4e8e-1f06-6afdc03fe9f9" testName="test_combat_actor_state_rejects_transient_threat_table_negative_values" computerName="BRIAN" duration="00:00:00.0000910" startTime="2026-04-30T13:31:26.8646554-04:00" endTime="2026-04-30T13:31:26.8647459-04:00" testType="13cdc9d9-ddb5-4fa4-a97d-d965ccfc6d4b" outcome="Passed" testListId="8c84fa94-04c1-424b-9868-57a2d4851a1d" relativeResultsDirectory="57fa54ca-abb0-4f41-b545-1452a3758330" />
    <UnitTestResult executionId="ec182d60-5012-49b5-a556-857f5f0a3be4" testId="53728362-84cd-7548-bf24-25b503edc85b" testName="test_combat_actor_state_contains_required_runtime_and_stable_fields" computerName="BRIAN" duration="00:00:00.0003470" startTime="2026-04-30T13:31:26.8639562-04:00" endTime="2026-04-30T13:31:26.8643030-04:00" testType="13cdc9d9-ddb5-4fa4-a97d-d965ccfc6d4b" outcome="Passed" testListId="8c84fa94-04c1-424b-9868-57a2d4851a1d" relativeResultsDirectory="ec182d60-5012-49b5-a556-857f5f0a3be4" />
    <UnitTestResult executionId="648e7616-e82c-43eb-9758-68f44ca8d34c" testId="9be322f5-38a0-317f-7771-9630c616ac33" testName="test_lifecycle_payloads_include_ids_targets_and_combat_ticks" computerName="BRIAN" duration="00:00:00.0011910" startTime="2026-04-30T13:31:26.8454604-04:00" endTime="2026-04-30T13:31:26.8466515-04:00" testType="13cdc9d9-ddb5-4fa4-a97d-d965ccfc6d4b" outcome="Passed" testListId="8c84fa94-04c1-424b-9868-57a2d4851a1d" relativeResultsDirectory="648e7616-e82c-43eb-9758-68f44ca8d34c" />
    <UnitTestResult executionId="14cd688d-5090-4f56-ab6a-86cf2bc6467d" testId="caad7f8e-cd4a-fc04-d248-6b0046b1b5bd" testName="test_tactical_ability_profile_rejects_missing_requested_band" computerName="BRIAN" duration="00:00:00.0004740" startTime="2026-04-30T13:31:26.8814103-04:00" endTime="2026-04-30T13:31:26.8818838-04:00" testType="13cdc9d9-ddb5-4fa4-a97d-d965ccfc6d4b" outcome="Passed" testListId="8c84fa94-04c1-424b-9868-57a2d4851a1d" relativeResultsDirectory="14cd688d-5090-4f56-ab6a-86cf2bc6467d" />
    <UnitTestResult executionId="fb173eb3-4c88-4011-baba-6e6bb429d5b4" testId="e0d639e2-97af-1693-3e98-90f39d98954a" testName="test_current_state_accessor_matches_latest_projected_attack_event" computerName="BRIAN" duration="00:00:00.0003100" startTime="2026-04-30T13:31:26.8229059-04:00" endTime="2026-04-30T13:31:26.8232158-04:00" testType="13cdc9d9-ddb5-4fa4-a97d-d965ccfc6d4b" outcome="Passed" testListId="8c84fa94-04c1-424b-9868-57a2d4851a1d" relativeResultsDirectory="fb173eb3-4c88-4011-baba-6e6bb429d5b4" />
    <UnitTestResult executionId="6e0c4bd9-2461-4f08-a2df-dab2fb2b198f" testId="a1f34926-b941-2921-98b2-860661573728" testName="test_no_target_toggle_noop_emits_no_misleading_attack_on_pulse" computerName="BRIAN" duration="00:00:00.0001380" startTime="2026-04-30T13:31:26.8234816-04:00" endTime="2026-04-30T13:31:26.8236193-04:00" testType="13cdc9d9-ddb5-4fa4-a97d-d965ccfc6d4b" outcome="Passed" testListId="8c84fa94-04c1-424b-9868-57a2d4851a1d" relativeResultsDirectory="6e0c4bd9-2461-4f08-a2df-dab2fb2b198f" />
    <UnitTestResult executionId="bc3cdf06-c54d-4e73-8a2d-300e22552f57" testId="e6c9de37-3ddf-c1e1-fc3e-b5528f3990cd" testName="test_sit_command_during_active_cast_is_rejected_by_rule_19_precondition" computerName="BRIAN" duration="00:00:00.0008780" startTime="2026-04-30T13:31:26.8334742-04:00" endTime="2026-04-30T13:31:26.8343524-04:00" testType="13cdc9d9-ddb5-4fa4-a97d-d965ccfc6d4b" outcome="Passed" testListId="8c84fa94-04c1-424b-9868-57a2d4851a1d" relativeResultsDirectory="bc3cdf06-c54d-4e73-8a2d-300e22552f57" />
    <UnitTestResult executionId="087f3513-caaa-4a24-a450-e44b3f06794d" testId="06c39495-a345-6c2f-adc5-af2e65ea0594" testName="test_social_assist_pulses_are_bounded_and_join_once_per_pull_episode" computerName="BRIAN" duration="00:00:00.0005910" startTime="2026-04-30T13:31:26.8626578-04:00" endTime="2026-04-30T13:31:26.8632491-04:00" testType="13cdc9d9-ddb5-4fa4-a97d-d965ccfc6d4b" outcome="Passed" testListId="8c84fa94-04c1-424b-9868-57a2d4851a1d" relativeResultsDirectory="087f3513-caaa-4a24-a450-e44b3f06794d" />
    <UnitTestResult executionId="ec44c9d2-3a35-420c-9851-4f158d6eedc9" testId="2238a2b9-f43e-5a9e-eaa2-2ae1b817016c" testName="test_melee_hit_chance_clamps_and_honors_boundary_inputs(60,1,300,0,0.92d)" computerName="BRIAN" duration="00:00:00.0001830" startTime="2026-04-30T13:31:26.8772339-04:00" endTime="2026-04-30T13:31:26.8774171-04:00" testType="13cdc9d9-ddb5-4fa4-a97d-d965ccfc6d4b" outcome="Passed" testListId="8c84fa94-04c1-424b-9868-57a2d4851a1d" relativeResultsDirectory="ec44c9d2-3a35-420c-9851-4f158d6eedc9" />
    <UnitTestResult executionId="1c06ffb3-173e-4e15-ab6d-b481c7fdfddf" testId="242af03b-bf5b-46fc-e914-db294451550d" testName="test_instant_direct_damage_resolves_same_tick_without_cast_bar_and_spends_mana" computerName="BRIAN" duration="00:00:00.0009740" startTime="2026-04-30T13:31:26.8526977-04:00" endTime="2026-04-30T13:31:26.8536712-04:00" testType="13cdc9d9-ddb5-4fa4-a97d-d965ccfc6d4b" outcome="Passed" testListId="8c84fa94-04c1-424b-9868-57a2d4851a1d" relativeResultsDirectory="1c06ffb3-173e-4e15-ab6d-b481c7fdfddf" />
    <UnitTestResult executionId="d9e77813-e8c9-46fc-bb72-ba98fc059af4" testId="cf622bc6-ba9f-8306-05b4-a05cbcfe5e6f" testName="test_combat_fixture_package_resolves_cleric_mid_t1_design_values" computerName="BRIAN" duration="00:00:00.0004440" startTime="2026-04-30T13:31:26.8683088-04:00" endTime="2026-04-30T13:31:26.8687530-04:00" testType="13cdc9d9-ddb5-4fa4-a97d-d965ccfc6d4b" outcome="Passed" testListId="8c84fa94-04c1-424b-9868-57a2d4851a1d" relativeResultsDirectory="d9e77813-e8c9-46fc-bb72-ba98fc059af4" />
    <UnitTestResult executionId="52a14cf6-3e66-402b-bc00-580b2e7918bc" testId="48510470-e43e-af14-e67a-0936ddabfdcc" testName="test_combat_fixture_validator_rejects_missing_required_rows" computerName="BRIAN" duration="00:00:00.0006830" startTime="2026-04-30T13:31:26.8744387-04:00" endTime="2026-04-30T13:31:26.8751217-04:00" testType="13cdc9d9-ddb5-4fa4-a97d-d965ccfc6d4b" outcome="Passed" testListId="8c84fa94-04c1-424b-9868-57a2d4851a1d" relativeResultsDirectory="52a14cf6-3e66-402b-bc00-580b2e7918bc" />
    <UnitTestResult executionId="1ce0a51e-1347-4aef-a49b-5b713f118100" testId="36dbb467-76d7-f6f7-e6d2-66366935fd96" testName="test_damage_interrupt_emits_event_and_spends_no_mana" computerName="BRIAN" duration="00:00:00.0012350" startTime="2026-04-30T13:31:26.8442140-04:00" endTime="2026-04-30T13:31:26.8454484-04:00" testType="13cdc9d9-ddb5-4fa4-a97d-d965ccfc6d4b" outcome="Passed" testListId="8c84fa94-04c1-424b-9868-57a2d4851a1d" relativeResultsDirectory="1ce0a51e-1347-4aef-a49b-5b713f118100" />
    <UnitTestResult executionId="8aca20c0-28e6-462d-8e6f-05e1e7591566" testId="6b443170-429b-457b-6f92-d34edf1c5007" testName="test_social_assist_joins_eligible_actors_in_deterministic_order_with_default_threat" computerName="BRIAN" duration="00:00:00.0007400" startTime="2026-04-30T13:31:26.8619070-04:00" endTime="2026-04-30T13:31:26.8626466-04:00" testType="13cdc9d9-ddb5-4fa4-a97d-d965ccfc6d4b" outcome="Passed" testListId="8c84fa94-04c1-424b-9868-57a2d4851a1d" relativeResultsDirectory="8aca20c0-28e6-462d-8e6f-05e1e7591566" />
    <UnitTestResult executionId="ff21d5ff-2462-4294-a3fe-51b2f1f03856" testId="806434a1-b6bb-8628-2e8e-893c6a0ead81" testName="test_melee_damage_design_example_returns_nine_damage" computerName="BRIAN" duration="00:00:00.0001180" startTime="2026-04-30T13:31:26.8769922-04:00" endTime="2026-04-30T13:31:26.8771104-04:00" testType="13cdc9d9-ddb5-4fa4-a97d-d965ccfc6d4b" outcome="Passed" testListId="8c84fa94-04c1-424b-9868-57a2d4851a1d" relativeResultsDirectory="ff21d5ff-2462-4294-a3fe-51b2f1f03856" />
    <UnitTestResult executionId="fcc01907-4c00-4e9e-8fd5-32a29e6ca875" testId="02e56309-b298-a27b-2925-0cd280ef05fe" testName="test_interrupt_formula_rejects_invalid_ratio_bounds" computerName="BRIAN" duration="00:00:00.0001580" startTime="2026-04-30T13:31:26.8651753-04:00" endTime="2026-04-30T13:31:26.8653332-04:00" testType="13cdc9d9-ddb5-4fa4-a97d-d965ccfc6d4b" outcome="Passed" testListId="8c84fa94-04c1-424b-9868-57a2d4851a1d" relativeResultsDirectory="fcc01907-4c00-4e9e-8fd5-32a29e6ca875" />
    <UnitTestResult executionId="024a4665-3665-46fc-aac0-c90ebe879b48" testId="e1016321-1c99-22e2-cd49-121aeafc90a6" testName="test_player_toggle_off_is_an_approved_command_path_and_emits_hud_safe_off_signal" computerName="BRIAN" duration="00:00:00.0001220" startTime="2026-04-30T13:31:26.7963850-04:00" endTime="2026-04-30T13:31:26.7965073-04:00" testType="13cdc9d9-ddb5-4fa4-a97d-d965ccfc6d4b" outcome="Passed" testListId="8c84fa94-04c1-424b-9868-57a2d4851a1d" relativeResultsDirectory="024a4665-3665-46fc-aac0-c90ebe879b48" />
    <UnitTestResult executionId="e4250435-4fd0-4e63-912b-1dbaf926eb9a" testId="4f15759e-48a7-488b-bd54-9bd99a1ede41" testName="test_tactical_ability_profile_resolves_fixture_loaded_mid_band_values" computerName="BRIAN" duration="00:00:00.0004720" startTime="2026-04-30T13:31:26.8818944-04:00" endTime="2026-04-30T13:31:26.8823660-04:00" testType="13cdc9d9-ddb5-4fa4-a97d-d965ccfc6d4b" outcome="Passed" testListId="8c84fa94-04c1-424b-9868-57a2d4851a1d" relativeResultsDirectory="e4250435-4fd0-4e63-912b-1dbaf926eb9a" />
    <UnitTestResult executionId="4322d0ea-2554-4909-b485-466a3dc2e9db" testId="4597b75a-91e0-94d0-a15c-cfd2a6df4f62" testName="test_sitting_in_combat_uses_combat_multiplier_without_med_boost" computerName="BRIAN" duration="00:00:00.0002880" startTime="2026-04-30T13:31:26.8796553-04:00" endTime="2026-04-30T13:31:26.8799431-04:00" testType="13cdc9d9-ddb5-4fa4-a97d-d965ccfc6d4b" outcome="Passed" testListId="8c84fa94-04c1-424b-9868-57a2d4851a1d" relativeResultsDirectory="4322d0ea-2554-4909-b485-466a3dc2e9db" />
    <UnitTestResult executionId="1f0fac17-d8ae-4baa-a554-533ec170e89a" testId="09b07e53-993b-b255-9c37-85cc605e7693" testName="test_city_zone_gate_blocks_damage_on_each_eligible_tick" computerName="BRIAN" duration="00:00:00.0017090" startTime="2026-04-30T13:31:26.8358510-04:00" endTime="2026-04-30T13:31:26.8375601-04:00" testType="13cdc9d9-ddb5-4fa4-a97d-d965ccfc6d4b" outcome="Passed" testListId="8c84fa94-04c1-424b-9868-57a2d4851a1d" relativeResultsDirectory="1f0fac17-d8ae-4baa-a554-533ec170e89a" />
    <UnitTestResult executionId="78fc4f64-1535-4837-ae69-9290f051eac1" testId="082fc771-2a89-ef50-1099-951b6be4dfd9" testName="test_pause_does_not_advance_clock_or_wall_clock_catch_up_melee_ticks" computerName="BRIAN" duration="00:00:00.0003750" startTime="2026-04-30T13:31:26.8421532-04:00" endTime="2026-04-30T13:31:26.8425276-04:00" testType="13cdc9d9-ddb5-4fa4-a97d-d965ccfc6d4b" outcome="Passed" testListId="8c84fa94-04c1-424b-9868-57a2d4851a1d" relativeResultsDirectory="78fc4f64-1535-4837-ae69-9290f051eac1" />
    <UnitTestResult executionId="ac46372d-880f-4452-88fa-7d1ad674f452" testId="5cf7e60a-c291-300d-d517-0c8269bfa7e8" testName="test_combat_fixture_validator_rejects_missing_tactical_instant_ability_profile_fields" computerName="BRIAN" duration="00:00:00.0003620" startTime="2026-04-30T13:31:26.8751334-04:00" endTime="2026-04-30T13:31:26.8754954-04:00" testType="13cdc9d9-ddb5-4fa4-a97d-d965ccfc6d4b" outcome="Passed" testListId="8c84fa94-04c1-424b-9868-57a2d4851a1d" relativeResultsDirectory="ac46372d-880f-4452-88fa-7d1ad674f452" />
    <UnitTestResult executionId="ed89865b-bcab-4c76-b4ac-4cfea4ecd9fe" testId="0aaeafb3-de1a-f812-f2ac-45c18e263dad" testName="test_unapproved_transition_path_cannot_change_attack_state" computerName="BRIAN" duration="00:00:00.0018940" startTime="2026-04-30T13:31:26.7972058-04:00" endTime="2026-04-30T13:31:26.7990991-04:00" testType="13cdc9d9-ddb5-4fa4-a97d-d965ccfc6d4b" outcome="Passed" testListId="8c84fa94-04c1-424b-9868-57a2d4851a1d" relativeResultsDirectory="ed89865b-bcab-4c76-b4ac-4cfea4ecd9fe" />
    <UnitTestResult executionId="dfb94549-0957-4b64-bfe1-ff11d8b18586" testId="f0d5177a-e97c-d50d-f458-8f7bac4f52bc" testName="test_target_selection_filters_dead_out_of_radius_blocked_los_and_orders_deterministically" computerName="BRIAN" duration="00:00:00.0002130" startTime="2026-04-30T13:31:26.8632602-04:00" endTime="2026-04-30T13:31:26.8634734-04:00" testType="13cdc9d9-ddb5-4fa4-a97d-d965ccfc6d4b" outcome="Passed" testListId="8c84fa94-04c1-424b-9868-57a2d4851a1d" relativeResultsDirectory="dfb94549-0957-4b64-bfe1-ff11d8b18586" />
    <UnitTestResult executionId="c6267c85-4eee-47e9-9e22-0de8374d71a4" testId="90583ee3-46fc-7f9b-dfe6-31a5296a3684" testName="test_combat_clock_rejects_invalid_tick_rate" computerName="BRIAN" duration="00:00:00.0001000" startTime="2026-04-30T13:31:26.8655012-04:00" endTime="2026-04-30T13:31:26.8656014-04:00" testType="13cdc9d9-ddb5-4fa4-a97d-d965ccfc6d4b" outcome="Passed" testListId="8c84fa94-04c1-424b-9868-57a2d4851a1d" relativeResultsDirectory="c6267c85-4eee-47e9-9e22-0de8374d71a4" />
    <UnitTestResult executionId="ddcee27a-30d9-454a-aed9-e3b6b62ec3cb" testId="2ecd3eba-6723-1021-f114-0e0dd818e4a3" testName="test_eligible_weapon_tick_revalidates_range_facing_los_and_alive_state(&quot;blocked sight&quot;,1.5d,0.0d,True,False,LineOfSightBlocked)" computerName="BRIAN" duration="00:00:00.0004420" startTime="2026-04-30T13:31:26.8381779-04:00" endTime="2026-04-30T13:31:26.8386198-04:00" testType="13cdc9d9-ddb5-4fa4-a97d-d965ccfc6d4b" outcome="Passed" testListId="8c84fa94-04c1-424b-9868-57a2d4851a1d" relativeResultsDirectory="ddcee27a-30d9-454a-aed9-e3b6b62ec3cb" />
  </Results>
  <TestDefinitions>
    <UnitTest name="test_interrupt_formula_clamps_to_injected_bounds(90,100,4.0d,4.0d,0.85d)" storage="n:\gravenspire\tests\bin\debug\net8.0\gravenspire.combat.tests.dll" id="acdb4327-5add-cc61-caaf-af6538389cc1">
      <Execution id="73e32a1e-a024-4e3d-8977-9f8b3f4bef7f" />
      <TestMethod codeBase="N:\GravenSpire\tests\bin\Debug\net8.0\Gravenspire.Combat.Tests.dll" adapterTypeName="executor://nunit3testexecutor/" className="Gravenspire.Tests.Unit.Gameplay.Combat.CombatCastInterruptFormulasTest" name="test_interrupt_formula_clamps_to_injected_bounds(90,100,4.0d,4.0d,0.85d)" />
    </UnitTest>
    <UnitTest name="test_combat_fixture_package_validates_required_t1_rows" storage="n:\gravenspire\tests\bin\debug\net8.0\gravenspire.combat.tests.dll" id="38742b76-5145-41c4-946f-5a2aa209a875">
      <Execution id="51aeace6-2208-4606-b112-6aeff45d1292" />
      <TestMethod codeBase="N:\GravenSpire\tests\bin\Debug\net8.0\Gravenspire.Combat.Tests.dll" adapterTypeName="executor://nunit3testexecutor/" className="Gravenspire.Tests.Unit.Gameplay.Combat.CombatFixtureValidationTest" name="test_combat_fixture_package_validates_required_t1_rows" />
    </UnitTest>
    <UnitTest name="test_forced_off_conditions_turn_attack_off_and_emit_hud_safe_signal(SuccessfulSitOrMed)" storage="n:\gravenspire\tests\bin\debug\net8.0\gravenspire.combat.tests.dll" id="02be22a0-308b-09b3-7484-6037402feef7">
      <Execution id="93c6e19a-629b-452d-aaad-8d053308e2f6" />
      <TestMethod codeBase="N:\GravenSpire\tests\bin\Debug\net8.0\Gravenspire.Combat.Tests.dll" adapterTypeName="executor://nunit3testexecutor/" className="Gravenspire.Tests.Integration.Gameplay.Combat.CombatAttackToggleStateMachineTest" name="test_forced_off_conditions_turn_attack_off_and_emit_hud_safe_signal(SuccessfulSitOrMed)" />
    </UnitTest>
    <UnitTest name="test_reaggro_requires_active_memory_distance_los_and_expiry_clears_threat" storage="n:\gravenspire\tests\bin\debug\net8.0\gravenspire.combat.tests.dll" id="0609f7c7-6951-db49-ce69-ea2ba5bad7c0">
      <Execution id="a8292f5b-b079-4d61-ac27-aba4354b4458" />
      <TestMethod codeBase="N:\GravenSpire\tests\bin\Debug\net8.0\Gravenspire.Combat.Tests.dll" adapterTypeName="executor://nunit3testexecutor/" className="Gravenspire.Tests.Integration.Gameplay.Combat.CombatTargetingPullLeashTest" name="test_reaggro_requires_active_memory_distance_los_and_expiry_clears_threat" />
    </UnitTest>
    <UnitTest name="test_current_target_threat_projects_stable_or_contested_without_raw_numeric_output" storage="n:\gravenspire\tests\bin\debug\net8.0\gravenspire.combat.tests.dll" id="53fe0698-9053-9721-c059-d4aa4b2685c9">
      <Execution id="a1eb700a-e011-4060-95ad-5d1264378c18" />
      <TestMethod codeBase="N:\GravenSpire\tests\bin\Debug\net8.0\Gravenspire.Combat.Tests.dll" adapterTypeName="executor://nunit3testexecutor/" className="Gravenspire.Tests.Unit.Gameplay.Combat.CombatHudThreatCategoryTest" name="test_current_target_threat_projects_stable_or_contested_without_raw_numeric_output" />
    </UnitTest>
    <UnitTest name="test_seconds_to_ticks_uses_ceiling_against_injected_tick_rate" storage="n:\gravenspire\tests\bin\debug\net8.0\gravenspire.combat.tests.dll" id="b08ac564-917e-187f-0662-a76b0931844a">
      <Execution id="0452ac19-a44c-4dbf-b820-299c9ccdac2e" />
      <TestMethod codeBase="N:\GravenSpire\tests\bin\Debug\net8.0\Gravenspire.Combat.Tests.dll" adapterTypeName="executor://nunit3testexecutor/" className="Gravenspire.Tests.Unit.Gameplay.Combat.CombatCastInterruptFormulasTest" name="test_seconds_to_ticks_uses_ceiling_against_injected_tick_rate" />
    </UnitTest>
    <UnitTest name="test_non_top_threat_projects_listed_or_close_without_raw_numeric_output" storage="n:\gravenspire\tests\bin\debug\net8.0\gravenspire.combat.tests.dll" id="6bcb926a-a00b-9bdb-28e5-644514d6190c">
      <Execution id="de0c97a8-ef03-407f-8a9d-eb1203313dde" />
      <TestMethod codeBase="N:\GravenSpire\tests\bin\Debug\net8.0\Gravenspire.Combat.Tests.dll" adapterTypeName="executor://nunit3testexecutor/" className="Gravenspire.Tests.Unit.Gameplay.Combat.CombatHudThreatCategoryTest" name="test_non_top_threat_projects_listed_or_close_without_raw_numeric_output" />
    </UnitTest>
    <UnitTest name="test_out_of_combat_sitting_mana_regen_clamps_to_max_mana" storage="n:\gravenspire\tests\bin\debug\net8.0\gravenspire.combat.tests.dll" id="35d06612-3af7-a0e3-2da0-c97138a9413e">
      <Execution id="f5b6aa58-1d93-40d9-b2a3-bbc94ab1525b" />
      <TestMethod codeBase="N:\GravenSpire\tests\bin\Debug\net8.0\Gravenspire.Combat.Tests.dll" adapterTypeName="executor://nunit3testexecutor/" className="Gravenspire.Tests.Integration.Gameplay.Combat.CombatMedSitRegenCombatExitTest" name="test_out_of_combat_sitting_mana_regen_clamps_to_max_mana" />
    </UnitTest>
    <UnitTest name="test_combat_fixture_package_declares_regen_and_combat_exit_tuning" storage="n:\gravenspire\tests\bin\debug\net8.0\gravenspire.combat.tests.dll" id="02388d24-0536-8eb9-5e34-f6edfd945556">
      <Execution id="2f04fc87-1d93-4de3-8eb3-537dd731cd62" />
      <TestMethod codeBase="N:\GravenSpire\tests\bin\Debug\net8.0\Gravenspire.Combat.Tests.dll" adapterTypeName="executor://nunit3testexecutor/" className="Gravenspire.Tests.Unit.Gameplay.Combat.CombatFixtureValidationTest" name="test_combat_fixture_package_declares_regen_and_combat_exit_tuning" />
    </UnitTest>
    <UnitTest name="test_melee_hit_chance_clamps_and_honors_boundary_inputs(5,5,30,30,0.72d)" storage="n:\gravenspire\tests\bin\debug\net8.0\gravenspire.combat.tests.dll" id="5bd22301-7b0d-ecad-8ea1-05a08f0c361a">
      <Execution id="eafc726e-3be4-463e-bea2-d80e2fc8e823" />
      <TestMethod codeBase="N:\GravenSpire\tests\bin\Debug\net8.0\Gravenspire.Combat.Tests.dll" adapterTypeName="executor://nunit3testexecutor/" className="Gravenspire.Tests.Unit.Gameplay.Combat.CombatMeleeFormulasTest" name="test_melee_hit_chance_clamps_and_honors_boundary_inputs(5,5,30,30,0.72d)" />
    </UnitTest>
    <UnitTest name="test_city_zone_gate_blocks_damage_on_each_eligible_tick" storage="n:\gravenspire\tests\bin\debug\net8.0\gravenspire.combat.tests.dll" id="09b07e53-993b-b255-9c37-85cc605e7693">
      <Execution id="1f0fac17-d8ae-4baa-a554-533ec170e89a" />
      <TestMethod codeBase="N:\GravenSpire\tests\bin\Debug\net8.0\Gravenspire.Combat.Tests.dll" adapterTypeName="executor://nunit3testexecutor/" className="Gravenspire.Tests.Integration.Gameplay.Combat.CombatMeleeTickResolutionTest" name="test_city_zone_gate_blocks_damage_on_each_eligible_tick" />
    </UnitTest>
    <UnitTest name="test_combat_fixture_validator_rejects_invalid_regen_and_combat_exit_tuning" storage="n:\gravenspire\tests\bin\debug\net8.0\gravenspire.combat.tests.dll" id="f3cfd34e-353d-9f00-7248-ef29535bab5b">
      <Execution id="5894a2d2-64d8-4e82-8595-389193f9adbd" />
      <TestMethod codeBase="N:\GravenSpire\tests\bin\Debug\net8.0\Gravenspire.Combat.Tests.dll" adapterTypeName="executor://nunit3testexecutor/" className="Gravenspire.Tests.Unit.Gameplay.Combat.CombatFixtureValidationTest" name="test_combat_fixture_validator_rejects_invalid_regen_and_combat_exit_tuning" />
    </UnitTest>
    <UnitTest name="test_attack_on_and_off_signals_project_to_hud_event_stream" storage="n:\gravenspire\tests\bin\debug\net8.0\gravenspire.combat.tests.dll" id="0fe49ec9-49f8-0b1a-77b5-3a813109060e">
      <Execution id="9e389d98-ecb4-40d2-99fb-9a2c80cc62d0" />
      <TestMethod codeBase="N:\GravenSpire\tests\bin\Debug\net8.0\Gravenspire.Combat.Tests.dll" adapterTypeName="executor://nunit3testexecutor/" className="Gravenspire.Tests.Integration.Gameplay.Combat.CombatHudStateSignalTest" name="test_attack_on_and_off_signals_project_to_hud_event_stream" />
    </UnitTest>
    <UnitTest name="test_snapshot_exposes_hud_safe_combat_state_without_presentation_ownership" storage="n:\gravenspire\tests\bin\debug\net8.0\gravenspire.combat.tests.dll" id="b29710fb-d754-ad14-bcfb-bc7d34b02b03">
      <Execution id="0c5ac1d3-5b26-4bf7-9a2a-2b36020a57b2" />
      <TestMethod codeBase="N:\GravenSpire\tests\bin\Debug\net8.0\Gravenspire.Combat.Tests.dll" adapterTypeName="executor://nunit3testexecutor/" className="Gravenspire.Tests.Integration.Gameplay.Combat.CombatHudStateSignalTest" name="test_snapshot_exposes_hud_safe_combat_state_without_presentation_ownership" />
    </UnitTest>
    <UnitTest name="test_forced_off_transitions_project_hud_attack_off_signal(ZoneTransition)" storage="n:\gravenspire\tests\bin\debug\net8.0\gravenspire.combat.tests.dll" id="723f54e9-b904-6418-d194-b41b28b492f9">
      <Execution id="4894d285-7828-4f93-a7eb-f67f7e058fe6" />
      <TestMethod codeBase="N:\GravenSpire\tests\bin\Debug\net8.0\Gravenspire.Combat.Tests.dll" adapterTypeName="executor://nunit3testexecutor/" className="Gravenspire.Tests.Integration.Gameplay.Combat.CombatHudStateSignalTest" name="test_forced_off_transitions_project_hud_attack_off_signal(ZoneTransition)" />
    </UnitTest>
    <UnitTest name="test_lifecycle_payloads_include_ids_targets_and_combat_ticks" storage="n:\gravenspire\tests\bin\debug\net8.0\gravenspire.combat.tests.dll" id="9be322f5-38a0-317f-7771-9630c616ac33">
      <Execution id="648e7616-e82c-43eb-9758-68f44ca8d34c" />
      <TestMethod codeBase="N:\GravenSpire\tests\bin\Debug\net8.0\Gravenspire.Combat.Tests.dll" adapterTypeName="executor://nunit3testexecutor/" className="Gravenspire.Tests.Integration.Gameplay.Combat.CombatSlowCastFrameworkTest" name="test_lifecycle_payloads_include_ids_targets_and_combat_ticks" />
    </UnitTest>
    <UnitTest name="test_player_toggle_off_is_an_approved_command_path_and_emits_hud_safe_off_signal" storage="n:\gravenspire\tests\bin\debug\net8.0\gravenspire.combat.tests.dll" id="e1016321-1c99-22e2-cd49-121aeafc90a6">
      <Execution id="024a4665-3665-46fc-aac0-c90ebe879b48" />
      <TestMethod codeBase="N:\GravenSpire\tests\bin\Debug\net8.0\Gravenspire.Combat.Tests.dll" adapterTypeName="executor://nunit3testexecutor/" className="Gravenspire.Tests.Integration.Gameplay.Combat.CombatAttackToggleStateMachineTest" name="test_player_toggle_off_is_an_approved_command_path_and_emits_hud_safe_off_signal" />
    </UnitTest>
    <UnitTest name="test_forced_off_conditions_turn_attack_off_and_emit_hud_safe_signal(ZoneTransition)" storage="n:\gravenspire\tests\bin\debug\net8.0\gravenspire.combat.tests.dll" id="0fd97fbd-f6f7-6b36-7e79-decbebde8209">
      <Execution id="16e78377-ccf1-44b7-a2fb-931e6559d75c" />
      <TestMethod codeBase="N:\GravenSpire\tests\bin\Debug\net8.0\Gravenspire.Combat.Tests.dll" adapterTypeName="executor://nunit3testexecutor/" className="Gravenspire.Tests.Integration.Gameplay.Combat.CombatAttackToggleStateMachineTest" name="test_forced_off_conditions_turn_attack_off_and_emit_hud_safe_signal(ZoneTransition)" />
    </UnitTest>
    <UnitTest name="test_instant_direct_damage_resolves_same_tick_without_cast_bar_and_spends_mana" storage="n:\gravenspire\tests\bin\debug\net8.0\gravenspire.combat.tests.dll" id="242af03b-bf5b-46fc-e914-db294451550d">
      <Execution id="1c06ffb3-173e-4e15-ab6d-b481c7fdfddf" />
      <TestMethod codeBase="N:\GravenSpire\tests\bin\Debug\net8.0\Gravenspire.Combat.Tests.dll" adapterTypeName="executor://nunit3testexecutor/" className="Gravenspire.Tests.Integration.Gameplay.Combat.CombatTacticalClericInstantsTest" name="test_instant_direct_damage_resolves_same_tick_without_cast_bar_and_spends_mana" />
    </UnitTest>
    <UnitTest name="test_forced_off_transitions_project_hud_attack_off_signal(TargetDeath)" storage="n:\gravenspire\tests\bin\debug\net8.0\gravenspire.combat.tests.dll" id="26eee1f6-f642-2dd7-fd79-270496001180">
      <Execution id="4e6d403e-17f0-4fe8-8afe-bc81af1332ae" />
      <TestMethod codeBase="N:\GravenSpire\tests\bin\Debug\net8.0\Gravenspire.Combat.Tests.dll" adapterTypeName="executor://nunit3testexecutor/" className="Gravenspire.Tests.Integration.Gameplay.Combat.CombatHudStateSignalTest" name="test_forced_off_transitions_project_hud_attack_off_signal(TargetDeath)" />
    </UnitTest>
    <UnitTest name="test_combat_actor_state_has_no_unity_scene_object_fields" storage="n:\gravenspire\tests\bin\debug\net8.0\gravenspire.combat.tests.dll" id="1791f5b3-5e24-0819-55f9-1dbf5d2c44b5">
      <Execution id="0eaf7c5e-783a-4440-a2a4-44d3d33d8102" />
      <TestMethod codeBase="N:\GravenSpire\tests\bin\Debug\net8.0\Gravenspire.Combat.Tests.dll" adapterTypeName="executor://nunit3testexecutor/" className="Gravenspire.Tests.Unit.Gameplay.Combat.CombatActorStateTest" name="test_combat_actor_state_has_no_unity_scene_object_fields" />
    </UnitTest>
    <UnitTest name="test_passive_combat_paths_do_not_enable_attack(BodyPull)" storage="n:\gravenspire\tests\bin\debug\net8.0\gravenspire.combat.tests.dll" id="0ec27a4d-7366-16e3-5f56-78d5b8174932">
      <Execution id="21777707-e446-4137-a19c-fe00e68ceb5d" />
      <TestMethod codeBase="N:\GravenSpire\tests\bin\Debug\net8.0\Gravenspire.Combat.Tests.dll" adapterTypeName="executor://nunit3testexecutor/" className="Gravenspire.Tests.Integration.Gameplay.Combat.CombatAttackToggleStateMachineTest" name="test_passive_combat_paths_do_not_enable_attack(BodyPull)" />
    </UnitTest>
    <UnitTest name="test_melee_hit_chance_equal_level_equal_skills_returns_design_example" storage="n:\gravenspire\tests\bin\debug\net8.0\gravenspire.combat.tests.dll" id="4481cff0-06ae-923c-2804-497c4a1ca7a7">
      <Execution id="9a8ad7a7-22cf-4a27-8035-bfb6317ce450" />
      <TestMethod codeBase="N:\GravenSpire\tests\bin\Debug\net8.0\Gravenspire.Combat.Tests.dll" adapterTypeName="executor://nunit3testexecutor/" className="Gravenspire.Tests.Unit.Gameplay.Combat.CombatMeleeFormulasTest" name="test_melee_hit_chance_equal_level_equal_skills_returns_design_example" />
    </UnitTest>
    <UnitTest name="test_absent_and_zero_threat_project_to_no_threat" storage="n:\gravenspire\tests\bin\debug\net8.0\gravenspire.combat.tests.dll" id="f22fd075-6b8b-34a6-b628-dcb8104915f7">
      <Execution id="5951abd9-0d86-4a7f-beca-f04f12bff1b3" />
      <TestMethod codeBase="N:\GravenSpire\tests\bin\Debug\net8.0\Gravenspire.Combat.Tests.dll" adapterTypeName="executor://nunit3testexecutor/" className="Gravenspire.Tests.Unit.Gameplay.Combat.CombatHudThreatCategoryTest" name="test_absent_and_zero_threat_project_to_no_threat" />
    </UnitTest>
    <UnitTest name="test_pause_does_not_advance_clock_or_wall_clock_catch_up_melee_ticks" storage="n:\gravenspire\tests\bin\debug\net8.0\gravenspire.combat.tests.dll" id="082fc771-2a89-ef50-1099-951b6be4dfd9">
      <Execution id="78fc4f64-1535-4837-ae69-9290f051eac1" />
      <TestMethod codeBase="N:\GravenSpire\tests\bin\Debug\net8.0\Gravenspire.Combat.Tests.dll" adapterTypeName="executor://nunit3testexecutor/" className="Gravenspire.Tests.Integration.Gameplay.Combat.CombatMeleeTickResolutionTest" name="test_pause_does_not_advance_clock_or_wall_clock_catch_up_melee_ticks" />
    </UnitTest>
    <UnitTest name="test_self_buff_duration_comes_from_fixture_profile_data" storage="n:\gravenspire\tests\bin\debug\net8.0\gravenspire.combat.tests.dll" id="68fb80a4-bd55-c59b-295d-180a9a8b3f5e">
      <Execution id="0d8f2b4d-942d-4910-a598-174157c0da83" />
      <TestMethod codeBase="N:\GravenSpire\tests\bin\Debug\net8.0\Gravenspire.Combat.Tests.dll" adapterTypeName="executor://nunit3testexecutor/" className="Gravenspire.Tests.Integration.Gameplay.Combat.CombatTacticalClericInstantsTest" name="test_self_buff_duration_comes_from_fixture_profile_data" />
    </UnitTest>
    <UnitTest name="test_social_assist_joins_eligible_actors_in_deterministic_order_with_default_threat" storage="n:\gravenspire\tests\bin\debug\net8.0\gravenspire.combat.tests.dll" id="6b443170-429b-457b-6f92-d34edf1c5007">
      <Execution id="8aca20c0-28e6-462d-8e6f-05e1e7591566" />
      <TestMethod codeBase="N:\GravenSpire\tests\bin\Debug\net8.0\Gravenspire.Combat.Tests.dll" adapterTypeName="executor://nunit3testexecutor/" className="Gravenspire.Tests.Integration.Gameplay.Combat.CombatTargetingPullLeashTest" name="test_social_assist_joins_eligible_actors_in_deterministic_order_with_default_threat" />
    </UnitTest>
    <UnitTest name="test_regen_tick_interval_uses_fixture_seconds_and_combat_tick_rate" storage="n:\gravenspire\tests\bin\debug\net8.0\gravenspire.combat.tests.dll" id="4df7140e-b819-df90-eb34-1a7890860ff9">
      <Execution id="9ea5193b-c7e5-4501-b53a-9de90003830e" />
      <TestMethod codeBase="N:\GravenSpire\tests\bin\Debug\net8.0\Gravenspire.Combat.Tests.dll" adapterTypeName="executor://nunit3testexecutor/" className="Gravenspire.Tests.Unit.Gameplay.Combat.CombatRegenFormulasTest" name="test_regen_tick_interval_uses_fixture_seconds_and_combat_tick_rate" />
    </UnitTest>
    <UnitTest name="test_sitting_in_combat_uses_combat_multiplier_without_med_boost" storage="n:\gravenspire\tests\bin\debug\net8.0\gravenspire.combat.tests.dll" id="4597b75a-91e0-94d0-a15c-cfd2a6df4f62">
      <Execution id="4322d0ea-2554-4909-b485-466a3dc2e9db" />
      <TestMethod codeBase="N:\GravenSpire\tests\bin\Debug\net8.0\Gravenspire.Combat.Tests.dll" adapterTypeName="executor://nunit3testexecutor/" className="Gravenspire.Tests.Unit.Gameplay.Combat.CombatRegenFormulasTest" name="test_sitting_in_combat_uses_combat_multiplier_without_med_boost" />
    </UnitTest>
    <UnitTest name="test_combat_clock_advance_ticks_uses_fixed_duration" storage="n:\gravenspire\tests\bin\debug\net8.0\gravenspire.combat.tests.dll" id="a3feacce-9d27-6f92-1f81-e196edaf7e5f">
      <Execution id="60e61ab1-d5e6-4df5-9ed1-b02a9988a0c4" />
      <TestMethod codeBase="N:\GravenSpire\tests\bin\Debug\net8.0\Gravenspire.Combat.Tests.dll" adapterTypeName="executor://nunit3testexecutor/" className="Gravenspire.Tests.Unit.Gameplay.Combat.CombatClockTest" name="test_combat_clock_advance_ticks_uses_fixed_duration" />
    </UnitTest>
    <UnitTest name="test_combat_fixture_validator_rejects_missing_tactical_instant_ability_profile_fields" storage="n:\gravenspire\tests\bin\debug\net8.0\gravenspire.combat.tests.dll" id="5cf7e60a-c291-300d-d517-0c8269bfa7e8">
      <Execution id="ac46372d-880f-4452-88fa-7d1ad674f452" />
      <TestMethod codeBase="N:\GravenSpire\tests\bin\Debug\net8.0\Gravenspire.Combat.Tests.dll" adapterTypeName="executor://nunit3testexecutor/" className="Gravenspire.Tests.Unit.Gameplay.Combat.CombatFixtureValidationTest" name="test_combat_fixture_validator_rejects_missing_tactical_instant_ability_profile_fields" />
    </UnitTest>
    <UnitTest name="test_combat_fixture_loader_resolves_spells_tactical_instants_and_encounters" storage="n:\gravenspire\tests\bin\debug\net8.0\gravenspire.combat.tests.dll" id="266bd731-d588-a80c-eacd-29ab739a2cd1">
      <Execution id="90556d6e-363f-4d73-ab8b-990e36debe51" />
      <TestMethod codeBase="N:\GravenSpire\tests\bin\Debug\net8.0\Gravenspire.Combat.Tests.dll" adapterTypeName="executor://nunit3testexecutor/" className="Gravenspire.Tests.Integration.Gameplay.Combat.CombatFixtureLoadingTest" name="test_combat_fixture_loader_resolves_spells_tactical_instants_and_encounters" />
    </UnitTest>
    <UnitTest name="test_social_assist_pulses_are_bounded_and_join_once_per_pull_episode" storage="n:\gravenspire\tests\bin\debug\net8.0\gravenspire.combat.tests.dll" id="06c39495-a345-6c2f-adc5-af2e65ea0594">
      <Execution id="087f3513-caaa-4a24-a450-e44b3f06794d" />
      <TestMethod codeBase="N:\GravenSpire\tests\bin\Debug\net8.0\Gravenspire.Combat.Tests.dll" adapterTypeName="executor://nunit3testexecutor/" className="Gravenspire.Tests.Integration.Gameplay.Combat.CombatTargetingPullLeashTest" name="test_social_assist_pulses_are_bounded_and_join_once_per_pull_episode" />
    </UnitTest>
    <UnitTest name="test_passive_combat_paths_do_not_enable_attack(TabCycle)" storage="n:\gravenspire\tests\bin\debug\net8.0\gravenspire.combat.tests.dll" id="aaa2f95e-c9c2-de15-c24c-cee51fd7d071">
      <Execution id="dabf92a2-1acf-4001-ad81-d358054d0028" />
      <TestMethod codeBase="N:\GravenSpire\tests\bin\Debug\net8.0\Gravenspire.Combat.Tests.dll" adapterTypeName="executor://nunit3testexecutor/" className="Gravenspire.Tests.Integration.Gameplay.Combat.CombatAttackToggleStateMachineTest" name="test_passive_combat_paths_do_not_enable_attack(TabCycle)" />
    </UnitTest>
    <UnitTest name="test_interrupt_formula_rejects_invalid_ratio_bounds" storage="n:\gravenspire\tests\bin\debug\net8.0\gravenspire.combat.tests.dll" id="02e56309-b298-a27b-2925-0cd280ef05fe">
      <Execution id="fcc01907-4c00-4e9e-8fd5-32a29e6ca875" />
      <TestMethod codeBase="N:\GravenSpire\tests\bin\Debug\net8.0\Gravenspire.Combat.Tests.dll" adapterTypeName="executor://nunit3testexecutor/" className="Gravenspire.Tests.Unit.Gameplay.Combat.CombatCastInterruptFormulasTest" name="test_interrupt_formula_rejects_invalid_ratio_bounds" />
    </UnitTest>
    <UnitTest name="test_forced_off_transitions_project_hud_attack_off_signal(CombatExit)" storage="n:\gravenspire\tests\bin\debug\net8.0\gravenspire.combat.tests.dll" id="bb8d1b3d-f643-3656-552e-cd57e8abd89f">
      <Execution id="6c1d2cb4-a442-461b-a207-5b3bb81475dc" />
      <TestMethod codeBase="N:\GravenSpire\tests\bin\Debug\net8.0\Gravenspire.Combat.Tests.dll" adapterTypeName="executor://nunit3testexecutor/" className="Gravenspire.Tests.Integration.Gameplay.Combat.CombatHudStateSignalTest" name="test_forced_off_transitions_project_hud_attack_off_signal(CombatExit)" />
    </UnitTest>
    <UnitTest name="test_combat_clock_reset_returns_known_tick" storage="n:\gravenspire\tests\bin\debug\net8.0\gravenspire.combat.tests.dll" id="2110dbca-f3ef-dc2c-8c82-2d0dd5997da9">
      <Execution id="ed0cf97f-d908-4d2d-9411-95b355737a33" />
      <TestMethod codeBase="N:\GravenSpire\tests\bin\Debug\net8.0\Gravenspire.Combat.Tests.dll" adapterTypeName="executor://nunit3testexecutor/" className="Gravenspire.Tests.Unit.Gameplay.Combat.CombatClockTest" name="test_combat_clock_reset_returns_known_tick" />
    </UnitTest>
    <UnitTest name="test_forced_off_transitions_project_hud_attack_off_signal(SuccessfulSitOrMed)" storage="n:\gravenspire\tests\bin\debug\net8.0\gravenspire.combat.tests.dll" id="82473b70-9445-e51c-e4bd-c575927dc56c">
      <Execution id="f5e9b161-0635-42f9-b2ae-ac67aab33743" />
      <TestMethod codeBase="N:\GravenSpire\tests\bin\Debug\net8.0\Gravenspire.Combat.Tests.dll" adapterTypeName="executor://nunit3testexecutor/" className="Gravenspire.Tests.Integration.Gameplay.Combat.CombatHudStateSignalTest" name="test_forced_off_transitions_project_hud_attack_off_signal(SuccessfulSitOrMed)" />
    </UnitTest>
    <UnitTest name="test_combat_fixture_loader_exposes_source_ref_aliases_for_downstream_validation" storage="n:\gravenspire\tests\bin\debug\net8.0\gravenspire.combat.tests.dll" id="a98270b6-3be0-ac77-57fe-95b162720f3c">
      <Execution id="c6ccc09c-a8b2-43cc-92f4-fe591335e183" />
      <TestMethod codeBase="N:\GravenSpire\tests\bin\Debug\net8.0\Gravenspire.Combat.Tests.dll" adapterTypeName="executor://nunit3testexecutor/" className="Gravenspire.Tests.Integration.Gameplay.Combat.CombatFixtureLoadingTest" name="test_combat_fixture_loader_exposes_source_ref_aliases_for_downstream_validation" />
    </UnitTest>
    <UnitTest name="test_los_query_contract_blocks_only_t1_occluder_layers_and_reports_buffer_overflow" storage="n:\gravenspire\tests\bin\debug\net8.0\gravenspire.combat.tests.dll" id="bd7e0408-3a77-bf6f-de7e-e05f6c4b76a7">
      <Execution id="b774e75c-d102-4eaa-9972-ec3dd4985337" />
      <TestMethod codeBase="N:\GravenSpire\tests\bin\Debug\net8.0\Gravenspire.Combat.Tests.dll" adapterTypeName="executor://nunit3testexecutor/" className="Gravenspire.Tests.Integration.Gameplay.Combat.CombatTargetingPullLeashTest" name="test_los_query_contract_blocks_only_t1_occluder_layers_and_reports_buffer_overflow" />
    </UnitTest>
    <UnitTest name="test_body_pull_initializes_threat_and_pivot_signal_without_warning_affordances" storage="n:\gravenspire\tests\bin\debug\net8.0\gravenspire.combat.tests.dll" id="154d7153-cb1b-f71d-e606-63633464063a">
      <Execution id="7f2c32f8-9d4a-45b7-a170-77bdee5ece72" />
[...]
    </UnitTest>
    <UnitTest name="test_combat_actor_state_rejects_transient_threat_table_negative_values" storage="n:\gravenspire\tests\bin\debug\net8.0\gravenspire.combat.tests.dll" id="7e83c692-4866-4e8e-1f06-6afdc03fe9f9">
      <Execution id="57fa54ca-abb0-4f41-b545-1452a3758330" />
      <TestMethod codeBase="N:\GravenSpire\tests\bin\Debug\net8.0\Gravenspire.Combat.Tests.dll" adapterTypeName="executor://nunit3testexecutor/" className="Gravenspire.Tests.Unit.Gameplay.Combat.CombatActorStateTest" name="test_combat_actor_state_rejects_transient_threat_table_negative_values" />
    </UnitTest>
    <UnitTest name="test_eligible_weapon_tick_revalidates_range_facing_los_and_alive_state(&quot;blocked sight&quot;,1.5d,0.0d,True,False,LineOfSightBlocked)" storage="n:\gravenspire\tests\bin\debug\net8.0\gravenspire.combat.tests.dll" id="2ecd3eba-6723-1021-f114-0e0dd818e4a3">
      <Execution id="ddcee27a-30d9-454a-aed9-e3b6b62ec3cb" />
      <TestMethod codeBase="N:\GravenSpire\tests\bin\Debug\net8.0\Gravenspire.Combat.Tests.dll" adapterTypeName="executor://nunit3testexecutor/" className="Gravenspire.Tests.Integration.Gameplay.Combat.CombatMeleeTickResolutionTest" name="test_eligible_weapon_tick_revalidates_range_facing_los_and_alive_state(&quot;blocked sight&quot;,1.5d,0.0d,True,False,LineOfSightBlocked)" />
    </UnitTest>
  </TestDefinitions>
  <TestEntries>
    <TestEntry testId="723f54e9-b904-6418-d194-b41b28b492f9" executionId="4894d285-7828-4f93-a7eb-f67f7e058fe6" testListId="8c84fa94-04c1-424b-9868-57a2d4851a1d" />
    <TestEntry testId="07b3e8a3-fa79-9867-6c2d-09f8c62b4af9" executionId="cd9f0aa3-a317-4974-97e8-70a1d45b6aba" testListId="8c84fa94-04c1-424b-9868-57a2d4851a1d" />
    <TestEntry testId="266bd731-d588-a80c-eacd-29ab739a2cd1" executionId="90556d6e-363f-4d73-ab8b-990e36debe51" testListId="8c84fa94-04c1-424b-9868-57a2d4851a1d" />
    <TestEntry testId="459f6dbc-95dc-52e2-690a-c27675c13490" executionId="4ee118e8-ce5a-4422-9cf7-7b0845157b35" testListId="8c84fa94-04c1-424b-9868-57a2d4851a1d" />
    <TestEntry testId="b0a4f7a1-5d9e-e431-dcaf-942bd9f633dc" executionId="26b8729c-af8c-4255-b9e1-3ebf9dc77757" testListId="8c84fa94-04c1-424b-9868-57a2d4851a1d" />
    <TestEntry testId="654cd8b7-1699-dc3f-0011-40dd09624b1b" executionId="78634c14-8ff9-42cd-ae33-4ef4b33fb8ec" testListId="8c84fa94-04c1-424b-9868-57a2d4851a1d" />
    <TestEntry testId="6bcb926a-a00b-9bdb-28e5-644514d6190c" executionId="de0c97a8-ef03-407f-8a9d-eb1203313dde" testListId="8c84fa94-04c1-424b-9868-57a2d4851a1d" />
    <TestEntry testId="0fd97fbd-f6f7-6b36-7e79-decbebde8209" executionId="16e78377-ccf1-44b7-a2fb-931e6559d75c" testListId="8c84fa94-04c1-424b-9868-57a2d4851a1d" />
    <TestEntry testId="4df7140e-b819-df90-eb34-1a7890860ff9" executionId="9ea5193b-c7e5-4501-b53a-9de90003830e" testListId="8c84fa94-04c1-424b-9868-57a2d4851a1d" />
    <TestEntry testId="0ec27a4d-7366-16e3-5f56-78d5b8174932" executionId="21777707-e446-4137-a19c-fe00e68ceb5d" testListId="8c84fa94-04c1-424b-9868-57a2d4851a1d" />
    <TestEntry testId="b08ac564-917e-187f-0662-a76b0931844a" executionId="0452ac19-a44c-4dbf-b820-299c9ccdac2e" testListId="8c84fa94-04c1-424b-9868-57a2d4851a1d" />
    <TestEntry testId="f3cfd34e-353d-9f00-7248-ef29535bab5b" executionId="5894a2d2-64d8-4e82-8595-389193f9adbd" testListId="8c84fa94-04c1-424b-9868-57a2d4851a1d" />
    <TestEntry testId="bd7e0408-3a77-bf6f-de7e-e05f6c4b76a7" executionId="b774e75c-d102-4eaa-9972-ec3dd4985337" testListId="8c84fa94-04c1-424b-9868-57a2d4851a1d" />
    <TestEntry testId="b29710fb-d754-ad14-bcfb-bc7d34b02b03" executionId="0c5ac1d3-5b26-4bf7-9a2a-2b36020a57b2" testListId="8c84fa94-04c1-424b-9868-57a2d4851a1d" />
    <TestEntry testId="104f57e9-a7b2-4a23-cd2d-d6c90110337c" executionId="ad919ccc-7268-476d-bfba-11d9e3de7f89" testListId="8c84fa94-04c1-424b-9868-57a2d4851a1d" />
    <TestEntry testId="bb8d1b3d-f643-3656-552e-cd57e8abd89f" executionId="6c1d2cb4-a442-461b-a207-5b3bb81475dc" testListId="8c84fa94-04c1-424b-9868-57a2d4851a1d" />
    <TestEntry testId="a4864b1c-7b9b-d74d-db76-5dc6cabb4195" executionId="cada9d9f-781a-4d9e-96da-8c37dd39da68" testListId="8c84fa94-04c1-424b-9868-57a2d4851a1d" />
    <TestEntry testId="1791f5b3-5e24-0819-55f9-1dbf5d2c44b5" executionId="0eaf7c5e-783a-4440-a2a4-44d3d33d8102" testListId="8c84fa94-04c1-424b-9868-57a2d4851a1d" />
    <TestEntry testId="a3feacce-9d27-6f92-1f81-e196edaf7e5f" executionId="60e61ab1-d5e6-4df5-9ed1-b02a9988a0c4" testListId="8c84fa94-04c1-424b-9868-57a2d4851a1d" />
    <TestEntry testId="505a48d1-2ea7-aac4-560e-84e937c343d2" executionId="b7856a83-d726-4e65-a80e-ca51fe81c656" testListId="8c84fa94-04c1-424b-9868-57a2d4851a1d" />
    <TestEntry testId="741b39a7-a224-087a-4da7-d30dea041ad0" executionId="a50c5b1e-ca41-43fc-baf0-085f6212c7ad" testListId="8c84fa94-04c1-424b-9868-57a2d4851a1d" />
    <TestEntry testId="e4d26672-bbc8-fbed-42f5-2935da89aaad" executionId="ec387dbe-36db-49fd-8fef-fab3a8a54997" testListId="8c84fa94-04c1-424b-9868-57a2d4851a1d" />
    <TestEntry testId="6b7c1f71-5e0b-e619-c3a2-80a9a674d6f5" executionId="b91b7fca-a2de-4d30-8258-bf69813f7c05" testListId="8c84fa94-04c1-424b-9868-57a2d4851a1d" />
    <TestEntry testId="5bd22301-7b0d-ecad-8ea1-05a08f0c361a" executionId="eafc726e-3be4-463e-bea2-d80e2fc8e823" testListId="8c84fa94-04c1-424b-9868-57a2d4851a1d" />
    <TestEntry testId="2110dbca-f3ef-dc2c-8c82-2d0dd5997da9" executionId="ed0cf97f-d908-4d2d-9411-95b355737a33" testListId="8c84fa94-04c1-424b-9868-57a2d4851a1d" />
    <TestEntry testId="b64c07bb-9ea0-1dcd-fadf-25c58268b306" executionId="c5c22526-6e3e-449f-8152-630ed503c50f" testListId="8c84fa94-04c1-424b-9868-57a2d4851a1d" />
    <TestEntry testId="2b048ff7-b91b-9cc4-1df8-e1250284fefb" executionId="1791c5eb-c309-4666-a1ad-bdaf5ecb53c0" testListId="8c84fa94-04c1-424b-9868-57a2d4851a1d" />
    <TestEntry testId="f370e923-3d1c-0b1f-475c-90253f167f9c" executionId="01ed8c05-0a29-40ff-bfde-852bd9084bcc" testListId="8c84fa94-04c1-424b-9868-57a2d4851a1d" />
    <TestEntry testId="68fb80a4-bd55-c59b-295d-180a9a8b3f5e" executionId="0d8f2b4d-942d-4910-a598-174157c0da83" testListId="8c84fa94-04c1-424b-9868-57a2d4851a1d" />
    <TestEntry testId="20b6918d-1a40-3669-7480-f4692fd34d7a" executionId="49902081-b182-4b6e-9ad0-50632fc13c00" testListId="8c84fa94-04c1-424b-9868-57a2d4851a1d" />
    <TestEntry testId="2f23a5a2-5506-12da-46f3-d78e76fe496a" executionId="ebe6595e-be62-429e-9acc-dbf9f57dcfcd" testListId="8c84fa94-04c1-424b-9868-57a2d4851a1d" />
    <TestEntry testId="26eee1f6-f642-2dd7-fd79-270496001180" executionId="4e6d403e-17f0-4fe8-8afe-bc81af1332ae" testListId="8c84fa94-04c1-424b-9868-57a2d4851a1d" />
    <TestEntry testId="f49cc549-0bac-129f-417a-aec8c8013619" executionId="7d3d2ca5-5ce9-4de0-b627-4a36574ed9f0" testListId="8c84fa94-04c1-424b-9868-57a2d4851a1d" />
    <TestEntry testId="0fe49ec9-49f8-0b1a-77b5-3a813109060e" executionId="9e389d98-ecb4-40d2-99fb-9a2c80cc62d0" testListId="8c84fa94-04c1-424b-9868-57a2d4851a1d" />
    <TestEntry testId="82473b70-9445-e51c-e4bd-c575927dc56c" executionId="f5e9b161-0635-42f9-b2ae-ac67aab33743" testListId="8c84fa94-04c1-424b-9868-57a2d4851a1d" />
    <TestEntry testId="acdb4327-5add-cc61-caaf-af6538389cc1" executionId="73e32a1e-a024-4e3d-8977-9f8b3f4bef7f" testListId="8c84fa94-04c1-424b-9868-57a2d4851a1d" />
    <TestEntry testId="0c860a0f-52ea-c4f2-d829-13733bfc3183" executionId="a402be9b-babf-40a9-af4a-a380f1088273" testListId="8c84fa94-04c1-424b-9868-57a2d4851a1d" />
    <TestEntry testId="1c4d64ff-f44f-7231-4cf9-d400b86d9e15" executionId="5e5047b5-2893-4ff7-82b4-2aebd6f43dae" testListId="8c84fa94-04c1-424b-9868-57a2d4851a1d" />
    <TestEntry testId="fd812598-b183-a49b-9046-c8aa53abc929" executionId="a3812567-1abf-4b5d-9fa3-9b98e1cbe8d7" testListId="8c84fa94-04c1-424b-9868-57a2d4851a1d" />
    <TestEntry testId="767f2bcf-ee0d-72bf-4c42-cc0585cbb4e4" executionId="b8ed731c-fc2b-4bb2-8186-b3a45b6e6da2" testListId="8c84fa94-04c1-424b-9868-57a2d4851a1d" />
    <TestEntry testId="0609f7c7-6951-db49-ce69-ea2ba5bad7c0" executionId="a8292f5b-b079-4d61-ac27-aba4354b4458" testListId="8c84fa94-04c1-424b-9868-57a2d4851a1d" />
    <TestEntry testId="ab5e6356-27f3-34a9-d4e4-4b49b465f48c" executionId="1d1004b6-e1a2-4366-8c8f-2e28cd70b8d4" testListId="8c84fa94-04c1-424b-9868-57a2d4851a1d" />
    <TestEntry testId="bb8dc6f4-1ae0-aced-345b-a1c6887f9fd7" executionId="07687701-d34e-40ec-8656-2ef8c0ae5e57" testListId="8c84fa94-04c1-424b-9868-57a2d4851a1d" />
    <TestEntry testId="53fe0698-9053-9721-c059-d4aa4b2685c9" executionId="a1eb700a-e011-4060-95ad-5d1264378c18" testListId="8c84fa94-04c1-424b-9868-57a2d4851a1d" />
    <TestEntry testId="31dd81de-6124-96ae-941c-8106255da461" executionId="5745e34f-ea5f-42ec-aa03-579af3ebd57b" testListId="8c84fa94-04c1-424b-9868-57a2d4851a1d" />
    <TestEntry testId="759a9fe2-e8e3-4bdb-5945-9e644c89457a" executionId="e74fedd4-fb50-4cd8-869c-96cf643f3383" testListId="8c84fa94-04c1-424b-9868-57a2d4851a1d" />
    <TestEntry testId="3e3d4afd-172a-7d35-4ed8-600e77be4e5e" executionId="a074aa1a-7127-4ba8-af62-e87e42b5f9bc" testListId="8c84fa94-04c1-424b-9868-57a2d4851a1d" />
    <TestEntry testId="ea5b3a0a-b5a5-7379-64fa-6706fbddd192" executionId="cdacaffc-b4cc-4f33-b814-1766a4d18491" testListId="8c84fa94-04c1-424b-9868-57a2d4851a1d" />
    <TestEntry testId="f22fd075-6b8b-34a6-b628-dcb8104915f7" executionId="5951abd9-0d86-4a7f-beca-f04f12bff1b3" testListId="8c84fa94-04c1-424b-9868-57a2d4851a1d" />
    <TestEntry testId="112ef26b-b581-da16-e2aa-fbf030745102" executionId="ffff9db9-755d-4c16-9277-b82b38d3ccb1" testListId="8c84fa94-04c1-424b-9868-57a2d4851a1d" />
    <TestEntry testId="987ab916-60fd-22f3-5057-0ccd73c9d3b6" executionId="e0a50dc3-c716-4d1e-9e68-e90d2d6fce73" testListId="8c84fa94-04c1-424b-9868-57a2d4851a1d" />
    <TestEntry testId="35d06612-3af7-a0e3-2da0-c97138a9413e" executionId="f5b6aa58-1d93-40d9-b2a3-bbc94ab1525b" testListId="8c84fa94-04c1-424b-9868-57a2d4851a1d" />
    <TestEntry testId="1a847147-72ac-4337-ad80-b41b0c4cb387" executionId="81cd3df4-496e-4e0c-a83d-f1faef9edcdd" testListId="8c84fa94-04c1-424b-9868-57a2d4851a1d" />
    <TestEntry testId="10713985-d7d6-30bf-3ee2-5dfc0ecc66c3" executionId="10184208-55c9-40e9-925b-176d9928eaca" testListId="8c84fa94-04c1-424b-9868-57a2d4851a1d" />
    <TestEntry testId="dbb1fc28-d235-c7de-149d-f3820c8f4616" executionId="2930ed87-16b4-43c8-b8c5-2c92a7d78de0" testListId="8c84fa94-04c1-424b-9868-57a2d4851a1d" />
    <TestEntry testId="54d9dade-9b13-711d-a3b3-299698e015fb" executionId="5cc1a22b-3dbf-4491-a5fb-a7dfe2367e35" testListId="8c84fa94-04c1-424b-9868-57a2d4851a1d" />
    <TestEntry testId="ca3de4af-a428-ab10-8245-726ed4f5d8d7" executionId="7b028af7-8c06-4a82-ae0c-cf380ae45933" testListId="8c84fa94-04c1-424b-9868-57a2d4851a1d" />
    <TestEntry testId="e192364c-7ec3-9812-f1bc-2c7a33a956d6" executionId="5bc6e281-7bfb-415b-a506-25dd65589dd8" testListId="8c84fa94-04c1-424b-9868-57a2d4851a1d" />
    <TestEntry testId="3db8fcda-c6b4-81b1-6f22-2b5a6cbf12d4" executionId="b86372bf-7e86-43ae-af88-8253d614dad0" testListId="8c84fa94-04c1-424b-9868-57a2d4851a1d" />
    <TestEntry testId="b41a1ac5-a9b0-0f1c-ceb9-29a7783030c4" executionId="3f7e2086-86e4-4b47-bfb5-1fbeedb5dce1" testListId="8c84fa94-04c1-424b-9868-57a2d4851a1d" />
    <TestEntry testId="30528113-4581-3233-1730-257d26eb61e8" executionId="12353d34-c082-4c49-b8e6-4c739c3d9423" testListId="8c84fa94-04c1-424b-9868-57a2d4851a1d" />
    <TestEntry testId="02388d24-0536-8eb9-5e34-f6edfd945556" executionId="2f04fc87-1d93-4de3-8eb3-537dd731cd62" testListId="8c84fa94-04c1-424b-9868-57a2d4851a1d" />
    <TestEntry testId="154d7153-cb1b-f71d-e606-63633464063a" executionId="7f2c32f8-9d4a-45b7-a170-77bdee5ece72" testListId="8c84fa94-04c1-424b-9868-57a2d4851a1d" />
    <TestEntry testId="3047f30d-2248-6654-3e64-02b635dc3ac6" executionId="df413a9d-4943-45f3-8df7-ff587dc09fe7" testListId="8c84fa94-04c1-424b-9868-57a2d4851a1d" />
    <TestEntry testId="100b7ecc-5c46-9f55-8f36-eb2acb078492" executionId="7aa5a92d-82fb-47ed-9444-a6b8faee2ad4" testListId="8c84fa94-04c1-424b-9868-57a2d4851a1d" />
    <TestEntry testId="aaa2f95e-c9c2-de15-c24c-cee51fd7d071" executionId="dabf92a2-1acf-4001-ad81-d358054d0028" testListId="8c84fa94-04c1-424b-9868-57a2d4851a1d" />
    <TestEntry testId="43c755cb-28bd-db4d-1012-f36a8b40cc25" executionId="cc5b2235-68d6-449d-b399-9035c699ddc9" testListId="8c84fa94-04c1-424b-9868-57a2d4851a1d" />
    <TestEntry testId="8cb1d39d-b99a-87af-34ee-20bd0cf34e93" executionId="4e47c6ec-4c08-48b0-b43a-c1ff44d3985c" testListId="8c84fa94-04c1-424b-9868-57a2d4851a1d" />
    <TestEntry testId="4481cff0-06ae-923c-2804-497c4a1ca7a7" executionId="9a8ad7a7-22cf-4a27-8035-bfb6317ce450" testListId="8c84fa94-04c1-424b-9868-57a2d4851a1d" />
    <TestEntry testId="38742b76-5145-41c4-946f-5a2aa209a875" executionId="51aeace6-2208-4606-b112-6aeff45d1292" testListId="8c84fa94-04c1-424b-9868-57a2d4851a1d" />
    <TestEntry testId="0ade053e-d8d5-65c4-7361-eb338196a9dc" executionId="b7817d2d-9b84-4460-ae34-6ca2a269ce7c" testListId="8c84fa94-04c1-424b-9868-57a2d4851a1d" />
    <TestEntry testId="8f874cde-082c-7895-5ff6-5c9a8b22eaec" executionId="af817580-141b-4961-8d11-6e7f8aee4940" testListId="8c84fa94-04c1-424b-9868-57a2d4851a1d" />
    <TestEntry testId="45c0ef0e-dd19-4cff-a30b-1dbf3d5a4210" executionId="93265336-db4d-48da-88c5-1492e90edd34" testListId="8c84fa94-04c1-424b-9868-57a2d4851a1d" />
    <TestEntry testId="02be22a0-308b-09b3-7484-6037402feef7" executionId="93c6e19a-629b-452d-aaad-8d053308e2f6" testListId="8c84fa94-04c1-424b-9868-57a2d4851a1d" />
    <TestEntry testId="de8ee3a3-9174-40d5-2212-68f9a477a22a" executionId="f457380e-c7d0-42d0-93b9-f338b7689cf3" testListId="8c84fa94-04c1-424b-9868-57a2d4851a1d" />
    <TestEntry testId="08d6ac0c-0b6e-6c33-9973-634514ba5a56" executionId="eb9b2138-2b2b-4d57-8385-ddc1985ecc62" testListId="8c84fa94-04c1-424b-9868-57a2d4851a1d" />
    <TestEntry testId="7a68451b-e96f-6a9b-9ff3-fab2daa6a8bb" executionId="2cc1e546-45b9-4159-bcdd-e17c1c35d10c" testListId="8c84fa94-04c1-424b-9868-57a2d4851a1d" />
    <TestEntry testId="a98270b6-3be0-ac77-57fe-95b162720f3c" executionId="c6ccc09c-a8b2-43cc-92f4-fe591335e183" testListId="8c84fa94-04c1-424b-9868-57a2d4851a1d" />
    <TestEntry testId="9a93491d-56b0-146c-3bd6-95e62dc7f955" executionId="8a552335-e5c7-4734-9eae-dca533df3908" testListId="8c84fa94-04c1-424b-9868-57a2d4851a1d" />
    <TestEntry testId="200e58b1-bdbe-12db-780e-939900502b83" executionId="9c1f78a8-e60b-4283-bf6d-3775164ce66f" testListId="8c84fa94-04c1-424b-9868-57a2d4851a1d" />
    <TestEntry testId="7e83c692-4866-4e8e-1f06-6afdc03fe9f9" executionId="57fa54ca-abb0-4f41-b545-1452a3758330" testListId="8c84fa94-04c1-424b-9868-57a2d4851a1d" />
    <TestEntry testId="53728362-84cd-7548-bf24-25b503edc85b" executionId="ec182d60-5012-49b5-a556-857f5f0a3be4" testListId="8c84fa94-04c1-424b-9868-57a2d4851a1d" />
    <TestEntry testId="9be322f5-38a0-317f-7771-9630c616ac33" executionId="648e7616-e82c-43eb-9758-68f44ca8d34c" testListId="8c84fa94-04c1-424b-9868-57a2d4851a1d" />
    <TestEntry testId="caad7f8e-cd4a-fc04-d248-6b0046b1b5bd" executionId="14cd688d-5090-4f56-ab6a-86cf2bc6467d" testListId="8c84fa94-04c1-424b-9868-57a2d4851a1d" />
    <TestEntry testId="e0d639e2-97af-1693-3e98-90f39d98954a" executionId="fb173eb3-4c88-4011-baba-6e6bb429d5b4" testListId="8c84fa94-04c1-424b-9868-57a2d4851a1d" />
    <TestEntry testId="a1f34926-b941-2921-98b2-860661573728" executionId="6e0c4bd9-2461-4f08-a2df-dab2fb2b198f" testListId="8c84fa94-04c1-424b-9868-57a2d4851a1d" />
    <TestEntry testId="e6c9de37-3ddf-c1e1-fc3e-b5528f3990cd" executionId="bc3cdf06-c54d-4e73-8a2d-300e22552f57" testListId="8c84fa94-04c1-424b-9868-57a2d4851a1d" />
    <TestEntry testId="06c39495-a345-6c2f-adc5-af2e65ea0594" executionId="087f3513-caaa-4a24-a450-e44b3f06794d" testListId="8c84fa94-04c1-424b-9868-57a2d4851a1d" />
    <TestEntry testId="2238a2b9-f43e-5a9e-eaa2-2ae1b817016c" executionId="ec44c9d2-3a35-420c-9851-4f158d6eedc9" testListId="8c84fa94-04c1-424b-9868-57a2d4851a1d" />
    <TestEntry testId="242af03b-bf5b-46fc-e914-db294451550d" executionId="1c06ffb3-173e-4e15-ab6d-b481c7fdfddf" testListId="8c84fa94-04c1-424b-9868-57a2d4851a1d" />
    <TestEntry testId="cf622bc6-ba9f-8306-05b4-a05cbcfe5e6f" executionId="d9e77813-e8c9-46fc-bb72-ba98fc059af4" testListId="8c84fa94-04c1-424b-9868-57a2d4851a1d" />
    <TestEntry testId="48510470-e43e-af14-e67a-0936ddabfdcc" executionId="52a14cf6-3e66-402b-bc00-580b2e7918bc" testListId="8c84fa94-04c1-424b-9868-57a2d4851a1d" />
    <TestEntry testId="36dbb467-76d7-f6f7-e6d2-66366935fd96" executionId="1ce0a51e-1347-4aef-a49b-5b713f118100" testListId="8c84fa94-04c1-424b-9868-57a2d4851a1d" />
    <TestEntry testId="6b443170-429b-457b-6f92-d34edf1c5007" executionId="8aca20c0-28e6-462d-8e6f-05e1e7591566" testListId="8c84fa94-04c1-424b-9868-57a2d4851a1d" />
    <TestEntry testId="806434a1-b6bb-8628-2e8e-893c6a0ead81" executionId="ff21d5ff-2462-4294-a3fe-51b2f1f03856" testListId="8c84fa94-04c1-424b-9868-57a2d4851a1d" />
    <TestEntry testId="02e56309-b298-a27b-2925-0cd280ef05fe" executionId="fcc01907-4c00-4e9e-8fd5-32a29e6ca875" testListId="8c84fa94-04c1-424b-9868-57a2d4851a1d" />
    <TestEntry testId="e1016321-1c99-22e2-cd49-121aeafc90a6" executionId="024a4665-3665-46fc-aac0-c90ebe879b48" testListId="8c84fa94-04c1-424b-9868-57a2d4851a1d" />
    <TestEntry testId="4f15759e-48a7-488b-bd54-9bd99a1ede41" executionId="e4250435-4fd0-4e63-912b-1dbaf926eb9a" testListId="8c84fa94-04c1-424b-9868-57a2d4851a1d" />
    <TestEntry testId="4597b75a-91e0-94d0-a15c-cfd2a6df4f62" executionId="4322d0ea-2554-4909-b485-466a3dc2e9db" testListId="8c84fa94-04c1-424b-9868-57a2d4851a1d" />
    <TestEntry testId="09b07e53-993b-b255-9c37-85cc605e7693" executionId="1f0fac17-d8ae-4baa-a554-533ec170e89a" testListId="8c84fa94-04c1-424b-9868-57a2d4851a1d" />
    <TestEntry testId="082fc771-2a89-ef50-1099-951b6be4dfd9" executionId="78fc4f64-1535-4837-ae69-9290f051eac1" testListId="8c84fa94-04c1-424b-9868-57a2d4851a1d" />
    <TestEntry testId="5cf7e60a-c291-300d-d517-0c8269bfa7e8" executionId="ac46372d-880f-4452-88fa-7d1ad674f452" testListId="8c84fa94-04c1-424b-9868-57a2d4851a1d" />
    <TestEntry testId="0aaeafb3-de1a-f812-f2ac-45c18e263dad" executionId="ed89865b-bcab-4c76-b4ac-4cfea4ecd9fe" testListId="8c84fa94-04c1-424b-9868-57a2d4851a1d" />
    <TestEntry testId="f0d5177a-e97c-d50d-f458-8f7bac4f52bc" executionId="dfb94549-0957-4b64-bfe1-ff11d8b18586" testListId="8c84fa94-04c1-424b-9868-57a2d4851a1d" />
    <TestEntry testId="90583ee3-46fc-7f9b-dfe6-31a5296a3684" executionId="c6267c85-4eee-47e9-9e22-0de8374d71a4" testListId="8c84fa94-04c1-424b-9868-57a2d4851a1d" />
    <TestEntry testId="2ecd3eba-6723-1021-f114-0e0dd818e4a3" executionId="ddcee27a-30d9-454a-aed9-e3b6b62ec3cb" testListId="8c84fa94-04c1-424b-9868-57a2d4851a1d" />
  </TestEntries>
  <TestLists>
    <TestList name="Results Not in a List" id="8c84fa94-04c1-424b-9868-57a2d4851a1d" />
    <TestList name="All Loaded Results" id="19431567-8539-422a-85d7-44ee4e166bda" />
  </TestLists>
  <ResultSummary outcome="Completed">
    <Counters total="106" executed="106" passed="106" failed="0" error="0" timeout="0" aborted="0" inconclusive="0" passedButRunAborted="0" notRunnable="0" notExecuted="0" disconnected="0" warning="0" completed="0" inProgress="0" pending="0" />
    <Output>
      <StdOut>NUnit Adapter 4.6.0.0: Test execution started&#xD;
Running all tests in N:\GravenSpire\tests\bin\Debug\net8.0\Gravenspire.Combat.Tests.dll&#xD;
   NUnit3TestExecutor discovered 106 of 106 NUnit test cases using Current Discovery mode, Non-Explicit run&#xD;
NUnit Adapter 4.6.0.0: Test execution complete&#xD;
</StdOut>
    </Output>
  </ResultSummary>
</TestRun>