<?xml version="1.0" encoding="utf-8"?>
<TestRun id="6cc27c18-ab7e-43a6-be62-56e95ed73e12" name="brian@BRIAN 2026-04-28 18:16:28" runUser="BRIAN\brian" xmlns="http://microsoft.com/schemas/VisualStudio/TeamTest/2010">
  <Times creation="2026-04-28T18:16:28.2729008-04:00" queuing="2026-04-28T18:16:28.2729009-04:00" start="2026-04-28T18:16:27.8740853-04:00" finish="2026-04-28T18:16:28.2942600-04:00" />
  <TestSettings name="default" id="e50ca0a3-439a-42c9-a96c-d03b58ffa4d5">
    <Deployment runDeploymentRoot="brian_BRIAN_2026-04-28_18_16_28" />
  </TestSettings>
  <Results>
    <UnitTestResult executionId="42454e53-8e4c-4275-8cb6-149aa3e5c659" testId="266bd731-d588-a80c-eacd-29ab739a2cd1" testName="test_combat_fixture_loader_resolves_spells_tactical_instants_and_encounters" computerName="BRIAN" duration="00:00:00.0010060" startTime="2026-04-28T18:16:28.2284560-04:00" endTime="2026-04-28T18:16:28.2294617-04:00" testType="13cdc9d9-ddb5-4fa4-a97d-d965ccfc6d4b" outcome="Passed" testListId="8c84fa94-04c1-424b-9868-57a2d4851a1d" relativeResultsDirectory="42454e53-8e4c-4275-8cb6-149aa3e5c659" />
    <UnitTestResult executionId="437c1d5b-2343-41a3-bb2f-7fffe33fe7d5" testId="bb8dc6f4-1ae0-aced-345b-a1c6887f9fd7" testName="test_combat_actor_hydration_accepts_valid_cleric_mid_baseline" computerName="BRIAN" duration="00:00:00.0349320" startTime="2026-04-28T18:16:28.1792009-04:00" endTime="2026-04-28T18:16:28.2141051-04:00" testType="13cdc9d9-ddb5-4fa4-a97d-d965ccfc6d4b" outcome="Passed" testListId="8c84fa94-04c1-424b-9868-57a2d4851a1d" relativeResultsDirectory="437c1d5b-2343-41a3-bb2f-7fffe33fe7d5" />
    <UnitTestResult executionId="a0abf8dd-ddc1-4b1f-b0c0-6c21f9a7f65e" testId="48510470-e43e-af14-e67a-0936ddabfdcc" testName="test_combat_fixture_validator_rejects_missing_required_rows" computerName="BRIAN" duration="00:00:00.0007020" startTime="2026-04-28T18:16:28.2358272-04:00" endTime="2026-04-28T18:16:28.2365295-04:00" testType="13cdc9d9-ddb5-4fa4-a97d-d965ccfc6d4b" outcome="Passed" testListId="8c84fa94-04c1-424b-9868-57a2d4851a1d" relativeResultsDirectory="a0abf8dd-ddc1-4b1f-b0c0-6c21f9a7f65e" />
    <UnitTestResult executionId="a600bb10-8056-4ebd-b7f9-2b4f7230678c" testId="10713985-d7d6-30bf-3ee2-5dfc0ecc66c3" testName="test_combat_actor_hydration_rejects_missing_baseline_snapshot" computerName="BRIAN" duration="00:00:00.0005040" startTime="2026-04-28T18:16:28.2164323-04:00" endTime="2026-04-28T18:16:28.2169363-04:00" testType="13cdc9d9-ddb5-4fa4-a97d-d965ccfc6d4b" outcome="Passed" testListId="8c84fa94-04c1-424b-9868-57a2d4851a1d" relativeResultsDirectory="a600bb10-8056-4ebd-b7f9-2b4f7230678c" />
    <UnitTestResult executionId="e9a71b18-617c-479e-be92-12931215c8c1" testId="7e83c692-4866-4e8e-1f06-6afdc03fe9f9" testName="test_combat_actor_state_rejects_transient_threat_table_negative_values" computerName="BRIAN" duration="00:00:00.0001190" startTime="2026-04-28T18:16:28.2308216-04:00" endTime="2026-04-28T18:16:28.2309405-04:00" testType="13cdc9d9-ddb5-4fa4-a97d-d965ccfc6d4b" outcome="Passed" testListId="8c84fa94-04c1-424b-9868-57a2d4851a1d" relativeResultsDirectory="e9a71b18-617c-479e-be92-12931215c8c1" />
    <UnitTestResult executionId="93e832f4-3ba8-4e12-9a94-7a0490177105" testId="8f874cde-082c-7895-5ff6-5c9a8b22eaec" testName="test_combat_actor_hydration_rejects_dead_current_health_without_death_handoff" computerName="BRIAN" duration="00:00:00.0013810" startTime="2026-04-28T18:16:28.2150346-04:00" endTime="2026-04-28T18:16:28.2164158-04:00" testType="13cdc9d9-ddb5-4fa4-a97d-d965ccfc6d4b" outcome="Passed" testListId="8c84fa94-04c1-424b-9868-57a2d4851a1d" relativeResultsDirectory="93e832f4-3ba8-4e12-9a94-7a0490177105" />
    <UnitTestResult executionId="921ec8ee-cc78-4b74-a7da-2970783afdcf" testId="8cb1d39d-b99a-87af-34ee-20bd0cf34e93" testName="test_combat_fixture_loader_keeps_fixture_tuning_values_out_of_production_logic" computerName="BRIAN" duration="00:00:00.0092599" startTime="2026-04-28T18:16:28.2191811-04:00" endTime="2026-04-28T18:16:28.2284407-04:00" testType="13cdc9d9-ddb5-4fa4-a97d-d965ccfc6d4b" outcome="Passed" testListId="8c84fa94-04c1-424b-9868-57a2d4851a1d" relativeResultsDirectory="921ec8ee-cc78-4b74-a7da-2970783afdcf" />
    <UnitTestResult executionId="8e9fcd33-e419-4283-8424-10f1457a8a68" testId="a98270b6-3be0-ac77-57fe-95b162720f3c" testName="test_combat_fixture_loader_exposes_source_ref_aliases_for_downstream_validation" computerName="BRIAN" duration="00:00:00.0012950" startTime="2026-04-28T18:16:28.2178773-04:00" endTime="2026-04-28T18:16:28.2191718-04:00" testType="13cdc9d9-ddb5-4fa4-a97d-d965ccfc6d4b" outcome="Passed" testListId="8c84fa94-04c1-424b-9868-57a2d4851a1d" relativeResultsDirectory="8e9fcd33-e419-4283-8424-10f1457a8a68" />
    <UnitTestResult executionId="6ae36a20-2a7a-42a5-975d-1c4452b7948e" testId="a3feacce-9d27-6f92-1f81-e196edaf7e5f" testName="test_combat_clock_advance_ticks_uses_fixed_duration" computerName="BRIAN" duration="00:00:00.0007470" startTime="2026-04-28T18:16:28.2309985-04:00" endTime="2026-04-28T18:16:28.2317449-04:00" testType="13cdc9d9-ddb5-4fa4-a97d-d965ccfc6d4b" outcome="Passed" testListId="8c84fa94-04c1-424b-9868-57a2d4851a1d" relativeResultsDirectory="6ae36a20-2a7a-42a5-975d-1c4452b7948e" />
    <UnitTestResult executionId="ae8cd13b-cd2c-427d-9bb3-0da5587e5bfa" testId="1791f5b3-5e24-0819-55f9-1dbf5d2c44b5" testName="test_combat_actor_state_has_no_unity_scene_object_fields" computerName="BRIAN" duration="00:00:00.0003620" startTime="2026-04-28T18:16:28.2304494-04:00" endTime="2026-04-28T18:16:28.2308112-04:00" testType="13cdc9d9-ddb5-4fa4-a97d-d965ccfc6d4b" outcome="Passed" testListId="8c84fa94-04c1-424b-9868-57a2d4851a1d" relativeResultsDirectory="ae8cd13b-cd2c-427d-9bb3-0da5587e5bfa" />
    <UnitTestResult executionId="e373f5a7-2533-46c5-b127-0265d7ac0d74" testId="53728362-84cd-7548-bf24-25b503edc85b" testName="test_combat_actor_state_contains_required_runtime_and_stable_fields" computerName="BRIAN" duration="00:00:00.0008410" startTime="2026-04-28T18:16:28.2295947-04:00" endTime="2026-04-28T18:16:28.2304352-04:00" testType="13cdc9d9-ddb5-4fa4-a97d-d965ccfc6d4b" outcome="Passed" testListId="8c84fa94-04c1-424b-9868-57a2d4851a1d" relativeResultsDirectory="e373f5a7-2533-46c5-b127-0265d7ac0d74" />
    <UnitTestResult executionId="5b5c7205-8764-4fad-a26c-d0f35c7e1568" testId="90583ee3-46fc-7f9b-dfe6-31a5296a3684" testName="test_combat_clock_rejects_invalid_tick_rate" computerName="BRIAN" duration="00:00:00.0014730" startTime="2026-04-28T18:16:28.2317534-04:00" endTime="2026-04-28T18:16:28.2332260-04:00" testType="13cdc9d9-ddb5-4fa4-a97d-d965ccfc6d4b" outcome="Passed" testListId="8c84fa94-04c1-424b-9868-57a2d4851a1d" relativeResultsDirectory="5b5c7205-8764-4fad-a26c-d0f35c7e1568" />
    <UnitTestResult executionId="4cb8d84a-7194-4ef8-9112-b244b6faf898" testId="38742b76-5145-41c4-946f-5a2aa209a875" testName="test_combat_fixture_package_validates_required_t1_rows" computerName="BRIAN" duration="00:00:00.0018010" startTime="2026-04-28T18:16:28.2340175-04:00" endTime="2026-04-28T18:16:28.2358183-04:00" testType="13cdc9d9-ddb5-4fa4-a97d-d965ccfc6d4b" outcome="Passed" testListId="8c84fa94-04c1-424b-9868-57a2d4851a1d" relativeResultsDirectory="4cb8d84a-7194-4ef8-9112-b244b6faf898" />
    <UnitTestResult executionId="a11214e8-9dca-42db-8f6c-54bb96a44cd0" testId="cf622bc6-ba9f-8306-05b4-a05cbcfe5e6f" testName="test_combat_fixture_package_resolves_cleric_mid_t1_design_values" computerName="BRIAN" duration="00:00:00.0005980" startTime="2026-04-28T18:16:28.2334121-04:00" endTime="2026-04-28T18:16:28.2340094-04:00" testType="13cdc9d9-ddb5-4fa4-a97d-d965ccfc6d4b" outcome="Passed" testListId="8c84fa94-04c1-424b-9868-57a2d4851a1d" relativeResultsDirectory="a11214e8-9dca-42db-8f6c-54bb96a44cd0" />
    <UnitTestResult executionId="7066621e-e079-42cf-a8e6-0d19210e5dd1" testId="2110dbca-f3ef-dc2c-8c82-2d0dd5997da9" testName="test_combat_clock_reset_returns_known_tick" computerName="BRIAN" duration="00:00:00.0001280" startTime="2026-04-28T18:16:28.2332336-04:00" endTime="2026-04-28T18:16:28.2333620-04:00" testType="13cdc9d9-ddb5-4fa4-a97d-d965ccfc6d4b" outcome="Passed" testListId="8c84fa94-04c1-424b-9868-57a2d4851a1d" relativeResultsDirectory="7066621e-e079-42cf-a8e6-0d19210e5dd1" />
  </Results>
  <TestDefinitions>
    <UnitTest name="test_combat_fixture_package_validates_required_t1_rows" storage="n:\gravenspire\tests\bin\debug\net8.0\gravenspire.combat.tests.dll" id="38742b76-5145-41c4-946f-5a2aa209a875">
      <Execution id="4cb8d84a-7194-4ef8-9112-b244b6faf898" />
      <TestMethod codeBase="N:\GravenSpire\tests\bin\Debug\net8.0\Gravenspire.Combat.Tests.dll" adapterTypeName="executor://nunit3testexecutor/" className="Gravenspire.Tests.Unit.Gameplay.Combat.CombatFixtureValidationTest" name="test_combat_fixture_package_validates_required_t1_rows" />
    </UnitTest>
    <UnitTest name="test_combat_actor_state_contains_required_runtime_and_stable_fields" storage="n:\gravenspire\tests\bin\debug\net8.0\gravenspire.combat.tests.dll" id="53728362-84cd-7548-bf24-25b503edc85b">
      <Execution id="e373f5a7-2533-46c5-b127-0265d7ac0d74" />
      <TestMethod codeBase="N:\GravenSpire\tests\bin\Debug\net8.0\Gravenspire.Combat.Tests.dll" adapterTypeName="executor://nunit3testexecutor/" className="Gravenspire.Tests.Unit.Gameplay.Combat.CombatActorStateTest" name="test_combat_actor_state_contains_required_runtime_and_stable_fields" />
    </UnitTest>
    <UnitTest name="test_combat_fixture_loader_resolves_spells_tactical_instants_and_encounters" storage="n:\gravenspire\tests\bin\debug\net8.0\gravenspire.combat.tests.dll" id="266bd731-d588-a80c-eacd-29ab739a2cd1">
      <Execution id="42454e53-8e4c-4275-8cb6-149aa3e5c659" />
      <TestMethod codeBase="N:\GravenSpire\tests\bin\Debug\net8.0\Gravenspire.Combat.Tests.dll" adapterTypeName="executor://nunit3testexecutor/" className="Gravenspire.Tests.Integration.Gameplay.Combat.CombatFixtureLoadingTest" name="test_combat_fixture_loader_resolves_spells_tactical_instants_and_encounters" />
    </UnitTest>
    <UnitTest name="test_combat_clock_advance_ticks_uses_fixed_duration" storage="n:\gravenspire\tests\bin\debug\net8.0\gravenspire.combat.tests.dll" id="a3feacce-9d27-6f92-1f81-e196edaf7e5f">
      <Execution id="6ae36a20-2a7a-42a5-975d-1c4452b7948e" />
      <TestMethod codeBase="N:\GravenSpire\tests\bin\Debug\net8.0\Gravenspire.Combat.Tests.dll" adapterTypeName="executor://nunit3testexecutor/" className="Gravenspire.Tests.Unit.Gameplay.Combat.CombatClockTest" name="test_combat_clock_advance_ticks_uses_fixed_duration" />
    </UnitTest>
    <UnitTest name="test_combat_clock_rejects_invalid_tick_rate" storage="n:\gravenspire\tests\bin\debug\net8.0\gravenspire.combat.tests.dll" id="90583ee3-46fc-7f9b-dfe6-31a5296a3684">
      <Execution id="5b5c7205-8764-4fad-a26c-d0f35c7e1568" />
      <TestMethod codeBase="N:\GravenSpire\tests\bin\Debug\net8.0\Gravenspire.Combat.Tests.dll" adapterTypeName="executor://nunit3testexecutor/" className="Gravenspire.Tests.Unit.Gameplay.Combat.CombatClockTest" name="test_combat_clock_rejects_invalid_tick_rate" />
    </UnitTest>
    <UnitTest name="test_combat_fixture_validator_rejects_missing_required_rows" storage="n:\gravenspire\tests\bin\debug\net8.0\gravenspire.combat.tests.dll" id="48510470-e43e-af14-e67a-0936ddabfdcc">
      <Execution id="a0abf8dd-ddc1-4b1f-b0c0-6c21f9a7f65e" />
      <TestMethod codeBase="N:\GravenSpire\tests\bin\Debug\net8.0\Gravenspire.Combat.Tests.dll" adapterTypeName="executor://nunit3testexecutor/" className="Gravenspire.Tests.Unit.Gameplay.Combat.CombatFixtureValidationTest" name="test_combat_fixture_validator_rejects_missing_required_rows" />
    </UnitTest>
    <UnitTest name="test_combat_actor_state_rejects_transient_threat_table_negative_values" storage="n:\gravenspire\tests\bin\debug\net8.0\gravenspire.combat.tests.dll" id="7e83c692-4866-4e8e-1f06-6afdc03fe9f9">
      <Execution id="e9a71b18-617c-479e-be92-12931215c8c1" />
      <TestMethod codeBase="N:\GravenSpire\tests\bin\Debug\net8.0\Gravenspire.Combat.Tests.dll" adapterTypeName="executor://nunit3testexecutor/" className="Gravenspire.Tests.Unit.Gameplay.Combat.CombatActorStateTest" name="test_combat_actor_state_rejects_transient_threat_table_negative_values" />
    </UnitTest>
    <UnitTest name="test_combat_actor_hydration_accepts_valid_cleric_mid_baseline" storage="n:\gravenspire\tests\bin\debug\net8.0\gravenspire.combat.tests.dll" id="bb8dc6f4-1ae0-aced-345b-a1c6887f9fd7">
      <Execution id="437c1d5b-2343-41a3-bb2f-7fffe33fe7d5" />
      <TestMethod codeBase="N:\GravenSpire\tests\bin\Debug\net8.0\Gravenspire.Combat.Tests.dll" adapterTypeName="executor://nunit3testexecutor/" className="Gravenspire.Tests.Integration.Gameplay.Combat.CombatActorHydrationTest" name="test_combat_actor_hydration_accepts_valid_cleric_mid_baseline" />
    </UnitTest>
    <UnitTest name="test_combat_actor_state_has_no_unity_scene_object_fields" storage="n:\gravenspire\tests\bin\debug\net8.0\gravenspire.combat.tests.dll" id="1791f5b3-5e24-0819-55f9-1dbf5d2c44b5">
      <Execution id="ae8cd13b-cd2c-427d-9bb3-0da5587e5bfa" />
      <TestMethod codeBase="N:\GravenSpire\tests\bin\Debug\net8.0\Gravenspire.Combat.Tests.dll" adapterTypeName="executor://nunit3testexecutor/" className="Gravenspire.Tests.Unit.Gameplay.Combat.CombatActorStateTest" name="test_combat_actor_state_has_no_unity_scene_object_fields" />
    </UnitTest>
    <UnitTest name="test_combat_actor_hydration_rejects_dead_current_health_without_death_handoff" storage="n:\gravenspire\tests\bin\debug\net8.0\gravenspire.combat.tests.dll" id="8f874cde-082c-7895-5ff6-5c9a8b22eaec">
      <Execution id="93e832f4-3ba8-4e12-9a94-7a0490177105" />
      <TestMethod codeBase="N:\GravenSpire\tests\bin\Debug\net8.0\Gravenspire.Combat.Tests.dll" adapterTypeName="executor://nunit3testexecutor/" className="Gravenspire.Tests.Integration.Gameplay.Combat.CombatActorHydrationTest" name="test_combat_actor_hydration_rejects_dead_current_health_without_death_handoff" />
    </UnitTest>
    <UnitTest name="test_combat_fixture_package_resolves_cleric_mid_t1_design_values" storage="n:\gravenspire\tests\bin\debug\net8.0\gravenspire.combat.tests.dll" id="cf622bc6-ba9f-8306-05b4-a05cbcfe5e6f">
      <Execution id="a11214e8-9dca-42db-8f6c-54bb96a44cd0" />
      <TestMethod codeBase="N:\GravenSpire\tests\bin\Debug\net8.0\Gravenspire.Combat.Tests.dll" adapterTypeName="executor://nunit3testexecutor/" className="Gravenspire.Tests.Unit.Gameplay.Combat.CombatFixtureValidationTest" name="test_combat_fixture_package_resolves_cleric_mid_t1_design_values" />
    </UnitTest>
    <UnitTest name="test_combat_fixture_loader_exposes_source_ref_aliases_for_downstream_validation" storage="n:\gravenspire\tests\bin\debug\net8.0\gravenspire.combat.tests.dll" id="a98270b6-3be0-ac77-57fe-95b162720f3c">
      <Execution id="8e9fcd33-e419-4283-8424-10f1457a8a68" />
      <TestMethod codeBase="N:\GravenSpire\tests\bin\Debug\net8.0\Gravenspire.Combat.Tests.dll" adapterTypeName="executor://nunit3testexecutor/" className="Gravenspire.Tests.Integration.Gameplay.Combat.CombatFixtureLoadingTest" name="test_combat_fixture_loader_exposes_source_ref_aliases_for_downstream_validation" />
    </UnitTest>
    <UnitTest name="test_combat_actor_hydration_rejects_missing_baseline_snapshot" storage="n:\gravenspire\tests\bin\debug\net8.0\gravenspire.combat.tests.dll" id="10713985-d7d6-30bf-3ee2-5dfc0ecc66c3">
      <Execution id="a600bb10-8056-4ebd-b7f9-2b4f7230678c" />
      <TestMethod codeBase="N:\GravenSpire\tests\bin\Debug\net8.0\Gravenspire.Combat.Tests.dll" adapterTypeName="executor://nunit3testexecutor/" className="Gravenspire.Tests.Integration.Gameplay.Combat.CombatActorHydrationTest" name="test_combat_actor_hydration_rejects_missing_baseline_snapshot" />
    </UnitTest>
    <UnitTest name="test_combat_clock_reset_returns_known_tick" storage="n:\gravenspire\tests\bin\debug\net8.0\gravenspire.combat.tests.dll" id="2110dbca-f3ef-dc2c-8c82-2d0dd5997da9">
      <Execution id="7066621e-e079-42cf-a8e6-0d19210e5dd1" />
      <TestMethod codeBase="N:\GravenSpire\tests\bin\Debug\net8.0\Gravenspire.Combat.Tests.dll" adapterTypeName="executor://nunit3testexecutor/" className="Gravenspire.Tests.Unit.Gameplay.Combat.CombatClockTest" name="test_combat_clock_reset_returns_known_tick" />
    </UnitTest>
    <UnitTest name="test_combat_fixture_loader_keeps_fixture_tuning_values_out_of_production_logic" storage="n:\gravenspire\tests\bin\debug\net8.0\gravenspire.combat.tests.dll" id="8cb1d39d-b99a-87af-34ee-20bd0cf34e93">
      <Execution id="921ec8ee-cc78-4b74-a7da-2970783afdcf" />
      <TestMethod codeBase="N:\GravenSpire\tests\bin\Debug\net8.0\Gravenspire.Combat.Tests.dll" adapterTypeName="executor://nunit3testexecutor/" className="Gravenspire.Tests.Integration.Gameplay.Combat.CombatFixtureLoadingTest" name="test_combat_fixture_loader_keeps_fixture_tuning_values_out_of_production_logic" />
    </UnitTest>
  </TestDefinitions>
  <TestEntries>
    <TestEntry testId="266bd731-d588-a80c-eacd-29ab739a2cd1" executionId="42454e53-8e4c-4275-8cb6-149aa3e5c659" testListId="8c84fa94-04c1-424b-9868-57a2d4851a1d" />
    <TestEntry testId="bb8dc6f4-1ae0-aced-345b-a1c6887f9fd7" executionId="437c1d5b-2343-41a3-bb2f-7fffe33fe7d5" testListId="8c84fa94-04c1-424b-9868-57a2d4851a1d" />
    <TestEntry testId="48510470-e43e-af14-e67a-0936ddabfdcc" executionId="a0abf8dd-ddc1-4b1f-b0c0-6c21f9a7f65e" testListId="8c84fa94-04c1-424b-9868-57a2d4851a1d" />
    <TestEntry testId="10713985-d7d6-30bf-3ee2-5dfc0ecc66c3" executionId="a600bb10-8056-4ebd-b7f9-2b4f7230678c" testListId="8c84fa94-04c1-424b-9868-57a2d4851a1d" />
    <TestEntry testId="7e83c692-4866-4e8e-1f06-6afdc03fe9f9" executionId="e9a71b18-617c-479e-be92-12931215c8c1" testListId="8c84fa94-04c1-424b-9868-57a2d4851a1d" />
    <TestEntry testId="8f874cde-082c-7895-5ff6-5c9a8b22eaec" executionId="93e832f4-3ba8-4e12-9a94-7a0490177105" testListId="8c84fa94-04c1-424b-9868-57a2d4851a1d" />
    <TestEntry testId="8cb1d39d-b99a-87af-34ee-20bd0cf34e93" executionId="921ec8ee-cc78-4b74-a7da-2970783afdcf" testListId="8c84fa94-04c1-424b-9868-57a2d4851a1d" />
    <TestEntry testId="a98270b6-3be0-ac77-57fe-95b162720f3c" executionId="8e9fcd33-e419-4283-8424-10f1457a8a68" testListId="8c84fa94-04c1-424b-9868-57a2d4851a1d" />
    <TestEntry testId="a3feacce-9d27-6f92-1f81-e196edaf7e5f" executionId="6ae36a20-2a7a-42a5-975d-1c4452b7948e" testListId="8c84fa94-04c1-424b-9868-57a2d4851a1d" />
    <TestEntry testId="1791f5b3-5e24-0819-55f9-1dbf5d2c44b5" executionId="ae8cd13b-cd2c-427d-9bb3-0da5587e5bfa" testListId="8c84fa94-04c1-424b-9868-57a2d4851a1d" />
    <TestEntry testId="53728362-84cd-7548-bf24-25b503edc85b" executionId="e373f5a7-2533-46c5-b127-0265d7ac0d74" testListId="8c84fa94-04c1-424b-9868-57a2d4851a1d" />
    <TestEntry testId="90583ee3-46fc-7f9b-dfe6-31a5296a3684" executionId="5b5c7205-8764-4fad-a26c-d0f35c7e1568" testListId="8c84fa94-04c1-424b-9868-57a2d4851a1d" />
    <TestEntry testId="38742b76-5145-41c4-946f-5a2aa209a875" executionId="4cb8d84a-7194-4ef8-9112-b244b6faf898" testListId="8c84fa94-04c1-424b-9868-57a2d4851a1d" />
    <TestEntry testId="cf622bc6-ba9f-8306-05b4-a05cbcfe5e6f" executionId="a11214e8-9dca-42db-8f6c-54bb96a44cd0" testListId="8c84fa94-04c1-424b-9868-57a2d4851a1d" />
    <TestEntry testId="2110dbca-f3ef-dc2c-8c82-2d0dd5997da9" executionId="7066621e-e079-42cf-a8e6-0d19210e5dd1" testListId="8c84fa94-04c1-424b-9868-57a2d4851a1d" />
  </TestEntries>
  <TestLists>
    <TestList name="Results Not in a List" id="8c84fa94-04c1-424b-9868-57a2d4851a1d" />
    <TestList name="All Loaded Results" id="19431567-8539-422a-85d7-44ee4e166bda" />
  </TestLists>
  <ResultSummary outcome="Completed">
    <Counters total="15" executed="15" passed="15" failed="0" error="0" timeout="0" aborted="0" inconclusive="0" passedButRunAborted="0" notRunnable="0" notExecuted="0" disconnected="0" warning="0" completed="0" inProgress="0" pending="0" />
    <Output>
      <StdOut>NUnit Adapter 4.6.0.0: Test execution started&#xD;
Running all tests in N:\GravenSpire\tests\bin\Debug\net8.0\Gravenspire.Combat.Tests.dll&#xD;
   NUnit3TestExecutor discovered 15 of 15 NUnit test cases using Current Discovery mode, Non-Explicit run&#xD;
NUnit Adapter 4.6.0.0: Test execution complete&#xD;
</StdOut>
    </Output>
  </ResultSummary>
</TestRun>